2022-10-31 17:29:56,639 INFO  - Initialize WeatherServer application (at simulation time 0.000,000,000 s)
2022-10-31 17:29:56,657 INFO  - Setup weather server server_0 at time 0 (at simulation time 0.000,000,000 s)
2022-10-31 17:29:56,658 INFO  - Activated Cell Module (at simulation time 0.000,000,000 s)
2022-10-31 17:29:56,660 INFO  - Sent DENM (at simulation time 0.000,000,000 s)
2022-10-31 17:29:56,683 INFO  - Sent DENM (at simulation time 2.000,000,000 s)
2022-10-31 17:29:56,690 INFO  - Sent DENM (at simulation time 4.000,000,000 s)
2022-10-31 17:29:56,734 INFO  - Sent DENM (at simulation time 6.000,000,000 s)
2022-10-31 17:29:56,865 INFO  - Sent DENM (at simulation time 8.000,000,000 s)
2022-10-31 17:29:56,888 INFO  - Sent DENM (at simulation time 10.000,000,000 s)
2022-10-31 17:29:56,897 INFO  - Sent DENM (at simulation time 12.000,000,000 s)
2022-10-31 17:29:56,922 INFO  - Sent DENM (at simulation time 14.000,000,000 s)
2022-10-31 17:29:56,936 INFO  - Sent DENM (at simulation time 16.000,000,000 s)
2022-10-31 17:29:56,965 INFO  - Sent DENM (at simulation time 18.000,000,000 s)
2022-10-31 17:29:56,998 INFO  - Sent DENM (at simulation time 20.000,000,000 s)
2022-10-31 17:29:57,054 INFO  - Sent DENM (at simulation time 22.000,000,000 s)
2022-10-31 17:29:57,095 INFO  - Sent DENM (at simulation time 24.000,000,000 s)
2022-10-31 17:29:57,116 INFO  - Sent DENM (at simulation time 26.000,000,000 s)
2022-10-31 17:29:57,160 INFO  - Sent DENM (at simulation time 28.000,000,000 s)
2022-10-31 17:29:57,198 INFO  - Sent DENM (at simulation time 30.000,000,000 s)
2022-10-31 17:29:57,228 INFO  - Sent DENM (at simulation time 32.000,000,000 s)
2022-10-31 17:29:57,240 INFO  - Sent DENM (at simulation time 34.000,000,000 s)
2022-10-31 17:29:57,262 INFO  - Sent DENM (at simulation time 36.000,000,000 s)
2022-10-31 17:29:57,274 INFO  - Sent DENM (at simulation time 38.000,000,000 s)
2022-10-31 17:29:57,291 INFO  - Sent DENM (at simulation time 40.000,000,000 s)
2022-10-31 17:29:57,322 INFO  - Sent DENM (at simulation time 42.000,000,000 s)
2022-10-31 17:29:57,387 INFO  - Sent DENM (at simulation time 44.000,000,000 s)
2022-10-31 17:29:57,409 INFO  - Sent DENM (at simulation time 46.000,000,000 s)
2022-10-31 17:29:57,420 INFO  - Sent DENM (at simulation time 48.000,000,000 s)
2022-10-31 17:29:57,440 INFO  - Sent DENM (at simulation time 50.000,000,000 s)
2022-10-31 17:29:57,452 INFO  - Sent DENM (at simulation time 52.000,000,000 s)
2022-10-31 17:29:57,471 INFO  - Sent DENM (at simulation time 54.000,000,000 s)
2022-10-31 17:29:57,486 INFO  - Sent DENM (at simulation time 56.000,000,000 s)
2022-10-31 17:29:57,522 INFO  - Sent DENM (at simulation time 58.000,000,000 s)
2022-10-31 17:29:57,553 INFO  - Sent DENM (at simulation time 60.000,000,000 s)
2022-10-31 17:29:57,594 INFO  - Sent DENM (at simulation time 62.000,000,000 s)
2022-10-31 17:29:57,616 INFO  - Sent DENM (at simulation time 64.000,000,000 s)
2022-10-31 17:29:57,628 INFO  - Sent DENM (at simulation time 66.000,000,000 s)
2022-10-31 17:29:57,647 INFO  - Sent DENM (at simulation time 68.000,000,000 s)
2022-10-31 17:29:57,658 INFO  - Sent DENM (at simulation time 70.000,000,000 s)
2022-10-31 17:29:57,674 INFO  - Sent DENM (at simulation time 72.000,000,000 s)
2022-10-31 17:29:57,691 INFO  - Sent DENM (at simulation time 74.000,000,000 s)
2022-10-31 17:29:57,714 INFO  - Sent DENM (at simulation time 76.000,000,000 s)
2022-10-31 17:29:57,746 INFO  - Sent DENM (at simulation time 78.000,000,000 s)
2022-10-31 17:29:57,815 INFO  - Sent DENM (at simulation time 80.000,000,000 s)
2022-10-31 17:29:57,849 INFO  - Sent DENM (at simulation time 82.000,000,000 s)
2022-10-31 17:29:57,872 INFO  - Sent DENM (at simulation time 84.000,000,000 s)
2022-10-31 17:29:57,907 INFO  - Sent DENM (at simulation time 86.000,000,000 s)
2022-10-31 17:29:57,930 INFO  - Sent DENM (at simulation time 88.000,000,000 s)
2022-10-31 17:29:57,995 INFO  - Sent DENM (at simulation time 90.000,000,000 s)
2022-10-31 17:29:58,018 INFO  - Sent DENM (at simulation time 92.000,000,000 s)
2022-10-31 17:29:58,061 INFO  - Sent DENM (at simulation time 94.000,000,000 s)
2022-10-31 17:29:58,092 INFO  - Sent DENM (at simulation time 96.000,000,000 s)
2022-10-31 17:29:58,209 INFO  - Sent DENM (at simulation time 98.000,000,000 s)
2022-10-31 17:29:58,262 INFO  - Sent DENM (at simulation time 100.000,000,000 s)
2022-10-31 17:29:58,295 INFO  - Sent DENM (at simulation time 102.000,000,000 s)
2022-10-31 17:29:58,342 INFO  - Sent DENM (at simulation time 104.000,000,000 s)
2022-10-31 17:29:58,377 INFO  - Sent DENM (at simulation time 106.000,000,000 s)
2022-10-31 17:29:58,467 INFO  - Sent DENM (at simulation time 108.000,000,000 s)
2022-10-31 17:29:58,496 INFO  - Sent DENM (at simulation time 110.000,000,000 s)
2022-10-31 17:29:58,537 INFO  - Sent DENM (at simulation time 112.000,000,000 s)
2022-10-31 17:29:58,596 INFO  - Sent DENM (at simulation time 114.000,000,000 s)
2022-10-31 17:29:58,658 INFO  - Sent DENM (at simulation time 116.000,000,000 s)
2022-10-31 17:29:58,697 INFO  - Sent DENM (at simulation time 118.000,000,000 s)
2022-10-31 17:29:58,727 INFO  - Sent DENM (at simulation time 120.000,000,000 s)
2022-10-31 17:29:58,771 INFO  - Sent DENM (at simulation time 122.000,000,000 s)
2022-10-31 17:29:58,841 INFO  - Sent DENM (at simulation time 124.000,000,000 s)
2022-10-31 17:29:58,886 INFO  - Sent DENM (at simulation time 126.000,000,000 s)
2022-10-31 17:29:58,918 INFO  - Sent DENM (at simulation time 128.000,000,000 s)
2022-10-31 17:29:58,975 INFO  - Sent DENM (at simulation time 130.000,000,000 s)
2022-10-31 17:29:59,063 INFO  - Sent DENM (at simulation time 132.000,000,000 s)
2022-10-31 17:29:59,086 INFO  - Sent DENM (at simulation time 134.000,000,000 s)
2022-10-31 17:29:59,118 INFO  - Sent DENM (at simulation time 136.000,000,000 s)
2022-10-31 17:29:59,144 INFO  - Sent DENM (at simulation time 138.000,000,000 s)
2022-10-31 17:29:59,208 INFO  - Sent DENM (at simulation time 140.000,000,000 s)
2022-10-31 17:29:59,238 INFO  - Sent DENM (at simulation time 142.000,000,000 s)
2022-10-31 17:29:59,280 INFO  - Sent DENM (at simulation time 144.000,000,000 s)
2022-10-31 17:29:59,306 INFO  - Sent DENM (at simulation time 146.000,000,000 s)
2022-10-31 17:29:59,346 INFO  - Sent DENM (at simulation time 148.000,000,000 s)
2022-10-31 17:29:59,453 INFO  - Sent DENM (at simulation time 150.000,000,000 s)
2022-10-31 17:29:59,502 INFO  - Sent DENM (at simulation time 152.000,000,000 s)
2022-10-31 17:29:59,545 INFO  - Sent DENM (at simulation time 154.000,000,000 s)
2022-10-31 17:29:59,574 INFO  - Sent DENM (at simulation time 156.000,000,000 s)
2022-10-31 17:29:59,638 INFO  - Sent DENM (at simulation time 158.000,000,000 s)
2022-10-31 17:29:59,659 INFO  - Sent DENM (at simulation time 160.000,000,000 s)
2022-10-31 17:29:59,678 INFO  - Sent DENM (at simulation time 162.000,000,000 s)
2022-10-31 17:29:59,693 INFO  - Sent DENM (at simulation time 164.000,000,000 s)
2022-10-31 17:29:59,724 INFO  - Sent DENM (at simulation time 166.000,000,000 s)
2022-10-31 17:29:59,763 INFO  - Sent DENM (at simulation time 168.000,000,000 s)
2022-10-31 17:29:59,828 INFO  - Sent DENM (at simulation time 170.000,000,000 s)
2022-10-31 17:29:59,855 INFO  - Sent DENM (at simulation time 172.000,000,000 s)
2022-10-31 17:29:59,875 INFO  - Sent DENM (at simulation time 174.000,000,000 s)
2022-10-31 17:29:59,900 INFO  - Sent DENM (at simulation time 176.000,000,000 s)
2022-10-31 17:29:59,916 INFO  - Sent DENM (at simulation time 178.000,000,000 s)
2022-10-31 17:29:59,945 INFO  - Sent DENM (at simulation time 180.000,000,000 s)
2022-10-31 17:30:00,006 INFO  - Sent DENM (at simulation time 182.000,000,000 s)
2022-10-31 17:30:00,036 INFO  - Sent DENM (at simulation time 184.000,000,000 s)
2022-10-31 17:30:00,066 INFO  - Sent DENM (at simulation time 186.000,000,000 s)
2022-10-31 17:30:00,091 INFO  - Sent DENM (at simulation time 188.000,000,000 s)
2022-10-31 17:30:00,111 INFO  - Sent DENM (at simulation time 190.000,000,000 s)
2022-10-31 17:30:00,134 INFO  - Sent DENM (at simulation time 192.000,000,000 s)
2022-10-31 17:30:00,155 INFO  - Sent DENM (at simulation time 194.000,000,000 s)
2022-10-31 17:30:00,216 INFO  - Sent DENM (at simulation time 196.000,000,000 s)
2022-10-31 17:30:00,241 INFO  - Sent DENM (at simulation time 198.000,000,000 s)
2022-10-31 17:30:00,258 INFO  - Sent DENM (at simulation time 200.000,000,000 s)
2022-10-31 17:30:00,290 INFO  - Sent DENM (at simulation time 202.000,000,000 s)
2022-10-31 17:30:00,315 INFO  - Sent DENM (at simulation time 204.000,000,000 s)
2022-10-31 17:30:00,333 INFO  - Sent DENM (at simulation time 206.000,000,000 s)
2022-10-31 17:30:00,354 INFO  - Sent DENM (at simulation time 208.000,000,000 s)
2022-10-31 17:30:00,403 INFO  - Sent DENM (at simulation time 210.000,000,000 s)
2022-10-31 17:30:00,423 INFO  - Sent DENM (at simulation time 212.000,000,000 s)
2022-10-31 17:30:00,438 INFO  - Sent DENM (at simulation time 214.000,000,000 s)
2022-10-31 17:30:00,453 INFO  - Sent DENM (at simulation time 216.000,000,000 s)
2022-10-31 17:30:00,474 INFO  - Sent DENM (at simulation time 218.000,000,000 s)
2022-10-31 17:30:00,497 INFO  - Sent DENM (at simulation time 220.000,000,000 s)
2022-10-31 17:30:00,539 INFO  - Sent DENM (at simulation time 222.000,000,000 s)
2022-10-31 17:30:00,602 INFO  - Sent DENM (at simulation time 224.000,000,000 s)
2022-10-31 17:30:00,620 INFO  - Sent DENM (at simulation time 226.000,000,000 s)
2022-10-31 17:30:00,635 INFO  - Sent DENM (at simulation time 228.000,000,000 s)
2022-10-31 17:30:00,657 INFO  - Sent DENM (at simulation time 230.000,000,000 s)
2022-10-31 17:30:00,670 INFO  - Sent DENM (at simulation time 232.000,000,000 s)
2022-10-31 17:30:00,695 INFO  - Sent DENM (at simulation time 234.000,000,000 s)
2022-10-31 17:30:00,713 INFO  - Sent DENM (at simulation time 236.000,000,000 s)
2022-10-31 17:30:00,745 INFO  - Sent DENM (at simulation time 238.000,000,000 s)
2022-10-31 17:30:00,834 INFO  - Sent DENM (at simulation time 240.000,000,000 s)
2022-10-31 17:30:00,868 INFO  - Sent DENM (at simulation time 242.000,000,000 s)
2022-10-31 17:30:00,901 INFO  - Sent DENM (at simulation time 244.000,000,000 s)
2022-10-31 17:30:00,932 INFO  - Sent DENM (at simulation time 246.000,000,000 s)
2022-10-31 17:30:00,961 INFO  - Sent DENM (at simulation time 248.000,000,000 s)
2022-10-31 17:30:01,016 INFO  - Sent DENM (at simulation time 250.000,000,000 s)
2022-10-31 17:30:01,040 INFO  - Sent DENM (at simulation time 252.000,000,000 s)
2022-10-31 17:30:01,071 INFO  - Sent DENM (at simulation time 254.000,000,000 s)
2022-10-31 17:30:01,103 INFO  - Sent DENM (at simulation time 256.000,000,000 s)
2022-10-31 17:30:01,126 INFO  - Sent DENM (at simulation time 258.000,000,000 s)
2022-10-31 17:30:01,154 INFO  - Sent DENM (at simulation time 260.000,000,000 s)
2022-10-31 17:30:01,189 INFO  - Sent DENM (at simulation time 262.000,000,000 s)
2022-10-31 17:30:01,236 INFO  - Sent DENM (at simulation time 264.000,000,000 s)
2022-10-31 17:30:01,268 INFO  - Sent DENM (at simulation time 266.000,000,000 s)
2022-10-31 17:30:01,287 INFO  - Sent DENM (at simulation time 268.000,000,000 s)
2022-10-31 17:30:01,321 INFO  - Sent DENM (at simulation time 270.000,000,000 s)
2022-10-31 17:30:01,350 INFO  - Sent DENM (at simulation time 272.000,000,000 s)
2022-10-31 17:30:01,408 INFO  - Sent DENM (at simulation time 274.000,000,000 s)
2022-10-31 17:30:01,435 INFO  - Sent DENM (at simulation time 276.000,000,000 s)
2022-10-31 17:30:01,467 INFO  - Sent DENM (at simulation time 278.000,000,000 s)
2022-10-31 17:30:01,505 INFO  - Sent DENM (at simulation time 280.000,000,000 s)
2022-10-31 17:30:01,532 INFO  - Sent DENM (at simulation time 282.000,000,000 s)
2022-10-31 17:30:01,558 INFO  - Sent DENM (at simulation time 284.000,000,000 s)
2022-10-31 17:30:01,582 INFO  - Sent DENM (at simulation time 286.000,000,000 s)
2022-10-31 17:30:01,604 INFO  - Sent DENM (at simulation time 288.000,000,000 s)
2022-10-31 17:30:01,620 INFO  - Sent DENM (at simulation time 290.000,000,000 s)
2022-10-31 17:30:01,642 INFO  - Sent DENM (at simulation time 292.000,000,000 s)
2022-10-31 17:30:01,671 INFO  - Sent DENM (at simulation time 294.000,000,000 s)
2022-10-31 17:30:01,697 INFO  - Sent DENM (at simulation time 296.000,000,000 s)
2022-10-31 17:30:01,732 INFO  - Sent DENM (at simulation time 298.000,000,000 s)
2022-10-31 17:30:01,747 INFO  - Sent DENM (at simulation time 300.000,000,000 s)
2022-10-31 17:30:01,772 INFO  - Sent DENM (at simulation time 302.000,000,000 s)
2022-10-31 17:30:01,800 INFO  - Sent DENM (at simulation time 304.000,000,000 s)
2022-10-31 17:30:01,826 INFO  - Sent DENM (at simulation time 306.000,000,000 s)
2022-10-31 17:30:01,840 INFO  - Sent DENM (at simulation time 308.000,000,000 s)
2022-10-31 17:30:01,868 INFO  - Sent DENM (at simulation time 310.000,000,000 s)
2022-10-31 17:30:01,889 INFO  - Sent DENM (at simulation time 312.000,000,000 s)
2022-10-31 17:30:01,912 INFO  - Sent DENM (at simulation time 314.000,000,000 s)
2022-10-31 17:30:01,940 INFO  - Sent DENM (at simulation time 316.000,000,000 s)
2022-10-31 17:30:01,960 INFO  - Sent DENM (at simulation time 318.000,000,000 s)
2022-10-31 17:30:01,986 INFO  - Sent DENM (at simulation time 320.000,000,000 s)
2022-10-31 17:30:02,003 INFO  - Sent DENM (at simulation time 322.000,000,000 s)
2022-10-31 17:30:02,031 INFO  - Sent DENM (at simulation time 324.000,000,000 s)
2022-10-31 17:30:02,051 INFO  - Sent DENM (at simulation time 326.000,000,000 s)
2022-10-31 17:30:02,072 INFO  - Sent DENM (at simulation time 328.000,000,000 s)
2022-10-31 17:30:02,102 INFO  - Sent DENM (at simulation time 330.000,000,000 s)
2022-10-31 17:30:02,132 INFO  - Sent DENM (at simulation time 332.000,000,000 s)
2022-10-31 17:30:02,162 INFO  - Sent DENM (at simulation time 334.000,000,000 s)
2022-10-31 17:30:02,179 INFO  - Sent DENM (at simulation time 336.000,000,000 s)
2022-10-31 17:30:02,197 INFO  - Sent DENM (at simulation time 338.000,000,000 s)
2022-10-31 17:30:02,209 INFO  - Sent DENM (at simulation time 340.000,000,000 s)
2022-10-31 17:30:02,235 INFO  - Sent DENM (at simulation time 342.000,000,000 s)
2022-10-31 17:30:02,252 INFO  - Sent DENM (at simulation time 344.000,000,000 s)
2022-10-31 17:30:02,280 INFO  - Sent DENM (at simulation time 346.000,000,000 s)
2022-10-31 17:30:02,300 INFO  - Sent DENM (at simulation time 348.000,000,000 s)
2022-10-31 17:30:02,440 INFO  - Sent DENM (at simulation time 350.000,000,000 s)
2022-10-31 17:30:02,471 INFO  - Sent DENM (at simulation time 352.000,000,000 s)
2022-10-31 17:30:02,493 INFO  - Sent DENM (at simulation time 354.000,000,000 s)
2022-10-31 17:30:02,521 INFO  - Sent DENM (at simulation time 356.000,000,000 s)
2022-10-31 17:30:02,537 INFO  - Sent DENM (at simulation time 358.000,000,000 s)
2022-10-31 17:30:02,564 INFO  - Sent DENM (at simulation time 360.000,000,000 s)
2022-10-31 17:30:02,584 INFO  - Sent DENM (at simulation time 362.000,000,000 s)
2022-10-31 17:30:02,609 INFO  - Sent DENM (at simulation time 364.000,000,000 s)
2022-10-31 17:30:02,626 INFO  - Sent DENM (at simulation time 366.000,000,000 s)
2022-10-31 17:30:02,647 INFO  - Sent DENM (at simulation time 368.000,000,000 s)
2022-10-31 17:30:02,668 INFO  - Sent DENM (at simulation time 370.000,000,000 s)
2022-10-31 17:30:02,689 INFO  - Sent DENM (at simulation time 372.000,000,000 s)
2022-10-31 17:30:02,708 INFO  - Sent DENM (at simulation time 374.000,000,000 s)
2022-10-31 17:30:02,731 INFO  - Sent DENM (at simulation time 376.000,000,000 s)
2022-10-31 17:30:02,771 INFO  - Sent DENM (at simulation time 378.000,000,000 s)
2022-10-31 17:30:02,815 INFO  - Sent DENM (at simulation time 380.000,000,000 s)
2022-10-31 17:30:02,844 INFO  - Sent DENM (at simulation time 382.000,000,000 s)
2022-10-31 17:30:02,860 INFO  - Sent DENM (at simulation time 384.000,000,000 s)
2022-10-31 17:30:02,888 INFO  - Sent DENM (at simulation time 386.000,000,000 s)
2022-10-31 17:30:02,907 INFO  - Sent DENM (at simulation time 388.000,000,000 s)
2022-10-31 17:30:02,931 INFO  - Sent DENM (at simulation time 390.000,000,000 s)
2022-10-31 17:30:02,954 INFO  - Sent DENM (at simulation time 392.000,000,000 s)
2022-10-31 17:30:02,991 INFO  - Sent DENM (at simulation time 394.000,000,000 s)
2022-10-31 17:30:03,017 INFO  - Sent DENM (at simulation time 396.000,000,000 s)
2022-10-31 17:30:03,041 INFO  - Sent DENM (at simulation time 398.000,000,000 s)
2022-10-31 17:30:03,061 INFO  - Sent DENM (at simulation time 400.000,000,000 s)
2022-10-31 17:30:03,085 INFO  - Sent DENM (at simulation time 402.000,000,000 s)
2022-10-31 17:30:03,106 INFO  - Sent DENM (at simulation time 404.000,000,000 s)
2022-10-31 17:30:03,126 INFO  - Sent DENM (at simulation time 406.000,000,000 s)
2022-10-31 17:30:03,152 INFO  - Sent DENM (at simulation time 408.000,000,000 s)
2022-10-31 17:30:03,213 INFO  - Sent DENM (at simulation time 410.000,000,000 s)
2022-10-31 17:30:03,242 INFO  - Sent DENM (at simulation time 412.000,000,000 s)
2022-10-31 17:30:03,267 INFO  - Sent DENM (at simulation time 414.000,000,000 s)
2022-10-31 17:30:03,294 INFO  - Sent DENM (at simulation time 416.000,000,000 s)
2022-10-31 17:30:03,315 INFO  - Sent DENM (at simulation time 418.000,000,000 s)
2022-10-31 17:30:03,335 INFO  - Sent DENM (at simulation time 420.000,000,000 s)
2022-10-31 17:30:03,359 INFO  - Sent DENM (at simulation time 422.000,000,000 s)
2022-10-31 17:30:03,407 INFO  - Sent DENM (at simulation time 424.000,000,000 s)
2022-10-31 17:30:03,428 INFO  - Sent DENM (at simulation time 426.000,000,000 s)
2022-10-31 17:30:03,449 INFO  - Sent DENM (at simulation time 428.000,000,000 s)
2022-10-31 17:30:03,473 INFO  - Sent DENM (at simulation time 430.000,000,000 s)
2022-10-31 17:30:03,500 INFO  - Sent DENM (at simulation time 432.000,000,000 s)
2022-10-31 17:30:03,524 INFO  - Sent DENM (at simulation time 434.000,000,000 s)
2022-10-31 17:30:03,550 INFO  - Sent DENM (at simulation time 436.000,000,000 s)
2022-10-31 17:30:03,611 INFO  - Sent DENM (at simulation time 438.000,000,000 s)
2022-10-31 17:30:03,635 INFO  - Sent DENM (at simulation time 440.000,000,000 s)
2022-10-31 17:30:03,656 INFO  - Sent DENM (at simulation time 442.000,000,000 s)
2022-10-31 17:30:03,675 INFO  - Sent DENM (at simulation time 444.000,000,000 s)
2022-10-31 17:30:03,697 INFO  - Sent DENM (at simulation time 446.000,000,000 s)
2022-10-31 17:30:03,720 INFO  - Sent DENM (at simulation time 448.000,000,000 s)
2022-10-31 17:30:03,735 INFO  - Sent DENM (at simulation time 450.000,000,000 s)
2022-10-31 17:30:03,753 INFO  - Sent DENM (at simulation time 452.000,000,000 s)
2022-10-31 17:30:03,804 INFO  - Sent DENM (at simulation time 454.000,000,000 s)
2022-10-31 17:30:03,825 INFO  - Sent DENM (at simulation time 456.000,000,000 s)
2022-10-31 17:30:03,846 INFO  - Sent DENM (at simulation time 458.000,000,000 s)
2022-10-31 17:30:03,867 INFO  - Sent DENM (at simulation time 460.000,000,000 s)
2022-10-31 17:30:03,889 INFO  - Sent DENM (at simulation time 462.000,000,000 s)
2022-10-31 17:30:03,911 INFO  - Sent DENM (at simulation time 464.000,000,000 s)
2022-10-31 17:30:03,935 INFO  - Sent DENM (at simulation time 466.000,000,000 s)
2022-10-31 17:30:03,951 INFO  - Sent DENM (at simulation time 468.000,000,000 s)
2022-10-31 17:30:04,002 INFO  - Sent DENM (at simulation time 470.000,000,000 s)
2022-10-31 17:30:04,023 INFO  - Sent DENM (at simulation time 472.000,000,000 s)
2022-10-31 17:30:04,044 INFO  - Sent DENM (at simulation time 474.000,000,000 s)
2022-10-31 17:30:04,066 INFO  - Sent DENM (at simulation time 476.000,000,000 s)
2022-10-31 17:30:04,085 INFO  - Sent DENM (at simulation time 478.000,000,000 s)
2022-10-31 17:30:04,109 INFO  - Sent DENM (at simulation time 480.000,000,000 s)
2022-10-31 17:30:04,130 INFO  - Sent DENM (at simulation time 482.000,000,000 s)
2022-10-31 17:30:04,150 INFO  - Sent DENM (at simulation time 484.000,000,000 s)
2022-10-31 17:30:04,203 INFO  - Sent DENM (at simulation time 486.000,000,000 s)
2022-10-31 17:30:04,230 INFO  - Sent DENM (at simulation time 488.000,000,000 s)
2022-10-31 17:30:04,257 INFO  - Sent DENM (at simulation time 490.000,000,000 s)
2022-10-31 17:30:04,277 INFO  - Sent DENM (at simulation time 492.000,000,000 s)
2022-10-31 17:30:04,299 INFO  - Sent DENM (at simulation time 494.000,000,000 s)
2022-10-31 17:30:04,319 INFO  - Sent DENM (at simulation time 496.000,000,000 s)
2022-10-31 17:30:04,342 INFO  - Sent DENM (at simulation time 498.000,000,000 s)
2022-10-31 17:30:04,362 INFO  - Sent DENM (at simulation time 500.000,000,000 s)
2022-10-31 17:30:04,419 INFO  - Sent DENM (at simulation time 502.000,000,000 s)
2022-10-31 17:30:04,439 INFO  - Sent DENM (at simulation time 504.000,000,000 s)
2022-10-31 17:30:04,453 INFO  - Sent DENM (at simulation time 506.000,000,000 s)
2022-10-31 17:30:04,468 INFO  - Sent DENM (at simulation time 508.000,000,000 s)
2022-10-31 17:30:04,488 INFO  - Sent DENM (at simulation time 510.000,000,000 s)
2022-10-31 17:30:04,506 INFO  - Sent DENM (at simulation time 512.000,000,000 s)
2022-10-31 17:30:04,526 INFO  - Sent DENM (at simulation time 514.000,000,000 s)
2022-10-31 17:30:04,544 INFO  - Sent DENM (at simulation time 516.000,000,000 s)
2022-10-31 17:30:04,559 INFO  - Sent DENM (at simulation time 518.000,000,000 s)
2022-10-31 17:30:04,621 INFO  - Sent DENM (at simulation time 520.000,000,000 s)
2022-10-31 17:30:04,643 INFO  - Sent DENM (at simulation time 522.000,000,000 s)
2022-10-31 17:30:04,668 INFO  - Sent DENM (at simulation time 524.000,000,000 s)
2022-10-31 17:30:04,683 INFO  - Sent DENM (at simulation time 526.000,000,000 s)
2022-10-31 17:30:04,698 INFO  - Sent DENM (at simulation time 528.000,000,000 s)
2022-10-31 17:30:04,712 INFO  - Sent DENM (at simulation time 530.000,000,000 s)
2022-10-31 17:30:04,723 INFO  - Sent DENM (at simulation time 532.000,000,000 s)
2022-10-31 17:30:04,734 INFO  - Sent DENM (at simulation time 534.000,000,000 s)
2022-10-31 17:30:04,745 INFO  - Sent DENM (at simulation time 536.000,000,000 s)
2022-10-31 17:30:04,764 INFO  - Sent DENM (at simulation time 538.000,000,000 s)
2022-10-31 17:30:04,824 INFO  - Sent DENM (at simulation time 540.000,000,000 s)
2022-10-31 17:30:04,834 INFO  - Sent DENM (at simulation time 542.000,000,000 s)
2022-10-31 17:30:04,843 INFO  - Sent DENM (at simulation time 544.000,000,000 s)
2022-10-31 17:30:04,855 INFO  - Sent DENM (at simulation time 546.000,000,000 s)
2022-10-31 17:30:04,865 INFO  - Sent DENM (at simulation time 548.000,000,000 s)
2022-10-31 17:30:04,875 INFO  - Sent DENM (at simulation time 550.000,000,000 s)
2022-10-31 17:30:04,885 INFO  - Sent DENM (at simulation time 552.000,000,000 s)
2022-10-31 17:30:04,898 INFO  - Sent DENM (at simulation time 554.000,000,000 s)
2022-10-31 17:30:04,910 INFO  - Sent DENM (at simulation time 556.000,000,000 s)
2022-10-31 17:30:04,919 INFO  - Sent DENM (at simulation time 558.000,000,000 s)
2022-10-31 17:30:04,931 INFO  - Sent DENM (at simulation time 560.000,000,000 s)
2022-10-31 17:30:04,946 INFO  - Sent DENM (at simulation time 562.000,000,000 s)
2022-10-31 17:30:04,958 INFO  - Sent DENM (at simulation time 564.000,000,000 s)
2022-10-31 17:30:05,004 INFO  - Sent DENM (at simulation time 566.000,000,000 s)
2022-10-31 17:30:05,018 INFO  - Sent DENM (at simulation time 568.000,000,000 s)
2022-10-31 17:30:05,029 INFO  - Sent DENM (at simulation time 570.000,000,000 s)
2022-10-31 17:30:05,039 INFO  - Sent DENM (at simulation time 572.000,000,000 s)
2022-10-31 17:30:05,049 INFO  - Sent DENM (at simulation time 574.000,000,000 s)
2022-10-31 17:30:05,061 INFO  - Sent DENM (at simulation time 576.000,000,000 s)
2022-10-31 17:30:05,072 INFO  - Sent DENM (at simulation time 578.000,000,000 s)
2022-10-31 17:30:05,082 INFO  - Sent DENM (at simulation time 580.000,000,000 s)
2022-10-31 17:30:05,093 INFO  - Sent DENM (at simulation time 582.000,000,000 s)
2022-10-31 17:30:05,102 INFO  - Sent DENM (at simulation time 584.000,000,000 s)
2022-10-31 17:30:05,112 INFO  - Sent DENM (at simulation time 586.000,000,000 s)
2022-10-31 17:30:05,119 INFO  - Sent DENM (at simulation time 588.000,000,000 s)
2022-10-31 17:30:05,128 INFO  - Sent DENM (at simulation time 590.000,000,000 s)
2022-10-31 17:30:05,137 INFO  - Sent DENM (at simulation time 592.000,000,000 s)
2022-10-31 17:30:05,144 INFO  - Sent DENM (at simulation time 594.000,000,000 s)
2022-10-31 17:30:05,152 INFO  - Sent DENM (at simulation time 596.000,000,000 s)
2022-10-31 17:30:05,203 INFO  - Sent DENM (at simulation time 598.000,000,000 s)
2022-10-31 17:30:05,211 INFO  - Sent DENM (at simulation time 600.000,000,000 s)
2022-10-31 17:30:05,223 INFO  - Sent DENM (at simulation time 602.000,000,000 s)
2022-10-31 17:30:05,237 INFO  - Sent DENM (at simulation time 604.000,000,000 s)
2022-10-31 17:30:05,251 INFO  - Sent DENM (at simulation time 606.000,000,000 s)
2022-10-31 17:30:05,262 INFO  - Sent DENM (at simulation time 608.000,000,000 s)
2022-10-31 17:30:05,276 INFO  - Sent DENM (at simulation time 610.000,000,000 s)
2022-10-31 17:30:05,283 INFO  - Sent DENM (at simulation time 612.000,000,000 s)
2022-10-31 17:30:05,291 INFO  - Sent DENM (at simulation time 614.000,000,000 s)
2022-10-31 17:30:05,298 INFO  - Sent DENM (at simulation time 616.000,000,000 s)
2022-10-31 17:30:05,307 INFO  - Sent DENM (at simulation time 618.000,000,000 s)
2022-10-31 17:30:05,318 INFO  - Sent DENM (at simulation time 620.000,000,000 s)
2022-10-31 17:30:05,326 INFO  - Sent DENM (at simulation time 622.000,000,000 s)
2022-10-31 17:30:05,336 INFO  - Sent DENM (at simulation time 624.000,000,000 s)
2022-10-31 17:30:05,345 INFO  - Sent DENM (at simulation time 626.000,000,000 s)
2022-10-31 17:30:05,352 INFO  - Sent DENM (at simulation time 628.000,000,000 s)
2022-10-31 17:30:05,394 INFO  - Sent DENM (at simulation time 630.000,000,000 s)
2022-10-31 17:30:05,410 INFO  - Sent DENM (at simulation time 632.000,000,000 s)
2022-10-31 17:30:05,428 INFO  - Sent DENM (at simulation time 634.000,000,000 s)
2022-10-31 17:30:05,444 INFO  - Sent DENM (at simulation time 636.000,000,000 s)
2022-10-31 17:30:05,460 INFO  - Sent DENM (at simulation time 638.000,000,000 s)
2022-10-31 17:30:05,477 INFO  - Sent DENM (at simulation time 640.000,000,000 s)
2022-10-31 17:30:05,489 INFO  - Sent DENM (at simulation time 642.000,000,000 s)
2022-10-31 17:30:05,500 INFO  - Sent DENM (at simulation time 644.000,000,000 s)
2022-10-31 17:30:05,512 INFO  - Sent DENM (at simulation time 646.000,000,000 s)
2022-10-31 17:30:05,523 INFO  - Sent DENM (at simulation time 648.000,000,000 s)
2022-10-31 17:30:05,531 INFO  - Sent DENM (at simulation time 650.000,000,000 s)
2022-10-31 17:30:05,539 INFO  - Sent DENM (at simulation time 652.000,000,000 s)
2022-10-31 17:30:05,551 INFO  - Sent DENM (at simulation time 654.000,000,000 s)
2022-10-31 17:30:05,566 INFO  - Sent DENM (at simulation time 656.000,000,000 s)
2022-10-31 17:30:05,574 INFO  - Sent DENM (at simulation time 658.000,000,000 s)
2022-10-31 17:30:05,580 INFO  - Sent DENM (at simulation time 660.000,000,000 s)
2022-10-31 17:30:05,588 INFO  - Sent DENM (at simulation time 662.000,000,000 s)
2022-10-31 17:30:05,595 INFO  - Sent DENM (at simulation time 664.000,000,000 s)
2022-10-31 17:30:05,601 INFO  - Sent DENM (at simulation time 666.000,000,000 s)
2022-10-31 17:30:05,605 INFO  - Sent DENM (at simulation time 668.000,000,000 s)
2022-10-31 17:30:05,610 INFO  - Sent DENM (at simulation time 670.000,000,000 s)
2022-10-31 17:30:05,617 INFO  - Sent DENM (at simulation time 672.000,000,000 s)
2022-10-31 17:30:05,623 INFO  - Sent DENM (at simulation time 674.000,000,000 s)
2022-10-31 17:30:05,628 INFO  - Sent DENM (at simulation time 676.000,000,000 s)
2022-10-31 17:30:05,633 INFO  - Sent DENM (at simulation time 678.000,000,000 s)
2022-10-31 17:30:05,638 INFO  - Sent DENM (at simulation time 680.000,000,000 s)
2022-10-31 17:30:05,642 INFO  - Sent DENM (at simulation time 682.000,000,000 s)
2022-10-31 17:30:05,647 INFO  - Sent DENM (at simulation time 684.000,000,000 s)
2022-10-31 17:30:05,652 INFO  - Sent DENM (at simulation time 686.000,000,000 s)
2022-10-31 17:30:05,658 INFO  - Sent DENM (at simulation time 688.000,000,000 s)
2022-10-31 17:30:05,663 INFO  - Sent DENM (at simulation time 690.000,000,000 s)
2022-10-31 17:30:05,668 INFO  - Sent DENM (at simulation time 692.000,000,000 s)
2022-10-31 17:30:05,672 INFO  - Sent DENM (at simulation time 694.000,000,000 s)
2022-10-31 17:30:05,675 INFO  - Sent DENM (at simulation time 696.000,000,000 s)
2022-10-31 17:30:05,679 INFO  - Sent DENM (at simulation time 698.000,000,000 s)
2022-10-31 17:30:05,682 INFO  - Sent DENM (at simulation time 700.000,000,000 s)
2022-10-31 17:30:05,686 INFO  - Sent DENM (at simulation time 702.000,000,000 s)
2022-10-31 17:30:05,689 INFO  - Sent DENM (at simulation time 704.000,000,000 s)
2022-10-31 17:30:05,693 INFO  - Sent DENM (at simulation time 706.000,000,000 s)
2022-10-31 17:30:05,697 INFO  - Sent DENM (at simulation time 708.000,000,000 s)
2022-10-31 17:30:05,702 INFO  - Sent DENM (at simulation time 710.000,000,000 s)
2022-10-31 17:30:05,706 INFO  - Sent DENM (at simulation time 712.000,000,000 s)
2022-10-31 17:30:05,711 INFO  - Sent DENM (at simulation time 714.000,000,000 s)
2022-10-31 17:30:05,716 INFO  - Sent DENM (at simulation time 716.000,000,000 s)
2022-10-31 17:30:05,720 INFO  - Sent DENM (at simulation time 718.000,000,000 s)
2022-10-31 17:30:05,724 INFO  - Sent DENM (at simulation time 720.000,000,000 s)
2022-10-31 17:30:05,728 INFO  - Sent DENM (at simulation time 722.000,000,000 s)
2022-10-31 17:30:05,732 INFO  - Sent DENM (at simulation time 724.000,000,000 s)
2022-10-31 17:30:05,742 INFO  - Sent DENM (at simulation time 726.000,000,000 s)
2022-10-31 17:30:05,748 INFO  - Sent DENM (at simulation time 728.000,000,000 s)
2022-10-31 17:30:05,752 INFO  - Sent DENM (at simulation time 730.000,000,000 s)
2022-10-31 17:30:05,755 INFO  - Sent DENM (at simulation time 732.000,000,000 s)
2022-10-31 17:30:05,759 INFO  - Sent DENM (at simulation time 734.000,000,000 s)
2022-10-31 17:30:05,775 INFO  - Sent DENM (at simulation time 736.000,000,000 s)
2022-10-31 17:30:05,779 INFO  - Sent DENM (at simulation time 738.000,000,000 s)
2022-10-31 17:30:05,782 INFO  - Sent DENM (at simulation time 740.000,000,000 s)
2022-10-31 17:30:05,786 INFO  - Sent DENM (at simulation time 742.000,000,000 s)
2022-10-31 17:30:05,790 INFO  - Sent DENM (at simulation time 744.000,000,000 s)
2022-10-31 17:30:05,795 INFO  - Sent DENM (at simulation time 746.000,000,000 s)
2022-10-31 17:30:05,800 INFO  - Sent DENM (at simulation time 748.000,000,000 s)
2022-10-31 17:30:05,805 INFO  - Sent DENM (at simulation time 750.000,000,000 s)
2022-10-31 17:30:05,809 INFO  - Sent DENM (at simulation time 752.000,000,000 s)
2022-10-31 17:30:05,812 INFO  - Sent DENM (at simulation time 754.000,000,000 s)
2022-10-31 17:30:05,816 INFO  - Sent DENM (at simulation time 756.000,000,000 s)
2022-10-31 17:30:05,819 INFO  - Sent DENM (at simulation time 758.000,000,000 s)
2022-10-31 17:30:05,822 INFO  - Sent DENM (at simulation time 760.000,000,000 s)
2022-10-31 17:30:05,826 INFO  - Sent DENM (at simulation time 762.000,000,000 s)
2022-10-31 17:30:05,830 INFO  - Sent DENM (at simulation time 764.000,000,000 s)
2022-10-31 17:30:05,833 INFO  - Sent DENM (at simulation time 766.000,000,000 s)
2022-10-31 17:30:05,837 INFO  - Sent DENM (at simulation time 768.000,000,000 s)
2022-10-31 17:30:05,840 INFO  - Sent DENM (at simulation time 770.000,000,000 s)
2022-10-31 17:30:05,844 INFO  - Sent DENM (at simulation time 772.000,000,000 s)
2022-10-31 17:30:05,848 INFO  - Sent DENM (at simulation time 774.000,000,000 s)
2022-10-31 17:30:05,851 INFO  - Sent DENM (at simulation time 776.000,000,000 s)
2022-10-31 17:30:05,853 INFO  - Sent DENM (at simulation time 778.000,000,000 s)
2022-10-31 17:30:05,856 INFO  - Sent DENM (at simulation time 780.000,000,000 s)
2022-10-31 17:30:05,858 INFO  - Sent DENM (at simulation time 782.000,000,000 s)
2022-10-31 17:30:05,860 INFO  - Sent DENM (at simulation time 784.000,000,000 s)
2022-10-31 17:30:05,863 INFO  - Sent DENM (at simulation time 786.000,000,000 s)
2022-10-31 17:30:05,865 INFO  - Sent DENM (at simulation time 788.000,000,000 s)
2022-10-31 17:30:05,867 INFO  - Sent DENM (at simulation time 790.000,000,000 s)
2022-10-31 17:30:05,868 INFO  - Sent DENM (at simulation time 792.000,000,000 s)
2022-10-31 17:30:05,870 INFO  - Sent DENM (at simulation time 794.000,000,000 s)
2022-10-31 17:30:05,872 INFO  - Sent DENM (at simulation time 796.000,000,000 s)
2022-10-31 17:30:05,874 INFO  - Sent DENM (at simulation time 798.000,000,000 s)
2022-10-31 17:30:05,875 INFO  - Sent DENM (at simulation time 800.000,000,000 s)
2022-10-31 17:30:05,877 INFO  - Sent DENM (at simulation time 802.000,000,000 s)
2022-10-31 17:30:05,878 INFO  - Sent DENM (at simulation time 804.000,000,000 s)
2022-10-31 17:30:05,880 INFO  - Sent DENM (at simulation time 806.000,000,000 s)
2022-10-31 17:30:05,881 INFO  - Sent DENM (at simulation time 808.000,000,000 s)
2022-10-31 17:30:05,882 INFO  - Sent DENM (at simulation time 810.000,000,000 s)
2022-10-31 17:30:05,884 INFO  - Sent DENM (at simulation time 812.000,000,000 s)
2022-10-31 17:30:05,886 INFO  - Sent DENM (at simulation time 814.000,000,000 s)
2022-10-31 17:30:05,887 INFO  - Sent DENM (at simulation time 816.000,000,000 s)
2022-10-31 17:30:05,889 INFO  - Sent DENM (at simulation time 818.000,000,000 s)
2022-10-31 17:30:05,891 INFO  - Sent DENM (at simulation time 820.000,000,000 s)
2022-10-31 17:30:05,892 INFO  - Sent DENM (at simulation time 822.000,000,000 s)
2022-10-31 17:30:05,893 INFO  - Sent DENM (at simulation time 824.000,000,000 s)
2022-10-31 17:30:05,894 INFO  - Sent DENM (at simulation time 826.000,000,000 s)
2022-10-31 17:30:05,895 INFO  - Sent DENM (at simulation time 828.000,000,000 s)
2022-10-31 17:30:05,896 INFO  - Sent DENM (at simulation time 830.000,000,000 s)
2022-10-31 17:30:05,897 INFO  - Sent DENM (at simulation time 832.000,000,000 s)
2022-10-31 17:30:05,898 INFO  - Sent DENM (at simulation time 834.000,000,000 s)
2022-10-31 17:30:05,899 INFO  - Sent DENM (at simulation time 836.000,000,000 s)
2022-10-31 17:30:05,900 INFO  - Sent DENM (at simulation time 838.000,000,000 s)
2022-10-31 17:30:05,901 INFO  - Sent DENM (at simulation time 840.000,000,000 s)
2022-10-31 17:30:05,902 INFO  - Sent DENM (at simulation time 842.000,000,000 s)
2022-10-31 17:30:05,904 INFO  - Sent DENM (at simulation time 844.000,000,000 s)
2022-10-31 17:30:05,905 INFO  - Sent DENM (at simulation time 846.000,000,000 s)
2022-10-31 17:30:05,906 INFO  - Sent DENM (at simulation time 848.000,000,000 s)
2022-10-31 17:30:05,909 INFO  - Sent DENM (at simulation time 850.000,000,000 s)
2022-10-31 17:30:05,910 INFO  - Sent DENM (at simulation time 852.000,000,000 s)
2022-10-31 17:30:05,912 INFO  - Sent DENM (at simulation time 854.000,000,000 s)
2022-10-31 17:30:05,914 INFO  - Sent DENM (at simulation time 856.000,000,000 s)
2022-10-31 17:30:05,916 INFO  - Sent DENM (at simulation time 858.000,000,000 s)
2022-10-31 17:30:05,917 INFO  - Sent DENM (at simulation time 860.000,000,000 s)
2022-10-31 17:30:05,920 INFO  - Sent DENM (at simulation time 862.000,000,000 s)
2022-10-31 17:30:05,922 INFO  - Sent DENM (at simulation time 864.000,000,000 s)
2022-10-31 17:30:05,924 INFO  - Sent DENM (at simulation time 866.000,000,000 s)
2022-10-31 17:30:05,926 INFO  - Sent DENM (at simulation time 868.000,000,000 s)
2022-10-31 17:30:05,928 INFO  - Sent DENM (at simulation time 870.000,000,000 s)
2022-10-31 17:30:05,930 INFO  - Sent DENM (at simulation time 872.000,000,000 s)
2022-10-31 17:30:05,932 INFO  - Sent DENM (at simulation time 874.000,000,000 s)
2022-10-31 17:30:05,934 INFO  - Sent DENM (at simulation time 876.000,000,000 s)
2022-10-31 17:30:05,935 INFO  - Sent DENM (at simulation time 878.000,000,000 s)
2022-10-31 17:30:05,939 INFO  - Sent DENM (at simulation time 880.000,000,000 s)
2022-10-31 17:30:05,940 INFO  - Sent DENM (at simulation time 882.000,000,000 s)
2022-10-31 17:30:05,942 INFO  - Sent DENM (at simulation time 884.000,000,000 s)
2022-10-31 17:30:05,944 INFO  - Sent DENM (at simulation time 886.000,000,000 s)
2022-10-31 17:30:05,947 INFO  - Sent DENM (at simulation time 888.000,000,000 s)
2022-10-31 17:30:05,948 INFO  - Sent DENM (at simulation time 890.000,000,000 s)
2022-10-31 17:30:05,949 INFO  - Sent DENM (at simulation time 892.000,000,000 s)
2022-10-31 17:30:05,951 INFO  - Sent DENM (at simulation time 894.000,000,000 s)
2022-10-31 17:30:05,952 INFO  - Sent DENM (at simulation time 896.000,000,000 s)
2022-10-31 17:30:05,954 INFO  - Sent DENM (at simulation time 898.000,000,000 s)
2022-10-31 17:30:05,955 INFO  - Sent DENM (at simulation time 900.000,000,000 s)
2022-10-31 17:30:05,957 INFO  - Sent DENM (at simulation time 902.000,000,000 s)
2022-10-31 17:30:05,958 INFO  - Sent DENM (at simulation time 904.000,000,000 s)
2022-10-31 17:30:05,960 INFO  - Sent DENM (at simulation time 906.000,000,000 s)
2022-10-31 17:30:05,961 INFO  - Sent DENM (at simulation time 908.000,000,000 s)
2022-10-31 17:30:05,963 INFO  - Sent DENM (at simulation time 910.000,000,000 s)
2022-10-31 17:30:05,964 INFO  - Sent DENM (at simulation time 912.000,000,000 s)
2022-10-31 17:30:05,965 INFO  - Sent DENM (at simulation time 914.000,000,000 s)
2022-10-31 17:30:05,998 INFO  - Sent DENM (at simulation time 916.000,000,000 s)
2022-10-31 17:30:05,999 INFO  - Sent DENM (at simulation time 918.000,000,000 s)
2022-10-31 17:30:06,001 INFO  - Sent DENM (at simulation time 920.000,000,000 s)
2022-10-31 17:30:06,003 INFO  - Sent DENM (at simulation time 922.000,000,000 s)
2022-10-31 17:30:06,005 INFO  - Sent DENM (at simulation time 924.000,000,000 s)
2022-10-31 17:30:06,007 INFO  - Sent DENM (at simulation time 926.000,000,000 s)
2022-10-31 17:30:06,008 INFO  - Sent DENM (at simulation time 928.000,000,000 s)
2022-10-31 17:30:06,010 INFO  - Sent DENM (at simulation time 930.000,000,000 s)
2022-10-31 17:30:06,011 INFO  - Sent DENM (at simulation time 932.000,000,000 s)
2022-10-31 17:30:06,012 INFO  - Sent DENM (at simulation time 934.000,000,000 s)
2022-10-31 17:30:06,014 INFO  - Sent DENM (at simulation time 936.000,000,000 s)
2022-10-31 17:30:06,015 INFO  - Sent DENM (at simulation time 938.000,000,000 s)
2022-10-31 17:30:06,016 INFO  - Sent DENM (at simulation time 940.000,000,000 s)
2022-10-31 17:30:06,019 INFO  - Sent DENM (at simulation time 942.000,000,000 s)
2022-10-31 17:30:06,020 INFO  - Sent DENM (at simulation time 944.000,000,000 s)
2022-10-31 17:30:06,022 INFO  - Sent DENM (at simulation time 946.000,000,000 s)
2022-10-31 17:30:06,023 INFO  - Sent DENM (at simulation time 948.000,000,000 s)
2022-10-31 17:30:06,025 INFO  - Sent DENM (at simulation time 950.000,000,000 s)
2022-10-31 17:30:06,027 INFO  - Sent DENM (at simulation time 952.000,000,000 s)
2022-10-31 17:30:06,029 INFO  - Sent DENM (at simulation time 954.000,000,000 s)
2022-10-31 17:30:06,031 INFO  - Sent DENM (at simulation time 956.000,000,000 s)
2022-10-31 17:30:06,033 INFO  - Sent DENM (at simulation time 958.000,000,000 s)
2022-10-31 17:30:06,035 INFO  - Sent DENM (at simulation time 960.000,000,000 s)
2022-10-31 17:30:06,037 INFO  - Sent DENM (at simulation time 962.000,000,000 s)
2022-10-31 17:30:06,038 INFO  - Sent DENM (at simulation time 964.000,000,000 s)
2022-10-31 17:30:06,039 INFO  - Sent DENM (at simulation time 966.000,000,000 s)
2022-10-31 17:30:06,040 INFO  - Sent DENM (at simulation time 968.000,000,000 s)
2022-10-31 17:30:06,041 INFO  - Sent DENM (at simulation time 970.000,000,000 s)
2022-10-31 17:30:06,042 INFO  - Sent DENM (at simulation time 972.000,000,000 s)
2022-10-31 17:30:06,044 INFO  - Sent DENM (at simulation time 974.000,000,000 s)
2022-10-31 17:30:06,046 INFO  - Sent DENM (at simulation time 976.000,000,000 s)
2022-10-31 17:30:06,047 INFO  - Sent DENM (at simulation time 978.000,000,000 s)
2022-10-31 17:30:06,049 INFO  - Sent DENM (at simulation time 980.000,000,000 s)
2022-10-31 17:30:06,051 INFO  - Sent DENM (at simulation time 982.000,000,000 s)
2022-10-31 17:30:06,052 INFO  - Sent DENM (at simulation time 984.000,000,000 s)
2022-10-31 17:30:06,053 INFO  - Sent DENM (at simulation time 986.000,000,000 s)
2022-10-31 17:30:06,054 INFO  - Sent DENM (at simulation time 988.000,000,000 s)
2022-10-31 17:30:06,055 INFO  - Sent DENM (at simulation time 990.000,000,000 s)
2022-10-31 17:30:06,057 INFO  - Sent DENM (at simulation time 992.000,000,000 s)
2022-10-31 17:30:06,059 INFO  - Sent DENM (at simulation time 994.000,000,000 s)
2022-10-31 17:30:06,060 INFO  - Sent DENM (at simulation time 996.000,000,000 s)
2022-10-31 17:30:06,061 INFO  - Sent DENM (at simulation time 998.000,000,000 s)
2022-10-31 17:30:06,275 INFO  - Shutdown application (at simulation time 1000.000,000,000 s)
