2022-10-31 17:29:58,942 INFO  - Initialize application (at simulation time 129.000,000,000 s)
2022-10-31 17:29:58,953 INFO  - Activated AdHoc Module (at simulation time 129.000,000,000 s)
2022-10-31 17:29:59,012 INFO  - Processing DEN message (at simulation time 130.017,291,603 s)
2022-10-31 17:29:59,013 INFO  - The Event is on the vehicle's route 311964536_1313885442_2879911873 = 311964536_1313885442_2879911873 (at simulation time 130.017,291,603 s)
2022-10-31 17:29:59,024 INFO  - Sending Change Route Command at position: GeoPoint{lat=52.629948,lon=13.564746,alt=0.00} (at simulation time 130.017,291,603 s)
2022-10-31 17:29:59,047 INFO  - Processing DEN message (at simulation time 131.021,819,497 s)
2022-10-31 17:29:59,047 INFO  - Route already changed (at simulation time 131.021,819,497 s)
2022-10-31 17:29:59,067 INFO  - Processing DEN message (at simulation time 132.012,746,603 s)
2022-10-31 17:29:59,067 INFO  - Route already changed (at simulation time 132.012,746,603 s)
2022-10-31 17:29:59,067 INFO  - Processing DEN message (at simulation time 132.034,350,429 s)
2022-10-31 17:29:59,067 INFO  - Route already changed (at simulation time 132.034,350,429 s)
2022-10-31 17:29:59,078 INFO  - Processing DEN message (at simulation time 133.028,622,239 s)
2022-10-31 17:29:59,078 INFO  - Route already changed (at simulation time 133.028,622,239 s)
2022-10-31 17:29:59,079 INFO  - Processing DEN message (at simulation time 133.048,261,172 s)
2022-10-31 17:29:59,079 INFO  - Route already changed (at simulation time 133.048,261,172 s)
2022-10-31 17:29:59,091 INFO  - Processing DEN message (at simulation time 134.029,008,383 s)
2022-10-31 17:29:59,091 INFO  - Route already changed (at simulation time 134.029,008,383 s)
2022-10-31 17:29:59,091 INFO  - Processing DEN message (at simulation time 134.029,468,963 s)
2022-10-31 17:29:59,091 INFO  - Route already changed (at simulation time 134.029,468,963 s)
2022-10-31 17:29:59,106 INFO  - Processing DEN message (at simulation time 135.034,031,023 s)
2022-10-31 17:29:59,106 INFO  - Route already changed (at simulation time 135.034,031,023 s)
2022-10-31 17:29:59,106 INFO  - Processing DEN message (at simulation time 135.072,075,470 s)
2022-10-31 17:29:59,106 INFO  - Route already changed (at simulation time 135.072,075,470 s)
2022-10-31 17:29:59,122 INFO  - Processing DEN message (at simulation time 136.027,295,925 s)
2022-10-31 17:29:59,122 INFO  - Route already changed (at simulation time 136.027,295,925 s)
2022-10-31 17:29:59,122 INFO  - Processing DEN message (at simulation time 136.051,350,474 s)
2022-10-31 17:29:59,122 INFO  - Route already changed (at simulation time 136.051,350,474 s)
2022-10-31 17:29:59,135 INFO  - Processing DEN message (at simulation time 137.043,790,342 s)
2022-10-31 17:29:59,135 INFO  - Route already changed (at simulation time 137.043,790,342 s)
2022-10-31 17:29:59,136 INFO  - Processing DEN message (at simulation time 137.052,701,617 s)
2022-10-31 17:29:59,136 INFO  - Route already changed (at simulation time 137.052,701,617 s)
2022-10-31 17:29:59,148 INFO  - Processing DEN message (at simulation time 138.017,183,004 s)
2022-10-31 17:29:59,148 INFO  - Route already changed (at simulation time 138.017,183,004 s)
2022-10-31 17:29:59,149 INFO  - Processing DEN message (at simulation time 138.030,985,698 s)
2022-10-31 17:29:59,149 INFO  - Route already changed (at simulation time 138.030,985,698 s)
2022-10-31 17:29:59,189 INFO  - Processing DEN message (at simulation time 139.030,746,174 s)
2022-10-31 17:29:59,189 INFO  - Route already changed (at simulation time 139.030,746,174 s)
2022-10-31 17:29:59,189 INFO  - Processing DEN message (at simulation time 139.032,026,789 s)
2022-10-31 17:29:59,189 INFO  - Route already changed (at simulation time 139.032,026,789 s)
2022-10-31 17:29:59,212 INFO  - Processing DEN message (at simulation time 140.016,295,200 s)
2022-10-31 17:29:59,212 INFO  - Route already changed (at simulation time 140.016,295,200 s)
2022-10-31 17:29:59,212 INFO  - Processing DEN message (at simulation time 140.055,212,475 s)
2022-10-31 17:29:59,212 INFO  - Route already changed (at simulation time 140.055,212,475 s)
2022-10-31 17:29:59,227 INFO  - Processing DEN message (at simulation time 141.022,479,483 s)
2022-10-31 17:29:59,227 INFO  - Route already changed (at simulation time 141.022,479,483 s)
2022-10-31 17:29:59,227 INFO  - Processing DEN message (at simulation time 141.023,148,819 s)
2022-10-31 17:29:59,227 INFO  - Route already changed (at simulation time 141.023,148,819 s)
2022-10-31 17:29:59,242 INFO  - Processing DEN message (at simulation time 142.028,679,811 s)
2022-10-31 17:29:59,243 INFO  - Route already changed (at simulation time 142.028,679,811 s)
2022-10-31 17:29:59,243 INFO  - Processing DEN message (at simulation time 142.036,871,138 s)
2022-10-31 17:29:59,243 INFO  - Route already changed (at simulation time 142.036,871,138 s)
2022-10-31 17:29:59,268 INFO  - Processing DEN message (at simulation time 143.014,092,998 s)
2022-10-31 17:29:59,268 INFO  - Route already changed (at simulation time 143.014,092,998 s)
2022-10-31 17:29:59,269 INFO  - Processing DEN message (at simulation time 143.027,315,228 s)
2022-10-31 17:29:59,269 INFO  - Route already changed (at simulation time 143.027,315,228 s)
2022-10-31 17:29:59,283 INFO  - Processing DEN message (at simulation time 144.031,982,504 s)
2022-10-31 17:29:59,283 INFO  - Route already changed (at simulation time 144.031,982,504 s)
2022-10-31 17:29:59,283 INFO  - Processing DEN message (at simulation time 144.048,863,976 s)
2022-10-31 17:29:59,283 INFO  - Route already changed (at simulation time 144.048,863,976 s)
2022-10-31 17:29:59,296 INFO  - Processing DEN message (at simulation time 145.026,012,847 s)
2022-10-31 17:29:59,296 INFO  - Route already changed (at simulation time 145.026,012,847 s)
2022-10-31 17:29:59,296 INFO  - Processing DEN message (at simulation time 145.033,012,251 s)
2022-10-31 17:29:59,296 INFO  - Route already changed (at simulation time 145.033,012,251 s)
2022-10-31 17:29:59,311 INFO  - Processing DEN message (at simulation time 146.011,445,745 s)
2022-10-31 17:29:59,312 INFO  - Route already changed (at simulation time 146.011,445,745 s)
2022-10-31 17:29:59,312 INFO  - Processing DEN message (at simulation time 146.021,643,503 s)
2022-10-31 17:29:59,312 INFO  - Route already changed (at simulation time 146.021,643,503 s)
2022-10-31 17:29:59,334 INFO  - Processing DEN message (at simulation time 147.016,499,693 s)
2022-10-31 17:29:59,334 INFO  - Route already changed (at simulation time 147.016,499,693 s)
2022-10-31 17:29:59,334 INFO  - Processing DEN message (at simulation time 147.020,168,890 s)
2022-10-31 17:29:59,334 INFO  - Route already changed (at simulation time 147.020,168,890 s)
2022-10-31 17:29:59,349 INFO  - Processing DEN message (at simulation time 148.018,367,124 s)
2022-10-31 17:29:59,349 INFO  - Route already changed (at simulation time 148.018,367,124 s)
2022-10-31 17:29:59,350 INFO  - Processing DEN message (at simulation time 148.024,761,069 s)
2022-10-31 17:29:59,350 INFO  - Route already changed (at simulation time 148.024,761,069 s)
2022-10-31 17:29:59,421 INFO  - Processing DEN message (at simulation time 149.029,482,633 s)
2022-10-31 17:29:59,421 INFO  - Route already changed (at simulation time 149.029,482,633 s)
2022-10-31 17:29:59,421 INFO  - Processing DEN message (at simulation time 149.030,149,678 s)
2022-10-31 17:29:59,421 INFO  - Route already changed (at simulation time 149.030,149,678 s)
2022-10-31 17:29:59,461 INFO  - Processing DEN message (at simulation time 150.020,833,980 s)
2022-10-31 17:29:59,461 INFO  - Route already changed (at simulation time 150.020,833,980 s)
2022-10-31 17:29:59,461 INFO  - Processing DEN message (at simulation time 150.067,762,976 s)
2022-10-31 17:29:59,461 INFO  - Route already changed (at simulation time 150.067,762,976 s)
2022-10-31 17:29:59,491 INFO  - Processing DEN message (at simulation time 151.041,557,861 s)
2022-10-31 17:29:59,491 INFO  - Route already changed (at simulation time 151.041,557,861 s)
2022-10-31 17:29:59,491 INFO  - Processing DEN message (at simulation time 151.054,565,529 s)
2022-10-31 17:29:59,491 INFO  - Route already changed (at simulation time 151.054,565,529 s)
2022-10-31 17:29:59,507 INFO  - Processing DEN message (at simulation time 152.021,531,810 s)
2022-10-31 17:29:59,507 INFO  - Route already changed (at simulation time 152.021,531,810 s)
2022-10-31 17:29:59,507 INFO  - Processing DEN message (at simulation time 152.027,313,859 s)
2022-10-31 17:29:59,507 INFO  - Route already changed (at simulation time 152.027,313,859 s)
2022-10-31 17:29:59,524 INFO  - Processing DEN message (at simulation time 153.011,606,608 s)
2022-10-31 17:29:59,524 INFO  - Route already changed (at simulation time 153.011,606,608 s)
2022-10-31 17:29:59,524 INFO  - Processing DEN message (at simulation time 153.016,436,552 s)
2022-10-31 17:29:59,524 INFO  - Route already changed (at simulation time 153.016,436,552 s)
2022-10-31 17:29:59,548 INFO  - Processing DEN message (at simulation time 154.013,372,150 s)
2022-10-31 17:29:59,548 INFO  - Route already changed (at simulation time 154.013,372,150 s)
2022-10-31 17:29:59,548 INFO  - Processing DEN message (at simulation time 154.015,075,274 s)
2022-10-31 17:29:59,548 INFO  - Route already changed (at simulation time 154.015,075,274 s)
2022-10-31 17:29:59,565 INFO  - Processing DEN message (at simulation time 155.012,700,716 s)
2022-10-31 17:29:59,565 INFO  - Route already changed (at simulation time 155.012,700,716 s)
2022-10-31 17:29:59,566 INFO  - Processing DEN message (at simulation time 155.033,173,823 s)
2022-10-31 17:29:59,566 INFO  - Route already changed (at simulation time 155.033,173,823 s)
2022-10-31 17:29:59,602 INFO  - Processing DEN message (at simulation time 156.010,586,076 s)
2022-10-31 17:29:59,602 INFO  - Route already changed (at simulation time 156.010,586,076 s)
2022-10-31 17:29:59,602 INFO  - Processing DEN message (at simulation time 156.016,294,137 s)
2022-10-31 17:29:59,602 INFO  - Route already changed (at simulation time 156.016,294,137 s)
2022-10-31 17:29:59,619 INFO  - Processing DEN message (at simulation time 157.026,909,247 s)
2022-10-31 17:29:59,619 INFO  - Route already changed (at simulation time 157.026,909,247 s)
2022-10-31 17:29:59,619 INFO  - Processing DEN message (at simulation time 157.042,202,762 s)
2022-10-31 17:29:59,619 INFO  - Route already changed (at simulation time 157.042,202,762 s)
2022-10-31 17:29:59,641 INFO  - Processing DEN message (at simulation time 158.028,076,115 s)
2022-10-31 17:29:59,641 INFO  - Route already changed (at simulation time 158.028,076,115 s)
2022-10-31 17:29:59,641 INFO  - Processing DEN message (at simulation time 158.041,039,044 s)
2022-10-31 17:29:59,641 INFO  - Route already changed (at simulation time 158.041,039,044 s)
2022-10-31 17:29:59,653 INFO  - Processing DEN message (at simulation time 159.028,140,885 s)
2022-10-31 17:29:59,653 INFO  - Route already changed (at simulation time 159.028,140,885 s)
2022-10-31 17:29:59,653 INFO  - Processing DEN message (at simulation time 159.031,817,508 s)
2022-10-31 17:29:59,653 INFO  - Route already changed (at simulation time 159.031,817,508 s)
2022-10-31 17:29:59,661 INFO  - Processing DEN message (at simulation time 160.015,951,268 s)
2022-10-31 17:29:59,661 INFO  - Route already changed (at simulation time 160.015,951,268 s)
2022-10-31 17:29:59,662 INFO  - Processing DEN message (at simulation time 160.035,591,280 s)
2022-10-31 17:29:59,662 INFO  - Route already changed (at simulation time 160.035,591,280 s)
2022-10-31 17:29:59,673 INFO  - Processing DEN message (at simulation time 161.044,640,856 s)
2022-10-31 17:29:59,673 INFO  - Route already changed (at simulation time 161.044,640,856 s)
2022-10-31 17:29:59,673 INFO  - Processing DEN message (at simulation time 161.054,267,593 s)
2022-10-31 17:29:59,673 INFO  - Route already changed (at simulation time 161.054,267,593 s)
2022-10-31 17:29:59,679 INFO  - Processing DEN message (at simulation time 162.037,148,741 s)
2022-10-31 17:29:59,679 INFO  - Route already changed (at simulation time 162.037,148,741 s)
2022-10-31 17:29:59,679 INFO  - Processing DEN message (at simulation time 162.042,048,699 s)
2022-10-31 17:29:59,679 INFO  - Route already changed (at simulation time 162.042,048,699 s)
2022-10-31 17:29:59,688 INFO  - Processing DEN message (at simulation time 163.049,963,675 s)
2022-10-31 17:29:59,688 INFO  - Route already changed (at simulation time 163.049,963,675 s)
2022-10-31 17:29:59,688 INFO  - Processing DEN message (at simulation time 163.050,332,393 s)
2022-10-31 17:29:59,688 INFO  - Route already changed (at simulation time 163.050,332,393 s)
2022-10-31 17:29:59,695 INFO  - Processing DEN message (at simulation time 164.012,001,581 s)
2022-10-31 17:29:59,695 INFO  - Route already changed (at simulation time 164.012,001,581 s)
2022-10-31 17:29:59,695 INFO  - Processing DEN message (at simulation time 164.023,944,065 s)
2022-10-31 17:29:59,695 INFO  - Route already changed (at simulation time 164.023,944,065 s)
2022-10-31 17:29:59,717 INFO  - Processing DEN message (at simulation time 165.014,052,843 s)
2022-10-31 17:29:59,717 INFO  - Route already changed (at simulation time 165.014,052,843 s)
2022-10-31 17:29:59,718 INFO  - Processing DEN message (at simulation time 165.015,617,229 s)
2022-10-31 17:29:59,718 INFO  - Route already changed (at simulation time 165.015,617,229 s)
2022-10-31 17:29:59,727 INFO  - Processing DEN message (at simulation time 166.013,832,091 s)
2022-10-31 17:29:59,727 INFO  - Route already changed (at simulation time 166.013,832,091 s)
2022-10-31 17:29:59,727 INFO  - Processing DEN message (at simulation time 166.025,692,452 s)
2022-10-31 17:29:59,727 INFO  - Route already changed (at simulation time 166.025,692,452 s)
2022-10-31 17:29:59,747 INFO  - Processing DEN message (at simulation time 167.046,730,164 s)
2022-10-31 17:29:59,747 INFO  - Route already changed (at simulation time 167.046,730,164 s)
2022-10-31 17:29:59,747 INFO  - Processing DEN message (at simulation time 167.070,534,730 s)
2022-10-31 17:29:59,747 INFO  - Route already changed (at simulation time 167.070,534,730 s)
2022-10-31 17:29:59,806 INFO  - Processing DEN message (at simulation time 168.028,288,895 s)
2022-10-31 17:29:59,806 INFO  - Route already changed (at simulation time 168.028,288,895 s)
2022-10-31 17:29:59,807 INFO  - Processing DEN message (at simulation time 168.069,535,294 s)
2022-10-31 17:29:59,807 INFO  - Route already changed (at simulation time 168.069,535,294 s)
2022-10-31 17:29:59,820 INFO  - Processing DEN message (at simulation time 169.019,590,425 s)
2022-10-31 17:29:59,820 INFO  - Route already changed (at simulation time 169.019,590,425 s)
2022-10-31 17:29:59,820 INFO  - Processing DEN message (at simulation time 169.065,493,216 s)
2022-10-31 17:29:59,820 INFO  - Route already changed (at simulation time 169.065,493,216 s)
2022-10-31 17:29:59,831 INFO  - Processing DEN message (at simulation time 170.031,151,287 s)
2022-10-31 17:29:59,831 INFO  - Route already changed (at simulation time 170.031,151,287 s)
2022-10-31 17:29:59,831 INFO  - Processing DEN message (at simulation time 170.046,398,833 s)
2022-10-31 17:29:59,831 INFO  - Route already changed (at simulation time 170.046,398,833 s)
2022-10-31 17:29:59,841 INFO  - Processing DEN message (at simulation time 171.017,950,523 s)
2022-10-31 17:29:59,841 INFO  - Route already changed (at simulation time 171.017,950,523 s)
2022-10-31 17:29:59,842 INFO  - Processing DEN message (at simulation time 171.051,454,688 s)
2022-10-31 17:29:59,842 INFO  - Route already changed (at simulation time 171.051,454,688 s)
2022-10-31 17:29:59,857 INFO  - Processing DEN message (at simulation time 172.036,126,796 s)
2022-10-31 17:29:59,857 INFO  - Route already changed (at simulation time 172.036,126,796 s)
2022-10-31 17:29:59,858 INFO  - Processing DEN message (at simulation time 172.046,380,659 s)
2022-10-31 17:29:59,858 INFO  - Route already changed (at simulation time 172.046,380,659 s)
2022-10-31 17:29:59,868 INFO  - Processing DEN message (at simulation time 173.036,975,594 s)
2022-10-31 17:29:59,868 INFO  - Route already changed (at simulation time 173.036,975,594 s)
2022-10-31 17:29:59,868 INFO  - Processing DEN message (at simulation time 173.043,478,428 s)
2022-10-31 17:29:59,868 INFO  - Route already changed (at simulation time 173.043,478,428 s)
2022-10-31 17:29:59,878 INFO  - Processing DEN message (at simulation time 174.016,486,427 s)
2022-10-31 17:29:59,878 INFO  - Route already changed (at simulation time 174.016,486,427 s)
2022-10-31 17:29:59,878 INFO  - Processing DEN message (at simulation time 174.028,760,303 s)
2022-10-31 17:29:59,878 INFO  - Route already changed (at simulation time 174.028,760,303 s)
2022-10-31 17:29:59,890 INFO  - Processing DEN message (at simulation time 175.019,483,051 s)
2022-10-31 17:29:59,890 INFO  - Route already changed (at simulation time 175.019,483,051 s)
2022-10-31 17:29:59,891 INFO  - Processing DEN message (at simulation time 175.038,465,873 s)
2022-10-31 17:29:59,891 INFO  - Route already changed (at simulation time 175.038,465,873 s)
2022-10-31 17:29:59,901 INFO  - Processing DEN message (at simulation time 176.021,507,306 s)
2022-10-31 17:29:59,901 INFO  - Route already changed (at simulation time 176.021,507,306 s)
2022-10-31 17:29:59,901 INFO  - Processing DEN message (at simulation time 176.024,894,468 s)
2022-10-31 17:29:59,901 INFO  - Route already changed (at simulation time 176.024,894,468 s)
2022-10-31 17:29:59,909 INFO  - Processing DEN message (at simulation time 177.011,129,781 s)
2022-10-31 17:29:59,909 INFO  - Route already changed (at simulation time 177.011,129,781 s)
2022-10-31 17:29:59,910 INFO  - Processing DEN message (at simulation time 177.026,245,219 s)
2022-10-31 17:29:59,910 INFO  - Route already changed (at simulation time 177.026,245,219 s)
2022-10-31 17:29:59,918 INFO  - Processing DEN message (at simulation time 178.025,502,434 s)
2022-10-31 17:29:59,918 INFO  - Route already changed (at simulation time 178.025,502,434 s)
2022-10-31 17:29:59,918 INFO  - Processing DEN message (at simulation time 178.044,483,616 s)
2022-10-31 17:29:59,918 INFO  - Route already changed (at simulation time 178.044,483,616 s)
2022-10-31 17:29:59,938 INFO  - Processing DEN message (at simulation time 179.020,175,782 s)
2022-10-31 17:29:59,938 INFO  - Route already changed (at simulation time 179.020,175,782 s)
2022-10-31 17:29:59,938 INFO  - Processing DEN message (at simulation time 179.033,416,146 s)
2022-10-31 17:29:59,938 INFO  - Route already changed (at simulation time 179.033,416,146 s)
2022-10-31 17:29:59,948 INFO  - Processing DEN message (at simulation time 180.028,866,808 s)
2022-10-31 17:29:59,948 INFO  - Route already changed (at simulation time 180.028,866,808 s)
2022-10-31 17:29:59,948 INFO  - Processing DEN message (at simulation time 180.037,142,677 s)
2022-10-31 17:29:59,948 INFO  - Route already changed (at simulation time 180.037,142,677 s)
2022-10-31 17:29:59,996 INFO  - Processing DEN message (at simulation time 181.031,603,957 s)
2022-10-31 17:29:59,996 INFO  - Route already changed (at simulation time 181.031,603,957 s)
2022-10-31 17:29:59,996 INFO  - Processing DEN message (at simulation time 181.033,656,323 s)
2022-10-31 17:29:59,996 INFO  - Route already changed (at simulation time 181.033,656,323 s)
2022-10-31 17:30:00,010 INFO  - Processing DEN message (at simulation time 182.021,224,981 s)
2022-10-31 17:30:00,010 INFO  - Route already changed (at simulation time 182.021,224,981 s)
2022-10-31 17:30:00,010 INFO  - Processing DEN message (at simulation time 182.027,389,059 s)
2022-10-31 17:30:00,010 INFO  - Route already changed (at simulation time 182.027,389,059 s)
2022-10-31 17:30:00,029 INFO  - Processing DEN message (at simulation time 183.026,377,418 s)
2022-10-31 17:30:00,029 INFO  - Route already changed (at simulation time 183.026,377,418 s)
2022-10-31 17:30:00,029 INFO  - Processing DEN message (at simulation time 183.034,245,034 s)
2022-10-31 17:30:00,029 INFO  - Route already changed (at simulation time 183.034,245,034 s)
2022-10-31 17:30:00,038 INFO  - Processing DEN message (at simulation time 184.021,350,246 s)
2022-10-31 17:30:00,038 INFO  - Route already changed (at simulation time 184.021,350,246 s)
2022-10-31 17:30:00,038 INFO  - Processing DEN message (at simulation time 184.043,049,881 s)
2022-10-31 17:30:00,038 INFO  - Route already changed (at simulation time 184.043,049,881 s)
2022-10-31 17:30:00,050 INFO  - Processing DEN message (at simulation time 185.032,449,562 s)
2022-10-31 17:30:00,050 INFO  - Route already changed (at simulation time 185.032,449,562 s)
2022-10-31 17:30:00,050 INFO  - Processing DEN message (at simulation time 185.044,120,705 s)
2022-10-31 17:30:00,050 INFO  - Route already changed (at simulation time 185.044,120,705 s)
2022-10-31 17:30:00,070 INFO  - Processing DEN message (at simulation time 186.022,561,465 s)
2022-10-31 17:30:00,070 INFO  - Route already changed (at simulation time 186.022,561,465 s)
2022-10-31 17:30:00,070 INFO  - Processing DEN message (at simulation time 186.043,204,365 s)
2022-10-31 17:30:00,070 INFO  - Route already changed (at simulation time 186.043,204,365 s)
2022-10-31 17:30:00,086 INFO  - Processing DEN message (at simulation time 187.033,145,189 s)
2022-10-31 17:30:00,086 INFO  - Route already changed (at simulation time 187.033,145,189 s)
2022-10-31 17:30:00,086 INFO  - Processing DEN message (at simulation time 187.043,173,113 s)
2022-10-31 17:30:00,086 INFO  - Route already changed (at simulation time 187.043,173,113 s)
2022-10-31 17:30:00,093 INFO  - Processing DEN message (at simulation time 188.032,179,428 s)
2022-10-31 17:30:00,093 INFO  - Route already changed (at simulation time 188.032,179,428 s)
2022-10-31 17:30:00,093 INFO  - Processing DEN message (at simulation time 188.042,295,193 s)
2022-10-31 17:30:00,093 INFO  - Route already changed (at simulation time 188.042,295,193 s)
2022-10-31 17:30:00,101 INFO  - Processing DEN message (at simulation time 189.013,976,472 s)
2022-10-31 17:30:00,101 INFO  - Route already changed (at simulation time 189.013,976,472 s)
2022-10-31 17:30:00,101 INFO  - Processing DEN message (at simulation time 189.019,500,223 s)
2022-10-31 17:30:00,101 INFO  - Route already changed (at simulation time 189.019,500,223 s)
2022-10-31 17:30:00,116 INFO  - Processing DEN message (at simulation time 190.015,518,194 s)
2022-10-31 17:30:00,116 INFO  - Route already changed (at simulation time 190.015,518,194 s)
2022-10-31 17:30:00,117 INFO  - Processing DEN message (at simulation time 190.029,406,030 s)
2022-10-31 17:30:00,117 INFO  - Route already changed (at simulation time 190.029,406,030 s)
2022-10-31 17:30:00,129 INFO  - Processing DEN message (at simulation time 191.033,947,072 s)
2022-10-31 17:30:00,129 INFO  - Route already changed (at simulation time 191.033,947,072 s)
2022-10-31 17:30:00,129 INFO  - Processing DEN message (at simulation time 191.036,770,611 s)
2022-10-31 17:30:00,129 INFO  - Route already changed (at simulation time 191.036,770,611 s)
2022-10-31 17:30:00,137 INFO  - Processing DEN message (at simulation time 192.023,870,337 s)
2022-10-31 17:30:00,137 INFO  - Route already changed (at simulation time 192.023,870,337 s)
2022-10-31 17:30:00,137 INFO  - Processing DEN message (at simulation time 192.035,571,426 s)
2022-10-31 17:30:00,137 INFO  - Route already changed (at simulation time 192.035,571,426 s)
2022-10-31 17:30:00,146 INFO  - Processing DEN message (at simulation time 193.016,226,727 s)
2022-10-31 17:30:00,146 INFO  - Route already changed (at simulation time 193.016,226,727 s)
2022-10-31 17:30:00,146 INFO  - Processing DEN message (at simulation time 193.046,809,127 s)
2022-10-31 17:30:00,146 INFO  - Route already changed (at simulation time 193.046,809,127 s)
2022-10-31 17:30:00,197 INFO  - Processing DEN message (at simulation time 194.022,278,244 s)
2022-10-31 17:30:00,197 INFO  - Route already changed (at simulation time 194.022,278,244 s)
2022-10-31 17:30:00,197 INFO  - Processing DEN message (at simulation time 194.034,057,181 s)
2022-10-31 17:30:00,197 INFO  - Route already changed (at simulation time 194.034,057,181 s)
2022-10-31 17:30:00,208 INFO  - Processing DEN message (at simulation time 195.015,715,479 s)
2022-10-31 17:30:00,208 INFO  - Route already changed (at simulation time 195.015,715,479 s)
2022-10-31 17:30:00,208 INFO  - Processing DEN message (at simulation time 195.022,292,139 s)
2022-10-31 17:30:00,208 INFO  - Route already changed (at simulation time 195.022,292,139 s)
2022-10-31 17:30:00,218 INFO  - Processing DEN message (at simulation time 196.016,893,341 s)
2022-10-31 17:30:00,218 INFO  - Route already changed (at simulation time 196.016,893,341 s)
2022-10-31 17:30:00,218 INFO  - Processing DEN message (at simulation time 196.043,667,255 s)
2022-10-31 17:30:00,218 INFO  - Route already changed (at simulation time 196.043,667,255 s)
2022-10-31 17:30:00,233 INFO  - Processing DEN message (at simulation time 197.019,837,198 s)
2022-10-31 17:30:00,234 INFO  - Route already changed (at simulation time 197.019,837,198 s)
2022-10-31 17:30:00,234 INFO  - Processing DEN message (at simulation time 197.023,149,725 s)
2022-10-31 17:30:00,234 INFO  - Route already changed (at simulation time 197.023,149,725 s)
2022-10-31 17:30:00,243 INFO  - Processing DEN message (at simulation time 198.026,194,817 s)
2022-10-31 17:30:00,243 INFO  - Route already changed (at simulation time 198.026,194,817 s)
2022-10-31 17:30:00,243 INFO  - Processing DEN message (at simulation time 198.068,740,005 s)
2022-10-31 17:30:00,243 INFO  - Route already changed (at simulation time 198.068,740,005 s)
2022-10-31 17:30:00,252 INFO  - Processing DEN message (at simulation time 199.030,166,275 s)
2022-10-31 17:30:00,252 INFO  - Route already changed (at simulation time 199.030,166,275 s)
2022-10-31 17:30:00,252 INFO  - Processing DEN message (at simulation time 199.036,851,112 s)
2022-10-31 17:30:00,252 INFO  - Route already changed (at simulation time 199.036,851,112 s)
2022-10-31 17:30:00,261 INFO  - Processing DEN message (at simulation time 200.022,200,299 s)
2022-10-31 17:30:00,261 INFO  - Route already changed (at simulation time 200.022,200,299 s)
2022-10-31 17:30:00,261 INFO  - Processing DEN message (at simulation time 200.022,648,526 s)
2022-10-31 17:30:00,262 INFO  - Route already changed (at simulation time 200.022,648,526 s)
2022-10-31 17:30:00,283 INFO  - Processing DEN message (at simulation time 201.019,658,305 s)
2022-10-31 17:30:00,283 INFO  - Route already changed (at simulation time 201.019,658,305 s)
2022-10-31 17:30:00,283 INFO  - Processing DEN message (at simulation time 201.035,063,875 s)
2022-10-31 17:30:00,283 INFO  - Route already changed (at simulation time 201.035,063,875 s)
2022-10-31 17:30:00,292 INFO  - Processing DEN message (at simulation time 202.018,222,803 s)
2022-10-31 17:30:00,292 INFO  - Route already changed (at simulation time 202.018,222,803 s)
2022-10-31 17:30:00,292 INFO  - Processing DEN message (at simulation time 202.055,670,443 s)
2022-10-31 17:30:00,292 INFO  - Route already changed (at simulation time 202.055,670,443 s)
2022-10-31 17:30:00,304 INFO  - Processing DEN message (at simulation time 203.030,450,290 s)
2022-10-31 17:30:00,304 INFO  - Route already changed (at simulation time 203.030,450,290 s)
2022-10-31 17:30:00,304 INFO  - Processing DEN message (at simulation time 203.032,143,492 s)
2022-10-31 17:30:00,304 INFO  - Route already changed (at simulation time 203.032,143,492 s)
2022-10-31 17:30:00,316 INFO  - Processing DEN message (at simulation time 204.025,531,326 s)
2022-10-31 17:30:00,316 INFO  - Route already changed (at simulation time 204.025,531,326 s)
2022-10-31 17:30:00,316 INFO  - Processing DEN message (at simulation time 204.044,156,680 s)
2022-10-31 17:30:00,316 INFO  - Route already changed (at simulation time 204.044,156,680 s)
2022-10-31 17:30:00,328 INFO  - Processing DEN message (at simulation time 205.025,199,520 s)
2022-10-31 17:30:00,328 INFO  - Route already changed (at simulation time 205.025,199,520 s)
2022-10-31 17:30:00,328 INFO  - Processing DEN message (at simulation time 205.029,523,388 s)
2022-10-31 17:30:00,328 INFO  - Route already changed (at simulation time 205.029,523,388 s)
2022-10-31 17:30:00,335 INFO  - Processing DEN message (at simulation time 206.012,592,647 s)
2022-10-31 17:30:00,335 INFO  - Route already changed (at simulation time 206.012,592,647 s)
2022-10-31 17:30:00,335 INFO  - Processing DEN message (at simulation time 206.026,123,063 s)
2022-10-31 17:30:00,335 INFO  - Route already changed (at simulation time 206.026,123,063 s)
2022-10-31 17:30:00,345 INFO  - Processing DEN message (at simulation time 207.012,943,625 s)
2022-10-31 17:30:00,345 INFO  - Route already changed (at simulation time 207.012,943,625 s)
2022-10-31 17:30:00,345 INFO  - Processing DEN message (at simulation time 207.037,526,951 s)
2022-10-31 17:30:00,345 INFO  - Route already changed (at simulation time 207.037,526,951 s)
2022-10-31 17:30:00,381 INFO  - Processing DEN message (at simulation time 208.032,008,668 s)
2022-10-31 17:30:00,381 INFO  - Route already changed (at simulation time 208.032,008,668 s)
2022-10-31 17:30:00,381 INFO  - Processing DEN message (at simulation time 208.033,317,433 s)
2022-10-31 17:30:00,381 INFO  - Route already changed (at simulation time 208.033,317,433 s)
2022-10-31 17:30:00,397 INFO  - Processing DEN message (at simulation time 209.037,841,357 s)
2022-10-31 17:30:00,397 INFO  - Route already changed (at simulation time 209.037,841,357 s)
2022-10-31 17:30:00,397 INFO  - Processing DEN message (at simulation time 209.049,079,320 s)
2022-10-31 17:30:00,397 INFO  - Route already changed (at simulation time 209.049,079,320 s)
2022-10-31 17:30:00,405 INFO  - Processing DEN message (at simulation time 210.027,325,757 s)
2022-10-31 17:30:00,405 INFO  - Route already changed (at simulation time 210.027,325,757 s)
2022-10-31 17:30:00,405 INFO  - Processing DEN message (at simulation time 210.032,783,503 s)
2022-10-31 17:30:00,405 INFO  - Route already changed (at simulation time 210.032,783,503 s)
2022-10-31 17:30:00,415 INFO  - Processing DEN message (at simulation time 211.014,190,709 s)
2022-10-31 17:30:00,415 INFO  - Route already changed (at simulation time 211.014,190,709 s)
2022-10-31 17:30:00,415 INFO  - Processing DEN message (at simulation time 211.042,218,628 s)
2022-10-31 17:30:00,415 INFO  - Route already changed (at simulation time 211.042,218,628 s)
2022-10-31 17:30:00,425 INFO  - Processing DEN message (at simulation time 212.013,613,905 s)
2022-10-31 17:30:00,425 INFO  - Route already changed (at simulation time 212.013,613,905 s)
2022-10-31 17:30:00,425 INFO  - Processing DEN message (at simulation time 212.020,791,678 s)
2022-10-31 17:30:00,425 INFO  - Route already changed (at simulation time 212.020,791,678 s)
2022-10-31 17:30:00,431 INFO  - Processing DEN message (at simulation time 213.025,033,203 s)
2022-10-31 17:30:00,431 INFO  - Route already changed (at simulation time 213.025,033,203 s)
2022-10-31 17:30:00,431 INFO  - Processing DEN message (at simulation time 213.031,958,141 s)
2022-10-31 17:30:00,431 INFO  - Route already changed (at simulation time 213.031,958,141 s)
2022-10-31 17:30:00,439 INFO  - Processing DEN message (at simulation time 214.055,149,036 s)
2022-10-31 17:30:00,439 INFO  - Route already changed (at simulation time 214.055,149,036 s)
2022-10-31 17:30:00,439 INFO  - Processing DEN message (at simulation time 214.100,399,757 s)
2022-10-31 17:30:00,439 INFO  - Route already changed (at simulation time 214.100,399,757 s)
2022-10-31 17:30:00,448 INFO  - Processing DEN message (at simulation time 215.032,581,060 s)
2022-10-31 17:30:00,448 INFO  - Route already changed (at simulation time 215.032,581,060 s)
2022-10-31 17:30:00,448 INFO  - Processing DEN message (at simulation time 215.036,825,733 s)
2022-10-31 17:30:00,448 INFO  - Route already changed (at simulation time 215.036,825,733 s)
2022-10-31 17:30:00,457 INFO  - Processing DEN message (at simulation time 216.023,613,616 s)
2022-10-31 17:30:00,457 INFO  - Route already changed (at simulation time 216.023,613,616 s)
2022-10-31 17:30:00,457 INFO  - Processing DEN message (at simulation time 216.024,610,960 s)
2022-10-31 17:30:00,457 INFO  - Route already changed (at simulation time 216.024,610,960 s)
2022-10-31 17:30:00,466 INFO  - Processing DEN message (at simulation time 217.017,566,878 s)
2022-10-31 17:30:00,466 INFO  - Route already changed (at simulation time 217.017,566,878 s)
2022-10-31 17:30:00,466 INFO  - Processing DEN message (at simulation time 217.031,084,478 s)
2022-10-31 17:30:00,466 INFO  - Route already changed (at simulation time 217.031,084,478 s)
2022-10-31 17:30:00,477 INFO  - Processing DEN message (at simulation time 218.018,506,148 s)
2022-10-31 17:30:00,477 INFO  - Route already changed (at simulation time 218.018,506,148 s)
2022-10-31 17:30:00,478 INFO  - Processing DEN message (at simulation time 218.050,621,111 s)
2022-10-31 17:30:00,478 INFO  - Route already changed (at simulation time 218.050,621,111 s)
2022-10-31 17:30:00,492 INFO  - Processing DEN message (at simulation time 219.024,904,970 s)
2022-10-31 17:30:00,492 INFO  - Route already changed (at simulation time 219.024,904,970 s)
2022-10-31 17:30:00,492 INFO  - Processing DEN message (at simulation time 219.027,231,091 s)
2022-10-31 17:30:00,492 INFO  - Route already changed (at simulation time 219.027,231,091 s)
2022-10-31 17:30:00,507 INFO  - Processing DEN message (at simulation time 220.048,740,259 s)
2022-10-31 17:30:00,507 INFO  - Route already changed (at simulation time 220.048,740,259 s)
2022-10-31 17:30:00,507 INFO  - Processing DEN message (at simulation time 220.053,259,461 s)
2022-10-31 17:30:00,507 INFO  - Route already changed (at simulation time 220.053,259,461 s)
2022-10-31 17:30:00,519 INFO  - Processing DEN message (at simulation time 221.016,793,248 s)
2022-10-31 17:30:00,519 INFO  - Route already changed (at simulation time 221.016,793,248 s)
2022-10-31 17:30:00,519 INFO  - Processing DEN message (at simulation time 221.032,586,281 s)
2022-10-31 17:30:00,519 INFO  - Route already changed (at simulation time 221.032,586,281 s)
2022-10-31 17:30:00,543 INFO  - Processing DEN message (at simulation time 222.024,198,566 s)
2022-10-31 17:30:00,543 INFO  - Route already changed (at simulation time 222.024,198,566 s)
2022-10-31 17:30:00,543 INFO  - Processing DEN message (at simulation time 222.034,561,592 s)
2022-10-31 17:30:00,543 INFO  - Route already changed (at simulation time 222.034,561,592 s)
2022-10-31 17:30:00,593 INFO  - Processing DEN message (at simulation time 223.012,494,200 s)
2022-10-31 17:30:00,593 INFO  - Route already changed (at simulation time 223.012,494,200 s)
2022-10-31 17:30:00,594 INFO  - Processing DEN message (at simulation time 223.032,383,900 s)
2022-10-31 17:30:00,594 INFO  - Route already changed (at simulation time 223.032,383,900 s)
2022-10-31 17:30:00,603 INFO  - Processing DEN message (at simulation time 224.023,223,690 s)
2022-10-31 17:30:00,603 INFO  - Route already changed (at simulation time 224.023,223,690 s)
2022-10-31 17:30:00,603 INFO  - Processing DEN message (at simulation time 224.027,074,187 s)
2022-10-31 17:30:00,603 INFO  - Route already changed (at simulation time 224.027,074,187 s)
2022-10-31 17:30:00,612 INFO  - Processing DEN message (at simulation time 225.029,714,400 s)
2022-10-31 17:30:00,612 INFO  - Route already changed (at simulation time 225.029,714,400 s)
2022-10-31 17:30:00,612 INFO  - Processing DEN message (at simulation time 225.051,996,338 s)
2022-10-31 17:30:00,612 INFO  - Route already changed (at simulation time 225.051,996,338 s)
2022-10-31 17:30:00,621 INFO  - Processing DEN message (at simulation time 226.021,282,067 s)
2022-10-31 17:30:00,621 INFO  - Route already changed (at simulation time 226.021,282,067 s)
2022-10-31 17:30:00,621 INFO  - Processing DEN message (at simulation time 226.036,027,993 s)
2022-10-31 17:30:00,621 INFO  - Route already changed (at simulation time 226.036,027,993 s)
2022-10-31 17:30:00,631 INFO  - Processing DEN message (at simulation time 227.026,703,052 s)
2022-10-31 17:30:00,631 INFO  - Route already changed (at simulation time 227.026,703,052 s)
2022-10-31 17:30:00,631 INFO  - Processing DEN message (at simulation time 227.073,534,358 s)
2022-10-31 17:30:00,631 INFO  - Route already changed (at simulation time 227.073,534,358 s)
2022-10-31 17:30:00,637 INFO  - Processing DEN message (at simulation time 228.036,527,381 s)
2022-10-31 17:30:00,637 INFO  - Route already changed (at simulation time 228.036,527,381 s)
2022-10-31 17:30:00,637 INFO  - Processing DEN message (at simulation time 228.090,867,059 s)
2022-10-31 17:30:00,637 INFO  - Route already changed (at simulation time 228.090,867,059 s)
2022-10-31 17:30:00,646 INFO  - Processing DEN message (at simulation time 229.039,510,603 s)
2022-10-31 17:30:00,646 INFO  - Route already changed (at simulation time 229.039,510,603 s)
2022-10-31 17:30:00,646 INFO  - Processing DEN message (at simulation time 229.047,294,134 s)
2022-10-31 17:30:00,646 INFO  - Route already changed (at simulation time 229.047,294,134 s)
2022-10-31 17:30:00,658 INFO  - Processing DEN message (at simulation time 230.024,093,419 s)
2022-10-31 17:30:00,658 INFO  - Route already changed (at simulation time 230.024,093,419 s)
2022-10-31 17:30:00,658 INFO  - Processing DEN message (at simulation time 230.034,825,409 s)
2022-10-31 17:30:00,658 INFO  - Route already changed (at simulation time 230.034,825,409 s)
2022-10-31 17:30:00,664 INFO  - Processing DEN message (at simulation time 231.020,100,692 s)
2022-10-31 17:30:00,664 INFO  - Route already changed (at simulation time 231.020,100,692 s)
2022-10-31 17:30:00,664 INFO  - Processing DEN message (at simulation time 231.022,679,607 s)
2022-10-31 17:30:00,664 INFO  - Route already changed (at simulation time 231.022,679,607 s)
2022-10-31 17:30:00,673 INFO  - Processing DEN message (at simulation time 232.019,394,392 s)
2022-10-31 17:30:00,673 INFO  - Route already changed (at simulation time 232.019,394,392 s)
2022-10-31 17:30:00,673 INFO  - Processing DEN message (at simulation time 232.020,425,197 s)
2022-10-31 17:30:00,673 INFO  - Route already changed (at simulation time 232.020,425,197 s)
2022-10-31 17:30:00,689 INFO  - Processing DEN message (at simulation time 233.014,770,899 s)
2022-10-31 17:30:00,689 INFO  - Route already changed (at simulation time 233.014,770,899 s)
2022-10-31 17:30:00,689 INFO  - Processing DEN message (at simulation time 233.041,492,223 s)
2022-10-31 17:30:00,689 INFO  - Route already changed (at simulation time 233.041,492,223 s)
2022-10-31 17:30:00,696 INFO  - Processing DEN message (at simulation time 234.027,456,416 s)
2022-10-31 17:30:00,697 INFO  - Route already changed (at simulation time 234.027,456,416 s)
2022-10-31 17:30:00,697 INFO  - Processing DEN message (at simulation time 234.031,456,959 s)
2022-10-31 17:30:00,697 INFO  - Route already changed (at simulation time 234.031,456,959 s)
2022-10-31 17:30:00,706 INFO  - Processing DEN message (at simulation time 235.020,500,251 s)
2022-10-31 17:30:00,706 INFO  - Route already changed (at simulation time 235.020,500,251 s)
2022-10-31 17:30:00,706 INFO  - Processing DEN message (at simulation time 235.023,081,300 s)
2022-10-31 17:30:00,706 INFO  - Route already changed (at simulation time 235.023,081,300 s)
2022-10-31 17:30:00,715 INFO  - Processing DEN message (at simulation time 236.024,131,657 s)
2022-10-31 17:30:00,715 INFO  - Route already changed (at simulation time 236.024,131,657 s)
2022-10-31 17:30:00,715 INFO  - Processing DEN message (at simulation time 236.043,004,904 s)
2022-10-31 17:30:00,715 INFO  - Route already changed (at simulation time 236.043,004,904 s)
2022-10-31 17:30:00,735 INFO  - Processing DEN message (at simulation time 237.020,122,946 s)
2022-10-31 17:30:00,735 INFO  - Route already changed (at simulation time 237.020,122,946 s)
2022-10-31 17:30:00,736 INFO  - Processing DEN message (at simulation time 237.046,090,967 s)
2022-10-31 17:30:00,736 INFO  - Route already changed (at simulation time 237.046,090,967 s)
2022-10-31 17:30:00,747 INFO  - Processing DEN message (at simulation time 238.020,786,948 s)
2022-10-31 17:30:00,747 INFO  - Route already changed (at simulation time 238.020,786,948 s)
2022-10-31 17:30:00,747 INFO  - Processing DEN message (at simulation time 238.024,961,787 s)
2022-10-31 17:30:00,747 INFO  - Route already changed (at simulation time 238.024,961,787 s)
2022-10-31 17:30:00,817 INFO  - Processing DEN message (at simulation time 239.024,190,944 s)
2022-10-31 17:30:00,817 INFO  - Route already changed (at simulation time 239.024,190,944 s)
2022-10-31 17:30:00,817 INFO  - Processing DEN message (at simulation time 239.040,066,820 s)
2022-10-31 17:30:00,817 INFO  - Route already changed (at simulation time 239.040,066,820 s)
2022-10-31 17:30:00,836 INFO  - Processing DEN message (at simulation time 240.020,642,370 s)
2022-10-31 17:30:00,836 INFO  - Route already changed (at simulation time 240.020,642,370 s)
2022-10-31 17:30:00,837 INFO  - Processing DEN message (at simulation time 240.078,452,450 s)
2022-10-31 17:30:00,837 INFO  - Route already changed (at simulation time 240.078,452,450 s)
2022-10-31 17:30:00,854 INFO  - Processing DEN message (at simulation time 241.041,533,073 s)
2022-10-31 17:30:00,854 INFO  - Route already changed (at simulation time 241.041,533,073 s)
2022-10-31 17:30:00,854 INFO  - Processing DEN message (at simulation time 241.071,983,197 s)
2022-10-31 17:30:00,854 INFO  - Route already changed (at simulation time 241.071,983,197 s)
2022-10-31 17:30:00,871 INFO  - Processing DEN message (at simulation time 242.019,733,527 s)
2022-10-31 17:30:00,871 INFO  - Route already changed (at simulation time 242.019,733,527 s)
2022-10-31 17:30:00,871 INFO  - Processing DEN message (at simulation time 242.033,946,536 s)
2022-10-31 17:30:00,871 INFO  - Route already changed (at simulation time 242.033,946,536 s)
2022-10-31 17:30:00,887 INFO  - Processing DEN message (at simulation time 243.014,801,220 s)
2022-10-31 17:30:00,887 INFO  - Route already changed (at simulation time 243.014,801,220 s)
2022-10-31 17:30:00,888 INFO  - Processing DEN message (at simulation time 243.020,781,519 s)
2022-10-31 17:30:00,888 INFO  - Route already changed (at simulation time 243.020,781,519 s)
2022-10-31 17:30:00,903 INFO  - Processing DEN message (at simulation time 244.013,780,807 s)
2022-10-31 17:30:00,903 INFO  - Route already changed (at simulation time 244.013,780,807 s)
2022-10-31 17:30:00,903 INFO  - Processing DEN message (at simulation time 244.017,141,792 s)
2022-10-31 17:30:00,903 INFO  - Route already changed (at simulation time 244.017,141,792 s)
2022-10-31 17:30:00,919 INFO  - Processing DEN message (at simulation time 245.029,148,983 s)
2022-10-31 17:30:00,919 INFO  - Route already changed (at simulation time 245.029,148,983 s)
2022-10-31 17:30:00,920 INFO  - Processing DEN message (at simulation time 245.037,985,405 s)
2022-10-31 17:30:00,920 INFO  - Route already changed (at simulation time 245.037,985,405 s)
2022-10-31 17:30:00,935 INFO  - Processing DEN message (at simulation time 246.014,827,228 s)
2022-10-31 17:30:00,935 INFO  - Route already changed (at simulation time 246.014,827,228 s)
2022-10-31 17:30:00,935 INFO  - Processing DEN message (at simulation time 246.025,832,821 s)
2022-10-31 17:30:00,935 INFO  - Route already changed (at simulation time 246.025,832,821 s)
2022-10-31 17:30:00,946 INFO  - Processing DEN message (at simulation time 247.017,837,659 s)
2022-10-31 17:30:00,946 INFO  - Route already changed (at simulation time 247.017,837,659 s)
2022-10-31 17:30:00,946 INFO  - Processing DEN message (at simulation time 247.020,533,011 s)
2022-10-31 17:30:00,947 INFO  - Route already changed (at simulation time 247.020,533,011 s)
2022-10-31 17:30:00,989 INFO  - Processing DEN message (at simulation time 248.026,572,847 s)
2022-10-31 17:30:00,989 INFO  - Route already changed (at simulation time 248.026,572,847 s)
2022-10-31 17:30:00,989 INFO  - Processing DEN message (at simulation time 248.051,312,733 s)
2022-10-31 17:30:00,989 INFO  - Route already changed (at simulation time 248.051,312,733 s)
2022-10-31 17:30:01,005 INFO  - Processing DEN message (at simulation time 249.013,360,699 s)
2022-10-31 17:30:01,005 INFO  - Route already changed (at simulation time 249.013,360,699 s)
2022-10-31 17:30:01,005 INFO  - Processing DEN message (at simulation time 249.019,324,481 s)
2022-10-31 17:30:01,005 INFO  - Route already changed (at simulation time 249.019,324,481 s)
2022-10-31 17:30:01,019 INFO  - Processing DEN message (at simulation time 250.020,558,866 s)
2022-10-31 17:30:01,019 INFO  - Route already changed (at simulation time 250.020,558,866 s)
2022-10-31 17:30:01,019 INFO  - Processing DEN message (at simulation time 250.024,889,754 s)
2022-10-31 17:30:01,019 INFO  - Route already changed (at simulation time 250.024,889,754 s)
2022-10-31 17:30:01,033 INFO  - Processing DEN message (at simulation time 251.017,123,840 s)
2022-10-31 17:30:01,033 INFO  - Route already changed (at simulation time 251.017,123,840 s)
2022-10-31 17:30:01,033 INFO  - Processing DEN message (at simulation time 251.019,404,134 s)
2022-10-31 17:30:01,033 INFO  - Route already changed (at simulation time 251.019,404,134 s)
2022-10-31 17:30:01,041 INFO  - Processing DEN message (at simulation time 252.023,616,807 s)
2022-10-31 17:30:01,041 INFO  - Route already changed (at simulation time 252.023,616,807 s)
2022-10-31 17:30:01,041 INFO  - Processing DEN message (at simulation time 252.026,527,157 s)
2022-10-31 17:30:01,041 INFO  - Route already changed (at simulation time 252.026,527,157 s)
2022-10-31 17:30:01,054 INFO  - Processing DEN message (at simulation time 253.023,025,175 s)
2022-10-31 17:30:01,054 INFO  - Route already changed (at simulation time 253.023,025,175 s)
2022-10-31 17:30:01,054 INFO  - Processing DEN message (at simulation time 253.026,765,983 s)
2022-10-31 17:30:01,054 INFO  - Route already changed (at simulation time 253.026,765,983 s)
2022-10-31 17:30:01,074 INFO  - Processing DEN message (at simulation time 254.017,074,650 s)
2022-10-31 17:30:01,074 INFO  - Route already changed (at simulation time 254.017,074,650 s)
2022-10-31 17:30:01,074 INFO  - Processing DEN message (at simulation time 254.023,558,354 s)
2022-10-31 17:30:01,074 INFO  - Route already changed (at simulation time 254.023,558,354 s)
2022-10-31 17:30:01,093 INFO  - Processing DEN message (at simulation time 255.014,922,606 s)
2022-10-31 17:30:01,093 INFO  - Route already changed (at simulation time 255.014,922,606 s)
2022-10-31 17:30:01,093 INFO  - Processing DEN message (at simulation time 255.025,775,956 s)
2022-10-31 17:30:01,093 INFO  - Route already changed (at simulation time 255.025,775,956 s)
2022-10-31 17:30:01,105 INFO  - Processing DEN message (at simulation time 256.020,366,207 s)
2022-10-31 17:30:01,105 INFO  - Route already changed (at simulation time 256.020,366,207 s)
2022-10-31 17:30:01,105 INFO  - Processing DEN message (at simulation time 256.053,497,566 s)
2022-10-31 17:30:01,105 INFO  - Route already changed (at simulation time 256.053,497,566 s)
2022-10-31 17:30:01,112 INFO  - Processing DEN message (at simulation time 257.014,326,436 s)
2022-10-31 17:30:01,112 INFO  - Route already changed (at simulation time 257.014,326,436 s)
2022-10-31 17:30:01,112 INFO  - Processing DEN message (at simulation time 257.018,918,245 s)
2022-10-31 17:30:01,112 INFO  - Route already changed (at simulation time 257.018,918,245 s)
2022-10-31 17:30:01,130 INFO  - Processing DEN message (at simulation time 258.019,946,478 s)
2022-10-31 17:30:01,130 INFO  - Route already changed (at simulation time 258.019,946,478 s)
2022-10-31 17:30:01,130 INFO  - Processing DEN message (at simulation time 258.039,231,833 s)
2022-10-31 17:30:01,130 INFO  - Route already changed (at simulation time 258.039,231,833 s)
2022-10-31 17:30:01,147 INFO  - Processing DEN message (at simulation time 259.018,297,347 s)
2022-10-31 17:30:01,148 INFO  - Route already changed (at simulation time 259.018,297,347 s)
2022-10-31 17:30:01,148 INFO  - Processing DEN message (at simulation time 259.025,384,582 s)
2022-10-31 17:30:01,148 INFO  - Route already changed (at simulation time 259.025,384,582 s)
2022-10-31 17:30:01,155 INFO  - Processing DEN message (at simulation time 260.020,595,086 s)
2022-10-31 17:30:01,155 INFO  - Route already changed (at simulation time 260.020,595,086 s)
2022-10-31 17:30:01,156 INFO  - Processing DEN message (at simulation time 260.025,279,363 s)
2022-10-31 17:30:01,156 INFO  - Route already changed (at simulation time 260.025,279,363 s)
2022-10-31 17:30:01,169 INFO  - Processing DEN message (at simulation time 261.013,839,225 s)
2022-10-31 17:30:01,169 INFO  - Route already changed (at simulation time 261.013,839,225 s)
2022-10-31 17:30:01,169 INFO  - Processing DEN message (at simulation time 261.025,114,796 s)
2022-10-31 17:30:01,169 INFO  - Route already changed (at simulation time 261.025,114,796 s)
2022-10-31 17:30:01,214 INFO  - Processing DEN message (at simulation time 262.023,504,133 s)
2022-10-31 17:30:01,214 INFO  - Route already changed (at simulation time 262.023,504,133 s)
2022-10-31 17:30:01,214 INFO  - Processing DEN message (at simulation time 262.023,991,148 s)
2022-10-31 17:30:01,214 INFO  - Route already changed (at simulation time 262.023,991,148 s)
2022-10-31 17:30:01,228 INFO  - Processing DEN message (at simulation time 263.021,087,049 s)
2022-10-31 17:30:01,228 INFO  - Route already changed (at simulation time 263.021,087,049 s)
2022-10-31 17:30:01,228 INFO  - Processing DEN message (at simulation time 263.033,542,337 s)
2022-10-31 17:30:01,228 INFO  - Route already changed (at simulation time 263.033,542,337 s)
2022-10-31 17:30:01,239 INFO  - Processing DEN message (at simulation time 264.018,103,560 s)
2022-10-31 17:30:01,239 INFO  - Route already changed (at simulation time 264.018,103,560 s)
2022-10-31 17:30:01,239 INFO  - Processing DEN message (at simulation time 264.035,560,353 s)
2022-10-31 17:30:01,239 INFO  - Route already changed (at simulation time 264.035,560,353 s)
2022-10-31 17:30:01,252 INFO  - Processing DEN message (at simulation time 265.025,246,567 s)
2022-10-31 17:30:01,252 INFO  - Route already changed (at simulation time 265.025,246,567 s)
2022-10-31 17:30:01,253 INFO  - Processing DEN message (at simulation time 265.039,411,580 s)
2022-10-31 17:30:01,253 INFO  - Route already changed (at simulation time 265.039,411,580 s)
2022-10-31 17:30:01,270 INFO  - Processing DEN message (at simulation time 266.016,024,912 s)
2022-10-31 17:30:01,270 INFO  - Route already changed (at simulation time 266.016,024,912 s)
2022-10-31 17:30:01,270 INFO  - Processing DEN message (at simulation time 266.021,494,053 s)
2022-10-31 17:30:01,270 INFO  - Route already changed (at simulation time 266.021,494,053 s)
2022-10-31 17:30:01,279 INFO  - Processing DEN message (at simulation time 267.035,615,507 s)
2022-10-31 17:30:01,279 INFO  - Route already changed (at simulation time 267.035,615,507 s)
2022-10-31 17:30:01,279 INFO  - Processing DEN message (at simulation time 267.065,220,390 s)
2022-10-31 17:30:01,279 INFO  - Route already changed (at simulation time 267.065,220,390 s)
2022-10-31 17:30:01,290 INFO  - Processing DEN message (at simulation time 268.027,914,256 s)
2022-10-31 17:30:01,290 INFO  - Route already changed (at simulation time 268.027,914,256 s)
2022-10-31 17:30:01,290 INFO  - Processing DEN message (at simulation time 268.046,687,649 s)
2022-10-31 17:30:01,290 INFO  - Route already changed (at simulation time 268.046,687,649 s)
2022-10-31 17:30:01,309 INFO  - Processing DEN message (at simulation time 269.027,047,606 s)
2022-10-31 17:30:01,309 INFO  - Route already changed (at simulation time 269.027,047,606 s)
2022-10-31 17:30:01,309 INFO  - Processing DEN message (at simulation time 269.027,280,105 s)
2022-10-31 17:30:01,309 INFO  - Route already changed (at simulation time 269.027,280,105 s)
2022-10-31 17:30:01,323 INFO  - Processing DEN message (at simulation time 270.040,348,240 s)
2022-10-31 17:30:01,323 INFO  - Route already changed (at simulation time 270.040,348,240 s)
2022-10-31 17:30:01,323 INFO  - Processing DEN message (at simulation time 270.041,922,256 s)
2022-10-31 17:30:01,323 INFO  - Route already changed (at simulation time 270.041,922,256 s)
2022-10-31 17:30:01,339 INFO  - Processing DEN message (at simulation time 271.019,819,479 s)
2022-10-31 17:30:01,339 INFO  - Route already changed (at simulation time 271.019,819,479 s)
2022-10-31 17:30:01,340 INFO  - Processing DEN message (at simulation time 271.052,677,970 s)
2022-10-31 17:30:01,340 INFO  - Route already changed (at simulation time 271.052,677,970 s)
2022-10-31 17:30:01,353 INFO  - Processing DEN message (at simulation time 272.026,861,582 s)
2022-10-31 17:30:01,353 INFO  - Route already changed (at simulation time 272.026,861,582 s)
2022-10-31 17:30:01,353 INFO  - Processing DEN message (at simulation time 272.028,866,930 s)
2022-10-31 17:30:01,353 INFO  - Route already changed (at simulation time 272.028,866,930 s)
2022-10-31 17:30:01,397 INFO  - Processing DEN message (at simulation time 273.021,973,138 s)
2022-10-31 17:30:01,397 INFO  - Route already changed (at simulation time 273.021,973,138 s)
2022-10-31 17:30:01,397 INFO  - Processing DEN message (at simulation time 273.022,508,638 s)
2022-10-31 17:30:01,397 INFO  - Route already changed (at simulation time 273.022,508,638 s)
2022-10-31 17:30:01,410 INFO  - Processing DEN message (at simulation time 274.017,697,099 s)
2022-10-31 17:30:01,410 INFO  - Route already changed (at simulation time 274.017,697,099 s)
2022-10-31 17:30:01,410 INFO  - Processing DEN message (at simulation time 274.074,207,827 s)
2022-10-31 17:30:01,410 INFO  - Route already changed (at simulation time 274.074,207,827 s)
2022-10-31 17:30:01,421 INFO  - Processing DEN message (at simulation time 275.021,148,186 s)
2022-10-31 17:30:01,421 INFO  - Route already changed (at simulation time 275.021,148,186 s)
2022-10-31 17:30:01,421 INFO  - Processing DEN message (at simulation time 275.037,213,690 s)
2022-10-31 17:30:01,421 INFO  - Route already changed (at simulation time 275.037,213,690 s)
2022-10-31 17:30:01,437 INFO  - Processing DEN message (at simulation time 276.017,352,496 s)
2022-10-31 17:30:01,438 INFO  - Route already changed (at simulation time 276.017,352,496 s)
2022-10-31 17:30:01,438 INFO  - Processing DEN message (at simulation time 276.018,301,386 s)
2022-10-31 17:30:01,438 INFO  - Route already changed (at simulation time 276.018,301,386 s)
2022-10-31 17:30:01,453 INFO  - Processing DEN message (at simulation time 277.013,663,845 s)
2022-10-31 17:30:01,453 INFO  - Route already changed (at simulation time 277.013,663,845 s)
2022-10-31 17:30:01,454 INFO  - Processing DEN message (at simulation time 277.055,779,244 s)
2022-10-31 17:30:01,454 INFO  - Route already changed (at simulation time 277.055,779,244 s)
2022-10-31 17:30:01,469 INFO  - Processing DEN message (at simulation time 278.017,453,900 s)
2022-10-31 17:30:01,469 INFO  - Route already changed (at simulation time 278.017,453,900 s)
2022-10-31 17:30:01,469 INFO  - Processing DEN message (at simulation time 278.021,009,257 s)
2022-10-31 17:30:01,469 INFO  - Route already changed (at simulation time 278.021,009,257 s)
2022-10-31 17:30:01,490 INFO  - Processing DEN message (at simulation time 279.032,556,439 s)
2022-10-31 17:30:01,490 INFO  - Route already changed (at simulation time 279.032,556,439 s)
2022-10-31 17:30:01,490 INFO  - Processing DEN message (at simulation time 279.033,261,231 s)
2022-10-31 17:30:01,490 INFO  - Route already changed (at simulation time 279.033,261,231 s)
2022-10-31 17:30:01,508 INFO  - Processing DEN message (at simulation time 280.028,284,254 s)
2022-10-31 17:30:01,508 INFO  - Route already changed (at simulation time 280.028,284,254 s)
2022-10-31 17:30:01,508 INFO  - Processing DEN message (at simulation time 280.035,624,694 s)
2022-10-31 17:30:01,508 INFO  - Route already changed (at simulation time 280.035,624,694 s)
2022-10-31 17:30:01,525 INFO  - Processing DEN message (at simulation time 281.024,641,103 s)
2022-10-31 17:30:01,525 INFO  - Route already changed (at simulation time 281.024,641,103 s)
2022-10-31 17:30:01,525 INFO  - Processing DEN message (at simulation time 281.043,907,980 s)
2022-10-31 17:30:01,525 INFO  - Route already changed (at simulation time 281.043,907,980 s)
2022-10-31 17:30:01,533 INFO  - Processing DEN message (at simulation time 282.018,085,708 s)
2022-10-31 17:30:01,533 INFO  - Route already changed (at simulation time 282.018,085,708 s)
2022-10-31 17:30:01,534 INFO  - Processing DEN message (at simulation time 282.057,736,687 s)
2022-10-31 17:30:01,534 INFO  - Route already changed (at simulation time 282.057,736,687 s)
2022-10-31 17:30:01,544 INFO  - Processing DEN message (at simulation time 283.017,987,176 s)
2022-10-31 17:30:01,544 INFO  - Route already changed (at simulation time 283.017,987,176 s)
2022-10-31 17:30:01,545 INFO  - Processing DEN message (at simulation time 283.037,038,424 s)
2022-10-31 17:30:01,545 INFO  - Route already changed (at simulation time 283.037,038,424 s)
2022-10-31 17:30:01,563 INFO  - Processing DEN message (at simulation time 284.024,548,906 s)
2022-10-31 17:30:01,563 INFO  - Route already changed (at simulation time 284.024,548,906 s)
2022-10-31 17:30:01,563 INFO  - Processing DEN message (at simulation time 284.026,435,531 s)
2022-10-31 17:30:01,563 INFO  - Route already changed (at simulation time 284.026,435,531 s)
2022-10-31 17:30:01,575 INFO  - Processing DEN message (at simulation time 285.040,537,445 s)
2022-10-31 17:30:01,575 INFO  - Route already changed (at simulation time 285.040,537,445 s)
2022-10-31 17:30:01,575 INFO  - Processing DEN message (at simulation time 285.045,238,810 s)
2022-10-31 17:30:01,575 INFO  - Route already changed (at simulation time 285.045,238,810 s)
2022-10-31 17:30:01,583 INFO  - Processing DEN message (at simulation time 286.018,414,205 s)
2022-10-31 17:30:01,583 INFO  - Route already changed (at simulation time 286.018,414,205 s)
2022-10-31 17:30:01,583 INFO  - Processing DEN message (at simulation time 286.027,060,950 s)
2022-10-31 17:30:01,583 INFO  - Route already changed (at simulation time 286.027,060,950 s)
2022-10-31 17:30:01,598 INFO  - Processing DEN message (at simulation time 287.028,830,494 s)
2022-10-31 17:30:01,598 INFO  - Route already changed (at simulation time 287.028,830,494 s)
2022-10-31 17:30:01,598 INFO  - Processing DEN message (at simulation time 287.036,740,689 s)
2022-10-31 17:30:01,598 INFO  - Route already changed (at simulation time 287.036,740,689 s)
2022-10-31 17:30:01,605 INFO  - Processing DEN message (at simulation time 288.024,133,935 s)
2022-10-31 17:30:01,605 INFO  - Route already changed (at simulation time 288.024,133,935 s)
2022-10-31 17:30:01,605 INFO  - Processing DEN message (at simulation time 288.037,042,030 s)
2022-10-31 17:30:01,605 INFO  - Route already changed (at simulation time 288.037,042,030 s)
2022-10-31 17:30:01,615 INFO  - Processing DEN message (at simulation time 289.019,720,501 s)
2022-10-31 17:30:01,615 INFO  - Route already changed (at simulation time 289.019,720,501 s)
2022-10-31 17:30:01,615 INFO  - Processing DEN message (at simulation time 289.025,817,069 s)
2022-10-31 17:30:01,615 INFO  - Route already changed (at simulation time 289.025,817,069 s)
2022-10-31 17:30:01,624 INFO  - Processing DEN message (at simulation time 290.017,682,515 s)
2022-10-31 17:30:01,624 INFO  - Route already changed (at simulation time 290.017,682,515 s)
2022-10-31 17:30:01,624 INFO  - Processing DEN message (at simulation time 290.025,243,881 s)
2022-10-31 17:30:01,624 INFO  - Route already changed (at simulation time 290.025,243,881 s)
2022-10-31 17:30:01,638 INFO  - Processing DEN message (at simulation time 291.018,824,327 s)
2022-10-31 17:30:01,638 INFO  - Route already changed (at simulation time 291.018,824,327 s)
2022-10-31 17:30:01,638 INFO  - Processing DEN message (at simulation time 291.030,984,543 s)
2022-10-31 17:30:01,638 INFO  - Route already changed (at simulation time 291.030,984,543 s)
2022-10-31 17:30:01,644 INFO  - Processing DEN message (at simulation time 292.018,944,817 s)
2022-10-31 17:30:01,644 INFO  - Route already changed (at simulation time 292.018,944,817 s)
2022-10-31 17:30:01,644 INFO  - Processing DEN message (at simulation time 292.029,782,316 s)
2022-10-31 17:30:01,644 INFO  - Route already changed (at simulation time 292.029,782,316 s)
2022-10-31 17:30:01,653 INFO  - Processing DEN message (at simulation time 293.016,937,101 s)
2022-10-31 17:30:01,653 INFO  - Route already changed (at simulation time 293.016,937,101 s)
2022-10-31 17:30:01,653 INFO  - Processing DEN message (at simulation time 293.022,976,153 s)
2022-10-31 17:30:01,653 INFO  - Route already changed (at simulation time 293.022,976,153 s)
2022-10-31 17:30:01,674 INFO  - Processing DEN message (at simulation time 294.016,787,662 s)
2022-10-31 17:30:01,674 INFO  - Route already changed (at simulation time 294.016,787,662 s)
2022-10-31 17:30:01,674 INFO  - Processing DEN message (at simulation time 294.021,723,761 s)
2022-10-31 17:30:01,674 INFO  - Route already changed (at simulation time 294.021,723,761 s)
2022-10-31 17:30:01,690 INFO  - Processing DEN message (at simulation time 295.031,215,754 s)
2022-10-31 17:30:01,690 INFO  - Route already changed (at simulation time 295.031,215,754 s)
2022-10-31 17:30:01,691 INFO  - Processing DEN message (at simulation time 295.040,602,565 s)
2022-10-31 17:30:01,691 INFO  - Route already changed (at simulation time 295.040,602,565 s)
2022-10-31 17:30:01,699 INFO  - Processing DEN message (at simulation time 296.028,996,667 s)
2022-10-31 17:30:01,699 INFO  - Route already changed (at simulation time 296.028,996,667 s)
2022-10-31 17:30:01,699 INFO  - Processing DEN message (at simulation time 296.069,575,640 s)
2022-10-31 17:30:01,699 INFO  - Route already changed (at simulation time 296.069,575,640 s)
2022-10-31 17:30:01,710 INFO  - Processing DEN message (at simulation time 297.021,677,867 s)
2022-10-31 17:30:01,710 INFO  - Route already changed (at simulation time 297.021,677,867 s)
2022-10-31 17:30:01,720 INFO  - Processing DEN message (at simulation time 297.034,953,309 s)
2022-10-31 17:30:01,720 INFO  - Route already changed (at simulation time 297.034,953,309 s)
2022-10-31 17:30:01,733 INFO  - Processing DEN message (at simulation time 298.015,167,250 s)
2022-10-31 17:30:01,733 INFO  - Route already changed (at simulation time 298.015,167,250 s)
2022-10-31 17:30:01,734 INFO  - Processing DEN message (at simulation time 298.035,053,821 s)
2022-10-31 17:30:01,734 INFO  - Route already changed (at simulation time 298.035,053,821 s)
2022-10-31 17:30:01,740 INFO  - Processing DEN message (at simulation time 299.010,687,133 s)
2022-10-31 17:30:01,740 INFO  - Route already changed (at simulation time 299.010,687,133 s)
2022-10-31 17:30:01,740 INFO  - Processing DEN message (at simulation time 299.027,831,496 s)
2022-10-31 17:30:01,740 INFO  - Route already changed (at simulation time 299.027,831,496 s)
2022-10-31 17:30:01,752 INFO  - Processing DEN message (at simulation time 300.043,054,740 s)
2022-10-31 17:30:01,752 INFO  - Route already changed (at simulation time 300.043,054,740 s)
2022-10-31 17:30:01,752 INFO  - Processing DEN message (at simulation time 300.065,392,499 s)
2022-10-31 17:30:01,752 INFO  - Route already changed (at simulation time 300.065,392,499 s)
2022-10-31 17:30:01,763 INFO  - Processing DEN message (at simulation time 301.019,867,693 s)
2022-10-31 17:30:01,763 INFO  - Route already changed (at simulation time 301.019,867,693 s)
2022-10-31 17:30:01,774 INFO  - Processing DEN message (at simulation time 302.031,371,365 s)
2022-10-31 17:30:01,774 INFO  - Route already changed (at simulation time 302.031,371,365 s)
2022-10-31 17:30:01,788 INFO  - Processing DEN message (at simulation time 303.047,821,438 s)
2022-10-31 17:30:01,788 INFO  - Route already changed (at simulation time 303.047,821,438 s)
2022-10-31 17:30:01,802 INFO  - Processing DEN message (at simulation time 304.035,394,799 s)
2022-10-31 17:30:01,802 INFO  - Route already changed (at simulation time 304.035,394,799 s)
2022-10-31 17:30:01,819 INFO  - Processing DEN message (at simulation time 305.031,646,734 s)
2022-10-31 17:30:01,819 INFO  - Route already changed (at simulation time 305.031,646,734 s)
2022-10-31 17:30:01,827 INFO  - Processing DEN message (at simulation time 306.026,551,580 s)
2022-10-31 17:30:01,827 INFO  - Route already changed (at simulation time 306.026,551,580 s)
2022-10-31 17:30:01,834 INFO  - Processing DEN message (at simulation time 307.045,292,842 s)
2022-10-31 17:30:01,834 INFO  - Route already changed (at simulation time 307.045,292,842 s)
2022-10-31 17:30:01,842 INFO  - Processing DEN message (at simulation time 308.043,540,425 s)
2022-10-31 17:30:01,842 INFO  - Route already changed (at simulation time 308.043,540,425 s)
2022-10-31 17:30:01,858 INFO  - Processing DEN message (at simulation time 309.034,878,408 s)
2022-10-31 17:30:01,858 INFO  - Route already changed (at simulation time 309.034,878,408 s)
2022-10-31 17:30:01,870 INFO  - Processing DEN message (at simulation time 310.077,028,539 s)
2022-10-31 17:30:01,870 INFO  - Route already changed (at simulation time 310.077,028,539 s)
2022-10-31 17:30:01,878 INFO  - Processing DEN message (at simulation time 311.025,350,306 s)
2022-10-31 17:30:01,878 INFO  - Route already changed (at simulation time 311.025,350,306 s)
2022-10-31 17:30:01,891 INFO  - Processing DEN message (at simulation time 312.025,409,237 s)
2022-10-31 17:30:01,891 INFO  - Route already changed (at simulation time 312.025,409,237 s)
2022-10-31 17:30:01,903 INFO  - Processing DEN message (at simulation time 313.018,234,223 s)
2022-10-31 17:30:01,903 INFO  - Route already changed (at simulation time 313.018,234,223 s)
2022-10-31 17:30:01,915 INFO  - Processing DEN message (at simulation time 314.023,407,123 s)
2022-10-31 17:30:01,915 INFO  - Route already changed (at simulation time 314.023,407,123 s)
2022-10-31 17:30:01,928 INFO  - Processing DEN message (at simulation time 315.037,836,231 s)
2022-10-31 17:30:01,928 INFO  - Route already changed (at simulation time 315.037,836,231 s)
2022-10-31 17:30:01,943 INFO  - Processing DEN message (at simulation time 316.014,202,927 s)
2022-10-31 17:30:01,943 INFO  - Route already changed (at simulation time 316.014,202,927 s)
2022-10-31 17:30:01,952 INFO  - Processing DEN message (at simulation time 317.043,039,982 s)
2022-10-31 17:30:01,952 INFO  - Route already changed (at simulation time 317.043,039,982 s)
2022-10-31 17:30:01,962 INFO  - Processing DEN message (at simulation time 318.033,987,219 s)
2022-10-31 17:30:01,962 INFO  - Route already changed (at simulation time 318.033,987,219 s)
2022-10-31 17:30:01,973 INFO  - Processing DEN message (at simulation time 319.023,452,808 s)
2022-10-31 17:30:01,973 INFO  - Route already changed (at simulation time 319.023,452,808 s)
2022-10-31 17:30:01,988 INFO  - Processing DEN message (at simulation time 320.023,791,602 s)
2022-10-31 17:30:01,988 INFO  - Route already changed (at simulation time 320.023,791,602 s)
2022-10-31 17:30:01,996 INFO  - Processing DEN message (at simulation time 321.020,887,858 s)
2022-10-31 17:30:01,996 INFO  - Route already changed (at simulation time 321.020,887,858 s)
2022-10-31 17:30:02,005 INFO  - Processing DEN message (at simulation time 322.028,751,120 s)
2022-10-31 17:30:02,005 INFO  - Route already changed (at simulation time 322.028,751,120 s)
2022-10-31 17:30:02,021 INFO  - Processing DEN message (at simulation time 323.020,544,062 s)
2022-10-31 17:30:02,021 INFO  - Route already changed (at simulation time 323.020,544,062 s)
2022-10-31 17:30:02,032 INFO  - Processing DEN message (at simulation time 324.020,413,652 s)
2022-10-31 17:30:02,032 INFO  - Route already changed (at simulation time 324.020,413,652 s)
2022-10-31 17:30:02,043 INFO  - Processing DEN message (at simulation time 325.013,709,304 s)
2022-10-31 17:30:02,043 INFO  - Route already changed (at simulation time 325.013,709,304 s)
2022-10-31 17:30:02,053 INFO  - Processing DEN message (at simulation time 326.018,365,752 s)
2022-10-31 17:30:02,053 INFO  - Route already changed (at simulation time 326.018,365,752 s)
2022-10-31 17:30:02,066 INFO  - Processing DEN message (at simulation time 327.034,175,723 s)
2022-10-31 17:30:02,066 INFO  - Route already changed (at simulation time 327.034,175,723 s)
2022-10-31 17:30:02,074 INFO  - Processing DEN message (at simulation time 328.027,884,673 s)
2022-10-31 17:30:02,074 INFO  - Route already changed (at simulation time 328.027,884,673 s)
2022-10-31 17:30:02,084 INFO  - Processing DEN message (at simulation time 329.022,020,453 s)
2022-10-31 17:30:02,084 INFO  - Route already changed (at simulation time 329.022,020,453 s)
2022-10-31 17:30:02,107 INFO  - Processing DEN message (at simulation time 330.021,045,459 s)
2022-10-31 17:30:02,107 INFO  - Route already changed (at simulation time 330.021,045,459 s)
2022-10-31 17:30:02,124 INFO  - Processing DEN message (at simulation time 331.013,757,732 s)
2022-10-31 17:30:02,124 INFO  - Route already changed (at simulation time 331.013,757,732 s)
2022-10-31 17:30:02,134 INFO  - Processing DEN message (at simulation time 332.050,250,764 s)
2022-10-31 17:30:02,134 INFO  - Route already changed (at simulation time 332.050,250,764 s)
2022-10-31 17:30:02,151 INFO  - Processing DEN message (at simulation time 333.011,925,679 s)
2022-10-31 17:30:02,151 INFO  - Route already changed (at simulation time 333.011,925,679 s)
2022-10-31 17:30:02,163 INFO  - Processing DEN message (at simulation time 334.048,624,466 s)
2022-10-31 17:30:02,163 INFO  - Route already changed (at simulation time 334.048,624,466 s)
2022-10-31 17:30:02,873 INFO  - Processing DEN message (at simulation time 384.062,696,266 s)
2022-10-31 17:30:02,873 INFO  - Route already changed (at simulation time 384.062,696,266 s)
2022-10-31 17:30:02,882 INFO  - Processing DEN message (at simulation time 385.025,043,744 s)
2022-10-31 17:30:02,882 INFO  - Route already changed (at simulation time 385.025,043,744 s)
2022-10-31 17:30:02,890 INFO  - Processing DEN message (at simulation time 386.032,856,663 s)
2022-10-31 17:30:02,890 INFO  - Route already changed (at simulation time 386.032,856,663 s)
2022-10-31 17:30:02,899 INFO  - Processing DEN message (at simulation time 387.036,021,774 s)
2022-10-31 17:30:02,899 INFO  - Route already changed (at simulation time 387.036,021,774 s)
2022-10-31 17:30:02,908 INFO  - Processing DEN message (at simulation time 388.051,207,609 s)
2022-10-31 17:30:02,908 INFO  - Route already changed (at simulation time 388.051,207,609 s)
2022-10-31 17:30:02,919 INFO  - Processing DEN message (at simulation time 389.012,470,014 s)
2022-10-31 17:30:02,919 INFO  - Route already changed (at simulation time 389.012,470,014 s)
2022-10-31 17:30:02,933 INFO  - Processing DEN message (at simulation time 390.012,509,173 s)
2022-10-31 17:30:02,933 INFO  - Route already changed (at simulation time 390.012,509,173 s)
2022-10-31 17:30:02,945 INFO  - Processing DEN message (at simulation time 391.111,321,872 s)
2022-10-31 17:30:02,945 INFO  - Route already changed (at simulation time 391.111,321,872 s)
2022-10-31 17:30:02,969 INFO  - Processing DEN message (at simulation time 392.021,227,240 s)
2022-10-31 17:30:02,969 INFO  - Route already changed (at simulation time 392.021,227,240 s)
2022-10-31 17:30:02,982 INFO  - Processing DEN message (at simulation time 393.034,514,425 s)
2022-10-31 17:30:02,982 INFO  - Route already changed (at simulation time 393.034,514,425 s)
2022-10-31 17:30:02,992 INFO  - Processing DEN message (at simulation time 394.050,229,094 s)
2022-10-31 17:30:02,992 INFO  - Route already changed (at simulation time 394.050,229,094 s)
2022-10-31 17:30:03,005 INFO  - Processing DEN message (at simulation time 395.018,922,295 s)
2022-10-31 17:30:03,005 INFO  - Route already changed (at simulation time 395.018,922,295 s)
2022-10-31 17:30:03,019 INFO  - Processing DEN message (at simulation time 396.025,411,271 s)
2022-10-31 17:30:03,019 INFO  - Route already changed (at simulation time 396.025,411,271 s)
2022-10-31 17:30:03,033 INFO  - Processing DEN message (at simulation time 397.030,865,641 s)
2022-10-31 17:30:03,033 INFO  - Route already changed (at simulation time 397.030,865,641 s)
2022-10-31 17:30:03,044 INFO  - Processing DEN message (at simulation time 398.034,011,977 s)
2022-10-31 17:30:03,044 INFO  - Route already changed (at simulation time 398.034,011,977 s)
2022-10-31 17:30:03,054 INFO  - Processing DEN message (at simulation time 399.043,576,165 s)
2022-10-31 17:30:03,054 INFO  - Route already changed (at simulation time 399.043,576,165 s)
2022-10-31 17:30:03,063 INFO  - Processing DEN message (at simulation time 400.027,306,351 s)
2022-10-31 17:30:03,063 INFO  - Route already changed (at simulation time 400.027,306,351 s)
2022-10-31 17:30:03,075 INFO  - Processing DEN message (at simulation time 401.042,329,821 s)
2022-10-31 17:30:03,075 INFO  - Route already changed (at simulation time 401.042,329,821 s)
2022-10-31 17:30:03,088 INFO  - Processing DEN message (at simulation time 402.014,379,145 s)
2022-10-31 17:30:03,088 INFO  - Route already changed (at simulation time 402.014,379,145 s)
2022-10-31 17:30:03,099 INFO  - Processing DEN message (at simulation time 403.040,953,960 s)
2022-10-31 17:30:03,099 INFO  - Route already changed (at simulation time 403.040,953,960 s)
2022-10-31 17:30:03,108 INFO  - Processing DEN message (at simulation time 404.040,377,170 s)
2022-10-31 17:30:03,108 INFO  - Route already changed (at simulation time 404.040,377,170 s)
2022-10-31 17:30:03,117 INFO  - Processing DEN message (at simulation time 405.031,809,863 s)
2022-10-31 17:30:03,117 INFO  - Route already changed (at simulation time 405.031,809,863 s)
2022-10-31 17:30:03,127 INFO  - Processing DEN message (at simulation time 406.032,528,388 s)
2022-10-31 17:30:03,127 INFO  - Route already changed (at simulation time 406.032,528,388 s)
2022-10-31 17:30:03,141 INFO  - Processing DEN message (at simulation time 407.035,118,557 s)
2022-10-31 17:30:03,141 INFO  - Route already changed (at simulation time 407.035,118,557 s)
2022-10-31 17:30:03,187 INFO  - Processing DEN message (at simulation time 408.038,808,120 s)
2022-10-31 17:30:03,187 INFO  - Route already changed (at simulation time 408.038,808,120 s)
2022-10-31 17:30:03,200 INFO  - Processing DEN message (at simulation time 409.032,648,734 s)
2022-10-31 17:30:03,200 INFO  - Route already changed (at simulation time 409.032,648,734 s)
2022-10-31 17:30:03,215 INFO  - Processing DEN message (at simulation time 410.025,964,355 s)
2022-10-31 17:30:03,215 INFO  - Route already changed (at simulation time 410.025,964,355 s)
2022-10-31 17:30:03,229 INFO  - Processing DEN message (at simulation time 411.069,200,245 s)
2022-10-31 17:30:03,229 INFO  - Route already changed (at simulation time 411.069,200,245 s)
2022-10-31 17:30:03,245 INFO  - Processing DEN message (at simulation time 412.018,212,037 s)
2022-10-31 17:30:03,246 INFO  - Route already changed (at simulation time 412.018,212,037 s)
2022-10-31 17:30:03,258 INFO  - Processing DEN message (at simulation time 413.019,665,132 s)
2022-10-31 17:30:03,258 INFO  - Route already changed (at simulation time 413.019,665,132 s)
2022-10-31 17:30:03,271 INFO  - Processing DEN message (at simulation time 414.048,150,706 s)
2022-10-31 17:30:03,271 INFO  - Route already changed (at simulation time 414.048,150,706 s)
2022-10-31 17:30:03,283 INFO  - Processing DEN message (at simulation time 415.031,371,131 s)
2022-10-31 17:30:03,283 INFO  - Route already changed (at simulation time 415.031,371,131 s)
2022-10-31 17:30:03,297 INFO  - Processing DEN message (at simulation time 416.056,260,993 s)
2022-10-31 17:30:03,297 INFO  - Route already changed (at simulation time 416.056,260,993 s)
2022-10-31 17:30:03,305 INFO  - Processing DEN message (at simulation time 417.035,181,017 s)
2022-10-31 17:30:03,305 INFO  - Route already changed (at simulation time 417.035,181,017 s)
2022-10-31 17:30:03,317 INFO  - Processing DEN message (at simulation time 418.026,904,097 s)
2022-10-31 17:30:03,317 INFO  - Route already changed (at simulation time 418.026,904,097 s)
2022-10-31 17:30:03,327 INFO  - Processing DEN message (at simulation time 419.013,797,976 s)
2022-10-31 17:30:03,327 INFO  - Route already changed (at simulation time 419.013,797,976 s)
2022-10-31 17:30:03,337 INFO  - Processing DEN message (at simulation time 420.013,720,547 s)
2022-10-31 17:30:03,338 INFO  - Route already changed (at simulation time 420.013,720,547 s)
2022-10-31 17:30:03,338 INFO  - Processing DEN message (at simulation time 420.015,538,013 s)
2022-10-31 17:30:03,338 INFO  - Route already changed (at simulation time 420.015,538,013 s)
2022-10-31 17:30:03,349 INFO  - Processing DEN message (at simulation time 421.016,844,232 s)
2022-10-31 17:30:03,349 INFO  - Route already changed (at simulation time 421.016,844,232 s)
2022-10-31 17:30:03,350 INFO  - Processing DEN message (at simulation time 421.017,322,857 s)
2022-10-31 17:30:03,350 INFO  - Route already changed (at simulation time 421.017,322,857 s)
2022-10-31 17:30:03,384 INFO  - Processing DEN message (at simulation time 422.017,510,486 s)
2022-10-31 17:30:03,384 INFO  - Route already changed (at simulation time 422.017,510,486 s)
2022-10-31 17:30:03,384 INFO  - Processing DEN message (at simulation time 422.020,559,920 s)
2022-10-31 17:30:03,384 INFO  - Route already changed (at simulation time 422.020,559,920 s)
2022-10-31 17:30:03,397 INFO  - Processing DEN message (at simulation time 423.019,405,508 s)
2022-10-31 17:30:03,397 INFO  - Route already changed (at simulation time 423.019,405,508 s)
2022-10-31 17:30:03,397 INFO  - Processing DEN message (at simulation time 423.027,977,321 s)
2022-10-31 17:30:03,397 INFO  - Route already changed (at simulation time 423.027,977,321 s)
2022-10-31 17:30:03,410 INFO  - Processing DEN message (at simulation time 424.026,611,591 s)
2022-10-31 17:30:03,410 INFO  - Route already changed (at simulation time 424.026,611,591 s)
2022-10-31 17:30:03,410 INFO  - Processing DEN message (at simulation time 424.043,607,724 s)
2022-10-31 17:30:03,410 INFO  - Route already changed (at simulation time 424.043,607,724 s)
2022-10-31 17:30:03,421 INFO  - Processing DEN message (at simulation time 425.020,328,685 s)
2022-10-31 17:30:03,421 INFO  - Route already changed (at simulation time 425.020,328,685 s)
2022-10-31 17:30:03,421 INFO  - Processing DEN message (at simulation time 425.033,596,067 s)
2022-10-31 17:30:03,421 INFO  - Route already changed (at simulation time 425.033,596,067 s)
2022-10-31 17:30:03,430 INFO  - Processing DEN message (at simulation time 426.012,533,933 s)
2022-10-31 17:30:03,430 INFO  - Route already changed (at simulation time 426.012,533,933 s)
2022-10-31 17:30:03,430 INFO  - Processing DEN message (at simulation time 426.019,221,218 s)
2022-10-31 17:30:03,430 INFO  - Route already changed (at simulation time 426.019,221,218 s)
2022-10-31 17:30:03,440 INFO  - Processing DEN message (at simulation time 427.013,248,214 s)
2022-10-31 17:30:03,440 INFO  - Route already changed (at simulation time 427.013,248,214 s)
2022-10-31 17:30:03,440 INFO  - Processing DEN message (at simulation time 427.030,100,915 s)
2022-10-31 17:30:03,440 INFO  - Route already changed (at simulation time 427.030,100,915 s)
2022-10-31 17:30:03,451 INFO  - Processing DEN message (at simulation time 428.014,124,195 s)
2022-10-31 17:30:03,451 INFO  - Route already changed (at simulation time 428.014,124,195 s)
2022-10-31 17:30:03,452 INFO  - Processing DEN message (at simulation time 428.022,023,712 s)
2022-10-31 17:30:03,452 INFO  - Route already changed (at simulation time 428.022,023,712 s)
2022-10-31 17:30:03,462 INFO  - Processing DEN message (at simulation time 429.026,336,649 s)
2022-10-31 17:30:03,462 INFO  - Route already changed (at simulation time 429.026,336,649 s)
2022-10-31 17:30:03,462 INFO  - Processing DEN message (at simulation time 429.027,011,185 s)
2022-10-31 17:30:03,462 INFO  - Route already changed (at simulation time 429.027,011,185 s)
2022-10-31 17:30:03,477 INFO  - Processing DEN message (at simulation time 430.015,550,973 s)
2022-10-31 17:30:03,477 INFO  - Route already changed (at simulation time 430.015,550,973 s)
2022-10-31 17:30:03,478 INFO  - Processing DEN message (at simulation time 430.043,016,689 s)
2022-10-31 17:30:03,478 INFO  - Route already changed (at simulation time 430.043,016,689 s)
2022-10-31 17:30:03,492 INFO  - Processing DEN message (at simulation time 431.022,539,329 s)
2022-10-31 17:30:03,492 INFO  - Route already changed (at simulation time 431.022,539,329 s)
2022-10-31 17:30:03,492 INFO  - Processing DEN message (at simulation time 431.065,380,809 s)
2022-10-31 17:30:03,492 INFO  - Route already changed (at simulation time 431.065,380,809 s)
2022-10-31 17:30:03,502 INFO  - Processing DEN message (at simulation time 432.039,711,604 s)
2022-10-31 17:30:03,502 INFO  - Route already changed (at simulation time 432.039,711,604 s)
2022-10-31 17:30:03,502 INFO  - Processing DEN message (at simulation time 432.042,274,993 s)
2022-10-31 17:30:03,502 INFO  - Route already changed (at simulation time 432.042,274,993 s)
2022-10-31 17:30:03,515 INFO  - Processing DEN message (at simulation time 433.019,384,878 s)
2022-10-31 17:30:03,515 INFO  - Route already changed (at simulation time 433.019,384,878 s)
2022-10-31 17:30:03,516 INFO  - Processing DEN message (at simulation time 433.025,799,599 s)
2022-10-31 17:30:03,516 INFO  - Route already changed (at simulation time 433.025,799,599 s)
2022-10-31 17:30:03,527 INFO  - Processing DEN message (at simulation time 434.018,916,775 s)
2022-10-31 17:30:03,527 INFO  - Route already changed (at simulation time 434.018,916,775 s)
2022-10-31 17:30:03,527 INFO  - Processing DEN message (at simulation time 434.046,620,257 s)
2022-10-31 17:30:03,527 INFO  - Route already changed (at simulation time 434.046,620,257 s)
2022-10-31 17:30:03,541 INFO  - Processing DEN message (at simulation time 435.031,096,339 s)
2022-10-31 17:30:03,541 INFO  - Route already changed (at simulation time 435.031,096,339 s)
2022-10-31 17:30:03,541 INFO  - Processing DEN message (at simulation time 435.032,939,853 s)
2022-10-31 17:30:03,541 INFO  - Route already changed (at simulation time 435.032,939,853 s)
2022-10-31 17:30:03,552 INFO  - Processing DEN message (at simulation time 436.045,279,725 s)
2022-10-31 17:30:03,552 INFO  - Route already changed (at simulation time 436.045,279,725 s)
2022-10-31 17:30:03,553 INFO  - Processing DEN message (at simulation time 436.070,102,821 s)
2022-10-31 17:30:03,553 INFO  - Route already changed (at simulation time 436.070,102,821 s)
2022-10-31 17:30:03,598 INFO  - Processing DEN message (at simulation time 437.019,258,762 s)
2022-10-31 17:30:03,598 INFO  - Route already changed (at simulation time 437.019,258,762 s)
2022-10-31 17:30:03,598 INFO  - Processing DEN message (at simulation time 437.027,516,929 s)
2022-10-31 17:30:03,598 INFO  - Route already changed (at simulation time 437.027,516,929 s)
2022-10-31 17:30:03,614 INFO  - Processing DEN message (at simulation time 438.019,242,597 s)
2022-10-31 17:30:03,614 INFO  - Route already changed (at simulation time 438.019,242,597 s)
2022-10-31 17:30:03,615 INFO  - Processing DEN message (at simulation time 438.048,194,230 s)
2022-10-31 17:30:03,615 INFO  - Route already changed (at simulation time 438.048,194,230 s)
2022-10-31 17:30:03,629 INFO  - Processing DEN message (at simulation time 439.020,132,339 s)
2022-10-31 17:30:03,629 INFO  - Route already changed (at simulation time 439.020,132,339 s)
2022-10-31 17:30:03,629 INFO  - Processing DEN message (at simulation time 439.044,704,821 s)
2022-10-31 17:30:03,629 INFO  - Route already changed (at simulation time 439.044,704,821 s)
2022-10-31 17:30:03,637 INFO  - Processing DEN message (at simulation time 440.024,591,889 s)
2022-10-31 17:30:03,637 INFO  - Route already changed (at simulation time 440.024,591,889 s)
2022-10-31 17:30:03,637 INFO  - Processing DEN message (at simulation time 440.046,599,972 s)
2022-10-31 17:30:03,637 INFO  - Route already changed (at simulation time 440.046,599,972 s)
2022-10-31 17:30:03,648 INFO  - Processing DEN message (at simulation time 441.017,210,423 s)
2022-10-31 17:30:03,648 INFO  - Route already changed (at simulation time 441.017,210,423 s)
2022-10-31 17:30:03,649 INFO  - Processing DEN message (at simulation time 441.021,714,080 s)
2022-10-31 17:30:03,649 INFO  - Route already changed (at simulation time 441.021,714,080 s)
2022-10-31 17:30:03,658 INFO  - Processing DEN message (at simulation time 442.032,166,129 s)
2022-10-31 17:30:03,658 INFO  - Route already changed (at simulation time 442.032,166,129 s)
2022-10-31 17:30:03,658 INFO  - Processing DEN message (at simulation time 442.035,075,241 s)
2022-10-31 17:30:03,658 INFO  - Route already changed (at simulation time 442.035,075,241 s)
2022-10-31 17:30:03,667 INFO  - Processing DEN message (at simulation time 443.013,339,640 s)
2022-10-31 17:30:03,667 INFO  - Route already changed (at simulation time 443.013,339,640 s)
2022-10-31 17:30:03,668 INFO  - Processing DEN message (at simulation time 443.040,095,929 s)
2022-10-31 17:30:03,668 INFO  - Route already changed (at simulation time 443.040,095,929 s)
2022-10-31 17:30:03,676 INFO  - Processing DEN message (at simulation time 444.014,783,673 s)
2022-10-31 17:30:03,676 INFO  - Route already changed (at simulation time 444.014,783,673 s)
2022-10-31 17:30:03,687 INFO  - Processing DEN message (at simulation time 445.023,611,791 s)
2022-10-31 17:30:03,687 INFO  - Route already changed (at simulation time 445.023,611,791 s)
2022-10-31 17:30:03,699 INFO  - Processing DEN message (at simulation time 446.049,421,452 s)
2022-10-31 17:30:03,699 INFO  - Route already changed (at simulation time 446.049,421,452 s)
2022-10-31 17:30:03,713 INFO  - Processing DEN message (at simulation time 447.033,941,662 s)
2022-10-31 17:30:03,713 INFO  - Route already changed (at simulation time 447.033,941,662 s)
2022-10-31 17:30:03,721 INFO  - Processing DEN message (at simulation time 448.019,037,618 s)
2022-10-31 17:30:03,721 INFO  - Route already changed (at simulation time 448.019,037,618 s)
2022-10-31 17:30:03,729 INFO  - Processing DEN message (at simulation time 449.029,961,728 s)
2022-10-31 17:30:03,729 INFO  - Route already changed (at simulation time 449.029,961,728 s)
2022-10-31 17:30:03,737 INFO  - Processing DEN message (at simulation time 450.019,140,268 s)
2022-10-31 17:30:03,737 INFO  - Route already changed (at simulation time 450.019,140,268 s)
2022-10-31 17:30:03,744 INFO  - Processing DEN message (at simulation time 451.013,675,623 s)
2022-10-31 17:30:03,744 INFO  - Route already changed (at simulation time 451.013,675,623 s)
2022-10-31 17:30:03,782 INFO  - Processing DEN message (at simulation time 452.027,692,546 s)
2022-10-31 17:30:03,782 INFO  - Route already changed (at simulation time 452.027,692,546 s)
2022-10-31 17:30:03,797 INFO  - Processing DEN message (at simulation time 453.039,015,582 s)
2022-10-31 17:30:03,797 INFO  - Route already changed (at simulation time 453.039,015,582 s)
2022-10-31 17:30:03,807 INFO  - Processing DEN message (at simulation time 454.053,053,512 s)
2022-10-31 17:30:03,807 INFO  - Route already changed (at simulation time 454.053,053,512 s)
2022-10-31 17:30:03,818 INFO  - Processing DEN message (at simulation time 455.034,068,770 s)
2022-10-31 17:30:03,818 INFO  - Route already changed (at simulation time 455.034,068,770 s)
2022-10-31 17:30:03,827 INFO  - Processing DEN message (at simulation time 456.038,668,180 s)
2022-10-31 17:30:03,827 INFO  - Route already changed (at simulation time 456.038,668,180 s)
2022-10-31 17:30:03,838 INFO  - Processing DEN message (at simulation time 457.022,988,264 s)
2022-10-31 17:30:03,838 INFO  - Route already changed (at simulation time 457.022,988,264 s)
2022-10-31 17:30:03,850 INFO  - Processing DEN message (at simulation time 458.011,874,827 s)
2022-10-31 17:30:03,850 INFO  - Route already changed (at simulation time 458.011,874,827 s)
2022-10-31 17:30:03,857 INFO  - Shutdown application (at simulation time 459.000,000,000 s)
