2022-10-31 17:29:57,741 INFO  - Initialize application (at simulation time 78.000,000,000 s)
2022-10-31 17:29:57,745 INFO  - Activated Cell Module (at simulation time 78.000,000,000 s)
2022-10-31 17:29:57,750 INFO  - Received message from cell from WeatherServer (at simulation time 78.300,000,000 s)
2022-10-31 17:29:57,750 INFO  - Processing DEN message (at simulation time 78.300,000,000 s)
2022-10-31 17:29:57,750 INFO  - The Event is on the vehicle's route 311964536_1313885442_2879911873 = 311964536_1313885442_2879911873 (at simulation time 78.300,000,000 s)
2022-10-31 17:29:57,766 INFO  - Sending Change Route Command at position: null (at simulation time 78.300,000,000 s)
2022-10-31 17:29:57,818 INFO  - Received message from cell from WeatherServer (at simulation time 80.300,000,000 s)
2022-10-31 17:29:57,818 INFO  - Processing DEN message (at simulation time 80.300,000,000 s)
2022-10-31 17:29:57,818 INFO  - Route already changed (at simulation time 80.300,000,000 s)
2022-10-31 17:29:57,852 INFO  - Received message from cell from WeatherServer (at simulation time 82.300,000,000 s)
2022-10-31 17:29:57,853 INFO  - Processing DEN message (at simulation time 82.300,000,000 s)
2022-10-31 17:29:57,853 INFO  - Route already changed (at simulation time 82.300,000,000 s)
2022-10-31 17:29:57,877 INFO  - Received message from cell from WeatherServer (at simulation time 84.300,000,000 s)
2022-10-31 17:29:57,877 INFO  - Processing DEN message (at simulation time 84.300,000,000 s)
2022-10-31 17:29:57,877 INFO  - Route already changed (at simulation time 84.300,000,000 s)
2022-10-31 17:29:57,910 INFO  - Received message from cell from WeatherServer (at simulation time 86.300,000,000 s)
2022-10-31 17:29:57,910 INFO  - Processing DEN message (at simulation time 86.300,000,000 s)
2022-10-31 17:29:57,910 INFO  - Route already changed (at simulation time 86.300,000,000 s)
2022-10-31 17:29:57,933 INFO  - Received message from cell from WeatherServer (at simulation time 88.300,000,000 s)
2022-10-31 17:29:57,933 INFO  - Processing DEN message (at simulation time 88.300,000,000 s)
2022-10-31 17:29:57,933 INFO  - Route already changed (at simulation time 88.300,000,000 s)
2022-10-31 17:29:57,999 INFO  - Received message from cell from WeatherServer (at simulation time 90.300,000,000 s)
2022-10-31 17:29:57,999 INFO  - Processing DEN message (at simulation time 90.300,000,000 s)
2022-10-31 17:29:57,999 INFO  - Route already changed (at simulation time 90.300,000,000 s)
2022-10-31 17:29:58,023 INFO  - Received message from cell from WeatherServer (at simulation time 92.300,000,000 s)
2022-10-31 17:29:58,023 INFO  - Processing DEN message (at simulation time 92.300,000,000 s)
2022-10-31 17:29:58,023 INFO  - Route already changed (at simulation time 92.300,000,000 s)
2022-10-31 17:29:58,064 INFO  - Received message from cell from WeatherServer (at simulation time 94.300,000,000 s)
2022-10-31 17:29:58,064 INFO  - Processing DEN message (at simulation time 94.300,000,000 s)
2022-10-31 17:29:58,064 INFO  - Route already changed (at simulation time 94.300,000,000 s)
2022-10-31 17:29:58,183 INFO  - Received message from cell from WeatherServer (at simulation time 96.300,000,000 s)
2022-10-31 17:29:58,183 INFO  - Processing DEN message (at simulation time 96.300,000,000 s)
2022-10-31 17:29:58,183 INFO  - Route already changed (at simulation time 96.300,000,000 s)
2022-10-31 17:29:58,221 INFO  - Received message from cell from WeatherServer (at simulation time 98.300,000,000 s)
2022-10-31 17:29:58,221 INFO  - Processing DEN message (at simulation time 98.300,000,000 s)
2022-10-31 17:29:58,222 INFO  - Route already changed (at simulation time 98.300,000,000 s)
2022-10-31 17:29:58,266 INFO  - Received message from cell from WeatherServer (at simulation time 100.300,000,000 s)
2022-10-31 17:29:58,266 INFO  - Processing DEN message (at simulation time 100.300,000,000 s)
2022-10-31 17:29:58,267 INFO  - Route already changed (at simulation time 100.300,000,000 s)
2022-10-31 17:29:58,301 INFO  - Received message from cell from WeatherServer (at simulation time 102.300,000,000 s)
2022-10-31 17:29:58,301 INFO  - Processing DEN message (at simulation time 102.300,000,000 s)
2022-10-31 17:29:58,301 INFO  - Route already changed (at simulation time 102.300,000,000 s)
2022-10-31 17:29:58,347 INFO  - Received message from cell from WeatherServer (at simulation time 104.300,000,000 s)
2022-10-31 17:29:58,347 INFO  - Processing DEN message (at simulation time 104.300,000,000 s)
2022-10-31 17:29:58,347 INFO  - Route already changed (at simulation time 104.300,000,000 s)
2022-10-31 17:29:58,435 INFO  - Received message from cell from WeatherServer (at simulation time 106.300,000,000 s)
2022-10-31 17:29:58,435 INFO  - Processing DEN message (at simulation time 106.300,000,000 s)
2022-10-31 17:29:58,435 INFO  - Route already changed (at simulation time 106.300,000,000 s)
2022-10-31 17:29:58,471 INFO  - Received message from cell from WeatherServer (at simulation time 108.300,000,000 s)
2022-10-31 17:29:58,471 INFO  - Processing DEN message (at simulation time 108.300,000,000 s)
2022-10-31 17:29:58,471 INFO  - Route already changed (at simulation time 108.300,000,000 s)
2022-10-31 17:29:58,502 INFO  - Received message from cell from WeatherServer (at simulation time 110.300,000,000 s)
2022-10-31 17:29:58,503 INFO  - Processing DEN message (at simulation time 110.300,000,000 s)
2022-10-31 17:29:58,503 INFO  - Route already changed (at simulation time 110.300,000,000 s)
2022-10-31 17:29:58,543 INFO  - Received message from cell from WeatherServer (at simulation time 112.300,000,000 s)
2022-10-31 17:29:58,543 INFO  - Processing DEN message (at simulation time 112.300,000,000 s)
2022-10-31 17:29:58,543 INFO  - Route already changed (at simulation time 112.300,000,000 s)
2022-10-31 17:29:58,631 INFO  - Received message from cell from WeatherServer (at simulation time 114.300,000,000 s)
2022-10-31 17:29:58,631 INFO  - Processing DEN message (at simulation time 114.300,000,000 s)
2022-10-31 17:29:58,631 INFO  - Route already changed (at simulation time 114.300,000,000 s)
2022-10-31 17:29:58,662 INFO  - Received message from cell from WeatherServer (at simulation time 116.300,000,000 s)
2022-10-31 17:29:58,662 INFO  - Processing DEN message (at simulation time 116.300,000,000 s)
2022-10-31 17:29:58,662 INFO  - Route already changed (at simulation time 116.300,000,000 s)
2022-10-31 17:29:58,702 INFO  - Received message from cell from WeatherServer (at simulation time 118.300,000,000 s)
2022-10-31 17:29:58,702 INFO  - Processing DEN message (at simulation time 118.300,000,000 s)
2022-10-31 17:29:58,702 INFO  - Route already changed (at simulation time 118.300,000,000 s)
2022-10-31 17:29:58,732 INFO  - Received message from cell from WeatherServer (at simulation time 120.300,000,000 s)
2022-10-31 17:29:58,732 INFO  - Processing DEN message (at simulation time 120.300,000,000 s)
2022-10-31 17:29:58,732 INFO  - Route already changed (at simulation time 120.300,000,000 s)
2022-10-31 17:29:58,815 INFO  - Received message from cell from WeatherServer (at simulation time 122.300,000,000 s)
2022-10-31 17:29:58,815 INFO  - Processing DEN message (at simulation time 122.300,000,000 s)
2022-10-31 17:29:58,815 INFO  - Route already changed (at simulation time 122.300,000,000 s)
2022-10-31 17:29:58,845 INFO  - Received message from cell from WeatherServer (at simulation time 124.300,000,000 s)
2022-10-31 17:29:58,845 INFO  - Processing DEN message (at simulation time 124.300,000,000 s)
2022-10-31 17:29:58,845 INFO  - Route already changed (at simulation time 124.300,000,000 s)
2022-10-31 17:29:58,891 INFO  - Received message from cell from WeatherServer (at simulation time 126.300,000,000 s)
2022-10-31 17:29:58,891 INFO  - Processing DEN message (at simulation time 126.300,000,000 s)
2022-10-31 17:29:58,891 INFO  - Route already changed (at simulation time 126.300,000,000 s)
2022-10-31 17:29:58,925 INFO  - Received message from cell from WeatherServer (at simulation time 128.300,000,000 s)
2022-10-31 17:29:58,925 INFO  - Processing DEN message (at simulation time 128.300,000,000 s)
2022-10-31 17:29:58,925 INFO  - Route already changed (at simulation time 128.300,000,000 s)
2022-10-31 17:29:59,032 INFO  - Received message from cell from WeatherServer (at simulation time 130.300,000,000 s)
2022-10-31 17:29:59,032 INFO  - Processing DEN message (at simulation time 130.300,000,000 s)
2022-10-31 17:29:59,032 INFO  - Route already changed (at simulation time 130.300,000,000 s)
2022-10-31 17:29:59,068 INFO  - Received message from cell from WeatherServer (at simulation time 132.300,000,000 s)
2022-10-31 17:29:59,068 INFO  - Processing DEN message (at simulation time 132.300,000,000 s)
2022-10-31 17:29:59,068 INFO  - Route already changed (at simulation time 132.300,000,000 s)
2022-10-31 17:29:59,092 INFO  - Received message from cell from WeatherServer (at simulation time 134.300,000,000 s)
2022-10-31 17:29:59,092 INFO  - Processing DEN message (at simulation time 134.300,000,000 s)
2022-10-31 17:29:59,092 INFO  - Route already changed (at simulation time 134.300,000,000 s)
2022-10-31 17:29:59,123 INFO  - Received message from cell from WeatherServer (at simulation time 136.300,000,000 s)
2022-10-31 17:29:59,123 INFO  - Processing DEN message (at simulation time 136.300,000,000 s)
2022-10-31 17:29:59,123 INFO  - Route already changed (at simulation time 136.300,000,000 s)
2022-10-31 17:29:59,150 INFO  - Received message from cell from WeatherServer (at simulation time 138.300,000,000 s)
2022-10-31 17:29:59,151 INFO  - Processing DEN message (at simulation time 138.300,000,000 s)
2022-10-31 17:29:59,151 INFO  - Route already changed (at simulation time 138.300,000,000 s)
2022-10-31 17:29:59,213 INFO  - Received message from cell from WeatherServer (at simulation time 140.300,000,000 s)
2022-10-31 17:29:59,213 INFO  - Processing DEN message (at simulation time 140.300,000,000 s)
2022-10-31 17:29:59,213 INFO  - Route already changed (at simulation time 140.300,000,000 s)
2022-10-31 17:29:59,243 INFO  - Received message from cell from WeatherServer (at simulation time 142.300,000,000 s)
2022-10-31 17:29:59,243 INFO  - Processing DEN message (at simulation time 142.300,000,000 s)
2022-10-31 17:29:59,243 INFO  - Route already changed (at simulation time 142.300,000,000 s)
2022-10-31 17:29:59,284 INFO  - Received message from cell from WeatherServer (at simulation time 144.300,000,000 s)
2022-10-31 17:29:59,284 INFO  - Processing DEN message (at simulation time 144.300,000,000 s)
2022-10-31 17:29:59,284 INFO  - Route already changed (at simulation time 144.300,000,000 s)
2022-10-31 17:29:59,314 INFO  - Received message from cell from WeatherServer (at simulation time 146.300,000,000 s)
2022-10-31 17:29:59,314 INFO  - Processing DEN message (at simulation time 146.300,000,000 s)
2022-10-31 17:29:59,314 INFO  - Route already changed (at simulation time 146.300,000,000 s)
2022-10-31 17:29:59,351 INFO  - Received message from cell from WeatherServer (at simulation time 148.300,000,000 s)
2022-10-31 17:29:59,352 INFO  - Processing DEN message (at simulation time 148.300,000,000 s)
2022-10-31 17:29:59,352 INFO  - Route already changed (at simulation time 148.300,000,000 s)
2022-10-31 17:29:59,462 INFO  - Received message from cell from WeatherServer (at simulation time 150.300,000,000 s)
2022-10-31 17:29:59,463 INFO  - Processing DEN message (at simulation time 150.300,000,000 s)
2022-10-31 17:29:59,463 INFO  - Route already changed (at simulation time 150.300,000,000 s)
2022-10-31 17:29:59,509 INFO  - Received message from cell from WeatherServer (at simulation time 152.300,000,000 s)
2022-10-31 17:29:59,509 INFO  - Processing DEN message (at simulation time 152.300,000,000 s)
2022-10-31 17:29:59,509 INFO  - Route already changed (at simulation time 152.300,000,000 s)
2022-10-31 17:29:59,550 INFO  - Received message from cell from WeatherServer (at simulation time 154.300,000,000 s)
2022-10-31 17:29:59,550 INFO  - Processing DEN message (at simulation time 154.300,000,000 s)
2022-10-31 17:29:59,550 INFO  - Route already changed (at simulation time 154.300,000,000 s)
2022-10-31 17:29:59,604 INFO  - Received message from cell from WeatherServer (at simulation time 156.300,000,000 s)
2022-10-31 17:29:59,604 INFO  - Processing DEN message (at simulation time 156.300,000,000 s)
2022-10-31 17:29:59,604 INFO  - Route already changed (at simulation time 156.300,000,000 s)
2022-10-31 17:29:59,642 INFO  - Received message from cell from WeatherServer (at simulation time 158.300,000,000 s)
2022-10-31 17:29:59,642 INFO  - Processing DEN message (at simulation time 158.300,000,000 s)
2022-10-31 17:29:59,642 INFO  - Route already changed (at simulation time 158.300,000,000 s)
2022-10-31 17:29:59,662 INFO  - Received message from cell from WeatherServer (at simulation time 160.300,000,000 s)
2022-10-31 17:29:59,662 INFO  - Processing DEN message (at simulation time 160.300,000,000 s)
2022-10-31 17:29:59,662 INFO  - Route already changed (at simulation time 160.300,000,000 s)
2022-10-31 17:29:59,680 INFO  - Received message from cell from WeatherServer (at simulation time 162.300,000,000 s)
2022-10-31 17:29:59,680 INFO  - Processing DEN message (at simulation time 162.300,000,000 s)
2022-10-31 17:29:59,680 INFO  - Route already changed (at simulation time 162.300,000,000 s)
2022-10-31 17:29:59,696 INFO  - Received message from cell from WeatherServer (at simulation time 164.300,000,000 s)
2022-10-31 17:29:59,696 INFO  - Processing DEN message (at simulation time 164.300,000,000 s)
2022-10-31 17:29:59,696 INFO  - Route already changed (at simulation time 164.300,000,000 s)
2022-10-31 17:29:59,737 INFO  - Received message from cell from WeatherServer (at simulation time 166.300,000,000 s)
2022-10-31 17:29:59,737 INFO  - Processing DEN message (at simulation time 166.300,000,000 s)
2022-10-31 17:29:59,737 INFO  - Route already changed (at simulation time 166.300,000,000 s)
2022-10-31 17:29:59,809 INFO  - Received message from cell from WeatherServer (at simulation time 168.300,000,000 s)
2022-10-31 17:29:59,809 INFO  - Processing DEN message (at simulation time 168.300,000,000 s)
2022-10-31 17:29:59,810 INFO  - Route already changed (at simulation time 168.300,000,000 s)
2022-10-31 17:29:59,831 INFO  - Received message from cell from WeatherServer (at simulation time 170.300,000,000 s)
2022-10-31 17:29:59,831 INFO  - Processing DEN message (at simulation time 170.300,000,000 s)
2022-10-31 17:29:59,831 INFO  - Route already changed (at simulation time 170.300,000,000 s)
2022-10-31 17:29:59,858 INFO  - Received message from cell from WeatherServer (at simulation time 172.300,000,000 s)
2022-10-31 17:29:59,858 INFO  - Processing DEN message (at simulation time 172.300,000,000 s)
2022-10-31 17:29:59,858 INFO  - Route already changed (at simulation time 172.300,000,000 s)
2022-10-31 17:29:59,879 INFO  - Received message from cell from WeatherServer (at simulation time 174.300,000,000 s)
2022-10-31 17:29:59,879 INFO  - Processing DEN message (at simulation time 174.300,000,000 s)
2022-10-31 17:29:59,879 INFO  - Route already changed (at simulation time 174.300,000,000 s)
2022-10-31 17:29:59,902 INFO  - Received message from cell from WeatherServer (at simulation time 176.300,000,000 s)
2022-10-31 17:29:59,902 INFO  - Processing DEN message (at simulation time 176.300,000,000 s)
2022-10-31 17:29:59,902 INFO  - Route already changed (at simulation time 176.300,000,000 s)
2022-10-31 17:29:59,920 INFO  - Received message from cell from WeatherServer (at simulation time 178.300,000,000 s)
2022-10-31 17:29:59,920 INFO  - Processing DEN message (at simulation time 178.300,000,000 s)
2022-10-31 17:29:59,920 INFO  - Route already changed (at simulation time 178.300,000,000 s)
2022-10-31 17:29:59,948 INFO  - Received message from cell from WeatherServer (at simulation time 180.300,000,000 s)
2022-10-31 17:29:59,948 INFO  - Processing DEN message (at simulation time 180.300,000,000 s)
2022-10-31 17:29:59,949 INFO  - Route already changed (at simulation time 180.300,000,000 s)
2022-10-31 17:30:00,011 INFO  - Received message from cell from WeatherServer (at simulation time 182.300,000,000 s)
2022-10-31 17:30:00,011 INFO  - Processing DEN message (at simulation time 182.300,000,000 s)
2022-10-31 17:30:00,011 INFO  - Route already changed (at simulation time 182.300,000,000 s)
2022-10-31 17:30:00,039 INFO  - Received message from cell from WeatherServer (at simulation time 184.300,000,000 s)
2022-10-31 17:30:00,039 INFO  - Processing DEN message (at simulation time 184.300,000,000 s)
2022-10-31 17:30:00,039 INFO  - Route already changed (at simulation time 184.300,000,000 s)
2022-10-31 17:30:00,071 INFO  - Received message from cell from WeatherServer (at simulation time 186.300,000,000 s)
2022-10-31 17:30:00,071 INFO  - Processing DEN message (at simulation time 186.300,000,000 s)
2022-10-31 17:30:00,071 INFO  - Route already changed (at simulation time 186.300,000,000 s)
2022-10-31 17:30:00,094 INFO  - Received message from cell from WeatherServer (at simulation time 188.300,000,000 s)
2022-10-31 17:30:00,094 INFO  - Processing DEN message (at simulation time 188.300,000,000 s)
2022-10-31 17:30:00,094 INFO  - Route already changed (at simulation time 188.300,000,000 s)
2022-10-31 17:30:00,118 INFO  - Received message from cell from WeatherServer (at simulation time 190.300,000,000 s)
2022-10-31 17:30:00,118 INFO  - Processing DEN message (at simulation time 190.300,000,000 s)
2022-10-31 17:30:00,118 INFO  - Route already changed (at simulation time 190.300,000,000 s)
2022-10-31 17:30:00,138 INFO  - Received message from cell from WeatherServer (at simulation time 192.300,000,000 s)
2022-10-31 17:30:00,138 INFO  - Processing DEN message (at simulation time 192.300,000,000 s)
2022-10-31 17:30:00,138 INFO  - Route already changed (at simulation time 192.300,000,000 s)
2022-10-31 17:30:00,198 INFO  - Received message from cell from WeatherServer (at simulation time 194.300,000,000 s)
2022-10-31 17:30:00,198 INFO  - Processing DEN message (at simulation time 194.300,000,000 s)
2022-10-31 17:30:00,198 INFO  - Route already changed (at simulation time 194.300,000,000 s)
2022-10-31 17:30:00,219 INFO  - Received message from cell from WeatherServer (at simulation time 196.300,000,000 s)
2022-10-31 17:30:00,219 INFO  - Processing DEN message (at simulation time 196.300,000,000 s)
2022-10-31 17:30:00,219 INFO  - Route already changed (at simulation time 196.300,000,000 s)
2022-10-31 17:30:00,243 INFO  - Received message from cell from WeatherServer (at simulation time 198.300,000,000 s)
2022-10-31 17:30:00,243 INFO  - Processing DEN message (at simulation time 198.300,000,000 s)
2022-10-31 17:30:00,243 INFO  - Route already changed (at simulation time 198.300,000,000 s)
2022-10-31 17:30:00,262 INFO  - Received message from cell from WeatherServer (at simulation time 200.300,000,000 s)
2022-10-31 17:30:00,262 INFO  - Processing DEN message (at simulation time 200.300,000,000 s)
2022-10-31 17:30:00,262 INFO  - Route already changed (at simulation time 200.300,000,000 s)
2022-10-31 17:30:00,293 INFO  - Received message from cell from WeatherServer (at simulation time 202.300,000,000 s)
2022-10-31 17:30:00,293 INFO  - Processing DEN message (at simulation time 202.300,000,000 s)
2022-10-31 17:30:00,293 INFO  - Route already changed (at simulation time 202.300,000,000 s)
2022-10-31 17:30:00,317 INFO  - Received message from cell from WeatherServer (at simulation time 204.300,000,000 s)
2022-10-31 17:30:00,317 INFO  - Processing DEN message (at simulation time 204.300,000,000 s)
2022-10-31 17:30:00,317 INFO  - Route already changed (at simulation time 204.300,000,000 s)
2022-10-31 17:30:00,335 INFO  - Received message from cell from WeatherServer (at simulation time 206.300,000,000 s)
2022-10-31 17:30:00,335 INFO  - Processing DEN message (at simulation time 206.300,000,000 s)
2022-10-31 17:30:00,335 INFO  - Route already changed (at simulation time 206.300,000,000 s)
2022-10-31 17:30:00,390 INFO  - Received message from cell from WeatherServer (at simulation time 208.300,000,000 s)
2022-10-31 17:30:00,390 INFO  - Processing DEN message (at simulation time 208.300,000,000 s)
2022-10-31 17:30:00,390 INFO  - Route already changed (at simulation time 208.300,000,000 s)
2022-10-31 17:30:00,406 INFO  - Received message from cell from WeatherServer (at simulation time 210.300,000,000 s)
2022-10-31 17:30:00,406 INFO  - Processing DEN message (at simulation time 210.300,000,000 s)
2022-10-31 17:30:00,406 INFO  - Route already changed (at simulation time 210.300,000,000 s)
2022-10-31 17:30:00,425 INFO  - Received message from cell from WeatherServer (at simulation time 212.300,000,000 s)
2022-10-31 17:30:00,425 INFO  - Processing DEN message (at simulation time 212.300,000,000 s)
2022-10-31 17:30:00,425 INFO  - Route already changed (at simulation time 212.300,000,000 s)
2022-10-31 17:30:00,440 INFO  - Received message from cell from WeatherServer (at simulation time 214.300,000,000 s)
2022-10-31 17:30:00,440 INFO  - Processing DEN message (at simulation time 214.300,000,000 s)
2022-10-31 17:30:00,440 INFO  - Route already changed (at simulation time 214.300,000,000 s)
2022-10-31 17:30:00,457 INFO  - Received message from cell from WeatherServer (at simulation time 216.300,000,000 s)
2022-10-31 17:30:00,457 INFO  - Processing DEN message (at simulation time 216.300,000,000 s)
2022-10-31 17:30:00,457 INFO  - Route already changed (at simulation time 216.300,000,000 s)
2022-10-31 17:30:00,478 INFO  - Received message from cell from WeatherServer (at simulation time 218.300,000,000 s)
2022-10-31 17:30:00,478 INFO  - Processing DEN message (at simulation time 218.300,000,000 s)
2022-10-31 17:30:00,478 INFO  - Route already changed (at simulation time 218.300,000,000 s)
2022-10-31 17:30:00,507 INFO  - Received message from cell from WeatherServer (at simulation time 220.300,000,000 s)
2022-10-31 17:30:00,507 INFO  - Processing DEN message (at simulation time 220.300,000,000 s)
2022-10-31 17:30:00,507 INFO  - Route already changed (at simulation time 220.300,000,000 s)
2022-10-31 17:30:00,544 INFO  - Received message from cell from WeatherServer (at simulation time 222.300,000,000 s)
2022-10-31 17:30:00,544 INFO  - Processing DEN message (at simulation time 222.300,000,000 s)
2022-10-31 17:30:00,544 INFO  - Route already changed (at simulation time 222.300,000,000 s)
2022-10-31 17:30:00,604 INFO  - Received message from cell from WeatherServer (at simulation time 224.300,000,000 s)
2022-10-31 17:30:00,604 INFO  - Processing DEN message (at simulation time 224.300,000,000 s)
2022-10-31 17:30:00,604 INFO  - Route already changed (at simulation time 224.300,000,000 s)
2022-10-31 17:30:00,622 INFO  - Received message from cell from WeatherServer (at simulation time 226.300,000,000 s)
2022-10-31 17:30:00,622 INFO  - Processing DEN message (at simulation time 226.300,000,000 s)
2022-10-31 17:30:00,622 INFO  - Route already changed (at simulation time 226.300,000,000 s)
2022-10-31 17:30:00,638 INFO  - Received message from cell from WeatherServer (at simulation time 228.300,000,000 s)
2022-10-31 17:30:00,638 INFO  - Processing DEN message (at simulation time 228.300,000,000 s)
2022-10-31 17:30:00,638 INFO  - Route already changed (at simulation time 228.300,000,000 s)
2022-10-31 17:30:00,659 INFO  - Received message from cell from WeatherServer (at simulation time 230.300,000,000 s)
2022-10-31 17:30:00,659 INFO  - Processing DEN message (at simulation time 230.300,000,000 s)
2022-10-31 17:30:00,659 INFO  - Route already changed (at simulation time 230.300,000,000 s)
2022-10-31 17:30:00,674 INFO  - Received message from cell from WeatherServer (at simulation time 232.300,000,000 s)
2022-10-31 17:30:00,674 INFO  - Processing DEN message (at simulation time 232.300,000,000 s)
2022-10-31 17:30:00,674 INFO  - Route already changed (at simulation time 232.300,000,000 s)
2022-10-31 17:30:00,697 INFO  - Received message from cell from WeatherServer (at simulation time 234.300,000,000 s)
2022-10-31 17:30:00,697 INFO  - Processing DEN message (at simulation time 234.300,000,000 s)
2022-10-31 17:30:00,697 INFO  - Route already changed (at simulation time 234.300,000,000 s)
2022-10-31 17:30:00,716 INFO  - Received message from cell from WeatherServer (at simulation time 236.300,000,000 s)
2022-10-31 17:30:00,716 INFO  - Processing DEN message (at simulation time 236.300,000,000 s)
2022-10-31 17:30:00,716 INFO  - Route already changed (at simulation time 236.300,000,000 s)
2022-10-31 17:30:00,747 INFO  - Received message from cell from WeatherServer (at simulation time 238.300,000,000 s)
2022-10-31 17:30:00,747 INFO  - Processing DEN message (at simulation time 238.300,000,000 s)
2022-10-31 17:30:00,747 INFO  - Route already changed (at simulation time 238.300,000,000 s)
2022-10-31 17:30:00,837 INFO  - Received message from cell from WeatherServer (at simulation time 240.300,000,000 s)
2022-10-31 17:30:00,837 INFO  - Processing DEN message (at simulation time 240.300,000,000 s)
2022-10-31 17:30:00,837 INFO  - Route already changed (at simulation time 240.300,000,000 s)
2022-10-31 17:30:00,872 INFO  - Received message from cell from WeatherServer (at simulation time 242.300,000,000 s)
2022-10-31 17:30:00,872 INFO  - Processing DEN message (at simulation time 242.300,000,000 s)
2022-10-31 17:30:00,872 INFO  - Route already changed (at simulation time 242.300,000,000 s)
2022-10-31 17:30:00,904 INFO  - Received message from cell from WeatherServer (at simulation time 244.300,000,000 s)
2022-10-31 17:30:00,904 INFO  - Processing DEN message (at simulation time 244.300,000,000 s)
2022-10-31 17:30:00,904 INFO  - Route already changed (at simulation time 244.300,000,000 s)
2022-10-31 17:30:00,936 INFO  - Received message from cell from WeatherServer (at simulation time 246.300,000,000 s)
2022-10-31 17:30:00,936 INFO  - Processing DEN message (at simulation time 246.300,000,000 s)
2022-10-31 17:30:00,936 INFO  - Route already changed (at simulation time 246.300,000,000 s)
2022-10-31 17:30:00,990 INFO  - Received message from cell from WeatherServer (at simulation time 248.300,000,000 s)
2022-10-31 17:30:00,990 INFO  - Processing DEN message (at simulation time 248.300,000,000 s)
2022-10-31 17:30:00,990 INFO  - Route already changed (at simulation time 248.300,000,000 s)
2022-10-31 17:30:01,020 INFO  - Received message from cell from WeatherServer (at simulation time 250.300,000,000 s)
2022-10-31 17:30:01,020 INFO  - Processing DEN message (at simulation time 250.300,000,000 s)
2022-10-31 17:30:01,020 INFO  - Route already changed (at simulation time 250.300,000,000 s)
2022-10-31 17:30:01,042 INFO  - Received message from cell from WeatherServer (at simulation time 252.300,000,000 s)
2022-10-31 17:30:01,042 INFO  - Processing DEN message (at simulation time 252.300,000,000 s)
2022-10-31 17:30:01,042 INFO  - Route already changed (at simulation time 252.300,000,000 s)
2022-10-31 17:30:01,075 INFO  - Received message from cell from WeatherServer (at simulation time 254.300,000,000 s)
2022-10-31 17:30:01,075 INFO  - Processing DEN message (at simulation time 254.300,000,000 s)
2022-10-31 17:30:01,075 INFO  - Route already changed (at simulation time 254.300,000,000 s)
2022-10-31 17:30:01,105 INFO  - Received message from cell from WeatherServer (at simulation time 256.300,000,000 s)
2022-10-31 17:30:01,105 INFO  - Processing DEN message (at simulation time 256.300,000,000 s)
2022-10-31 17:30:01,105 INFO  - Route already changed (at simulation time 256.300,000,000 s)
2022-10-31 17:30:01,130 INFO  - Received message from cell from WeatherServer (at simulation time 258.300,000,000 s)
2022-10-31 17:30:01,130 INFO  - Processing DEN message (at simulation time 258.300,000,000 s)
2022-10-31 17:30:01,130 INFO  - Route already changed (at simulation time 258.300,000,000 s)
2022-10-31 17:30:01,156 INFO  - Received message from cell from WeatherServer (at simulation time 260.300,000,000 s)
2022-10-31 17:30:01,156 INFO  - Processing DEN message (at simulation time 260.300,000,000 s)
2022-10-31 17:30:01,156 INFO  - Route already changed (at simulation time 260.300,000,000 s)
2022-10-31 17:30:01,215 INFO  - Received message from cell from WeatherServer (at simulation time 262.300,000,000 s)
2022-10-31 17:30:01,215 INFO  - Processing DEN message (at simulation time 262.300,000,000 s)
2022-10-31 17:30:01,215 INFO  - Route already changed (at simulation time 262.300,000,000 s)
2022-10-31 17:30:01,240 INFO  - Received message from cell from WeatherServer (at simulation time 264.300,000,000 s)
2022-10-31 17:30:01,240 INFO  - Processing DEN message (at simulation time 264.300,000,000 s)
2022-10-31 17:30:01,240 INFO  - Route already changed (at simulation time 264.300,000,000 s)
2022-10-31 17:30:01,271 INFO  - Received message from cell from WeatherServer (at simulation time 266.300,000,000 s)
2022-10-31 17:30:01,271 INFO  - Processing DEN message (at simulation time 266.300,000,000 s)
2022-10-31 17:30:01,271 INFO  - Route already changed (at simulation time 266.300,000,000 s)
2022-10-31 17:30:01,291 INFO  - Received message from cell from WeatherServer (at simulation time 268.300,000,000 s)
2022-10-31 17:30:01,291 INFO  - Processing DEN message (at simulation time 268.300,000,000 s)
2022-10-31 17:30:01,291 INFO  - Route already changed (at simulation time 268.300,000,000 s)
2022-10-31 17:30:01,324 INFO  - Received message from cell from WeatherServer (at simulation time 270.300,000,000 s)
2022-10-31 17:30:01,324 INFO  - Processing DEN message (at simulation time 270.300,000,000 s)
2022-10-31 17:30:01,324 INFO  - Route already changed (at simulation time 270.300,000,000 s)
2022-10-31 17:30:01,354 INFO  - Received message from cell from WeatherServer (at simulation time 272.300,000,000 s)
2022-10-31 17:30:01,354 INFO  - Processing DEN message (at simulation time 272.300,000,000 s)
2022-10-31 17:30:01,354 INFO  - Route already changed (at simulation time 272.300,000,000 s)
2022-10-31 17:30:01,410 INFO  - Received message from cell from WeatherServer (at simulation time 274.300,000,000 s)
2022-10-31 17:30:01,410 INFO  - Processing DEN message (at simulation time 274.300,000,000 s)
2022-10-31 17:30:01,410 INFO  - Route already changed (at simulation time 274.300,000,000 s)
2022-10-31 17:30:01,439 INFO  - Received message from cell from WeatherServer (at simulation time 276.300,000,000 s)
2022-10-31 17:30:01,439 INFO  - Processing DEN message (at simulation time 276.300,000,000 s)
2022-10-31 17:30:01,439 INFO  - Route already changed (at simulation time 276.300,000,000 s)
2022-10-31 17:30:01,470 INFO  - Received message from cell from WeatherServer (at simulation time 278.300,000,000 s)
2022-10-31 17:30:01,470 INFO  - Processing DEN message (at simulation time 278.300,000,000 s)
2022-10-31 17:30:01,470 INFO  - Route already changed (at simulation time 278.300,000,000 s)
2022-10-31 17:30:01,509 INFO  - Received message from cell from WeatherServer (at simulation time 280.300,000,000 s)
2022-10-31 17:30:01,509 INFO  - Processing DEN message (at simulation time 280.300,000,000 s)
2022-10-31 17:30:01,509 INFO  - Route already changed (at simulation time 280.300,000,000 s)
2022-10-31 17:30:01,534 INFO  - Received message from cell from WeatherServer (at simulation time 282.300,000,000 s)
2022-10-31 17:30:01,534 INFO  - Processing DEN message (at simulation time 282.300,000,000 s)
2022-10-31 17:30:01,534 INFO  - Route already changed (at simulation time 282.300,000,000 s)
2022-10-31 17:30:01,564 INFO  - Received message from cell from WeatherServer (at simulation time 284.300,000,000 s)
2022-10-31 17:30:01,564 INFO  - Processing DEN message (at simulation time 284.300,000,000 s)
2022-10-31 17:30:01,564 INFO  - Route already changed (at simulation time 284.300,000,000 s)
2022-10-31 17:30:01,584 INFO  - Received message from cell from WeatherServer (at simulation time 286.300,000,000 s)
2022-10-31 17:30:01,584 INFO  - Processing DEN message (at simulation time 286.300,000,000 s)
2022-10-31 17:30:01,584 INFO  - Route already changed (at simulation time 286.300,000,000 s)
2022-10-31 17:30:01,606 INFO  - Received message from cell from WeatherServer (at simulation time 288.300,000,000 s)
2022-10-31 17:30:01,606 INFO  - Processing DEN message (at simulation time 288.300,000,000 s)
2022-10-31 17:30:01,606 INFO  - Route already changed (at simulation time 288.300,000,000 s)
2022-10-31 17:30:01,625 INFO  - Received message from cell from WeatherServer (at simulation time 290.300,000,000 s)
2022-10-31 17:30:01,625 INFO  - Processing DEN message (at simulation time 290.300,000,000 s)
2022-10-31 17:30:01,625 INFO  - Route already changed (at simulation time 290.300,000,000 s)
2022-10-31 17:30:01,644 INFO  - Received message from cell from WeatherServer (at simulation time 292.300,000,000 s)
2022-10-31 17:30:01,644 INFO  - Processing DEN message (at simulation time 292.300,000,000 s)
2022-10-31 17:30:01,644 INFO  - Route already changed (at simulation time 292.300,000,000 s)
2022-10-31 17:30:01,674 INFO  - Received message from cell from WeatherServer (at simulation time 294.300,000,000 s)
2022-10-31 17:30:01,674 INFO  - Processing DEN message (at simulation time 294.300,000,000 s)
2022-10-31 17:30:01,674 INFO  - Route already changed (at simulation time 294.300,000,000 s)
2022-10-31 17:30:01,699 INFO  - Received message from cell from WeatherServer (at simulation time 296.300,000,000 s)
2022-10-31 17:30:01,699 INFO  - Processing DEN message (at simulation time 296.300,000,000 s)
2022-10-31 17:30:01,699 INFO  - Route already changed (at simulation time 296.300,000,000 s)
2022-10-31 17:30:01,734 INFO  - Received message from cell from WeatherServer (at simulation time 298.300,000,000 s)
2022-10-31 17:30:01,734 INFO  - Processing DEN message (at simulation time 298.300,000,000 s)
2022-10-31 17:30:01,734 INFO  - Route already changed (at simulation time 298.300,000,000 s)
2022-10-31 17:30:01,753 INFO  - Received message from cell from WeatherServer (at simulation time 300.300,000,000 s)
2022-10-31 17:30:01,753 INFO  - Processing DEN message (at simulation time 300.300,000,000 s)
2022-10-31 17:30:01,753 INFO  - Route already changed (at simulation time 300.300,000,000 s)
2022-10-31 17:30:01,774 INFO  - Received message from cell from WeatherServer (at simulation time 302.300,000,000 s)
2022-10-31 17:30:01,774 INFO  - Processing DEN message (at simulation time 302.300,000,000 s)
2022-10-31 17:30:01,774 INFO  - Route already changed (at simulation time 302.300,000,000 s)
2022-10-31 17:30:01,803 INFO  - Received message from cell from WeatherServer (at simulation time 304.300,000,000 s)
2022-10-31 17:30:01,803 INFO  - Processing DEN message (at simulation time 304.300,000,000 s)
2022-10-31 17:30:01,803 INFO  - Route already changed (at simulation time 304.300,000,000 s)
2022-10-31 17:30:01,828 INFO  - Received message from cell from WeatherServer (at simulation time 306.300,000,000 s)
2022-10-31 17:30:01,828 INFO  - Processing DEN message (at simulation time 306.300,000,000 s)
2022-10-31 17:30:01,828 INFO  - Route already changed (at simulation time 306.300,000,000 s)
2022-10-31 17:30:01,842 INFO  - Received message from cell from WeatherServer (at simulation time 308.300,000,000 s)
2022-10-31 17:30:01,842 INFO  - Processing DEN message (at simulation time 308.300,000,000 s)
2022-10-31 17:30:01,842 INFO  - Route already changed (at simulation time 308.300,000,000 s)
2022-10-31 17:30:01,870 INFO  - Received message from cell from WeatherServer (at simulation time 310.300,000,000 s)
2022-10-31 17:30:01,870 INFO  - Processing DEN message (at simulation time 310.300,000,000 s)
2022-10-31 17:30:01,870 INFO  - Route already changed (at simulation time 310.300,000,000 s)
2022-10-31 17:30:01,891 INFO  - Received message from cell from WeatherServer (at simulation time 312.300,000,000 s)
2022-10-31 17:30:01,891 INFO  - Processing DEN message (at simulation time 312.300,000,000 s)
2022-10-31 17:30:01,891 INFO  - Route already changed (at simulation time 312.300,000,000 s)
2022-10-31 17:30:01,915 INFO  - Received message from cell from WeatherServer (at simulation time 314.300,000,000 s)
2022-10-31 17:30:01,915 INFO  - Processing DEN message (at simulation time 314.300,000,000 s)
2022-10-31 17:30:01,916 INFO  - Route already changed (at simulation time 314.300,000,000 s)
2022-10-31 17:30:01,944 INFO  - Received message from cell from WeatherServer (at simulation time 316.300,000,000 s)
2022-10-31 17:30:01,944 INFO  - Processing DEN message (at simulation time 316.300,000,000 s)
2022-10-31 17:30:01,944 INFO  - Route already changed (at simulation time 316.300,000,000 s)
2022-10-31 17:30:01,962 INFO  - Received message from cell from WeatherServer (at simulation time 318.300,000,000 s)
2022-10-31 17:30:01,962 INFO  - Processing DEN message (at simulation time 318.300,000,000 s)
2022-10-31 17:30:01,962 INFO  - Route already changed (at simulation time 318.300,000,000 s)
2022-10-31 17:30:01,988 INFO  - Received message from cell from WeatherServer (at simulation time 320.300,000,000 s)
2022-10-31 17:30:01,988 INFO  - Processing DEN message (at simulation time 320.300,000,000 s)
2022-10-31 17:30:01,988 INFO  - Route already changed (at simulation time 320.300,000,000 s)
2022-10-31 17:30:02,005 INFO  - Received message from cell from WeatherServer (at simulation time 322.300,000,000 s)
2022-10-31 17:30:02,005 INFO  - Processing DEN message (at simulation time 322.300,000,000 s)
2022-10-31 17:30:02,005 INFO  - Route already changed (at simulation time 322.300,000,000 s)
2022-10-31 17:30:02,033 INFO  - Received message from cell from WeatherServer (at simulation time 324.300,000,000 s)
2022-10-31 17:30:02,033 INFO  - Processing DEN message (at simulation time 324.300,000,000 s)
2022-10-31 17:30:02,033 INFO  - Route already changed (at simulation time 324.300,000,000 s)
2022-10-31 17:30:02,053 INFO  - Received message from cell from WeatherServer (at simulation time 326.300,000,000 s)
2022-10-31 17:30:02,053 INFO  - Processing DEN message (at simulation time 326.300,000,000 s)
2022-10-31 17:30:02,053 INFO  - Route already changed (at simulation time 326.300,000,000 s)
2022-10-31 17:30:02,074 INFO  - Received message from cell from WeatherServer (at simulation time 328.300,000,000 s)
2022-10-31 17:30:02,075 INFO  - Processing DEN message (at simulation time 328.300,000,000 s)
2022-10-31 17:30:02,075 INFO  - Route already changed (at simulation time 328.300,000,000 s)
2022-10-31 17:30:02,114 INFO  - Received message from cell from WeatherServer (at simulation time 330.300,000,000 s)
2022-10-31 17:30:02,114 INFO  - Processing DEN message (at simulation time 330.300,000,000 s)
2022-10-31 17:30:02,114 INFO  - Route already changed (at simulation time 330.300,000,000 s)
2022-10-31 17:30:02,135 INFO  - Received message from cell from WeatherServer (at simulation time 332.300,000,000 s)
2022-10-31 17:30:02,135 INFO  - Processing DEN message (at simulation time 332.300,000,000 s)
2022-10-31 17:30:02,135 INFO  - Route already changed (at simulation time 332.300,000,000 s)
2022-10-31 17:30:02,164 INFO  - Received message from cell from WeatherServer (at simulation time 334.300,000,000 s)
2022-10-31 17:30:02,164 INFO  - Processing DEN message (at simulation time 334.300,000,000 s)
2022-10-31 17:30:02,164 INFO  - Route already changed (at simulation time 334.300,000,000 s)
2022-10-31 17:30:02,182 INFO  - Received message from cell from WeatherServer (at simulation time 336.300,000,000 s)
2022-10-31 17:30:02,182 INFO  - Processing DEN message (at simulation time 336.300,000,000 s)
2022-10-31 17:30:02,182 INFO  - Route already changed (at simulation time 336.300,000,000 s)
2022-10-31 17:30:02,199 INFO  - Received message from cell from WeatherServer (at simulation time 338.300,000,000 s)
2022-10-31 17:30:02,199 INFO  - Processing DEN message (at simulation time 338.300,000,000 s)
2022-10-31 17:30:02,199 INFO  - Route already changed (at simulation time 338.300,000,000 s)
2022-10-31 17:30:02,210 INFO  - Received message from cell from WeatherServer (at simulation time 340.300,000,000 s)
2022-10-31 17:30:02,210 INFO  - Processing DEN message (at simulation time 340.300,000,000 s)
2022-10-31 17:30:02,210 INFO  - Route already changed (at simulation time 340.300,000,000 s)
2022-10-31 17:30:02,237 INFO  - Received message from cell from WeatherServer (at simulation time 342.300,000,000 s)
2022-10-31 17:30:02,237 INFO  - Processing DEN message (at simulation time 342.300,000,000 s)
2022-10-31 17:30:02,237 INFO  - Route already changed (at simulation time 342.300,000,000 s)
2022-10-31 17:30:02,253 INFO  - Received message from cell from WeatherServer (at simulation time 344.300,000,000 s)
2022-10-31 17:30:02,253 INFO  - Processing DEN message (at simulation time 344.300,000,000 s)
2022-10-31 17:30:02,253 INFO  - Route already changed (at simulation time 344.300,000,000 s)
2022-10-31 17:30:02,281 INFO  - Received message from cell from WeatherServer (at simulation time 346.300,000,000 s)
2022-10-31 17:30:02,281 INFO  - Processing DEN message (at simulation time 346.300,000,000 s)
2022-10-31 17:30:02,281 INFO  - Route already changed (at simulation time 346.300,000,000 s)
2022-10-31 17:30:02,302 INFO  - Received message from cell from WeatherServer (at simulation time 348.300,000,000 s)
2022-10-31 17:30:02,302 INFO  - Processing DEN message (at simulation time 348.300,000,000 s)
2022-10-31 17:30:02,302 INFO  - Route already changed (at simulation time 348.300,000,000 s)
2022-10-31 17:30:02,442 INFO  - Received message from cell from WeatherServer (at simulation time 350.300,000,000 s)
2022-10-31 17:30:02,442 INFO  - Processing DEN message (at simulation time 350.300,000,000 s)
2022-10-31 17:30:02,442 INFO  - Route already changed (at simulation time 350.300,000,000 s)
2022-10-31 17:30:02,473 INFO  - Received message from cell from WeatherServer (at simulation time 352.300,000,000 s)
2022-10-31 17:30:02,473 INFO  - Processing DEN message (at simulation time 352.300,000,000 s)
2022-10-31 17:30:02,473 INFO  - Route already changed (at simulation time 352.300,000,000 s)
2022-10-31 17:30:02,496 INFO  - Received message from cell from WeatherServer (at simulation time 354.300,000,000 s)
2022-10-31 17:30:02,496 INFO  - Processing DEN message (at simulation time 354.300,000,000 s)
2022-10-31 17:30:02,496 INFO  - Route already changed (at simulation time 354.300,000,000 s)
2022-10-31 17:30:02,523 INFO  - Received message from cell from WeatherServer (at simulation time 356.300,000,000 s)
2022-10-31 17:30:02,523 INFO  - Processing DEN message (at simulation time 356.300,000,000 s)
2022-10-31 17:30:02,523 INFO  - Route already changed (at simulation time 356.300,000,000 s)
2022-10-31 17:30:02,539 INFO  - Received message from cell from WeatherServer (at simulation time 358.300,000,000 s)
2022-10-31 17:30:02,539 INFO  - Processing DEN message (at simulation time 358.300,000,000 s)
2022-10-31 17:30:02,539 INFO  - Route already changed (at simulation time 358.300,000,000 s)
2022-10-31 17:30:02,568 INFO  - Received message from cell from WeatherServer (at simulation time 360.300,000,000 s)
2022-10-31 17:30:02,568 INFO  - Processing DEN message (at simulation time 360.300,000,000 s)
2022-10-31 17:30:02,568 INFO  - Route already changed (at simulation time 360.300,000,000 s)
2022-10-31 17:30:02,586 INFO  - Received message from cell from WeatherServer (at simulation time 362.300,000,000 s)
2022-10-31 17:30:02,586 INFO  - Processing DEN message (at simulation time 362.300,000,000 s)
2022-10-31 17:30:02,586 INFO  - Route already changed (at simulation time 362.300,000,000 s)
2022-10-31 17:30:02,610 INFO  - Received message from cell from WeatherServer (at simulation time 364.300,000,000 s)
2022-10-31 17:30:02,610 INFO  - Processing DEN message (at simulation time 364.300,000,000 s)
2022-10-31 17:30:02,610 INFO  - Route already changed (at simulation time 364.300,000,000 s)
2022-10-31 17:30:02,628 INFO  - Received message from cell from WeatherServer (at simulation time 366.300,000,000 s)
2022-10-31 17:30:02,628 INFO  - Processing DEN message (at simulation time 366.300,000,000 s)
2022-10-31 17:30:02,628 INFO  - Route already changed (at simulation time 366.300,000,000 s)
2022-10-31 17:30:02,649 INFO  - Received message from cell from WeatherServer (at simulation time 368.300,000,000 s)
2022-10-31 17:30:02,649 INFO  - Processing DEN message (at simulation time 368.300,000,000 s)
2022-10-31 17:30:02,649 INFO  - Route already changed (at simulation time 368.300,000,000 s)
2022-10-31 17:30:02,670 INFO  - Received message from cell from WeatherServer (at simulation time 370.300,000,000 s)
2022-10-31 17:30:02,670 INFO  - Processing DEN message (at simulation time 370.300,000,000 s)
2022-10-31 17:30:02,670 INFO  - Route already changed (at simulation time 370.300,000,000 s)
2022-10-31 17:30:02,690 INFO  - Received message from cell from WeatherServer (at simulation time 372.300,000,000 s)
2022-10-31 17:30:02,690 INFO  - Processing DEN message (at simulation time 372.300,000,000 s)
2022-10-31 17:30:02,690 INFO  - Route already changed (at simulation time 372.300,000,000 s)
2022-10-31 17:30:02,709 INFO  - Received message from cell from WeatherServer (at simulation time 374.300,000,000 s)
2022-10-31 17:30:02,709 INFO  - Processing DEN message (at simulation time 374.300,000,000 s)
2022-10-31 17:30:02,709 INFO  - Route already changed (at simulation time 374.300,000,000 s)
2022-10-31 17:30:02,734 INFO  - Received message from cell from WeatherServer (at simulation time 376.300,000,000 s)
2022-10-31 17:30:02,734 INFO  - Processing DEN message (at simulation time 376.300,000,000 s)
2022-10-31 17:30:02,734 INFO  - Route already changed (at simulation time 376.300,000,000 s)
2022-10-31 17:30:02,787 INFO  - Received message from cell from WeatherServer (at simulation time 378.300,000,000 s)
2022-10-31 17:30:02,787 INFO  - Processing DEN message (at simulation time 378.300,000,000 s)
2022-10-31 17:30:02,787 INFO  - Route already changed (at simulation time 378.300,000,000 s)
2022-10-31 17:30:02,818 INFO  - Received message from cell from WeatherServer (at simulation time 380.300,000,000 s)
2022-10-31 17:30:02,818 INFO  - Processing DEN message (at simulation time 380.300,000,000 s)
2022-10-31 17:30:02,818 INFO  - Route already changed (at simulation time 380.300,000,000 s)
2022-10-31 17:30:02,846 INFO  - Received message from cell from WeatherServer (at simulation time 382.300,000,000 s)
2022-10-31 17:30:02,846 INFO  - Processing DEN message (at simulation time 382.300,000,000 s)
2022-10-31 17:30:02,846 INFO  - Route already changed (at simulation time 382.300,000,000 s)
2022-10-31 17:30:02,874 INFO  - Received message from cell from WeatherServer (at simulation time 384.300,000,000 s)
2022-10-31 17:30:02,874 INFO  - Processing DEN message (at simulation time 384.300,000,000 s)
2022-10-31 17:30:02,874 INFO  - Route already changed (at simulation time 384.300,000,000 s)
2022-10-31 17:30:02,890 INFO  - Received message from cell from WeatherServer (at simulation time 386.300,000,000 s)
2022-10-31 17:30:02,890 INFO  - Processing DEN message (at simulation time 386.300,000,000 s)
2022-10-31 17:30:02,890 INFO  - Route already changed (at simulation time 386.300,000,000 s)
2022-10-31 17:30:02,909 INFO  - Received message from cell from WeatherServer (at simulation time 388.300,000,000 s)
2022-10-31 17:30:02,909 INFO  - Processing DEN message (at simulation time 388.300,000,000 s)
2022-10-31 17:30:02,909 INFO  - Route already changed (at simulation time 388.300,000,000 s)
2022-10-31 17:30:02,934 INFO  - Received message from cell from WeatherServer (at simulation time 390.300,000,000 s)
2022-10-31 17:30:02,934 INFO  - Processing DEN message (at simulation time 390.300,000,000 s)
2022-10-31 17:30:02,934 INFO  - Route already changed (at simulation time 390.300,000,000 s)
2022-10-31 17:30:02,970 INFO  - Received message from cell from WeatherServer (at simulation time 392.300,000,000 s)
2022-10-31 17:30:02,970 INFO  - Processing DEN message (at simulation time 392.300,000,000 s)
2022-10-31 17:30:02,970 INFO  - Route already changed (at simulation time 392.300,000,000 s)
2022-10-31 17:30:02,992 INFO  - Received message from cell from WeatherServer (at simulation time 394.300,000,000 s)
2022-10-31 17:30:02,992 INFO  - Processing DEN message (at simulation time 394.300,000,000 s)
2022-10-31 17:30:02,993 INFO  - Route already changed (at simulation time 394.300,000,000 s)
2022-10-31 17:30:03,020 INFO  - Received message from cell from WeatherServer (at simulation time 396.300,000,000 s)
2022-10-31 17:30:03,020 INFO  - Processing DEN message (at simulation time 396.300,000,000 s)
2022-10-31 17:30:03,020 INFO  - Route already changed (at simulation time 396.300,000,000 s)
2022-10-31 17:30:03,045 INFO  - Received message from cell from WeatherServer (at simulation time 398.300,000,000 s)
2022-10-31 17:30:03,045 INFO  - Processing DEN message (at simulation time 398.300,000,000 s)
2022-10-31 17:30:03,045 INFO  - Route already changed (at simulation time 398.300,000,000 s)
2022-10-31 17:30:03,064 INFO  - Received message from cell from WeatherServer (at simulation time 400.300,000,000 s)
2022-10-31 17:30:03,064 INFO  - Processing DEN message (at simulation time 400.300,000,000 s)
2022-10-31 17:30:03,064 INFO  - Route already changed (at simulation time 400.300,000,000 s)
2022-10-31 17:30:03,089 INFO  - Received message from cell from WeatherServer (at simulation time 402.300,000,000 s)
2022-10-31 17:30:03,089 INFO  - Processing DEN message (at simulation time 402.300,000,000 s)
2022-10-31 17:30:03,089 INFO  - Route already changed (at simulation time 402.300,000,000 s)
2022-10-31 17:30:03,109 INFO  - Received message from cell from WeatherServer (at simulation time 404.300,000,000 s)
2022-10-31 17:30:03,109 INFO  - Processing DEN message (at simulation time 404.300,000,000 s)
2022-10-31 17:30:03,109 INFO  - Route already changed (at simulation time 404.300,000,000 s)
2022-10-31 17:30:03,128 INFO  - Received message from cell from WeatherServer (at simulation time 406.300,000,000 s)
2022-10-31 17:30:03,128 INFO  - Processing DEN message (at simulation time 406.300,000,000 s)
2022-10-31 17:30:03,128 INFO  - Route already changed (at simulation time 406.300,000,000 s)
2022-10-31 17:30:03,187 INFO  - Received message from cell from WeatherServer (at simulation time 408.300,000,000 s)
2022-10-31 17:30:03,187 INFO  - Processing DEN message (at simulation time 408.300,000,000 s)
2022-10-31 17:30:03,188 INFO  - Route already changed (at simulation time 408.300,000,000 s)
2022-10-31 17:30:03,215 INFO  - Received message from cell from WeatherServer (at simulation time 410.300,000,000 s)
2022-10-31 17:30:03,215 INFO  - Processing DEN message (at simulation time 410.300,000,000 s)
2022-10-31 17:30:03,215 INFO  - Route already changed (at simulation time 410.300,000,000 s)
2022-10-31 17:30:03,247 INFO  - Received message from cell from WeatherServer (at simulation time 412.300,000,000 s)
2022-10-31 17:30:03,247 INFO  - Processing DEN message (at simulation time 412.300,000,000 s)
2022-10-31 17:30:03,247 INFO  - Route already changed (at simulation time 412.300,000,000 s)
2022-10-31 17:30:03,271 INFO  - Received message from cell from WeatherServer (at simulation time 414.300,000,000 s)
2022-10-31 17:30:03,271 INFO  - Processing DEN message (at simulation time 414.300,000,000 s)
2022-10-31 17:30:03,272 INFO  - Route already changed (at simulation time 414.300,000,000 s)
2022-10-31 17:30:03,297 INFO  - Received message from cell from WeatherServer (at simulation time 416.300,000,000 s)
2022-10-31 17:30:03,297 INFO  - Processing DEN message (at simulation time 416.300,000,000 s)
2022-10-31 17:30:03,297 INFO  - Route already changed (at simulation time 416.300,000,000 s)
2022-10-31 17:30:03,317 INFO  - Received message from cell from WeatherServer (at simulation time 418.300,000,000 s)
2022-10-31 17:30:03,317 INFO  - Processing DEN message (at simulation time 418.300,000,000 s)
2022-10-31 17:30:03,317 INFO  - Route already changed (at simulation time 418.300,000,000 s)
2022-10-31 17:30:03,338 INFO  - Received message from cell from WeatherServer (at simulation time 420.300,000,000 s)
2022-10-31 17:30:03,338 INFO  - Processing DEN message (at simulation time 420.300,000,000 s)
2022-10-31 17:30:03,338 INFO  - Route already changed (at simulation time 420.300,000,000 s)
2022-10-31 17:30:03,735 INFO  - Shutdown application (at simulation time 450.000,000,000 s)
