2022-10-31 17:30:01,365 INFO  - Initialize application (at simulation time 273.000,000,000 s)
2022-10-31 17:30:01,370 INFO  - Activated AdHoc Module (at simulation time 273.000,000,000 s)
2022-10-31 17:30:01,710 INFO  - Processing DEN message (at simulation time 297.031,325,224 s)
2022-10-31 17:30:01,710 INFO  - The Event is on the vehicle's route 73017981_1313885463_2879911866 = 73017981_1313885463_2879911866 (at simulation time 297.031,325,224 s)
2022-10-31 17:30:01,716 INFO  - Sending Change Route Command at position: GeoPoint{lat=52.622021,lon=13.562399,alt=0.00} (at simulation time 297.031,325,224 s)
2022-10-31 17:30:01,733 INFO  - Processing DEN message (at simulation time 298.013,720,415 s)
2022-10-31 17:30:01,733 INFO  - Route already changed (at simulation time 298.013,720,415 s)
2022-10-31 17:30:01,740 INFO  - Processing DEN message (at simulation time 299.065,733,312 s)
2022-10-31 17:30:01,740 INFO  - Route already changed (at simulation time 299.065,733,312 s)
2022-10-31 17:30:01,752 INFO  - Processing DEN message (at simulation time 300.030,360,987 s)
2022-10-31 17:30:01,752 INFO  - Route already changed (at simulation time 300.030,360,987 s)
2022-10-31 17:30:01,763 INFO  - Processing DEN message (at simulation time 301.030,816,616 s)
2022-10-31 17:30:01,763 INFO  - Route already changed (at simulation time 301.030,816,616 s)
2022-10-31 17:30:01,773 INFO  - Processing DEN message (at simulation time 302.024,848,544 s)
2022-10-31 17:30:01,773 INFO  - Route already changed (at simulation time 302.024,848,544 s)
2022-10-31 17:30:01,788 INFO  - Processing DEN message (at simulation time 303.019,051,384 s)
2022-10-31 17:30:01,788 INFO  - Route already changed (at simulation time 303.019,051,384 s)
2022-10-31 17:30:01,802 INFO  - Processing DEN message (at simulation time 304.026,702,816 s)
2022-10-31 17:30:01,802 INFO  - Route already changed (at simulation time 304.026,702,816 s)
2022-10-31 17:30:01,819 INFO  - Processing DEN message (at simulation time 305.024,065,924 s)
2022-10-31 17:30:01,819 INFO  - Route already changed (at simulation time 305.024,065,924 s)
2022-10-31 17:30:01,827 INFO  - Processing DEN message (at simulation time 306.018,366,105 s)
2022-10-31 17:30:01,827 INFO  - Route already changed (at simulation time 306.018,366,105 s)
2022-10-31 17:30:01,834 INFO  - Processing DEN message (at simulation time 307.017,327,629 s)
2022-10-31 17:30:01,834 INFO  - Route already changed (at simulation time 307.017,327,629 s)
2022-10-31 17:30:01,842 INFO  - Processing DEN message (at simulation time 308.034,646,862 s)
2022-10-31 17:30:01,842 INFO  - Route already changed (at simulation time 308.034,646,862 s)
2022-10-31 17:30:01,858 INFO  - Processing DEN message (at simulation time 309.079,729,336 s)
2022-10-31 17:30:01,858 INFO  - Route already changed (at simulation time 309.079,729,336 s)
2022-10-31 17:30:01,870 INFO  - Processing DEN message (at simulation time 310.034,427,516 s)
2022-10-31 17:30:01,870 INFO  - Route already changed (at simulation time 310.034,427,516 s)
2022-10-31 17:30:01,878 INFO  - Processing DEN message (at simulation time 311.021,334,882 s)
2022-10-31 17:30:01,878 INFO  - Route already changed (at simulation time 311.021,334,882 s)
2022-10-31 17:30:01,891 INFO  - Processing DEN message (at simulation time 312.027,402,604 s)
2022-10-31 17:30:01,891 INFO  - Route already changed (at simulation time 312.027,402,604 s)
2022-10-31 17:30:01,903 INFO  - Processing DEN message (at simulation time 313.017,989,963 s)
2022-10-31 17:30:01,903 INFO  - Route already changed (at simulation time 313.017,989,963 s)
2022-10-31 17:30:01,915 INFO  - Processing DEN message (at simulation time 314.025,012,261 s)
2022-10-31 17:30:01,915 INFO  - Route already changed (at simulation time 314.025,012,261 s)
2022-10-31 17:30:01,928 INFO  - Processing DEN message (at simulation time 315.020,202,815 s)
2022-10-31 17:30:01,928 INFO  - Route already changed (at simulation time 315.020,202,815 s)
2022-10-31 17:30:01,943 INFO  - Processing DEN message (at simulation time 316.020,472,801 s)
2022-10-31 17:30:01,943 INFO  - Route already changed (at simulation time 316.020,472,801 s)
2022-10-31 17:30:01,952 INFO  - Processing DEN message (at simulation time 317.073,332,470 s)
2022-10-31 17:30:01,952 INFO  - Route already changed (at simulation time 317.073,332,470 s)
2022-10-31 17:30:01,961 INFO  - Processing DEN message (at simulation time 318.018,261,734 s)
2022-10-31 17:30:01,961 INFO  - Route already changed (at simulation time 318.018,261,734 s)
2022-10-31 17:30:01,973 INFO  - Processing DEN message (at simulation time 319.010,793,859 s)
2022-10-31 17:30:01,973 INFO  - Route already changed (at simulation time 319.010,793,859 s)
2022-10-31 17:30:01,988 INFO  - Processing DEN message (at simulation time 320.039,481,526 s)
2022-10-31 17:30:01,988 INFO  - Route already changed (at simulation time 320.039,481,526 s)
2022-10-31 17:30:01,996 INFO  - Processing DEN message (at simulation time 321.051,900,318 s)
2022-10-31 17:30:01,996 INFO  - Route already changed (at simulation time 321.051,900,318 s)
2022-10-31 17:30:02,005 INFO  - Processing DEN message (at simulation time 322.023,940,621 s)
2022-10-31 17:30:02,005 INFO  - Route already changed (at simulation time 322.023,940,621 s)
2022-10-31 17:30:02,021 INFO  - Processing DEN message (at simulation time 323.019,050,027 s)
2022-10-31 17:30:02,021 INFO  - Route already changed (at simulation time 323.019,050,027 s)
2022-10-31 17:30:02,032 INFO  - Processing DEN message (at simulation time 324.035,207,996 s)
2022-10-31 17:30:02,032 INFO  - Route already changed (at simulation time 324.035,207,996 s)
2022-10-31 17:30:02,043 INFO  - Processing DEN message (at simulation time 325.026,774,945 s)
2022-10-31 17:30:02,043 INFO  - Route already changed (at simulation time 325.026,774,945 s)
2022-10-31 17:30:02,053 INFO  - Processing DEN message (at simulation time 326.028,673,096 s)
2022-10-31 17:30:02,053 INFO  - Route already changed (at simulation time 326.028,673,096 s)
2022-10-31 17:30:02,066 INFO  - Processing DEN message (at simulation time 327.042,993,961 s)
2022-10-31 17:30:02,066 INFO  - Route already changed (at simulation time 327.042,993,961 s)
2022-10-31 17:30:02,074 INFO  - Processing DEN message (at simulation time 328.073,477,276 s)
2022-10-31 17:30:02,074 INFO  - Route already changed (at simulation time 328.073,477,276 s)
2022-10-31 17:30:02,084 INFO  - Processing DEN message (at simulation time 329.030,186,682 s)
2022-10-31 17:30:02,084 INFO  - Route already changed (at simulation time 329.030,186,682 s)
2022-10-31 17:30:02,108 INFO  - Processing DEN message (at simulation time 330.031,134,108 s)
2022-10-31 17:30:02,108 INFO  - Route already changed (at simulation time 330.031,134,108 s)
2022-10-31 17:30:02,124 INFO  - Processing DEN message (at simulation time 331.021,082,813 s)
2022-10-31 17:30:02,124 INFO  - Route already changed (at simulation time 331.021,082,813 s)
2022-10-31 17:30:02,134 INFO  - Processing DEN message (at simulation time 332.018,608,510 s)
2022-10-31 17:30:02,134 INFO  - Route already changed (at simulation time 332.018,608,510 s)
2022-10-31 17:30:02,151 INFO  - Processing DEN message (at simulation time 333.045,962,620 s)
2022-10-31 17:30:02,151 INFO  - Route already changed (at simulation time 333.045,962,620 s)
2022-10-31 17:30:02,163 INFO  - Processing DEN message (at simulation time 334.025,445,707 s)
2022-10-31 17:30:02,163 INFO  - Route already changed (at simulation time 334.025,445,707 s)
2022-10-31 17:30:02,862 INFO  - Processing DEN message (at simulation time 384.014,061,698 s)
2022-10-31 17:30:02,862 INFO  - Route already changed (at simulation time 384.014,061,698 s)
2022-10-31 17:30:02,882 INFO  - Processing DEN message (at simulation time 385.065,237,121 s)
2022-10-31 17:30:02,882 INFO  - Route already changed (at simulation time 385.065,237,121 s)
2022-10-31 17:30:02,890 INFO  - Processing DEN message (at simulation time 386.037,068,612 s)
2022-10-31 17:30:02,890 INFO  - Route already changed (at simulation time 386.037,068,612 s)
2022-10-31 17:30:02,898 INFO  - Processing DEN message (at simulation time 387.012,188,095 s)
2022-10-31 17:30:02,898 INFO  - Route already changed (at simulation time 387.012,188,095 s)
2022-10-31 17:30:02,908 INFO  - Processing DEN message (at simulation time 388.039,275,397 s)
2022-10-31 17:30:02,908 INFO  - Route already changed (at simulation time 388.039,275,397 s)
2022-10-31 17:30:02,919 INFO  - Processing DEN message (at simulation time 389.054,200,600 s)
2022-10-31 17:30:02,919 INFO  - Route already changed (at simulation time 389.054,200,600 s)
2022-10-31 17:30:02,933 INFO  - Processing DEN message (at simulation time 390.021,160,476 s)
2022-10-31 17:30:02,933 INFO  - Route already changed (at simulation time 390.021,160,476 s)
2022-10-31 17:30:02,945 INFO  - Processing DEN message (at simulation time 391.021,792,976 s)
2022-10-31 17:30:02,945 INFO  - Route already changed (at simulation time 391.021,792,976 s)
2022-10-31 17:30:02,969 INFO  - Processing DEN message (at simulation time 392.026,631,866 s)
2022-10-31 17:30:02,969 INFO  - Route already changed (at simulation time 392.026,631,866 s)
2022-10-31 17:30:02,982 INFO  - Processing DEN message (at simulation time 393.020,050,084 s)
2022-10-31 17:30:02,982 INFO  - Route already changed (at simulation time 393.020,050,084 s)
2022-10-31 17:30:02,992 INFO  - Processing DEN message (at simulation time 394.027,875,697 s)
2022-10-31 17:30:02,992 INFO  - Route already changed (at simulation time 394.027,875,697 s)
2022-10-31 17:30:03,005 INFO  - Processing DEN message (at simulation time 395.052,809,247 s)
2022-10-31 17:30:03,005 INFO  - Route already changed (at simulation time 395.052,809,247 s)
2022-10-31 17:30:03,020 INFO  - Processing DEN message (at simulation time 396.066,004,830 s)
2022-10-31 17:30:03,020 INFO  - Route already changed (at simulation time 396.066,004,830 s)
2022-10-31 17:30:03,033 INFO  - Processing DEN message (at simulation time 397.022,006,312 s)
2022-10-31 17:30:03,033 INFO  - Route already changed (at simulation time 397.022,006,312 s)
2022-10-31 17:30:03,044 INFO  - Processing DEN message (at simulation time 398.014,425,105 s)
2022-10-31 17:30:03,044 INFO  - Route already changed (at simulation time 398.014,425,105 s)
2022-10-31 17:30:03,054 INFO  - Processing DEN message (at simulation time 399.018,823,510 s)
2022-10-31 17:30:03,054 INFO  - Route already changed (at simulation time 399.018,823,510 s)
2022-10-31 17:30:03,063 INFO  - Processing DEN message (at simulation time 400.037,127,908 s)
2022-10-31 17:30:03,063 INFO  - Route already changed (at simulation time 400.037,127,908 s)
2022-10-31 17:30:03,075 INFO  - Processing DEN message (at simulation time 401.022,102,528 s)
2022-10-31 17:30:03,075 INFO  - Route already changed (at simulation time 401.022,102,528 s)
2022-10-31 17:30:03,088 INFO  - Processing DEN message (at simulation time 402.018,957,554 s)
2022-10-31 17:30:03,088 INFO  - Route already changed (at simulation time 402.018,957,554 s)
2022-10-31 17:30:03,099 INFO  - Processing DEN message (at simulation time 403.053,056,428 s)
2022-10-31 17:30:03,099 INFO  - Route already changed (at simulation time 403.053,056,428 s)
2022-10-31 17:30:03,108 INFO  - Processing DEN message (at simulation time 404.024,930,099 s)
2022-10-31 17:30:03,108 INFO  - Route already changed (at simulation time 404.024,930,099 s)
2022-10-31 17:30:03,117 INFO  - Processing DEN message (at simulation time 405.013,085,023 s)
2022-10-31 17:30:03,117 INFO  - Route already changed (at simulation time 405.013,085,023 s)
2022-10-31 17:30:03,127 INFO  - Processing DEN message (at simulation time 406.045,300,060 s)
2022-10-31 17:30:03,127 INFO  - Route already changed (at simulation time 406.045,300,060 s)
2022-10-31 17:30:03,142 INFO  - Processing DEN message (at simulation time 407.055,242,607 s)
2022-10-31 17:30:03,142 INFO  - Route already changed (at simulation time 407.055,242,607 s)
2022-10-31 17:30:03,187 INFO  - Processing DEN message (at simulation time 408.021,835,765 s)
2022-10-31 17:30:03,187 INFO  - Route already changed (at simulation time 408.021,835,765 s)
2022-10-31 17:30:03,200 INFO  - Processing DEN message (at simulation time 409.046,140,485 s)
2022-10-31 17:30:03,200 INFO  - Route already changed (at simulation time 409.046,140,485 s)
2022-10-31 17:30:03,215 INFO  - Processing DEN message (at simulation time 410.044,159,869 s)
2022-10-31 17:30:03,215 INFO  - Route already changed (at simulation time 410.044,159,869 s)
2022-10-31 17:30:03,229 INFO  - Processing DEN message (at simulation time 411.040,148,587 s)
2022-10-31 17:30:03,229 INFO  - Route already changed (at simulation time 411.040,148,587 s)
2022-10-31 17:30:03,246 INFO  - Processing DEN message (at simulation time 412.036,925,298 s)
2022-10-31 17:30:03,246 INFO  - Route already changed (at simulation time 412.036,925,298 s)
2022-10-31 17:30:03,258 INFO  - Processing DEN message (at simulation time 413.058,431,488 s)
2022-10-31 17:30:03,258 INFO  - Route already changed (at simulation time 413.058,431,488 s)
2022-10-31 17:30:03,271 INFO  - Processing DEN message (at simulation time 414.024,432,066 s)
2022-10-31 17:30:03,271 INFO  - Route already changed (at simulation time 414.024,432,066 s)
2022-10-31 17:30:03,283 INFO  - Processing DEN message (at simulation time 415.021,365,649 s)
2022-10-31 17:30:03,283 INFO  - Route already changed (at simulation time 415.021,365,649 s)
2022-10-31 17:30:03,296 INFO  - Processing DEN message (at simulation time 416.030,868,888 s)
2022-10-31 17:30:03,296 INFO  - Route already changed (at simulation time 416.030,868,888 s)
2022-10-31 17:30:03,305 INFO  - Processing DEN message (at simulation time 417.022,965,035 s)
2022-10-31 17:30:03,305 INFO  - Route already changed (at simulation time 417.022,965,035 s)
2022-10-31 17:30:03,316 INFO  - Processing DEN message (at simulation time 418.014,078,108 s)
2022-10-31 17:30:03,317 INFO  - Route already changed (at simulation time 418.014,078,108 s)
2022-10-31 17:30:03,328 INFO  - Processing DEN message (at simulation time 419.035,795,058 s)
2022-10-31 17:30:03,328 INFO  - Route already changed (at simulation time 419.035,795,058 s)
2022-10-31 17:30:03,338 INFO  - Processing DEN message (at simulation time 420.016,882,293 s)
2022-10-31 17:30:03,338 INFO  - Route already changed (at simulation time 420.016,882,293 s)
2022-10-31 17:30:03,338 INFO  - Processing DEN message (at simulation time 420.037,944,386 s)
2022-10-31 17:30:03,338 INFO  - Route already changed (at simulation time 420.037,944,386 s)
2022-10-31 17:30:03,350 INFO  - Processing DEN message (at simulation time 421.032,349,172 s)
2022-10-31 17:30:03,350 INFO  - Route already changed (at simulation time 421.032,349,172 s)
2022-10-31 17:30:03,350 INFO  - Processing DEN message (at simulation time 421.038,320,811 s)
2022-10-31 17:30:03,350 INFO  - Route already changed (at simulation time 421.038,320,811 s)
2022-10-31 17:30:03,384 INFO  - Processing DEN message (at simulation time 422.023,107,326 s)
2022-10-31 17:30:03,384 INFO  - Route already changed (at simulation time 422.023,107,326 s)
2022-10-31 17:30:03,384 INFO  - Processing DEN message (at simulation time 422.032,793,404 s)
2022-10-31 17:30:03,384 INFO  - Route already changed (at simulation time 422.032,793,404 s)
2022-10-31 17:30:03,397 INFO  - Processing DEN message (at simulation time 423.013,969,472 s)
2022-10-31 17:30:03,397 INFO  - Route already changed (at simulation time 423.013,969,472 s)
2022-10-31 17:30:03,397 INFO  - Processing DEN message (at simulation time 423.023,152,736 s)
2022-10-31 17:30:03,397 INFO  - Route already changed (at simulation time 423.023,152,736 s)
2022-10-31 17:30:03,410 INFO  - Processing DEN message (at simulation time 424.012,367,729 s)
2022-10-31 17:30:03,410 INFO  - Route already changed (at simulation time 424.012,367,729 s)
2022-10-31 17:30:03,410 INFO  - Processing DEN message (at simulation time 424.032,483,138 s)
2022-10-31 17:30:03,410 INFO  - Route already changed (at simulation time 424.032,483,138 s)
2022-10-31 17:30:03,421 INFO  - Processing DEN message (at simulation time 425.022,861,091 s)
2022-10-31 17:30:03,421 INFO  - Route already changed (at simulation time 425.022,861,091 s)
2022-10-31 17:30:03,421 INFO  - Processing DEN message (at simulation time 425.036,118,925 s)
2022-10-31 17:30:03,421 INFO  - Route already changed (at simulation time 425.036,118,925 s)
2022-10-31 17:30:03,430 INFO  - Processing DEN message (at simulation time 426.018,769,353 s)
2022-10-31 17:30:03,430 INFO  - Route already changed (at simulation time 426.018,769,353 s)
2022-10-31 17:30:03,430 INFO  - Processing DEN message (at simulation time 426.047,351,124 s)
2022-10-31 17:30:03,430 INFO  - Route already changed (at simulation time 426.047,351,124 s)
2022-10-31 17:30:03,440 INFO  - Processing DEN message (at simulation time 427.018,621,471 s)
2022-10-31 17:30:03,440 INFO  - Route already changed (at simulation time 427.018,621,471 s)
2022-10-31 17:30:03,440 INFO  - Processing DEN message (at simulation time 427.020,470,631 s)
2022-10-31 17:30:03,440 INFO  - Route already changed (at simulation time 427.020,470,631 s)
2022-10-31 17:30:03,452 INFO  - Processing DEN message (at simulation time 428.021,800,497 s)
2022-10-31 17:30:03,452 INFO  - Route already changed (at simulation time 428.021,800,497 s)
2022-10-31 17:30:03,452 INFO  - Processing DEN message (at simulation time 428.026,240,789 s)
2022-10-31 17:30:03,452 INFO  - Route already changed (at simulation time 428.026,240,789 s)
2022-10-31 17:30:03,462 INFO  - Processing DEN message (at simulation time 429.023,597,556 s)
2022-10-31 17:30:03,462 INFO  - Route already changed (at simulation time 429.023,597,556 s)
2022-10-31 17:30:03,462 INFO  - Processing DEN message (at simulation time 429.034,942,917 s)
2022-10-31 17:30:03,463 INFO  - Route already changed (at simulation time 429.034,942,917 s)
2022-10-31 17:30:03,478 INFO  - Processing DEN message (at simulation time 430.019,256,448 s)
2022-10-31 17:30:03,478 INFO  - Route already changed (at simulation time 430.019,256,448 s)
2022-10-31 17:30:03,478 INFO  - Processing DEN message (at simulation time 430.041,410,931 s)
2022-10-31 17:30:03,478 INFO  - Route already changed (at simulation time 430.041,410,931 s)
2022-10-31 17:30:03,492 INFO  - Processing DEN message (at simulation time 431.018,945,197 s)
2022-10-31 17:30:03,492 INFO  - Route already changed (at simulation time 431.018,945,197 s)
2022-10-31 17:30:03,492 INFO  - Processing DEN message (at simulation time 431.043,810,226 s)
2022-10-31 17:30:03,492 INFO  - Route already changed (at simulation time 431.043,810,226 s)
2022-10-31 17:30:03,502 INFO  - Processing DEN message (at simulation time 432.033,480,888 s)
2022-10-31 17:30:03,502 INFO  - Route already changed (at simulation time 432.033,480,888 s)
2022-10-31 17:30:03,502 INFO  - Processing DEN message (at simulation time 432.035,619,487 s)
2022-10-31 17:30:03,502 INFO  - Route already changed (at simulation time 432.035,619,487 s)
2022-10-31 17:30:03,515 INFO  - Processing DEN message (at simulation time 433.023,089,094 s)
2022-10-31 17:30:03,515 INFO  - Route already changed (at simulation time 433.023,089,094 s)
2022-10-31 17:30:03,516 INFO  - Processing DEN message (at simulation time 433.024,687,889 s)
2022-10-31 17:30:03,516 INFO  - Route already changed (at simulation time 433.024,687,889 s)
2022-10-31 17:30:03,527 INFO  - Processing DEN message (at simulation time 434.038,889,250 s)
2022-10-31 17:30:03,527 INFO  - Route already changed (at simulation time 434.038,889,250 s)
2022-10-31 17:30:03,527 INFO  - Processing DEN message (at simulation time 434.039,272,555 s)
2022-10-31 17:30:03,527 INFO  - Route already changed (at simulation time 434.039,272,555 s)
2022-10-31 17:30:03,541 INFO  - Processing DEN message (at simulation time 435.033,659,343 s)
2022-10-31 17:30:03,541 INFO  - Route already changed (at simulation time 435.033,659,343 s)
2022-10-31 17:30:03,541 INFO  - Processing DEN message (at simulation time 435.049,856,618 s)
2022-10-31 17:30:03,541 INFO  - Route already changed (at simulation time 435.049,856,618 s)
2022-10-31 17:30:03,552 INFO  - Processing DEN message (at simulation time 436.010,972,696 s)
2022-10-31 17:30:03,552 INFO  - Route already changed (at simulation time 436.010,972,696 s)
2022-10-31 17:30:03,552 INFO  - Processing DEN message (at simulation time 436.028,725,052 s)
2022-10-31 17:30:03,552 INFO  - Route already changed (at simulation time 436.028,725,052 s)
2022-10-31 17:30:03,598 INFO  - Processing DEN message (at simulation time 437.028,815,052 s)
2022-10-31 17:30:03,598 INFO  - Route already changed (at simulation time 437.028,815,052 s)
2022-10-31 17:30:03,598 INFO  - Processing DEN message (at simulation time 437.029,191,403 s)
2022-10-31 17:30:03,598 INFO  - Route already changed (at simulation time 437.029,191,403 s)
2022-10-31 17:30:03,614 INFO  - Processing DEN message (at simulation time 438.019,379,582 s)
2022-10-31 17:30:03,614 INFO  - Route already changed (at simulation time 438.019,379,582 s)
2022-10-31 17:30:03,614 INFO  - Processing DEN message (at simulation time 438.032,303,224 s)
2022-10-31 17:30:03,614 INFO  - Route already changed (at simulation time 438.032,303,224 s)
2022-10-31 17:30:03,629 INFO  - Processing DEN message (at simulation time 439.028,779,282 s)
2022-10-31 17:30:03,629 INFO  - Route already changed (at simulation time 439.028,779,282 s)
2022-10-31 17:30:03,629 INFO  - Processing DEN message (at simulation time 439.043,205,063 s)
2022-10-31 17:30:03,629 INFO  - Route already changed (at simulation time 439.043,205,063 s)
2022-10-31 17:30:03,637 INFO  - Processing DEN message (at simulation time 440.016,037,057 s)
2022-10-31 17:30:03,637 INFO  - Route already changed (at simulation time 440.016,037,057 s)
2022-10-31 17:30:03,637 INFO  - Processing DEN message (at simulation time 440.032,403,791 s)
2022-10-31 17:30:03,637 INFO  - Route already changed (at simulation time 440.032,403,791 s)
2022-10-31 17:30:03,649 INFO  - Processing DEN message (at simulation time 441.028,589,355 s)
2022-10-31 17:30:03,649 INFO  - Route already changed (at simulation time 441.028,589,355 s)
2022-10-31 17:30:03,649 INFO  - Processing DEN message (at simulation time 441.055,596,935 s)
2022-10-31 17:30:03,649 INFO  - Route already changed (at simulation time 441.055,596,935 s)
2022-10-31 17:30:03,657 INFO  - Processing DEN message (at simulation time 442.024,646,258 s)
2022-10-31 17:30:03,657 INFO  - Route already changed (at simulation time 442.024,646,258 s)
2022-10-31 17:30:03,657 INFO  - Processing DEN message (at simulation time 442.028,590,907 s)
2022-10-31 17:30:03,657 INFO  - Route already changed (at simulation time 442.028,590,907 s)
2022-10-31 17:30:03,667 INFO  - Processing DEN message (at simulation time 443.019,231,732 s)
2022-10-31 17:30:03,667 INFO  - Route already changed (at simulation time 443.019,231,732 s)
2022-10-31 17:30:03,667 INFO  - Processing DEN message (at simulation time 443.020,195,314 s)
2022-10-31 17:30:03,667 INFO  - Route already changed (at simulation time 443.020,195,314 s)
2022-10-31 17:30:03,676 INFO  - Processing DEN message (at simulation time 444.024,039,541 s)
2022-10-31 17:30:03,676 INFO  - Route already changed (at simulation time 444.024,039,541 s)
2022-10-31 17:30:03,676 INFO  - Processing DEN message (at simulation time 444.036,823,370 s)
2022-10-31 17:30:03,676 INFO  - Route already changed (at simulation time 444.036,823,370 s)
2022-10-31 17:30:03,687 INFO  - Processing DEN message (at simulation time 445.014,849,425 s)
2022-10-31 17:30:03,687 INFO  - Route already changed (at simulation time 445.014,849,425 s)
2022-10-31 17:30:03,688 INFO  - Processing DEN message (at simulation time 445.035,657,410 s)
2022-10-31 17:30:03,688 INFO  - Route already changed (at simulation time 445.035,657,410 s)
2022-10-31 17:30:03,699 INFO  - Processing DEN message (at simulation time 446.022,130,371 s)
2022-10-31 17:30:03,699 INFO  - Route already changed (at simulation time 446.022,130,371 s)
2022-10-31 17:30:03,699 INFO  - Processing DEN message (at simulation time 446.032,858,591 s)
2022-10-31 17:30:03,699 INFO  - Route already changed (at simulation time 446.032,858,591 s)
2022-10-31 17:30:03,712 INFO  - Processing DEN message (at simulation time 447.013,228,731 s)
2022-10-31 17:30:03,712 INFO  - Route already changed (at simulation time 447.013,228,731 s)
2022-10-31 17:30:03,713 INFO  - Processing DEN message (at simulation time 447.050,485,924 s)
2022-10-31 17:30:03,713 INFO  - Route already changed (at simulation time 447.050,485,924 s)
2022-10-31 17:30:03,721 INFO  - Processing DEN message (at simulation time 448.012,962,960 s)
2022-10-31 17:30:03,721 INFO  - Route already changed (at simulation time 448.012,962,960 s)
2022-10-31 17:30:03,721 INFO  - Processing DEN message (at simulation time 448.025,479,538 s)
2022-10-31 17:30:03,721 INFO  - Route already changed (at simulation time 448.025,479,538 s)
2022-10-31 17:30:03,729 INFO  - Processing DEN message (at simulation time 449.017,323,262 s)
2022-10-31 17:30:03,729 INFO  - Route already changed (at simulation time 449.017,323,262 s)
2022-10-31 17:30:03,729 INFO  - Processing DEN message (at simulation time 449.019,586,347 s)
2022-10-31 17:30:03,729 INFO  - Route already changed (at simulation time 449.019,586,347 s)
2022-10-31 17:30:03,736 INFO  - Processing DEN message (at simulation time 450.018,739,489 s)
2022-10-31 17:30:03,737 INFO  - Route already changed (at simulation time 450.018,739,489 s)
2022-10-31 17:30:03,737 INFO  - Processing DEN message (at simulation time 450.026,799,058 s)
2022-10-31 17:30:03,737 INFO  - Route already changed (at simulation time 450.026,799,058 s)
2022-10-31 17:30:03,745 INFO  - Processing DEN message (at simulation time 451.021,869,327 s)
2022-10-31 17:30:03,745 INFO  - Route already changed (at simulation time 451.021,869,327 s)
2022-10-31 17:30:03,745 INFO  - Processing DEN message (at simulation time 451.048,307,973 s)
2022-10-31 17:30:03,745 INFO  - Route already changed (at simulation time 451.048,307,973 s)
2022-10-31 17:30:03,782 INFO  - Processing DEN message (at simulation time 452.016,579,186 s)
2022-10-31 17:30:03,782 INFO  - Route already changed (at simulation time 452.016,579,186 s)
2022-10-31 17:30:03,782 INFO  - Processing DEN message (at simulation time 452.037,668,555 s)
2022-10-31 17:30:03,782 INFO  - Route already changed (at simulation time 452.037,668,555 s)
2022-10-31 17:30:03,796 INFO  - Processing DEN message (at simulation time 453.010,455,420 s)
2022-10-31 17:30:03,796 INFO  - Route already changed (at simulation time 453.010,455,420 s)
2022-10-31 17:30:03,797 INFO  - Processing DEN message (at simulation time 453.043,279,855 s)
2022-10-31 17:30:03,797 INFO  - Route already changed (at simulation time 453.043,279,855 s)
2022-10-31 17:30:03,807 INFO  - Processing DEN message (at simulation time 454.048,454,600 s)
2022-10-31 17:30:03,807 INFO  - Route already changed (at simulation time 454.048,454,600 s)
2022-10-31 17:30:03,807 INFO  - Processing DEN message (at simulation time 454.050,136,890 s)
2022-10-31 17:30:03,807 INFO  - Route already changed (at simulation time 454.050,136,890 s)
2022-10-31 17:30:03,818 INFO  - Processing DEN message (at simulation time 455.027,452,509 s)
2022-10-31 17:30:03,818 INFO  - Route already changed (at simulation time 455.027,452,509 s)
2022-10-31 17:30:03,818 INFO  - Processing DEN message (at simulation time 455.027,476,942 s)
2022-10-31 17:30:03,818 INFO  - Route already changed (at simulation time 455.027,476,942 s)
2022-10-31 17:30:03,827 INFO  - Processing DEN message (at simulation time 456.027,736,748 s)
2022-10-31 17:30:03,827 INFO  - Route already changed (at simulation time 456.027,736,748 s)
2022-10-31 17:30:03,827 INFO  - Processing DEN message (at simulation time 456.044,300,683 s)
2022-10-31 17:30:03,827 INFO  - Route already changed (at simulation time 456.044,300,683 s)
2022-10-31 17:30:03,838 INFO  - Processing DEN message (at simulation time 457.014,314,307 s)
2022-10-31 17:30:03,838 INFO  - Route already changed (at simulation time 457.014,314,307 s)
2022-10-31 17:30:03,838 INFO  - Processing DEN message (at simulation time 457.035,421,046 s)
2022-10-31 17:30:03,838 INFO  - Route already changed (at simulation time 457.035,421,046 s)
2022-10-31 17:30:03,850 INFO  - Processing DEN message (at simulation time 458.037,455,152 s)
2022-10-31 17:30:03,850 INFO  - Route already changed (at simulation time 458.037,455,152 s)
2022-10-31 17:30:03,850 INFO  - Processing DEN message (at simulation time 458.051,144,906 s)
2022-10-31 17:30:03,850 INFO  - Route already changed (at simulation time 458.051,144,906 s)
2022-10-31 17:30:03,859 INFO  - Processing DEN message (at simulation time 459.029,727,791 s)
2022-10-31 17:30:03,859 INFO  - Route already changed (at simulation time 459.029,727,791 s)
2022-10-31 17:30:03,859 INFO  - Processing DEN message (at simulation time 459.037,134,633 s)
2022-10-31 17:30:03,859 INFO  - Route already changed (at simulation time 459.037,134,633 s)
2022-10-31 17:30:03,869 INFO  - Processing DEN message (at simulation time 460.030,079,634 s)
2022-10-31 17:30:03,869 INFO  - Route already changed (at simulation time 460.030,079,634 s)
2022-10-31 17:30:03,869 INFO  - Processing DEN message (at simulation time 460.031,254,113 s)
2022-10-31 17:30:03,869 INFO  - Route already changed (at simulation time 460.031,254,113 s)
2022-10-31 17:30:03,879 INFO  - Processing DEN message (at simulation time 461.014,018,296 s)
2022-10-31 17:30:03,879 INFO  - Route already changed (at simulation time 461.014,018,296 s)
2022-10-31 17:30:03,879 INFO  - Processing DEN message (at simulation time 461.040,487,098 s)
2022-10-31 17:30:03,879 INFO  - Route already changed (at simulation time 461.040,487,098 s)
2022-10-31 17:30:03,891 INFO  - Processing DEN message (at simulation time 462.030,076,155 s)
2022-10-31 17:30:03,891 INFO  - Route already changed (at simulation time 462.030,076,155 s)
2022-10-31 17:30:03,891 INFO  - Processing DEN message (at simulation time 462.035,084,610 s)
2022-10-31 17:30:03,891 INFO  - Route already changed (at simulation time 462.035,084,610 s)
2022-10-31 17:30:03,905 INFO  - Processing DEN message (at simulation time 463.026,488,926 s)
2022-10-31 17:30:03,905 INFO  - Route already changed (at simulation time 463.026,488,926 s)
2022-10-31 17:30:03,905 INFO  - Processing DEN message (at simulation time 463.028,162,662 s)
2022-10-31 17:30:03,905 INFO  - Route already changed (at simulation time 463.028,162,662 s)
2022-10-31 17:30:03,915 INFO  - Processing DEN message (at simulation time 464.018,409,987 s)
2022-10-31 17:30:03,915 INFO  - Route already changed (at simulation time 464.018,409,987 s)
2022-10-31 17:30:03,915 INFO  - Processing DEN message (at simulation time 464.024,543,471 s)
2022-10-31 17:30:03,915 INFO  - Route already changed (at simulation time 464.024,543,471 s)
2022-10-31 17:30:03,926 INFO  - Processing DEN message (at simulation time 465.015,051,933 s)
2022-10-31 17:30:03,926 INFO  - Route already changed (at simulation time 465.015,051,933 s)
2022-10-31 17:30:03,926 INFO  - Processing DEN message (at simulation time 465.027,139,590 s)
2022-10-31 17:30:03,926 INFO  - Route already changed (at simulation time 465.027,139,590 s)
2022-10-31 17:30:03,936 INFO  - Processing DEN message (at simulation time 466.017,710,144 s)
2022-10-31 17:30:03,936 INFO  - Route already changed (at simulation time 466.017,710,144 s)
2022-10-31 17:30:03,936 INFO  - Processing DEN message (at simulation time 466.073,142,652 s)
2022-10-31 17:30:03,936 INFO  - Route already changed (at simulation time 466.073,142,652 s)
2022-10-31 17:30:03,946 INFO  - Processing DEN message (at simulation time 467.013,545,819 s)
2022-10-31 17:30:03,946 INFO  - Route already changed (at simulation time 467.013,545,819 s)
2022-10-31 17:30:03,946 INFO  - Processing DEN message (at simulation time 467.015,808,349 s)
2022-10-31 17:30:03,946 INFO  - Route already changed (at simulation time 467.015,808,349 s)
2022-10-31 17:30:03,953 INFO  - Processing DEN message (at simulation time 468.021,790,385 s)
2022-10-31 17:30:03,953 INFO  - Route already changed (at simulation time 468.021,790,385 s)
2022-10-31 17:30:03,953 INFO  - Processing DEN message (at simulation time 468.051,118,243 s)
2022-10-31 17:30:03,953 INFO  - Route already changed (at simulation time 468.051,118,243 s)
2022-10-31 17:30:03,990 INFO  - Processing DEN message (at simulation time 469.025,284,437 s)
2022-10-31 17:30:03,990 INFO  - Route already changed (at simulation time 469.025,284,437 s)
2022-10-31 17:30:03,990 INFO  - Processing DEN message (at simulation time 469.032,902,291 s)
2022-10-31 17:30:03,990 INFO  - Route already changed (at simulation time 469.032,902,291 s)
2022-10-31 17:30:04,005 INFO  - Processing DEN message (at simulation time 470.026,528,529 s)
2022-10-31 17:30:04,005 INFO  - Route already changed (at simulation time 470.026,528,529 s)
2022-10-31 17:30:04,006 INFO  - Processing DEN message (at simulation time 470.036,566,191 s)
2022-10-31 17:30:04,006 INFO  - Route already changed (at simulation time 470.036,566,191 s)
2022-10-31 17:30:04,014 INFO  - Processing DEN message (at simulation time 471.022,655,734 s)
2022-10-31 17:30:04,014 INFO  - Route already changed (at simulation time 471.022,655,734 s)
2022-10-31 17:30:04,014 INFO  - Processing DEN message (at simulation time 471.038,299,539 s)
2022-10-31 17:30:04,014 INFO  - Route already changed (at simulation time 471.038,299,539 s)
2022-10-31 17:30:04,025 INFO  - Processing DEN message (at simulation time 472.019,108,269 s)
2022-10-31 17:30:04,025 INFO  - Route already changed (at simulation time 472.019,108,269 s)
2022-10-31 17:30:04,025 INFO  - Processing DEN message (at simulation time 472.025,525,783 s)
2022-10-31 17:30:04,025 INFO  - Route already changed (at simulation time 472.025,525,783 s)
2022-10-31 17:30:04,035 INFO  - Processing DEN message (at simulation time 473.020,498,363 s)
2022-10-31 17:30:04,035 INFO  - Route already changed (at simulation time 473.020,498,363 s)
2022-10-31 17:30:04,035 INFO  - Processing DEN message (at simulation time 473.025,171,651 s)
2022-10-31 17:30:04,035 INFO  - Route already changed (at simulation time 473.025,171,651 s)
2022-10-31 17:30:04,046 INFO  - Processing DEN message (at simulation time 474.011,546,696 s)
2022-10-31 17:30:04,046 INFO  - Route already changed (at simulation time 474.011,546,696 s)
2022-10-31 17:30:04,047 INFO  - Processing DEN message (at simulation time 474.045,404,373 s)
2022-10-31 17:30:04,047 INFO  - Route already changed (at simulation time 474.045,404,373 s)
2022-10-31 17:30:04,057 INFO  - Processing DEN message (at simulation time 475.018,338,275 s)
2022-10-31 17:30:04,057 INFO  - Route already changed (at simulation time 475.018,338,275 s)
2022-10-31 17:30:04,058 INFO  - Processing DEN message (at simulation time 475.047,122,721 s)
2022-10-31 17:30:04,058 INFO  - Route already changed (at simulation time 475.047,122,721 s)
2022-10-31 17:30:04,067 INFO  - Processing DEN message (at simulation time 476.014,894,634 s)
2022-10-31 17:30:04,068 INFO  - Route already changed (at simulation time 476.014,894,634 s)
2022-10-31 17:30:04,068 INFO  - Processing DEN message (at simulation time 476.066,628,870 s)
2022-10-31 17:30:04,068 INFO  - Route already changed (at simulation time 476.066,628,870 s)
2022-10-31 17:30:04,077 INFO  - Processing DEN message (at simulation time 477.012,442,392 s)
2022-10-31 17:30:04,077 INFO  - Route already changed (at simulation time 477.012,442,392 s)
2022-10-31 17:30:04,078 INFO  - Processing DEN message (at simulation time 477.037,560,327 s)
2022-10-31 17:30:04,078 INFO  - Route already changed (at simulation time 477.037,560,327 s)
2022-10-31 17:30:04,087 INFO  - Processing DEN message (at simulation time 478.010,214,935 s)
2022-10-31 17:30:04,087 INFO  - Route already changed (at simulation time 478.010,214,935 s)
2022-10-31 17:30:04,087 INFO  - Processing DEN message (at simulation time 478.025,619,979 s)
2022-10-31 17:30:04,087 INFO  - Route already changed (at simulation time 478.025,619,979 s)
2022-10-31 17:30:04,101 INFO  - Processing DEN message (at simulation time 479.018,561,081 s)
2022-10-31 17:30:04,101 INFO  - Route already changed (at simulation time 479.018,561,081 s)
2022-10-31 17:30:04,101 INFO  - Processing DEN message (at simulation time 479.022,847,788 s)
2022-10-31 17:30:04,101 INFO  - Route already changed (at simulation time 479.022,847,788 s)
2022-10-31 17:30:04,110 INFO  - Processing DEN message (at simulation time 480.014,747,267 s)
2022-10-31 17:30:04,110 INFO  - Route already changed (at simulation time 480.014,747,267 s)
2022-10-31 17:30:04,111 INFO  - Processing DEN message (at simulation time 480.017,759,948 s)
2022-10-31 17:30:04,111 INFO  - Route already changed (at simulation time 480.017,759,948 s)
2022-10-31 17:30:04,121 INFO  - Processing DEN message (at simulation time 481.020,242,482 s)
2022-10-31 17:30:04,121 INFO  - Route already changed (at simulation time 481.020,242,482 s)
2022-10-31 17:30:04,121 INFO  - Processing DEN message (at simulation time 481.030,337,745 s)
2022-10-31 17:30:04,121 INFO  - Route already changed (at simulation time 481.030,337,745 s)
2022-10-31 17:30:04,133 INFO  - Processing DEN message (at simulation time 482.034,596,329 s)
2022-10-31 17:30:04,133 INFO  - Route already changed (at simulation time 482.034,596,329 s)
2022-10-31 17:30:04,133 INFO  - Processing DEN message (at simulation time 482.049,926,122 s)
2022-10-31 17:30:04,133 INFO  - Route already changed (at simulation time 482.049,926,122 s)
2022-10-31 17:30:04,142 INFO  - Processing DEN message (at simulation time 483.026,293,458 s)
2022-10-31 17:30:04,142 INFO  - Route already changed (at simulation time 483.026,293,458 s)
2022-10-31 17:30:04,142 INFO  - Processing DEN message (at simulation time 483.029,858,639 s)
2022-10-31 17:30:04,142 INFO  - Route already changed (at simulation time 483.029,858,639 s)
2022-10-31 17:30:04,152 INFO  - Processing DEN message (at simulation time 484.015,235,952 s)
2022-10-31 17:30:04,152 INFO  - Route already changed (at simulation time 484.015,235,952 s)
2022-10-31 17:30:04,152 INFO  - Processing DEN message (at simulation time 484.043,049,615 s)
2022-10-31 17:30:04,152 INFO  - Route already changed (at simulation time 484.043,049,615 s)
2022-10-31 17:30:04,192 INFO  - Processing DEN message (at simulation time 485.015,567,071 s)
2022-10-31 17:30:04,192 INFO  - Route already changed (at simulation time 485.015,567,071 s)
2022-10-31 17:30:04,192 INFO  - Processing DEN message (at simulation time 485.020,394,835 s)
2022-10-31 17:30:04,192 INFO  - Route already changed (at simulation time 485.020,394,835 s)
2022-10-31 17:30:04,204 INFO  - Processing DEN message (at simulation time 486.011,774,442 s)
2022-10-31 17:30:04,204 INFO  - Route already changed (at simulation time 486.011,774,442 s)
2022-10-31 17:30:04,205 INFO  - Processing DEN message (at simulation time 486.028,928,956 s)
2022-10-31 17:30:04,205 INFO  - Route already changed (at simulation time 486.028,928,956 s)
2022-10-31 17:30:04,219 INFO  - Processing DEN message (at simulation time 487.027,368,983 s)
2022-10-31 17:30:04,219 INFO  - Route already changed (at simulation time 487.027,368,983 s)
2022-10-31 17:30:04,219 INFO  - Processing DEN message (at simulation time 487.039,624,323 s)
2022-10-31 17:30:04,219 INFO  - Route already changed (at simulation time 487.039,624,323 s)
2022-10-31 17:30:04,234 INFO  - Processing DEN message (at simulation time 488.017,042,042 s)
2022-10-31 17:30:04,234 INFO  - Route already changed (at simulation time 488.017,042,042 s)
2022-10-31 17:30:04,235 INFO  - Processing DEN message (at simulation time 488.044,361,560 s)
2022-10-31 17:30:04,235 INFO  - Route already changed (at simulation time 488.044,361,560 s)
2022-10-31 17:30:04,249 INFO  - Processing DEN message (at simulation time 489.026,408,488 s)
2022-10-31 17:30:04,249 INFO  - Route already changed (at simulation time 489.026,408,488 s)
2022-10-31 17:30:04,249 INFO  - Processing DEN message (at simulation time 489.052,559,537 s)
2022-10-31 17:30:04,249 INFO  - Route already changed (at simulation time 489.052,559,537 s)
2022-10-31 17:30:04,259 INFO  - Processing DEN message (at simulation time 490.013,215,094 s)
2022-10-31 17:30:04,259 INFO  - Route already changed (at simulation time 490.013,215,094 s)
2022-10-31 17:30:04,259 INFO  - Processing DEN message (at simulation time 490.032,710,045 s)
2022-10-31 17:30:04,259 INFO  - Route already changed (at simulation time 490.032,710,045 s)
2022-10-31 17:30:04,267 INFO  - Processing DEN message (at simulation time 491.015,163,227 s)
2022-10-31 17:30:04,267 INFO  - Route already changed (at simulation time 491.015,163,227 s)
2022-10-31 17:30:04,268 INFO  - Processing DEN message (at simulation time 491.024,371,996 s)
2022-10-31 17:30:04,268 INFO  - Route already changed (at simulation time 491.024,371,996 s)
2022-10-31 17:30:04,279 INFO  - Processing DEN message (at simulation time 492.020,404,991 s)
2022-10-31 17:30:04,279 INFO  - Route already changed (at simulation time 492.020,404,991 s)
2022-10-31 17:30:04,279 INFO  - Processing DEN message (at simulation time 492.028,943,977 s)
2022-10-31 17:30:04,279 INFO  - Route already changed (at simulation time 492.028,943,977 s)
2022-10-31 17:30:04,290 INFO  - Processing DEN message (at simulation time 493.026,512,794 s)
2022-10-31 17:30:04,290 INFO  - Route already changed (at simulation time 493.026,512,794 s)
2022-10-31 17:30:04,290 INFO  - Processing DEN message (at simulation time 493.027,776,114 s)
2022-10-31 17:30:04,290 INFO  - Route already changed (at simulation time 493.027,776,114 s)
2022-10-31 17:30:04,300 INFO  - Processing DEN message (at simulation time 494.012,559,604 s)
2022-10-31 17:30:04,300 INFO  - Route already changed (at simulation time 494.012,559,604 s)
2022-10-31 17:30:04,301 INFO  - Processing DEN message (at simulation time 494.061,805,427 s)
2022-10-31 17:30:04,301 INFO  - Route already changed (at simulation time 494.061,805,427 s)
2022-10-31 17:30:04,311 INFO  - Processing DEN message (at simulation time 495.016,217,136 s)
2022-10-31 17:30:04,311 INFO  - Route already changed (at simulation time 495.016,217,136 s)
2022-10-31 17:30:04,311 INFO  - Processing DEN message (at simulation time 495.021,487,286 s)
2022-10-31 17:30:04,311 INFO  - Route already changed (at simulation time 495.021,487,286 s)
2022-10-31 17:30:04,321 INFO  - Processing DEN message (at simulation time 496.019,720,051 s)
2022-10-31 17:30:04,321 INFO  - Route already changed (at simulation time 496.019,720,051 s)
2022-10-31 17:30:04,321 INFO  - Processing DEN message (at simulation time 496.034,193,381 s)
2022-10-31 17:30:04,321 INFO  - Route already changed (at simulation time 496.034,193,381 s)
2022-10-31 17:30:04,331 INFO  - Processing DEN message (at simulation time 497.017,729,290 s)
2022-10-31 17:30:04,331 INFO  - Route already changed (at simulation time 497.017,729,290 s)
2022-10-31 17:30:04,331 INFO  - Processing DEN message (at simulation time 497.033,308,294 s)
2022-10-31 17:30:04,332 INFO  - Route already changed (at simulation time 497.033,308,294 s)
2022-10-31 17:30:04,344 INFO  - Processing DEN message (at simulation time 498.017,435,076 s)
2022-10-31 17:30:04,344 INFO  - Route already changed (at simulation time 498.017,435,076 s)
2022-10-31 17:30:04,344 INFO  - Processing DEN message (at simulation time 498.028,902,203 s)
2022-10-31 17:30:04,344 INFO  - Route already changed (at simulation time 498.028,902,203 s)
2022-10-31 17:30:04,354 INFO  - Processing DEN message (at simulation time 499.023,169,706 s)
2022-10-31 17:30:04,354 INFO  - Route already changed (at simulation time 499.023,169,706 s)
2022-10-31 17:30:04,354 INFO  - Processing DEN message (at simulation time 499.032,779,808 s)
2022-10-31 17:30:04,354 INFO  - Route already changed (at simulation time 499.032,779,808 s)
2022-10-31 17:30:04,400 INFO  - Processing DEN message (at simulation time 500.030,352,165 s)
2022-10-31 17:30:04,400 INFO  - Route already changed (at simulation time 500.030,352,165 s)
2022-10-31 17:30:04,400 INFO  - Processing DEN message (at simulation time 500.030,674,163 s)
2022-10-31 17:30:04,400 INFO  - Route already changed (at simulation time 500.030,674,163 s)
2022-10-31 17:30:04,411 INFO  - Processing DEN message (at simulation time 501.020,741,252 s)
2022-10-31 17:30:04,411 INFO  - Route already changed (at simulation time 501.020,741,252 s)
2022-10-31 17:30:04,411 INFO  - Processing DEN message (at simulation time 501.038,020,011 s)
2022-10-31 17:30:04,411 INFO  - Route already changed (at simulation time 501.038,020,011 s)
2022-10-31 17:30:04,421 INFO  - Processing DEN message (at simulation time 502.029,024,841 s)
2022-10-31 17:30:04,421 INFO  - Route already changed (at simulation time 502.029,024,841 s)
2022-10-31 17:30:04,421 INFO  - Processing DEN message (at simulation time 502.038,859,912 s)
2022-10-31 17:30:04,421 INFO  - Route already changed (at simulation time 502.038,859,912 s)
2022-10-31 17:30:04,430 INFO  - Processing DEN message (at simulation time 503.025,796,224 s)
2022-10-31 17:30:04,430 INFO  - Route already changed (at simulation time 503.025,796,224 s)
2022-10-31 17:30:04,430 INFO  - Processing DEN message (at simulation time 503.038,537,757 s)
2022-10-31 17:30:04,430 INFO  - Route already changed (at simulation time 503.038,537,757 s)
2022-10-31 17:30:04,441 INFO  - Processing DEN message (at simulation time 504.014,397,834 s)
2022-10-31 17:30:04,441 INFO  - Route already changed (at simulation time 504.014,397,834 s)
2022-10-31 17:30:04,441 INFO  - Processing DEN message (at simulation time 504.020,850,361 s)
2022-10-31 17:30:04,441 INFO  - Route already changed (at simulation time 504.020,850,361 s)
2022-10-31 17:30:04,448 INFO  - Processing DEN message (at simulation time 505.023,746,411 s)
2022-10-31 17:30:04,448 INFO  - Route already changed (at simulation time 505.023,746,411 s)
2022-10-31 17:30:04,448 INFO  - Processing DEN message (at simulation time 505.025,320,004 s)
2022-10-31 17:30:04,448 INFO  - Route already changed (at simulation time 505.025,320,004 s)
2022-10-31 17:30:04,454 INFO  - Processing DEN message (at simulation time 506.014,965,774 s)
2022-10-31 17:30:04,454 INFO  - Route already changed (at simulation time 506.014,965,774 s)
2022-10-31 17:30:04,454 INFO  - Processing DEN message (at simulation time 506.018,123,345 s)
2022-10-31 17:30:04,454 INFO  - Route already changed (at simulation time 506.018,123,345 s)
2022-10-31 17:30:04,459 INFO  - Processing DEN message (at simulation time 507.016,295,185 s)
2022-10-31 17:30:04,459 INFO  - Route already changed (at simulation time 507.016,295,185 s)
2022-10-31 17:30:04,460 INFO  - Processing DEN message (at simulation time 507.035,998,500 s)
2022-10-31 17:30:04,460 INFO  - Route already changed (at simulation time 507.035,998,500 s)
2022-10-31 17:30:04,470 INFO  - Processing DEN message (at simulation time 508.011,344,635 s)
2022-10-31 17:30:04,470 INFO  - Route already changed (at simulation time 508.011,344,635 s)
2022-10-31 17:30:04,470 INFO  - Processing DEN message (at simulation time 508.032,549,109 s)
2022-10-31 17:30:04,470 INFO  - Route already changed (at simulation time 508.032,549,109 s)
2022-10-31 17:30:04,481 INFO  - Processing DEN message (at simulation time 509.030,129,995 s)
2022-10-31 17:30:04,481 INFO  - Route already changed (at simulation time 509.030,129,995 s)
2022-10-31 17:30:04,482 INFO  - Processing DEN message (at simulation time 509.038,824,315 s)
2022-10-31 17:30:04,482 INFO  - Route already changed (at simulation time 509.038,824,315 s)
2022-10-31 17:30:04,491 INFO  - Processing DEN message (at simulation time 510.023,319,348 s)
2022-10-31 17:30:04,491 INFO  - Route already changed (at simulation time 510.023,319,348 s)
2022-10-31 17:30:04,491 INFO  - Processing DEN message (at simulation time 510.073,710,181 s)
2022-10-31 17:30:04,491 INFO  - Route already changed (at simulation time 510.073,710,181 s)
2022-10-31 17:30:04,499 INFO  - Processing DEN message (at simulation time 511.013,597,730 s)
2022-10-31 17:30:04,499 INFO  - Route already changed (at simulation time 511.013,597,730 s)
2022-10-31 17:30:04,499 INFO  - Processing DEN message (at simulation time 511.024,088,453 s)
2022-10-31 17:30:04,499 INFO  - Route already changed (at simulation time 511.024,088,453 s)
2022-10-31 17:30:04,508 INFO  - Processing DEN message (at simulation time 512.022,099,774 s)
2022-10-31 17:30:04,508 INFO  - Route already changed (at simulation time 512.022,099,774 s)
2022-10-31 17:30:04,509 INFO  - Processing DEN message (at simulation time 512.052,451,052 s)
2022-10-31 17:30:04,509 INFO  - Route already changed (at simulation time 512.052,451,052 s)
2022-10-31 17:30:04,519 INFO  - Processing DEN message (at simulation time 513.029,001,051 s)
2022-10-31 17:30:04,519 INFO  - Route already changed (at simulation time 513.029,001,051 s)
2022-10-31 17:30:04,519 INFO  - Processing DEN message (at simulation time 513.049,312,598 s)
2022-10-31 17:30:04,519 INFO  - Route already changed (at simulation time 513.049,312,598 s)
2022-10-31 17:30:04,528 INFO  - Processing DEN message (at simulation time 514.017,048,880 s)
2022-10-31 17:30:04,528 INFO  - Route already changed (at simulation time 514.017,048,880 s)
2022-10-31 17:30:04,528 INFO  - Processing DEN message (at simulation time 514.037,462,482 s)
2022-10-31 17:30:04,528 INFO  - Route already changed (at simulation time 514.037,462,482 s)
2022-10-31 17:30:04,537 INFO  - Processing DEN message (at simulation time 515.013,616,608 s)
2022-10-31 17:30:04,537 INFO  - Route already changed (at simulation time 515.013,616,608 s)
2022-10-31 17:30:04,537 INFO  - Processing DEN message (at simulation time 515.040,736,199 s)
2022-10-31 17:30:04,537 INFO  - Route already changed (at simulation time 515.040,736,199 s)
2022-10-31 17:30:04,545 INFO  - Processing DEN message (at simulation time 516.015,123,714 s)
2022-10-31 17:30:04,545 INFO  - Route already changed (at simulation time 516.015,123,714 s)
2022-10-31 17:30:04,545 INFO  - Processing DEN message (at simulation time 516.017,485,307 s)
2022-10-31 17:30:04,545 INFO  - Route already changed (at simulation time 516.017,485,307 s)
2022-10-31 17:30:04,552 INFO  - Processing DEN message (at simulation time 517.032,509,812 s)
2022-10-31 17:30:04,552 INFO  - Route already changed (at simulation time 517.032,509,812 s)
2022-10-31 17:30:04,552 INFO  - Processing DEN message (at simulation time 517.042,360,273 s)
2022-10-31 17:30:04,552 INFO  - Route already changed (at simulation time 517.042,360,273 s)
2022-10-31 17:30:04,600 INFO  - Processing DEN message (at simulation time 518.025,479,669 s)
2022-10-31 17:30:04,600 INFO  - Route already changed (at simulation time 518.025,479,669 s)
2022-10-31 17:30:04,600 INFO  - Processing DEN message (at simulation time 518.041,146,270 s)
2022-10-31 17:30:04,600 INFO  - Route already changed (at simulation time 518.041,146,270 s)
2022-10-31 17:30:04,612 INFO  - Processing DEN message (at simulation time 519.016,964,672 s)
2022-10-31 17:30:04,612 INFO  - Route already changed (at simulation time 519.016,964,672 s)
2022-10-31 17:30:04,612 INFO  - Processing DEN message (at simulation time 519.018,063,393 s)
2022-10-31 17:30:04,612 INFO  - Route already changed (at simulation time 519.018,063,393 s)
2022-10-31 17:30:04,623 INFO  - Processing DEN message (at simulation time 520.019,839,646 s)
2022-10-31 17:30:04,623 INFO  - Route already changed (at simulation time 520.019,839,646 s)
2022-10-31 17:30:04,623 INFO  - Processing DEN message (at simulation time 520.020,650,481 s)
2022-10-31 17:30:04,623 INFO  - Route already changed (at simulation time 520.020,650,481 s)
2022-10-31 17:30:04,633 INFO  - Processing DEN message (at simulation time 521.020,796,488 s)
2022-10-31 17:30:04,633 INFO  - Route already changed (at simulation time 521.020,796,488 s)
2022-10-31 17:30:04,634 INFO  - Processing DEN message (at simulation time 521.027,383,086 s)
2022-10-31 17:30:04,634 INFO  - Route already changed (at simulation time 521.027,383,086 s)
2022-10-31 17:30:04,646 INFO  - Processing DEN message (at simulation time 522.020,384,024 s)
2022-10-31 17:30:04,646 INFO  - Route already changed (at simulation time 522.020,384,024 s)
2022-10-31 17:30:04,647 INFO  - Processing DEN message (at simulation time 522.032,115,720 s)
2022-10-31 17:30:04,647 INFO  - Route already changed (at simulation time 522.032,115,720 s)
2022-10-31 17:30:04,658 INFO  - Processing DEN message (at simulation time 523.026,036,678 s)
2022-10-31 17:30:04,658 INFO  - Route already changed (at simulation time 523.026,036,678 s)
2022-10-31 17:30:04,658 INFO  - Processing DEN message (at simulation time 523.046,777,230 s)
2022-10-31 17:30:04,658 INFO  - Route already changed (at simulation time 523.046,777,230 s)
2022-10-31 17:30:04,670 INFO  - Processing DEN message (at simulation time 524.017,487,555 s)
2022-10-31 17:30:04,670 INFO  - Route already changed (at simulation time 524.017,487,555 s)
2022-10-31 17:30:04,670 INFO  - Processing DEN message (at simulation time 524.050,089,205 s)
2022-10-31 17:30:04,670 INFO  - Route already changed (at simulation time 524.050,089,205 s)
2022-10-31 17:30:04,678 INFO  - Processing DEN message (at simulation time 525.017,900,517 s)
2022-10-31 17:30:04,678 INFO  - Route already changed (at simulation time 525.017,900,517 s)
2022-10-31 17:30:04,678 INFO  - Processing DEN message (at simulation time 525.028,771,772 s)
2022-10-31 17:30:04,678 INFO  - Route already changed (at simulation time 525.028,771,772 s)
2022-10-31 17:30:04,684 INFO  - Processing DEN message (at simulation time 526.019,782,000 s)
2022-10-31 17:30:04,684 INFO  - Route already changed (at simulation time 526.019,782,000 s)
2022-10-31 17:30:04,684 INFO  - Processing DEN message (at simulation time 526.039,643,461 s)
2022-10-31 17:30:04,684 INFO  - Route already changed (at simulation time 526.039,643,461 s)
2022-10-31 17:30:04,692 INFO  - Processing DEN message (at simulation time 527.040,530,344 s)
2022-10-31 17:30:04,692 INFO  - Route already changed (at simulation time 527.040,530,344 s)
2022-10-31 17:30:04,692 INFO  - Processing DEN message (at simulation time 527.047,259,854 s)
2022-10-31 17:30:04,692 INFO  - Route already changed (at simulation time 527.047,259,854 s)
2022-10-31 17:30:04,699 INFO  - Processing DEN message (at simulation time 528.018,407,449 s)
2022-10-31 17:30:04,699 INFO  - Route already changed (at simulation time 528.018,407,449 s)
2022-10-31 17:30:04,699 INFO  - Processing DEN message (at simulation time 528.029,179,537 s)
2022-10-31 17:30:04,699 INFO  - Route already changed (at simulation time 528.029,179,537 s)
2022-10-31 17:30:04,708 INFO  - Processing DEN message (at simulation time 529.025,472,775 s)
2022-10-31 17:30:04,708 INFO  - Route already changed (at simulation time 529.025,472,775 s)
2022-10-31 17:30:04,708 INFO  - Processing DEN message (at simulation time 529.028,542,410 s)
2022-10-31 17:30:04,708 INFO  - Route already changed (at simulation time 529.028,542,410 s)
2022-10-31 17:30:04,713 INFO  - Processing DEN message (at simulation time 530.013,507,275 s)
2022-10-31 17:30:04,713 INFO  - Route already changed (at simulation time 530.013,507,275 s)
2022-10-31 17:30:04,714 INFO  - Processing DEN message (at simulation time 530.028,789,175 s)
2022-10-31 17:30:04,714 INFO  - Route already changed (at simulation time 530.028,789,175 s)
2022-10-31 17:30:04,719 INFO  - Processing DEN message (at simulation time 531.025,545,479 s)
2022-10-31 17:30:04,719 INFO  - Route already changed (at simulation time 531.025,545,479 s)
2022-10-31 17:30:04,719 INFO  - Processing DEN message (at simulation time 531.044,065,250 s)
2022-10-31 17:30:04,719 INFO  - Route already changed (at simulation time 531.044,065,250 s)
2022-10-31 17:30:04,724 INFO  - Processing DEN message (at simulation time 532.013,873,746 s)
2022-10-31 17:30:04,724 INFO  - Route already changed (at simulation time 532.013,873,746 s)
2022-10-31 17:30:04,724 INFO  - Processing DEN message (at simulation time 532.017,495,073 s)
2022-10-31 17:30:04,724 INFO  - Route already changed (at simulation time 532.017,495,073 s)
2022-10-31 17:30:04,730 INFO  - Processing DEN message (at simulation time 533.030,094,347 s)
2022-10-31 17:30:04,730 INFO  - Route already changed (at simulation time 533.030,094,347 s)
2022-10-31 17:30:04,730 INFO  - Processing DEN message (at simulation time 533.052,534,039 s)
2022-10-31 17:30:04,730 INFO  - Route already changed (at simulation time 533.052,534,039 s)
2022-10-31 17:30:04,735 INFO  - Processing DEN message (at simulation time 534.026,666,514 s)
2022-10-31 17:30:04,735 INFO  - Route already changed (at simulation time 534.026,666,514 s)
2022-10-31 17:30:04,735 INFO  - Processing DEN message (at simulation time 534.039,415,153 s)
2022-10-31 17:30:04,735 INFO  - Route already changed (at simulation time 534.039,415,153 s)
2022-10-31 17:30:04,740 INFO  - Processing DEN message (at simulation time 535.017,727,643 s)
2022-10-31 17:30:04,740 INFO  - Route already changed (at simulation time 535.017,727,643 s)
2022-10-31 17:30:04,740 INFO  - Processing DEN message (at simulation time 535.021,868,168 s)
2022-10-31 17:30:04,740 INFO  - Route already changed (at simulation time 535.021,868,168 s)
2022-10-31 17:30:04,746 INFO  - Processing DEN message (at simulation time 536.012,591,010 s)
2022-10-31 17:30:04,746 INFO  - Route already changed (at simulation time 536.012,591,010 s)
2022-10-31 17:30:04,746 INFO  - Processing DEN message (at simulation time 536.018,863,799 s)
2022-10-31 17:30:04,746 INFO  - Route already changed (at simulation time 536.018,863,799 s)
2022-10-31 17:30:04,757 INFO  - Processing DEN message (at simulation time 537.013,047,856 s)
2022-10-31 17:30:04,757 INFO  - Route already changed (at simulation time 537.013,047,856 s)
2022-10-31 17:30:04,757 INFO  - Processing DEN message (at simulation time 537.016,088,345 s)
2022-10-31 17:30:04,757 INFO  - Route already changed (at simulation time 537.016,088,345 s)
2022-10-31 17:30:04,810 INFO  - Processing DEN message (at simulation time 538.025,921,080 s)
2022-10-31 17:30:04,810 INFO  - Route already changed (at simulation time 538.025,921,080 s)
2022-10-31 17:30:04,810 INFO  - Processing DEN message (at simulation time 538.035,579,097 s)
2022-10-31 17:30:04,810 INFO  - Route already changed (at simulation time 538.035,579,097 s)
2022-10-31 17:30:04,817 INFO  - Processing DEN message (at simulation time 539.025,159,770 s)
2022-10-31 17:30:04,817 INFO  - Route already changed (at simulation time 539.025,159,770 s)
2022-10-31 17:30:04,817 INFO  - Processing DEN message (at simulation time 539.065,585,664 s)
2022-10-31 17:30:04,817 INFO  - Route already changed (at simulation time 539.065,585,664 s)
2022-10-31 17:30:04,824 INFO  - Processing DEN message (at simulation time 540.015,160,284 s)
2022-10-31 17:30:04,824 INFO  - Route already changed (at simulation time 540.015,160,284 s)
2022-10-31 17:30:04,825 INFO  - Processing DEN message (at simulation time 540.041,817,393 s)
2022-10-31 17:30:04,825 INFO  - Route already changed (at simulation time 540.041,817,393 s)
2022-10-31 17:30:04,830 INFO  - Processing DEN message (at simulation time 541.024,203,654 s)
2022-10-31 17:30:04,830 INFO  - Route already changed (at simulation time 541.024,203,654 s)
2022-10-31 17:30:04,830 INFO  - Processing DEN message (at simulation time 541.030,250,804 s)
2022-10-31 17:30:04,830 INFO  - Route already changed (at simulation time 541.030,250,804 s)
2022-10-31 17:30:04,834 INFO  - Processing DEN message (at simulation time 542.025,857,953 s)
2022-10-31 17:30:04,835 INFO  - Route already changed (at simulation time 542.025,857,953 s)
2022-10-31 17:30:04,835 INFO  - Processing DEN message (at simulation time 542.030,174,285 s)
2022-10-31 17:30:04,835 INFO  - Route already changed (at simulation time 542.030,174,285 s)
2022-10-31 17:30:04,839 INFO  - Processing DEN message (at simulation time 543.017,491,757 s)
2022-10-31 17:30:04,839 INFO  - Route already changed (at simulation time 543.017,491,757 s)
2022-10-31 17:30:04,840 INFO  - Processing DEN message (at simulation time 543.025,779,153 s)
2022-10-31 17:30:04,840 INFO  - Route already changed (at simulation time 543.025,779,153 s)
2022-10-31 17:30:04,844 INFO  - Processing DEN message (at simulation time 544.014,462,451 s)
2022-10-31 17:30:04,844 INFO  - Route already changed (at simulation time 544.014,462,451 s)
2022-10-31 17:30:04,844 INFO  - Processing DEN message (at simulation time 544.038,322,176 s)
2022-10-31 17:30:04,844 INFO  - Route already changed (at simulation time 544.038,322,176 s)
2022-10-31 17:30:04,849 INFO  - Processing DEN message (at simulation time 545.014,345,868 s)
2022-10-31 17:30:04,849 INFO  - Route already changed (at simulation time 545.014,345,868 s)
2022-10-31 17:30:04,849 INFO  - Processing DEN message (at simulation time 545.023,044,131 s)
2022-10-31 17:30:04,849 INFO  - Route already changed (at simulation time 545.023,044,131 s)
2022-10-31 17:30:04,856 INFO  - Processing DEN message (at simulation time 546.024,328,092 s)
2022-10-31 17:30:04,856 INFO  - Route already changed (at simulation time 546.024,328,092 s)
2022-10-31 17:30:04,856 INFO  - Processing DEN message (at simulation time 546.051,572,500 s)
2022-10-31 17:30:04,856 INFO  - Route already changed (at simulation time 546.051,572,500 s)
2022-10-31 17:30:04,861 INFO  - Processing DEN message (at simulation time 547.011,963,045 s)
2022-10-31 17:30:04,861 INFO  - Route already changed (at simulation time 547.011,963,045 s)
2022-10-31 17:30:04,861 INFO  - Processing DEN message (at simulation time 547.012,312,744 s)
2022-10-31 17:30:04,861 INFO  - Route already changed (at simulation time 547.012,312,744 s)
2022-10-31 17:30:04,866 INFO  - Processing DEN message (at simulation time 548.018,070,462 s)
2022-10-31 17:30:04,866 INFO  - Route already changed (at simulation time 548.018,070,462 s)
2022-10-31 17:30:04,866 INFO  - Processing DEN message (at simulation time 548.034,266,436 s)
2022-10-31 17:30:04,866 INFO  - Route already changed (at simulation time 548.034,266,436 s)
2022-10-31 17:30:04,871 INFO  - Processing DEN message (at simulation time 549.015,865,226 s)
2022-10-31 17:30:04,871 INFO  - Route already changed (at simulation time 549.015,865,226 s)
2022-10-31 17:30:04,871 INFO  - Processing DEN message (at simulation time 549.033,287,242 s)
2022-10-31 17:30:04,871 INFO  - Route already changed (at simulation time 549.033,287,242 s)
2022-10-31 17:30:04,876 INFO  - Processing DEN message (at simulation time 550.021,297,639 s)
2022-10-31 17:30:04,876 INFO  - Route already changed (at simulation time 550.021,297,639 s)
2022-10-31 17:30:04,876 INFO  - Processing DEN message (at simulation time 550.021,761,125 s)
2022-10-31 17:30:04,876 INFO  - Route already changed (at simulation time 550.021,761,125 s)
2022-10-31 17:30:04,881 INFO  - Processing DEN message (at simulation time 551.011,214,534 s)
2022-10-31 17:30:04,881 INFO  - Route already changed (at simulation time 551.011,214,534 s)
2022-10-31 17:30:04,881 INFO  - Processing DEN message (at simulation time 551.033,315,244 s)
2022-10-31 17:30:04,881 INFO  - Route already changed (at simulation time 551.033,315,244 s)
2022-10-31 17:30:04,886 INFO  - Processing DEN message (at simulation time 552.013,104,277 s)
2022-10-31 17:30:04,886 INFO  - Route already changed (at simulation time 552.013,104,277 s)
2022-10-31 17:30:04,887 INFO  - Processing DEN message (at simulation time 552.029,832,745 s)
2022-10-31 17:30:04,887 INFO  - Route already changed (at simulation time 552.029,832,745 s)
2022-10-31 17:30:04,894 INFO  - Processing DEN message (at simulation time 553.018,142,896 s)
2022-10-31 17:30:04,894 INFO  - Route already changed (at simulation time 553.018,142,896 s)
2022-10-31 17:30:04,894 INFO  - Processing DEN message (at simulation time 553.019,623,954 s)
2022-10-31 17:30:04,894 INFO  - Route already changed (at simulation time 553.019,623,954 s)
2022-10-31 17:30:04,899 INFO  - Processing DEN message (at simulation time 554.036,862,908 s)
2022-10-31 17:30:04,899 INFO  - Route already changed (at simulation time 554.036,862,908 s)
2022-10-31 17:30:04,899 INFO  - Processing DEN message (at simulation time 554.039,943,268 s)
2022-10-31 17:30:04,899 INFO  - Route already changed (at simulation time 554.039,943,268 s)
2022-10-31 17:30:04,906 INFO  - Processing DEN message (at simulation time 555.012,410,444 s)
2022-10-31 17:30:04,906 INFO  - Route already changed (at simulation time 555.012,410,444 s)
2022-10-31 17:30:04,906 INFO  - Processing DEN message (at simulation time 555.020,189,254 s)
2022-10-31 17:30:04,906 INFO  - Route already changed (at simulation time 555.020,189,254 s)
2022-10-31 17:30:04,911 INFO  - Processing DEN message (at simulation time 556.034,091,565 s)
2022-10-31 17:30:04,911 INFO  - Route already changed (at simulation time 556.034,091,565 s)
2022-10-31 17:30:04,911 INFO  - Processing DEN message (at simulation time 556.052,877,409 s)
2022-10-31 17:30:04,911 INFO  - Route already changed (at simulation time 556.052,877,409 s)
2022-10-31 17:30:04,915 INFO  - Processing DEN message (at simulation time 557.010,895,815 s)
2022-10-31 17:30:04,915 INFO  - Route already changed (at simulation time 557.010,895,815 s)
2022-10-31 17:30:04,915 INFO  - Processing DEN message (at simulation time 557.057,478,923 s)
2022-10-31 17:30:04,915 INFO  - Route already changed (at simulation time 557.057,478,923 s)
2022-10-31 17:30:04,919 INFO  - Processing DEN message (at simulation time 558.016,398,697 s)
2022-10-31 17:30:04,919 INFO  - Route already changed (at simulation time 558.016,398,697 s)
2022-10-31 17:30:04,919 INFO  - Processing DEN message (at simulation time 558.025,799,024 s)
2022-10-31 17:30:04,919 INFO  - Route already changed (at simulation time 558.025,799,024 s)
2022-10-31 17:30:04,925 INFO  - Processing DEN message (at simulation time 559.020,158,747 s)
2022-10-31 17:30:04,926 INFO  - Route already changed (at simulation time 559.020,158,747 s)
2022-10-31 17:30:04,926 INFO  - Processing DEN message (at simulation time 559.124,915,913 s)
2022-10-31 17:30:04,926 INFO  - Route already changed (at simulation time 559.124,915,913 s)
2022-10-31 17:30:04,932 INFO  - Processing DEN message (at simulation time 560.034,518,710 s)
2022-10-31 17:30:04,932 INFO  - Route already changed (at simulation time 560.034,518,710 s)
2022-10-31 17:30:04,932 INFO  - Processing DEN message (at simulation time 560.036,901,687 s)
2022-10-31 17:30:04,932 INFO  - Route already changed (at simulation time 560.036,901,687 s)
2022-10-31 17:30:04,941 INFO  - Processing DEN message (at simulation time 561.010,853,975 s)
2022-10-31 17:30:04,941 INFO  - Route already changed (at simulation time 561.010,853,975 s)
2022-10-31 17:30:04,941 INFO  - Processing DEN message (at simulation time 561.017,335,114 s)
2022-10-31 17:30:04,941 INFO  - Route already changed (at simulation time 561.017,335,114 s)
2022-10-31 17:30:04,947 INFO  - Processing DEN message (at simulation time 562.020,504,810 s)
2022-10-31 17:30:04,947 INFO  - Route already changed (at simulation time 562.020,504,810 s)
2022-10-31 17:30:04,947 INFO  - Processing DEN message (at simulation time 562.022,204,737 s)
2022-10-31 17:30:04,947 INFO  - Route already changed (at simulation time 562.022,204,737 s)
2022-10-31 17:30:04,954 INFO  - Processing DEN message (at simulation time 563.011,022,457 s)
2022-10-31 17:30:04,954 INFO  - Route already changed (at simulation time 563.011,022,457 s)
2022-10-31 17:30:04,954 INFO  - Processing DEN message (at simulation time 563.018,318,080 s)
2022-10-31 17:30:04,954 INFO  - Route already changed (at simulation time 563.018,318,080 s)
2022-10-31 17:30:04,959 INFO  - Processing DEN message (at simulation time 564.018,750,313 s)
2022-10-31 17:30:04,959 INFO  - Route already changed (at simulation time 564.018,750,313 s)
2022-10-31 17:30:04,959 INFO  - Processing DEN message (at simulation time 564.023,948,744 s)
2022-10-31 17:30:04,959 INFO  - Route already changed (at simulation time 564.023,948,744 s)
2022-10-31 17:30:04,998 INFO  - Processing DEN message (at simulation time 565.027,290,642 s)
2022-10-31 17:30:04,998 INFO  - Route already changed (at simulation time 565.027,290,642 s)
2022-10-31 17:30:04,998 INFO  - Processing DEN message (at simulation time 565.040,677,640 s)
2022-10-31 17:30:04,998 INFO  - Route already changed (at simulation time 565.040,677,640 s)
2022-10-31 17:30:05,005 INFO  - Processing DEN message (at simulation time 566.022,646,945 s)
2022-10-31 17:30:05,005 INFO  - Route already changed (at simulation time 566.022,646,945 s)
2022-10-31 17:30:05,005 INFO  - Processing DEN message (at simulation time 566.030,865,259 s)
2022-10-31 17:30:05,005 INFO  - Route already changed (at simulation time 566.030,865,259 s)
2022-10-31 17:30:05,014 INFO  - Processing DEN message (at simulation time 567.045,030,229 s)
2022-10-31 17:30:05,014 INFO  - Route already changed (at simulation time 567.045,030,229 s)
2022-10-31 17:30:05,014 INFO  - Processing DEN message (at simulation time 567.048,075,295 s)
2022-10-31 17:30:05,014 INFO  - Route already changed (at simulation time 567.048,075,295 s)
2022-10-31 17:30:05,019 INFO  - Processing DEN message (at simulation time 568.022,793,374 s)
2022-10-31 17:30:05,019 INFO  - Route already changed (at simulation time 568.022,793,374 s)
2022-10-31 17:30:05,019 INFO  - Processing DEN message (at simulation time 568.037,483,297 s)
2022-10-31 17:30:05,019 INFO  - Route already changed (at simulation time 568.037,483,297 s)
2022-10-31 17:30:05,025 INFO  - Processing DEN message (at simulation time 569.018,165,130 s)
2022-10-31 17:30:05,025 INFO  - Route already changed (at simulation time 569.018,165,130 s)
2022-10-31 17:30:05,025 INFO  - Processing DEN message (at simulation time 569.030,108,549 s)
2022-10-31 17:30:05,025 INFO  - Route already changed (at simulation time 569.030,108,549 s)
2022-10-31 17:30:05,031 INFO  - Processing DEN message (at simulation time 570.019,030,521 s)
2022-10-31 17:30:05,031 INFO  - Route already changed (at simulation time 570.019,030,521 s)
2022-10-31 17:30:05,031 INFO  - Processing DEN message (at simulation time 570.020,749,774 s)
2022-10-31 17:30:05,031 INFO  - Route already changed (at simulation time 570.020,749,774 s)
2022-10-31 17:30:05,036 INFO  - Processing DEN message (at simulation time 571.047,000,469 s)
2022-10-31 17:30:05,036 INFO  - Route already changed (at simulation time 571.047,000,469 s)
2022-10-31 17:30:05,036 INFO  - Processing DEN message (at simulation time 571.051,094,251 s)
2022-10-31 17:30:05,036 INFO  - Route already changed (at simulation time 571.051,094,251 s)
2022-10-31 17:30:05,039 INFO  - Processing DEN message (at simulation time 572.014,001,714 s)
2022-10-31 17:30:05,039 INFO  - Route already changed (at simulation time 572.014,001,714 s)
2022-10-31 17:30:05,039 INFO  - Processing DEN message (at simulation time 572.016,465,066 s)
2022-10-31 17:30:05,039 INFO  - Route already changed (at simulation time 572.016,465,066 s)
2022-10-31 17:30:05,043 INFO  - Processing DEN message (at simulation time 573.030,239,440 s)
2022-10-31 17:30:05,043 INFO  - Route already changed (at simulation time 573.030,239,440 s)
2022-10-31 17:30:05,043 INFO  - Processing DEN message (at simulation time 573.037,310,112 s)
2022-10-31 17:30:05,043 INFO  - Route already changed (at simulation time 573.037,310,112 s)
2022-10-31 17:30:05,050 INFO  - Processing DEN message (at simulation time 574.014,565,939 s)
2022-10-31 17:30:05,050 INFO  - Route already changed (at simulation time 574.014,565,939 s)
2022-10-31 17:30:05,050 INFO  - Processing DEN message (at simulation time 574.020,306,038 s)
2022-10-31 17:30:05,050 INFO  - Route already changed (at simulation time 574.020,306,038 s)
2022-10-31 17:30:05,057 INFO  - Processing DEN message (at simulation time 575.027,101,791 s)
2022-10-31 17:30:05,057 INFO  - Route already changed (at simulation time 575.027,101,791 s)
2022-10-31 17:30:05,057 INFO  - Processing DEN message (at simulation time 575.038,056,663 s)
2022-10-31 17:30:05,057 INFO  - Route already changed (at simulation time 575.038,056,663 s)
2022-10-31 17:30:05,063 INFO  - Processing DEN message (at simulation time 576.023,775,946 s)
2022-10-31 17:30:05,063 INFO  - Route already changed (at simulation time 576.023,775,946 s)
2022-10-31 17:30:05,063 INFO  - Processing DEN message (at simulation time 576.026,338,561 s)
2022-10-31 17:30:05,063 INFO  - Route already changed (at simulation time 576.026,338,561 s)
2022-10-31 17:30:05,068 INFO  - Processing DEN message (at simulation time 577.039,950,017 s)
2022-10-31 17:30:05,068 INFO  - Route already changed (at simulation time 577.039,950,017 s)
2022-10-31 17:30:05,068 INFO  - Processing DEN message (at simulation time 577.046,096,055 s)
2022-10-31 17:30:05,068 INFO  - Route already changed (at simulation time 577.046,096,055 s)
2022-10-31 17:30:05,073 INFO  - Processing DEN message (at simulation time 578.032,948,033 s)
2022-10-31 17:30:05,073 INFO  - Route already changed (at simulation time 578.032,948,033 s)
2022-10-31 17:30:05,073 INFO  - Processing DEN message (at simulation time 578.034,331,021 s)
2022-10-31 17:30:05,073 INFO  - Route already changed (at simulation time 578.034,331,021 s)
2022-10-31 17:30:05,079 INFO  - Processing DEN message (at simulation time 579.023,689,171 s)
2022-10-31 17:30:05,079 INFO  - Route already changed (at simulation time 579.023,689,171 s)
2022-10-31 17:30:05,079 INFO  - Processing DEN message (at simulation time 579.032,294,780 s)
2022-10-31 17:30:05,079 INFO  - Route already changed (at simulation time 579.032,294,780 s)
2022-10-31 17:30:05,083 INFO  - Processing DEN message (at simulation time 580.040,484,381 s)
2022-10-31 17:30:05,083 INFO  - Route already changed (at simulation time 580.040,484,381 s)
2022-10-31 17:30:05,083 INFO  - Processing DEN message (at simulation time 580.051,598,382 s)
2022-10-31 17:30:05,083 INFO  - Route already changed (at simulation time 580.051,598,382 s)
2022-10-31 17:30:05,088 INFO  - Processing DEN message (at simulation time 581.016,086,422 s)
2022-10-31 17:30:05,088 INFO  - Route already changed (at simulation time 581.016,086,422 s)
2022-10-31 17:30:05,088 INFO  - Processing DEN message (at simulation time 581.016,128,133 s)
2022-10-31 17:30:05,088 INFO  - Route already changed (at simulation time 581.016,128,133 s)
2022-10-31 17:30:05,094 INFO  - Processing DEN message (at simulation time 582.017,550,461 s)
2022-10-31 17:30:05,094 INFO  - Route already changed (at simulation time 582.017,550,461 s)
2022-10-31 17:30:05,094 INFO  - Processing DEN message (at simulation time 582.035,771,953 s)
2022-10-31 17:30:05,094 INFO  - Route already changed (at simulation time 582.035,771,953 s)
2022-10-31 17:30:05,099 INFO  - Processing DEN message (at simulation time 583.025,812,056 s)
2022-10-31 17:30:05,099 INFO  - Route already changed (at simulation time 583.025,812,056 s)
2022-10-31 17:30:05,099 INFO  - Processing DEN message (at simulation time 583.029,732,417 s)
2022-10-31 17:30:05,099 INFO  - Route already changed (at simulation time 583.029,732,417 s)
2022-10-31 17:30:05,103 INFO  - Processing DEN message (at simulation time 584.032,982,663 s)
2022-10-31 17:30:05,103 INFO  - Route already changed (at simulation time 584.032,982,663 s)
2022-10-31 17:30:05,103 INFO  - Processing DEN message (at simulation time 584.038,695,866 s)
2022-10-31 17:30:05,103 INFO  - Route already changed (at simulation time 584.038,695,866 s)
2022-10-31 17:30:05,108 INFO  - Processing DEN message (at simulation time 585.038,595,053 s)
2022-10-31 17:30:05,108 INFO  - Route already changed (at simulation time 585.038,595,053 s)
2022-10-31 17:30:05,108 INFO  - Processing DEN message (at simulation time 585.053,627,074 s)
2022-10-31 17:30:05,108 INFO  - Route already changed (at simulation time 585.053,627,074 s)
2022-10-31 17:30:05,113 INFO  - Processing DEN message (at simulation time 586.018,387,950 s)
2022-10-31 17:30:05,113 INFO  - Route already changed (at simulation time 586.018,387,950 s)
2022-10-31 17:30:05,113 INFO  - Processing DEN message (at simulation time 586.026,597,462 s)
2022-10-31 17:30:05,113 INFO  - Route already changed (at simulation time 586.026,597,462 s)
2022-10-31 17:30:05,116 INFO  - Processing DEN message (at simulation time 587.014,622,332 s)
2022-10-31 17:30:05,116 INFO  - Route already changed (at simulation time 587.014,622,332 s)
2022-10-31 17:30:05,116 INFO  - Processing DEN message (at simulation time 587.016,671,615 s)
2022-10-31 17:30:05,116 INFO  - Route already changed (at simulation time 587.016,671,615 s)
2022-10-31 17:30:05,120 INFO  - Processing DEN message (at simulation time 588.030,207,837 s)
2022-10-31 17:30:05,120 INFO  - Route already changed (at simulation time 588.030,207,837 s)
2022-10-31 17:30:05,120 INFO  - Processing DEN message (at simulation time 588.051,815,689 s)
2022-10-31 17:30:05,120 INFO  - Route already changed (at simulation time 588.051,815,689 s)
2022-10-31 17:30:05,124 INFO  - Processing DEN message (at simulation time 589.015,365,978 s)
2022-10-31 17:30:05,124 INFO  - Route already changed (at simulation time 589.015,365,978 s)
2022-10-31 17:30:05,124 INFO  - Processing DEN message (at simulation time 589.030,796,173 s)
2022-10-31 17:30:05,124 INFO  - Route already changed (at simulation time 589.030,796,173 s)
2022-10-31 17:30:05,129 INFO  - Processing DEN message (at simulation time 590.049,080,635 s)
2022-10-31 17:30:05,129 INFO  - Route already changed (at simulation time 590.049,080,635 s)
2022-10-31 17:30:05,134 INFO  - Processing DEN message (at simulation time 591.021,324,642 s)
2022-10-31 17:30:05,134 INFO  - Route already changed (at simulation time 591.021,324,642 s)
2022-10-31 17:30:05,138 INFO  - Processing DEN message (at simulation time 592.068,121,695 s)
2022-10-31 17:30:05,138 INFO  - Route already changed (at simulation time 592.068,121,695 s)
2022-10-31 17:30:05,141 INFO  - Processing DEN message (at simulation time 593.032,728,302 s)
2022-10-31 17:30:05,141 INFO  - Route already changed (at simulation time 593.032,728,302 s)
2022-10-31 17:30:05,145 INFO  - Processing DEN message (at simulation time 594.039,468,296 s)
2022-10-31 17:30:05,145 INFO  - Route already changed (at simulation time 594.039,468,296 s)
2022-10-31 17:30:05,149 INFO  - Processing DEN message (at simulation time 595.042,176,250 s)
2022-10-31 17:30:05,149 INFO  - Route already changed (at simulation time 595.042,176,250 s)
2022-10-31 17:30:05,190 INFO  - Processing DEN message (at simulation time 596.026,136,263 s)
2022-10-31 17:30:05,190 INFO  - Route already changed (at simulation time 596.026,136,263 s)
2022-10-31 17:30:05,197 INFO  - Processing DEN message (at simulation time 597.033,883,977 s)
2022-10-31 17:30:05,197 INFO  - Route already changed (at simulation time 597.033,883,977 s)
2022-10-31 17:30:05,203 INFO  - Processing DEN message (at simulation time 598.031,727,945 s)
2022-10-31 17:30:05,203 INFO  - Route already changed (at simulation time 598.031,727,945 s)
2022-10-31 17:30:05,207 INFO  - Processing DEN message (at simulation time 599.022,603,363 s)
2022-10-31 17:30:05,207 INFO  - Route already changed (at simulation time 599.022,603,363 s)
2022-10-31 17:30:05,212 INFO  - Processing DEN message (at simulation time 600.021,942,375 s)
2022-10-31 17:30:05,212 INFO  - Route already changed (at simulation time 600.021,942,375 s)
2022-10-31 17:30:05,217 INFO  - Processing DEN message (at simulation time 601.018,243,850 s)
2022-10-31 17:30:05,217 INFO  - Route already changed (at simulation time 601.018,243,850 s)
2022-10-31 17:30:05,224 INFO  - Processing DEN message (at simulation time 602.042,819,813 s)
2022-10-31 17:30:05,224 INFO  - Route already changed (at simulation time 602.042,819,813 s)
2022-10-31 17:30:05,232 INFO  - Processing DEN message (at simulation time 603.042,017,973 s)
2022-10-31 17:30:05,232 INFO  - Route already changed (at simulation time 603.042,017,973 s)
2022-10-31 17:30:05,238 INFO  - Processing DEN message (at simulation time 604.046,735,785 s)
2022-10-31 17:30:05,239 INFO  - Route already changed (at simulation time 604.046,735,785 s)
2022-10-31 17:30:05,246 INFO  - Processing DEN message (at simulation time 605.040,708,065 s)
2022-10-31 17:30:05,246 INFO  - Route already changed (at simulation time 605.040,708,065 s)
2022-10-31 17:30:05,252 INFO  - Processing DEN message (at simulation time 606.034,860,498 s)
2022-10-31 17:30:05,252 INFO  - Route already changed (at simulation time 606.034,860,498 s)
2022-10-31 17:30:05,256 INFO  - Processing DEN message (at simulation time 607.023,369,182 s)
2022-10-31 17:30:05,257 INFO  - Route already changed (at simulation time 607.023,369,182 s)
2022-10-31 17:30:05,263 INFO  - Processing DEN message (at simulation time 608.025,431,246 s)
2022-10-31 17:30:05,263 INFO  - Route already changed (at simulation time 608.025,431,246 s)
2022-10-31 17:30:05,270 INFO  - Processing DEN message (at simulation time 609.028,819,812 s)
2022-10-31 17:30:05,270 INFO  - Route already changed (at simulation time 609.028,819,812 s)
2022-10-31 17:30:05,277 INFO  - Processing DEN message (at simulation time 610.020,041,864 s)
2022-10-31 17:30:05,277 INFO  - Route already changed (at simulation time 610.020,041,864 s)
2022-10-31 17:30:05,280 INFO  - Processing DEN message (at simulation time 611.014,420,250 s)
2022-10-31 17:30:05,280 INFO  - Route already changed (at simulation time 611.014,420,250 s)
2022-10-31 17:30:05,284 INFO  - Processing DEN message (at simulation time 612.020,916,225 s)
2022-10-31 17:30:05,284 INFO  - Route already changed (at simulation time 612.020,916,225 s)
2022-10-31 17:30:05,288 INFO  - Processing DEN message (at simulation time 613.016,052,384 s)
2022-10-31 17:30:05,288 INFO  - Route already changed (at simulation time 613.016,052,384 s)
2022-10-31 17:30:05,292 INFO  - Processing DEN message (at simulation time 614.015,306,906 s)
2022-10-31 17:30:05,292 INFO  - Route already changed (at simulation time 614.015,306,906 s)
2022-10-31 17:30:05,295 INFO  - Processing DEN message (at simulation time 615.023,678,118 s)
2022-10-31 17:30:05,295 INFO  - Route already changed (at simulation time 615.023,678,118 s)
2022-10-31 17:30:05,299 INFO  - Processing DEN message (at simulation time 616.053,996,793 s)
2022-10-31 17:30:05,299 INFO  - Route already changed (at simulation time 616.053,996,793 s)
2022-10-31 17:30:05,303 INFO  - Processing DEN message (at simulation time 617.035,027,706 s)
2022-10-31 17:30:05,303 INFO  - Route already changed (at simulation time 617.035,027,706 s)
2022-10-31 17:30:05,308 INFO  - Processing DEN message (at simulation time 618.026,003,031 s)
2022-10-31 17:30:05,308 INFO  - Route already changed (at simulation time 618.026,003,031 s)
2022-10-31 17:30:05,313 INFO  - Processing DEN message (at simulation time 619.034,994,988 s)
2022-10-31 17:30:05,313 INFO  - Route already changed (at simulation time 619.034,994,988 s)
2022-10-31 17:30:05,318 INFO  - Processing DEN message (at simulation time 620.041,374,517 s)
2022-10-31 17:30:05,318 INFO  - Route already changed (at simulation time 620.041,374,517 s)
2022-10-31 17:30:05,323 INFO  - Processing DEN message (at simulation time 621.019,405,453 s)
2022-10-31 17:30:05,323 INFO  - Route already changed (at simulation time 621.019,405,453 s)
2022-10-31 17:30:05,327 INFO  - Processing DEN message (at simulation time 622.011,288,019 s)
2022-10-31 17:30:05,327 INFO  - Route already changed (at simulation time 622.011,288,019 s)
2022-10-31 17:30:05,410 INFO  - Shutdown application (at simulation time 632.000,000,000 s)
