2022-10-31 17:30:01,124 INFO  - Initialize application (at simulation time 258.000,000,000 s)
2022-10-31 17:30:01,126 INFO  - Activated Cell Module (at simulation time 258.000,000,000 s)
2022-10-31 17:30:01,130 INFO  - Received message from cell from WeatherServer (at simulation time 258.300,000,000 s)
2022-10-31 17:30:01,131 INFO  - Processing DEN message (at simulation time 258.300,000,000 s)
2022-10-31 17:30:01,131 INFO  - The Event is on the vehicle's route 311964536_1313885442_2879911873 = 311964536_1313885442_2879911873 (at simulation time 258.300,000,000 s)
2022-10-31 17:30:01,135 INFO  - Sending Change Route Command at position: null (at simulation time 258.300,000,000 s)
2022-10-31 17:30:01,156 INFO  - Received message from cell from WeatherServer (at simulation time 260.300,000,000 s)
2022-10-31 17:30:01,156 INFO  - Processing DEN message (at simulation time 260.300,000,000 s)
2022-10-31 17:30:01,156 INFO  - Route already changed (at simulation time 260.300,000,000 s)
2022-10-31 17:30:01,215 INFO  - Received message from cell from WeatherServer (at simulation time 262.300,000,000 s)
2022-10-31 17:30:01,215 INFO  - Processing DEN message (at simulation time 262.300,000,000 s)
2022-10-31 17:30:01,215 INFO  - Route already changed (at simulation time 262.300,000,000 s)
2022-10-31 17:30:01,240 INFO  - Received message from cell from WeatherServer (at simulation time 264.300,000,000 s)
2022-10-31 17:30:01,240 INFO  - Processing DEN message (at simulation time 264.300,000,000 s)
2022-10-31 17:30:01,240 INFO  - Route already changed (at simulation time 264.300,000,000 s)
2022-10-31 17:30:01,271 INFO  - Received message from cell from WeatherServer (at simulation time 266.300,000,000 s)
2022-10-31 17:30:01,271 INFO  - Processing DEN message (at simulation time 266.300,000,000 s)
2022-10-31 17:30:01,271 INFO  - Route already changed (at simulation time 266.300,000,000 s)
2022-10-31 17:30:01,291 INFO  - Received message from cell from WeatherServer (at simulation time 268.300,000,000 s)
2022-10-31 17:30:01,291 INFO  - Processing DEN message (at simulation time 268.300,000,000 s)
2022-10-31 17:30:01,291 INFO  - Route already changed (at simulation time 268.300,000,000 s)
2022-10-31 17:30:01,324 INFO  - Received message from cell from WeatherServer (at simulation time 270.300,000,000 s)
2022-10-31 17:30:01,324 INFO  - Processing DEN message (at simulation time 270.300,000,000 s)
2022-10-31 17:30:01,324 INFO  - Route already changed (at simulation time 270.300,000,000 s)
2022-10-31 17:30:01,354 INFO  - Received message from cell from WeatherServer (at simulation time 272.300,000,000 s)
2022-10-31 17:30:01,354 INFO  - Processing DEN message (at simulation time 272.300,000,000 s)
2022-10-31 17:30:01,354 INFO  - Route already changed (at simulation time 272.300,000,000 s)
2022-10-31 17:30:01,410 INFO  - Received message from cell from WeatherServer (at simulation time 274.300,000,000 s)
2022-10-31 17:30:01,410 INFO  - Processing DEN message (at simulation time 274.300,000,000 s)
2022-10-31 17:30:01,410 INFO  - Route already changed (at simulation time 274.300,000,000 s)
2022-10-31 17:30:01,438 INFO  - Received message from cell from WeatherServer (at simulation time 276.300,000,000 s)
2022-10-31 17:30:01,438 INFO  - Processing DEN message (at simulation time 276.300,000,000 s)
2022-10-31 17:30:01,438 INFO  - Route already changed (at simulation time 276.300,000,000 s)
2022-10-31 17:30:01,470 INFO  - Received message from cell from WeatherServer (at simulation time 278.300,000,000 s)
2022-10-31 17:30:01,470 INFO  - Processing DEN message (at simulation time 278.300,000,000 s)
2022-10-31 17:30:01,470 INFO  - Route already changed (at simulation time 278.300,000,000 s)
2022-10-31 17:30:01,509 INFO  - Received message from cell from WeatherServer (at simulation time 280.300,000,000 s)
2022-10-31 17:30:01,509 INFO  - Processing DEN message (at simulation time 280.300,000,000 s)
2022-10-31 17:30:01,509 INFO  - Route already changed (at simulation time 280.300,000,000 s)
2022-10-31 17:30:01,534 INFO  - Received message from cell from WeatherServer (at simulation time 282.300,000,000 s)
2022-10-31 17:30:01,534 INFO  - Processing DEN message (at simulation time 282.300,000,000 s)
2022-10-31 17:30:01,534 INFO  - Route already changed (at simulation time 282.300,000,000 s)
2022-10-31 17:30:01,564 INFO  - Received message from cell from WeatherServer (at simulation time 284.300,000,000 s)
2022-10-31 17:30:01,564 INFO  - Processing DEN message (at simulation time 284.300,000,000 s)
2022-10-31 17:30:01,564 INFO  - Route already changed (at simulation time 284.300,000,000 s)
2022-10-31 17:30:01,584 INFO  - Received message from cell from WeatherServer (at simulation time 286.300,000,000 s)
2022-10-31 17:30:01,584 INFO  - Processing DEN message (at simulation time 286.300,000,000 s)
2022-10-31 17:30:01,584 INFO  - Route already changed (at simulation time 286.300,000,000 s)
2022-10-31 17:30:01,606 INFO  - Received message from cell from WeatherServer (at simulation time 288.300,000,000 s)
2022-10-31 17:30:01,606 INFO  - Processing DEN message (at simulation time 288.300,000,000 s)
2022-10-31 17:30:01,606 INFO  - Route already changed (at simulation time 288.300,000,000 s)
2022-10-31 17:30:01,625 INFO  - Received message from cell from WeatherServer (at simulation time 290.300,000,000 s)
2022-10-31 17:30:01,625 INFO  - Processing DEN message (at simulation time 290.300,000,000 s)
2022-10-31 17:30:01,625 INFO  - Route already changed (at simulation time 290.300,000,000 s)
2022-10-31 17:30:01,644 INFO  - Received message from cell from WeatherServer (at simulation time 292.300,000,000 s)
2022-10-31 17:30:01,644 INFO  - Processing DEN message (at simulation time 292.300,000,000 s)
2022-10-31 17:30:01,644 INFO  - Route already changed (at simulation time 292.300,000,000 s)
2022-10-31 17:30:01,674 INFO  - Received message from cell from WeatherServer (at simulation time 294.300,000,000 s)
2022-10-31 17:30:01,674 INFO  - Processing DEN message (at simulation time 294.300,000,000 s)
2022-10-31 17:30:01,674 INFO  - Route already changed (at simulation time 294.300,000,000 s)
2022-10-31 17:30:01,699 INFO  - Received message from cell from WeatherServer (at simulation time 296.300,000,000 s)
2022-10-31 17:30:01,699 INFO  - Processing DEN message (at simulation time 296.300,000,000 s)
2022-10-31 17:30:01,699 INFO  - Route already changed (at simulation time 296.300,000,000 s)
2022-10-31 17:30:01,734 INFO  - Received message from cell from WeatherServer (at simulation time 298.300,000,000 s)
2022-10-31 17:30:01,734 INFO  - Processing DEN message (at simulation time 298.300,000,000 s)
2022-10-31 17:30:01,734 INFO  - Route already changed (at simulation time 298.300,000,000 s)
2022-10-31 17:30:01,753 INFO  - Received message from cell from WeatherServer (at simulation time 300.300,000,000 s)
2022-10-31 17:30:01,753 INFO  - Processing DEN message (at simulation time 300.300,000,000 s)
2022-10-31 17:30:01,753 INFO  - Route already changed (at simulation time 300.300,000,000 s)
2022-10-31 17:30:01,774 INFO  - Received message from cell from WeatherServer (at simulation time 302.300,000,000 s)
2022-10-31 17:30:01,774 INFO  - Processing DEN message (at simulation time 302.300,000,000 s)
2022-10-31 17:30:01,774 INFO  - Route already changed (at simulation time 302.300,000,000 s)
2022-10-31 17:30:01,803 INFO  - Received message from cell from WeatherServer (at simulation time 304.300,000,000 s)
2022-10-31 17:30:01,803 INFO  - Processing DEN message (at simulation time 304.300,000,000 s)
2022-10-31 17:30:01,803 INFO  - Route already changed (at simulation time 304.300,000,000 s)
2022-10-31 17:30:01,827 INFO  - Received message from cell from WeatherServer (at simulation time 306.300,000,000 s)
2022-10-31 17:30:01,827 INFO  - Processing DEN message (at simulation time 306.300,000,000 s)
2022-10-31 17:30:01,827 INFO  - Route already changed (at simulation time 306.300,000,000 s)
2022-10-31 17:30:01,842 INFO  - Received message from cell from WeatherServer (at simulation time 308.300,000,000 s)
2022-10-31 17:30:01,842 INFO  - Processing DEN message (at simulation time 308.300,000,000 s)
2022-10-31 17:30:01,842 INFO  - Route already changed (at simulation time 308.300,000,000 s)
2022-10-31 17:30:01,871 INFO  - Received message from cell from WeatherServer (at simulation time 310.300,000,000 s)
2022-10-31 17:30:01,871 INFO  - Processing DEN message (at simulation time 310.300,000,000 s)
2022-10-31 17:30:01,871 INFO  - Route already changed (at simulation time 310.300,000,000 s)
2022-10-31 17:30:01,891 INFO  - Received message from cell from WeatherServer (at simulation time 312.300,000,000 s)
2022-10-31 17:30:01,891 INFO  - Processing DEN message (at simulation time 312.300,000,000 s)
2022-10-31 17:30:01,891 INFO  - Route already changed (at simulation time 312.300,000,000 s)
2022-10-31 17:30:01,916 INFO  - Received message from cell from WeatherServer (at simulation time 314.300,000,000 s)
2022-10-31 17:30:01,916 INFO  - Processing DEN message (at simulation time 314.300,000,000 s)
2022-10-31 17:30:01,916 INFO  - Route already changed (at simulation time 314.300,000,000 s)
2022-10-31 17:30:01,944 INFO  - Received message from cell from WeatherServer (at simulation time 316.300,000,000 s)
2022-10-31 17:30:01,944 INFO  - Processing DEN message (at simulation time 316.300,000,000 s)
2022-10-31 17:30:01,944 INFO  - Route already changed (at simulation time 316.300,000,000 s)
2022-10-31 17:30:01,962 INFO  - Received message from cell from WeatherServer (at simulation time 318.300,000,000 s)
2022-10-31 17:30:01,963 INFO  - Processing DEN message (at simulation time 318.300,000,000 s)
2022-10-31 17:30:01,963 INFO  - Route already changed (at simulation time 318.300,000,000 s)
2022-10-31 17:30:01,988 INFO  - Received message from cell from WeatherServer (at simulation time 320.300,000,000 s)
2022-10-31 17:30:01,988 INFO  - Processing DEN message (at simulation time 320.300,000,000 s)
2022-10-31 17:30:01,988 INFO  - Route already changed (at simulation time 320.300,000,000 s)
2022-10-31 17:30:02,005 INFO  - Received message from cell from WeatherServer (at simulation time 322.300,000,000 s)
2022-10-31 17:30:02,005 INFO  - Processing DEN message (at simulation time 322.300,000,000 s)
2022-10-31 17:30:02,005 INFO  - Route already changed (at simulation time 322.300,000,000 s)
2022-10-31 17:30:02,033 INFO  - Received message from cell from WeatherServer (at simulation time 324.300,000,000 s)
2022-10-31 17:30:02,033 INFO  - Processing DEN message (at simulation time 324.300,000,000 s)
2022-10-31 17:30:02,033 INFO  - Route already changed (at simulation time 324.300,000,000 s)
2022-10-31 17:30:02,053 INFO  - Received message from cell from WeatherServer (at simulation time 326.300,000,000 s)
2022-10-31 17:30:02,053 INFO  - Processing DEN message (at simulation time 326.300,000,000 s)
2022-10-31 17:30:02,053 INFO  - Route already changed (at simulation time 326.300,000,000 s)
2022-10-31 17:30:02,074 INFO  - Received message from cell from WeatherServer (at simulation time 328.300,000,000 s)
2022-10-31 17:30:02,074 INFO  - Processing DEN message (at simulation time 328.300,000,000 s)
2022-10-31 17:30:02,074 INFO  - Route already changed (at simulation time 328.300,000,000 s)
2022-10-31 17:30:02,109 INFO  - Received message from cell from WeatherServer (at simulation time 330.300,000,000 s)
2022-10-31 17:30:02,109 INFO  - Processing DEN message (at simulation time 330.300,000,000 s)
2022-10-31 17:30:02,109 INFO  - Route already changed (at simulation time 330.300,000,000 s)
2022-10-31 17:30:02,135 INFO  - Received message from cell from WeatherServer (at simulation time 332.300,000,000 s)
2022-10-31 17:30:02,135 INFO  - Processing DEN message (at simulation time 332.300,000,000 s)
2022-10-31 17:30:02,135 INFO  - Route already changed (at simulation time 332.300,000,000 s)
2022-10-31 17:30:02,164 INFO  - Received message from cell from WeatherServer (at simulation time 334.300,000,000 s)
2022-10-31 17:30:02,164 INFO  - Processing DEN message (at simulation time 334.300,000,000 s)
2022-10-31 17:30:02,164 INFO  - Route already changed (at simulation time 334.300,000,000 s)
2022-10-31 17:30:02,182 INFO  - Received message from cell from WeatherServer (at simulation time 336.300,000,000 s)
2022-10-31 17:30:02,182 INFO  - Processing DEN message (at simulation time 336.300,000,000 s)
2022-10-31 17:30:02,182 INFO  - Route already changed (at simulation time 336.300,000,000 s)
2022-10-31 17:30:02,199 INFO  - Received message from cell from WeatherServer (at simulation time 338.300,000,000 s)
2022-10-31 17:30:02,199 INFO  - Processing DEN message (at simulation time 338.300,000,000 s)
2022-10-31 17:30:02,199 INFO  - Route already changed (at simulation time 338.300,000,000 s)
2022-10-31 17:30:02,210 INFO  - Received message from cell from WeatherServer (at simulation time 340.300,000,000 s)
2022-10-31 17:30:02,210 INFO  - Processing DEN message (at simulation time 340.300,000,000 s)
2022-10-31 17:30:02,210 INFO  - Route already changed (at simulation time 340.300,000,000 s)
2022-10-31 17:30:02,237 INFO  - Received message from cell from WeatherServer (at simulation time 342.300,000,000 s)
2022-10-31 17:30:02,237 INFO  - Processing DEN message (at simulation time 342.300,000,000 s)
2022-10-31 17:30:02,237 INFO  - Route already changed (at simulation time 342.300,000,000 s)
2022-10-31 17:30:02,254 INFO  - Received message from cell from WeatherServer (at simulation time 344.300,000,000 s)
2022-10-31 17:30:02,254 INFO  - Processing DEN message (at simulation time 344.300,000,000 s)
2022-10-31 17:30:02,254 INFO  - Route already changed (at simulation time 344.300,000,000 s)
2022-10-31 17:30:02,281 INFO  - Received message from cell from WeatherServer (at simulation time 346.300,000,000 s)
2022-10-31 17:30:02,281 INFO  - Processing DEN message (at simulation time 346.300,000,000 s)
2022-10-31 17:30:02,281 INFO  - Route already changed (at simulation time 346.300,000,000 s)
2022-10-31 17:30:02,302 INFO  - Received message from cell from WeatherServer (at simulation time 348.300,000,000 s)
2022-10-31 17:30:02,302 INFO  - Processing DEN message (at simulation time 348.300,000,000 s)
2022-10-31 17:30:02,302 INFO  - Route already changed (at simulation time 348.300,000,000 s)
2022-10-31 17:30:02,442 INFO  - Received message from cell from WeatherServer (at simulation time 350.300,000,000 s)
2022-10-31 17:30:02,442 INFO  - Processing DEN message (at simulation time 350.300,000,000 s)
2022-10-31 17:30:02,442 INFO  - Route already changed (at simulation time 350.300,000,000 s)
2022-10-31 17:30:02,473 INFO  - Received message from cell from WeatherServer (at simulation time 352.300,000,000 s)
2022-10-31 17:30:02,473 INFO  - Processing DEN message (at simulation time 352.300,000,000 s)
2022-10-31 17:30:02,473 INFO  - Route already changed (at simulation time 352.300,000,000 s)
2022-10-31 17:30:02,496 INFO  - Received message from cell from WeatherServer (at simulation time 354.300,000,000 s)
2022-10-31 17:30:02,496 INFO  - Processing DEN message (at simulation time 354.300,000,000 s)
2022-10-31 17:30:02,496 INFO  - Route already changed (at simulation time 354.300,000,000 s)
2022-10-31 17:30:02,523 INFO  - Received message from cell from WeatherServer (at simulation time 356.300,000,000 s)
2022-10-31 17:30:02,523 INFO  - Processing DEN message (at simulation time 356.300,000,000 s)
2022-10-31 17:30:02,523 INFO  - Route already changed (at simulation time 356.300,000,000 s)
2022-10-31 17:30:02,539 INFO  - Received message from cell from WeatherServer (at simulation time 358.300,000,000 s)
2022-10-31 17:30:02,539 INFO  - Processing DEN message (at simulation time 358.300,000,000 s)
2022-10-31 17:30:02,539 INFO  - Route already changed (at simulation time 358.300,000,000 s)
2022-10-31 17:30:02,567 INFO  - Received message from cell from WeatherServer (at simulation time 360.300,000,000 s)
2022-10-31 17:30:02,567 INFO  - Processing DEN message (at simulation time 360.300,000,000 s)
2022-10-31 17:30:02,567 INFO  - Route already changed (at simulation time 360.300,000,000 s)
2022-10-31 17:30:02,586 INFO  - Received message from cell from WeatherServer (at simulation time 362.300,000,000 s)
2022-10-31 17:30:02,586 INFO  - Processing DEN message (at simulation time 362.300,000,000 s)
2022-10-31 17:30:02,586 INFO  - Route already changed (at simulation time 362.300,000,000 s)
2022-10-31 17:30:02,610 INFO  - Received message from cell from WeatherServer (at simulation time 364.300,000,000 s)
2022-10-31 17:30:02,610 INFO  - Processing DEN message (at simulation time 364.300,000,000 s)
2022-10-31 17:30:02,610 INFO  - Route already changed (at simulation time 364.300,000,000 s)
2022-10-31 17:30:02,628 INFO  - Received message from cell from WeatherServer (at simulation time 366.300,000,000 s)
2022-10-31 17:30:02,628 INFO  - Processing DEN message (at simulation time 366.300,000,000 s)
2022-10-31 17:30:02,628 INFO  - Route already changed (at simulation time 366.300,000,000 s)
2022-10-31 17:30:02,649 INFO  - Received message from cell from WeatherServer (at simulation time 368.300,000,000 s)
2022-10-31 17:30:02,649 INFO  - Processing DEN message (at simulation time 368.300,000,000 s)
2022-10-31 17:30:02,649 INFO  - Route already changed (at simulation time 368.300,000,000 s)
2022-10-31 17:30:02,670 INFO  - Received message from cell from WeatherServer (at simulation time 370.300,000,000 s)
2022-10-31 17:30:02,670 INFO  - Processing DEN message (at simulation time 370.300,000,000 s)
2022-10-31 17:30:02,670 INFO  - Route already changed (at simulation time 370.300,000,000 s)
2022-10-31 17:30:02,691 INFO  - Received message from cell from WeatherServer (at simulation time 372.300,000,000 s)
2022-10-31 17:30:02,691 INFO  - Processing DEN message (at simulation time 372.300,000,000 s)
2022-10-31 17:30:02,691 INFO  - Route already changed (at simulation time 372.300,000,000 s)
2022-10-31 17:30:02,709 INFO  - Received message from cell from WeatherServer (at simulation time 374.300,000,000 s)
2022-10-31 17:30:02,709 INFO  - Processing DEN message (at simulation time 374.300,000,000 s)
2022-10-31 17:30:02,709 INFO  - Route already changed (at simulation time 374.300,000,000 s)
2022-10-31 17:30:02,734 INFO  - Received message from cell from WeatherServer (at simulation time 376.300,000,000 s)
2022-10-31 17:30:02,734 INFO  - Processing DEN message (at simulation time 376.300,000,000 s)
2022-10-31 17:30:02,734 INFO  - Route already changed (at simulation time 376.300,000,000 s)
2022-10-31 17:30:02,786 INFO  - Received message from cell from WeatherServer (at simulation time 378.300,000,000 s)
2022-10-31 17:30:02,786 INFO  - Processing DEN message (at simulation time 378.300,000,000 s)
2022-10-31 17:30:02,786 INFO  - Route already changed (at simulation time 378.300,000,000 s)
2022-10-31 17:30:02,818 INFO  - Received message from cell from WeatherServer (at simulation time 380.300,000,000 s)
2022-10-31 17:30:02,818 INFO  - Processing DEN message (at simulation time 380.300,000,000 s)
2022-10-31 17:30:02,818 INFO  - Route already changed (at simulation time 380.300,000,000 s)
2022-10-31 17:30:02,846 INFO  - Received message from cell from WeatherServer (at simulation time 382.300,000,000 s)
2022-10-31 17:30:02,846 INFO  - Processing DEN message (at simulation time 382.300,000,000 s)
2022-10-31 17:30:02,846 INFO  - Route already changed (at simulation time 382.300,000,000 s)
2022-10-31 17:30:02,874 INFO  - Received message from cell from WeatherServer (at simulation time 384.300,000,000 s)
2022-10-31 17:30:02,874 INFO  - Processing DEN message (at simulation time 384.300,000,000 s)
2022-10-31 17:30:02,874 INFO  - Route already changed (at simulation time 384.300,000,000 s)
2022-10-31 17:30:02,890 INFO  - Received message from cell from WeatherServer (at simulation time 386.300,000,000 s)
2022-10-31 17:30:02,890 INFO  - Processing DEN message (at simulation time 386.300,000,000 s)
2022-10-31 17:30:02,890 INFO  - Route already changed (at simulation time 386.300,000,000 s)
2022-10-31 17:30:02,909 INFO  - Received message from cell from WeatherServer (at simulation time 388.300,000,000 s)
2022-10-31 17:30:02,909 INFO  - Processing DEN message (at simulation time 388.300,000,000 s)
2022-10-31 17:30:02,909 INFO  - Route already changed (at simulation time 388.300,000,000 s)
2022-10-31 17:30:02,934 INFO  - Received message from cell from WeatherServer (at simulation time 390.300,000,000 s)
2022-10-31 17:30:02,934 INFO  - Processing DEN message (at simulation time 390.300,000,000 s)
2022-10-31 17:30:02,934 INFO  - Route already changed (at simulation time 390.300,000,000 s)
2022-10-31 17:30:02,970 INFO  - Received message from cell from WeatherServer (at simulation time 392.300,000,000 s)
2022-10-31 17:30:02,970 INFO  - Processing DEN message (at simulation time 392.300,000,000 s)
2022-10-31 17:30:02,970 INFO  - Route already changed (at simulation time 392.300,000,000 s)
2022-10-31 17:30:02,992 INFO  - Received message from cell from WeatherServer (at simulation time 394.300,000,000 s)
2022-10-31 17:30:02,992 INFO  - Processing DEN message (at simulation time 394.300,000,000 s)
2022-10-31 17:30:02,992 INFO  - Route already changed (at simulation time 394.300,000,000 s)
2022-10-31 17:30:03,021 INFO  - Received message from cell from WeatherServer (at simulation time 396.300,000,000 s)
2022-10-31 17:30:03,021 INFO  - Processing DEN message (at simulation time 396.300,000,000 s)
2022-10-31 17:30:03,021 INFO  - Route already changed (at simulation time 396.300,000,000 s)
2022-10-31 17:30:03,045 INFO  - Received message from cell from WeatherServer (at simulation time 398.300,000,000 s)
2022-10-31 17:30:03,045 INFO  - Processing DEN message (at simulation time 398.300,000,000 s)
2022-10-31 17:30:03,045 INFO  - Route already changed (at simulation time 398.300,000,000 s)
2022-10-31 17:30:03,064 INFO  - Received message from cell from WeatherServer (at simulation time 400.300,000,000 s)
2022-10-31 17:30:03,064 INFO  - Processing DEN message (at simulation time 400.300,000,000 s)
2022-10-31 17:30:03,064 INFO  - Route already changed (at simulation time 400.300,000,000 s)
2022-10-31 17:30:03,089 INFO  - Received message from cell from WeatherServer (at simulation time 402.300,000,000 s)
2022-10-31 17:30:03,089 INFO  - Processing DEN message (at simulation time 402.300,000,000 s)
2022-10-31 17:30:03,089 INFO  - Route already changed (at simulation time 402.300,000,000 s)
2022-10-31 17:30:03,108 INFO  - Received message from cell from WeatherServer (at simulation time 404.300,000,000 s)
2022-10-31 17:30:03,108 INFO  - Processing DEN message (at simulation time 404.300,000,000 s)
2022-10-31 17:30:03,108 INFO  - Route already changed (at simulation time 404.300,000,000 s)
2022-10-31 17:30:03,128 INFO  - Received message from cell from WeatherServer (at simulation time 406.300,000,000 s)
2022-10-31 17:30:03,128 INFO  - Processing DEN message (at simulation time 406.300,000,000 s)
2022-10-31 17:30:03,128 INFO  - Route already changed (at simulation time 406.300,000,000 s)
2022-10-31 17:30:03,188 INFO  - Received message from cell from WeatherServer (at simulation time 408.300,000,000 s)
2022-10-31 17:30:03,188 INFO  - Processing DEN message (at simulation time 408.300,000,000 s)
2022-10-31 17:30:03,188 INFO  - Route already changed (at simulation time 408.300,000,000 s)
2022-10-31 17:30:03,215 INFO  - Received message from cell from WeatherServer (at simulation time 410.300,000,000 s)
2022-10-31 17:30:03,215 INFO  - Processing DEN message (at simulation time 410.300,000,000 s)
2022-10-31 17:30:03,215 INFO  - Route already changed (at simulation time 410.300,000,000 s)
2022-10-31 17:30:03,247 INFO  - Received message from cell from WeatherServer (at simulation time 412.300,000,000 s)
2022-10-31 17:30:03,247 INFO  - Processing DEN message (at simulation time 412.300,000,000 s)
2022-10-31 17:30:03,247 INFO  - Route already changed (at simulation time 412.300,000,000 s)
2022-10-31 17:30:03,271 INFO  - Received message from cell from WeatherServer (at simulation time 414.300,000,000 s)
2022-10-31 17:30:03,271 INFO  - Processing DEN message (at simulation time 414.300,000,000 s)
2022-10-31 17:30:03,271 INFO  - Route already changed (at simulation time 414.300,000,000 s)
2022-10-31 17:30:03,297 INFO  - Received message from cell from WeatherServer (at simulation time 416.300,000,000 s)
2022-10-31 17:30:03,297 INFO  - Processing DEN message (at simulation time 416.300,000,000 s)
2022-10-31 17:30:03,297 INFO  - Route already changed (at simulation time 416.300,000,000 s)
2022-10-31 17:30:03,317 INFO  - Received message from cell from WeatherServer (at simulation time 418.300,000,000 s)
2022-10-31 17:30:03,317 INFO  - Processing DEN message (at simulation time 418.300,000,000 s)
2022-10-31 17:30:03,317 INFO  - Route already changed (at simulation time 418.300,000,000 s)
2022-10-31 17:30:03,338 INFO  - Received message from cell from WeatherServer (at simulation time 420.300,000,000 s)
2022-10-31 17:30:03,338 INFO  - Processing DEN message (at simulation time 420.300,000,000 s)
2022-10-31 17:30:03,338 INFO  - Route already changed (at simulation time 420.300,000,000 s)
2022-10-31 17:30:03,385 INFO  - Received message from cell from WeatherServer (at simulation time 422.300,000,000 s)
2022-10-31 17:30:03,385 INFO  - Processing DEN message (at simulation time 422.300,000,000 s)
2022-10-31 17:30:03,385 INFO  - Route already changed (at simulation time 422.300,000,000 s)
2022-10-31 17:30:03,411 INFO  - Received message from cell from WeatherServer (at simulation time 424.300,000,000 s)
2022-10-31 17:30:03,411 INFO  - Processing DEN message (at simulation time 424.300,000,000 s)
2022-10-31 17:30:03,411 INFO  - Route already changed (at simulation time 424.300,000,000 s)
2022-10-31 17:30:03,430 INFO  - Received message from cell from WeatherServer (at simulation time 426.300,000,000 s)
2022-10-31 17:30:03,430 INFO  - Processing DEN message (at simulation time 426.300,000,000 s)
2022-10-31 17:30:03,430 INFO  - Route already changed (at simulation time 426.300,000,000 s)
2022-10-31 17:30:03,452 INFO  - Received message from cell from WeatherServer (at simulation time 428.300,000,000 s)
2022-10-31 17:30:03,452 INFO  - Processing DEN message (at simulation time 428.300,000,000 s)
2022-10-31 17:30:03,452 INFO  - Route already changed (at simulation time 428.300,000,000 s)
2022-10-31 17:30:03,479 INFO  - Received message from cell from WeatherServer (at simulation time 430.300,000,000 s)
2022-10-31 17:30:03,479 INFO  - Processing DEN message (at simulation time 430.300,000,000 s)
2022-10-31 17:30:03,479 INFO  - Route already changed (at simulation time 430.300,000,000 s)
2022-10-31 17:30:03,503 INFO  - Received message from cell from WeatherServer (at simulation time 432.300,000,000 s)
2022-10-31 17:30:03,503 INFO  - Processing DEN message (at simulation time 432.300,000,000 s)
2022-10-31 17:30:03,503 INFO  - Route already changed (at simulation time 432.300,000,000 s)
2022-10-31 17:30:03,528 INFO  - Received message from cell from WeatherServer (at simulation time 434.300,000,000 s)
2022-10-31 17:30:03,528 INFO  - Processing DEN message (at simulation time 434.300,000,000 s)
2022-10-31 17:30:03,528 INFO  - Route already changed (at simulation time 434.300,000,000 s)
2022-10-31 17:30:03,553 INFO  - Received message from cell from WeatherServer (at simulation time 436.300,000,000 s)
2022-10-31 17:30:03,553 INFO  - Processing DEN message (at simulation time 436.300,000,000 s)
2022-10-31 17:30:03,553 INFO  - Route already changed (at simulation time 436.300,000,000 s)
2022-10-31 17:30:03,615 INFO  - Received message from cell from WeatherServer (at simulation time 438.300,000,000 s)
2022-10-31 17:30:03,615 INFO  - Processing DEN message (at simulation time 438.300,000,000 s)
2022-10-31 17:30:03,615 INFO  - Route already changed (at simulation time 438.300,000,000 s)
2022-10-31 17:30:03,637 INFO  - Received message from cell from WeatherServer (at simulation time 440.300,000,000 s)
2022-10-31 17:30:03,637 INFO  - Processing DEN message (at simulation time 440.300,000,000 s)
2022-10-31 17:30:03,637 INFO  - Route already changed (at simulation time 440.300,000,000 s)
2022-10-31 17:30:03,658 INFO  - Received message from cell from WeatherServer (at simulation time 442.300,000,000 s)
2022-10-31 17:30:03,658 INFO  - Processing DEN message (at simulation time 442.300,000,000 s)
2022-10-31 17:30:03,658 INFO  - Route already changed (at simulation time 442.300,000,000 s)
2022-10-31 17:30:03,677 INFO  - Received message from cell from WeatherServer (at simulation time 444.300,000,000 s)
2022-10-31 17:30:03,677 INFO  - Processing DEN message (at simulation time 444.300,000,000 s)
2022-10-31 17:30:03,677 INFO  - Route already changed (at simulation time 444.300,000,000 s)
2022-10-31 17:30:03,700 INFO  - Received message from cell from WeatherServer (at simulation time 446.300,000,000 s)
2022-10-31 17:30:03,700 INFO  - Processing DEN message (at simulation time 446.300,000,000 s)
2022-10-31 17:30:03,700 INFO  - Route already changed (at simulation time 446.300,000,000 s)
2022-10-31 17:30:03,721 INFO  - Received message from cell from WeatherServer (at simulation time 448.300,000,000 s)
2022-10-31 17:30:03,721 INFO  - Processing DEN message (at simulation time 448.300,000,000 s)
2022-10-31 17:30:03,722 INFO  - Route already changed (at simulation time 448.300,000,000 s)
2022-10-31 17:30:03,737 INFO  - Received message from cell from WeatherServer (at simulation time 450.300,000,000 s)
2022-10-31 17:30:03,737 INFO  - Processing DEN message (at simulation time 450.300,000,000 s)
2022-10-31 17:30:03,737 INFO  - Route already changed (at simulation time 450.300,000,000 s)
2022-10-31 17:30:03,783 INFO  - Received message from cell from WeatherServer (at simulation time 452.300,000,000 s)
2022-10-31 17:30:03,783 INFO  - Processing DEN message (at simulation time 452.300,000,000 s)
2022-10-31 17:30:03,783 INFO  - Route already changed (at simulation time 452.300,000,000 s)
2022-10-31 17:30:03,808 INFO  - Received message from cell from WeatherServer (at simulation time 454.300,000,000 s)
2022-10-31 17:30:03,808 INFO  - Processing DEN message (at simulation time 454.300,000,000 s)
2022-10-31 17:30:03,808 INFO  - Route already changed (at simulation time 454.300,000,000 s)
2022-10-31 17:30:03,827 INFO  - Received message from cell from WeatherServer (at simulation time 456.300,000,000 s)
2022-10-31 17:30:03,827 INFO  - Processing DEN message (at simulation time 456.300,000,000 s)
2022-10-31 17:30:03,827 INFO  - Route already changed (at simulation time 456.300,000,000 s)
2022-10-31 17:30:03,851 INFO  - Received message from cell from WeatherServer (at simulation time 458.300,000,000 s)
2022-10-31 17:30:03,851 INFO  - Processing DEN message (at simulation time 458.300,000,000 s)
2022-10-31 17:30:03,851 INFO  - Route already changed (at simulation time 458.300,000,000 s)
2022-10-31 17:30:03,869 INFO  - Received message from cell from WeatherServer (at simulation time 460.300,000,000 s)
2022-10-31 17:30:03,869 INFO  - Processing DEN message (at simulation time 460.300,000,000 s)
2022-10-31 17:30:03,869 INFO  - Route already changed (at simulation time 460.300,000,000 s)
2022-10-31 17:30:03,892 INFO  - Received message from cell from WeatherServer (at simulation time 462.300,000,000 s)
2022-10-31 17:30:03,892 INFO  - Processing DEN message (at simulation time 462.300,000,000 s)
2022-10-31 17:30:03,892 INFO  - Route already changed (at simulation time 462.300,000,000 s)
2022-10-31 17:30:03,916 INFO  - Received message from cell from WeatherServer (at simulation time 464.300,000,000 s)
2022-10-31 17:30:03,916 INFO  - Processing DEN message (at simulation time 464.300,000,000 s)
2022-10-31 17:30:03,916 INFO  - Route already changed (at simulation time 464.300,000,000 s)
2022-10-31 17:30:03,936 INFO  - Received message from cell from WeatherServer (at simulation time 466.300,000,000 s)
2022-10-31 17:30:03,936 INFO  - Processing DEN message (at simulation time 466.300,000,000 s)
2022-10-31 17:30:03,936 INFO  - Route already changed (at simulation time 466.300,000,000 s)
2022-10-31 17:30:03,953 INFO  - Received message from cell from WeatherServer (at simulation time 468.300,000,000 s)
2022-10-31 17:30:03,953 INFO  - Processing DEN message (at simulation time 468.300,000,000 s)
2022-10-31 17:30:03,953 INFO  - Route already changed (at simulation time 468.300,000,000 s)
2022-10-31 17:30:04,006 INFO  - Received message from cell from WeatherServer (at simulation time 470.300,000,000 s)
2022-10-31 17:30:04,006 INFO  - Processing DEN message (at simulation time 470.300,000,000 s)
2022-10-31 17:30:04,006 INFO  - Route already changed (at simulation time 470.300,000,000 s)
2022-10-31 17:30:04,025 INFO  - Received message from cell from WeatherServer (at simulation time 472.300,000,000 s)
2022-10-31 17:30:04,025 INFO  - Processing DEN message (at simulation time 472.300,000,000 s)
2022-10-31 17:30:04,025 INFO  - Route already changed (at simulation time 472.300,000,000 s)
2022-10-31 17:30:04,047 INFO  - Received message from cell from WeatherServer (at simulation time 474.300,000,000 s)
2022-10-31 17:30:04,047 INFO  - Processing DEN message (at simulation time 474.300,000,000 s)
2022-10-31 17:30:04,047 INFO  - Route already changed (at simulation time 474.300,000,000 s)
2022-10-31 17:30:04,068 INFO  - Received message from cell from WeatherServer (at simulation time 476.300,000,000 s)
2022-10-31 17:30:04,068 INFO  - Processing DEN message (at simulation time 476.300,000,000 s)
2022-10-31 17:30:04,068 INFO  - Route already changed (at simulation time 476.300,000,000 s)
2022-10-31 17:30:04,088 INFO  - Received message from cell from WeatherServer (at simulation time 478.300,000,000 s)
2022-10-31 17:30:04,088 INFO  - Processing DEN message (at simulation time 478.300,000,000 s)
2022-10-31 17:30:04,088 INFO  - Route already changed (at simulation time 478.300,000,000 s)
2022-10-31 17:30:04,111 INFO  - Received message from cell from WeatherServer (at simulation time 480.300,000,000 s)
2022-10-31 17:30:04,111 INFO  - Processing DEN message (at simulation time 480.300,000,000 s)
2022-10-31 17:30:04,111 INFO  - Route already changed (at simulation time 480.300,000,000 s)
2022-10-31 17:30:04,133 INFO  - Received message from cell from WeatherServer (at simulation time 482.300,000,000 s)
2022-10-31 17:30:04,133 INFO  - Processing DEN message (at simulation time 482.300,000,000 s)
2022-10-31 17:30:04,133 INFO  - Route already changed (at simulation time 482.300,000,000 s)
2022-10-31 17:30:04,152 INFO  - Received message from cell from WeatherServer (at simulation time 484.300,000,000 s)
2022-10-31 17:30:04,152 INFO  - Processing DEN message (at simulation time 484.300,000,000 s)
2022-10-31 17:30:04,152 INFO  - Route already changed (at simulation time 484.300,000,000 s)
2022-10-31 17:30:04,205 INFO  - Received message from cell from WeatherServer (at simulation time 486.300,000,000 s)
2022-10-31 17:30:04,205 INFO  - Processing DEN message (at simulation time 486.300,000,000 s)
2022-10-31 17:30:04,205 INFO  - Route already changed (at simulation time 486.300,000,000 s)
2022-10-31 17:30:04,236 INFO  - Received message from cell from WeatherServer (at simulation time 488.300,000,000 s)
2022-10-31 17:30:04,236 INFO  - Processing DEN message (at simulation time 488.300,000,000 s)
2022-10-31 17:30:04,236 INFO  - Route already changed (at simulation time 488.300,000,000 s)
2022-10-31 17:30:04,259 INFO  - Received message from cell from WeatherServer (at simulation time 490.300,000,000 s)
2022-10-31 17:30:04,259 INFO  - Processing DEN message (at simulation time 490.300,000,000 s)
2022-10-31 17:30:04,259 INFO  - Route already changed (at simulation time 490.300,000,000 s)
2022-10-31 17:30:04,279 INFO  - Received message from cell from WeatherServer (at simulation time 492.300,000,000 s)
2022-10-31 17:30:04,279 INFO  - Processing DEN message (at simulation time 492.300,000,000 s)
2022-10-31 17:30:04,279 INFO  - Route already changed (at simulation time 492.300,000,000 s)
2022-10-31 17:30:04,301 INFO  - Received message from cell from WeatherServer (at simulation time 494.300,000,000 s)
2022-10-31 17:30:04,301 INFO  - Processing DEN message (at simulation time 494.300,000,000 s)
2022-10-31 17:30:04,301 INFO  - Route already changed (at simulation time 494.300,000,000 s)
2022-10-31 17:30:04,322 INFO  - Received message from cell from WeatherServer (at simulation time 496.300,000,000 s)
2022-10-31 17:30:04,322 INFO  - Processing DEN message (at simulation time 496.300,000,000 s)
2022-10-31 17:30:04,322 INFO  - Route already changed (at simulation time 496.300,000,000 s)
2022-10-31 17:30:04,345 INFO  - Received message from cell from WeatherServer (at simulation time 498.300,000,000 s)
2022-10-31 17:30:04,345 INFO  - Processing DEN message (at simulation time 498.300,000,000 s)
2022-10-31 17:30:04,345 INFO  - Route already changed (at simulation time 498.300,000,000 s)
2022-10-31 17:30:04,401 INFO  - Received message from cell from WeatherServer (at simulation time 500.300,000,000 s)
2022-10-31 17:30:04,401 INFO  - Processing DEN message (at simulation time 500.300,000,000 s)
2022-10-31 17:30:04,401 INFO  - Route already changed (at simulation time 500.300,000,000 s)
2022-10-31 17:30:04,421 INFO  - Received message from cell from WeatherServer (at simulation time 502.300,000,000 s)
2022-10-31 17:30:04,422 INFO  - Processing DEN message (at simulation time 502.300,000,000 s)
2022-10-31 17:30:04,422 INFO  - Route already changed (at simulation time 502.300,000,000 s)
2022-10-31 17:30:04,442 INFO  - Received message from cell from WeatherServer (at simulation time 504.300,000,000 s)
2022-10-31 17:30:04,442 INFO  - Processing DEN message (at simulation time 504.300,000,000 s)
2022-10-31 17:30:04,442 INFO  - Route already changed (at simulation time 504.300,000,000 s)
2022-10-31 17:30:04,454 INFO  - Received message from cell from WeatherServer (at simulation time 506.300,000,000 s)
2022-10-31 17:30:04,454 INFO  - Processing DEN message (at simulation time 506.300,000,000 s)
2022-10-31 17:30:04,454 INFO  - Route already changed (at simulation time 506.300,000,000 s)
2022-10-31 17:30:04,471 INFO  - Received message from cell from WeatherServer (at simulation time 508.300,000,000 s)
2022-10-31 17:30:04,471 INFO  - Processing DEN message (at simulation time 508.300,000,000 s)
2022-10-31 17:30:04,471 INFO  - Route already changed (at simulation time 508.300,000,000 s)
2022-10-31 17:30:04,492 INFO  - Received message from cell from WeatherServer (at simulation time 510.300,000,000 s)
2022-10-31 17:30:04,492 INFO  - Processing DEN message (at simulation time 510.300,000,000 s)
2022-10-31 17:30:04,492 INFO  - Route already changed (at simulation time 510.300,000,000 s)
2022-10-31 17:30:04,509 INFO  - Received message from cell from WeatherServer (at simulation time 512.300,000,000 s)
2022-10-31 17:30:04,509 INFO  - Processing DEN message (at simulation time 512.300,000,000 s)
2022-10-31 17:30:04,509 INFO  - Route already changed (at simulation time 512.300,000,000 s)
2022-10-31 17:30:04,529 INFO  - Received message from cell from WeatherServer (at simulation time 514.300,000,000 s)
2022-10-31 17:30:04,529 INFO  - Processing DEN message (at simulation time 514.300,000,000 s)
2022-10-31 17:30:04,529 INFO  - Route already changed (at simulation time 514.300,000,000 s)
2022-10-31 17:30:04,545 INFO  - Received message from cell from WeatherServer (at simulation time 516.300,000,000 s)
2022-10-31 17:30:04,545 INFO  - Processing DEN message (at simulation time 516.300,000,000 s)
2022-10-31 17:30:04,545 INFO  - Route already changed (at simulation time 516.300,000,000 s)
2022-10-31 17:30:04,601 INFO  - Received message from cell from WeatherServer (at simulation time 518.300,000,000 s)
2022-10-31 17:30:04,601 INFO  - Processing DEN message (at simulation time 518.300,000,000 s)
2022-10-31 17:30:04,601 INFO  - Route already changed (at simulation time 518.300,000,000 s)
2022-10-31 17:30:04,623 INFO  - Received message from cell from WeatherServer (at simulation time 520.300,000,000 s)
2022-10-31 17:30:04,623 INFO  - Processing DEN message (at simulation time 520.300,000,000 s)
2022-10-31 17:30:04,623 INFO  - Route already changed (at simulation time 520.300,000,000 s)
2022-10-31 17:30:04,647 INFO  - Received message from cell from WeatherServer (at simulation time 522.300,000,000 s)
2022-10-31 17:30:04,647 INFO  - Processing DEN message (at simulation time 522.300,000,000 s)
2022-10-31 17:30:04,647 INFO  - Route already changed (at simulation time 522.300,000,000 s)
2022-10-31 17:30:04,670 INFO  - Received message from cell from WeatherServer (at simulation time 524.300,000,000 s)
2022-10-31 17:30:04,670 INFO  - Processing DEN message (at simulation time 524.300,000,000 s)
2022-10-31 17:30:04,670 INFO  - Route already changed (at simulation time 524.300,000,000 s)
2022-10-31 17:30:04,685 INFO  - Received message from cell from WeatherServer (at simulation time 526.300,000,000 s)
2022-10-31 17:30:04,685 INFO  - Processing DEN message (at simulation time 526.300,000,000 s)
2022-10-31 17:30:04,685 INFO  - Route already changed (at simulation time 526.300,000,000 s)
2022-10-31 17:30:04,699 INFO  - Received message from cell from WeatherServer (at simulation time 528.300,000,000 s)
2022-10-31 17:30:04,699 INFO  - Processing DEN message (at simulation time 528.300,000,000 s)
2022-10-31 17:30:04,699 INFO  - Route already changed (at simulation time 528.300,000,000 s)
2022-10-31 17:30:04,714 INFO  - Received message from cell from WeatherServer (at simulation time 530.300,000,000 s)
2022-10-31 17:30:04,714 INFO  - Processing DEN message (at simulation time 530.300,000,000 s)
2022-10-31 17:30:04,714 INFO  - Route already changed (at simulation time 530.300,000,000 s)
2022-10-31 17:30:04,724 INFO  - Received message from cell from WeatherServer (at simulation time 532.300,000,000 s)
2022-10-31 17:30:04,724 INFO  - Processing DEN message (at simulation time 532.300,000,000 s)
2022-10-31 17:30:04,724 INFO  - Route already changed (at simulation time 532.300,000,000 s)
2022-10-31 17:30:04,735 INFO  - Received message from cell from WeatherServer (at simulation time 534.300,000,000 s)
2022-10-31 17:30:04,735 INFO  - Processing DEN message (at simulation time 534.300,000,000 s)
2022-10-31 17:30:04,735 INFO  - Route already changed (at simulation time 534.300,000,000 s)
2022-10-31 17:30:04,747 INFO  - Received message from cell from WeatherServer (at simulation time 536.300,000,000 s)
2022-10-31 17:30:04,747 INFO  - Processing DEN message (at simulation time 536.300,000,000 s)
2022-10-31 17:30:04,747 INFO  - Route already changed (at simulation time 536.300,000,000 s)
2022-10-31 17:30:04,811 INFO  - Received message from cell from WeatherServer (at simulation time 538.300,000,000 s)
2022-10-31 17:30:04,811 INFO  - Processing DEN message (at simulation time 538.300,000,000 s)
2022-10-31 17:30:04,811 INFO  - Route already changed (at simulation time 538.300,000,000 s)
2022-10-31 17:30:04,825 INFO  - Received message from cell from WeatherServer (at simulation time 540.300,000,000 s)
2022-10-31 17:30:04,825 INFO  - Processing DEN message (at simulation time 540.300,000,000 s)
2022-10-31 17:30:04,825 INFO  - Route already changed (at simulation time 540.300,000,000 s)
2022-10-31 17:30:04,835 INFO  - Received message from cell from WeatherServer (at simulation time 542.300,000,000 s)
2022-10-31 17:30:04,835 INFO  - Processing DEN message (at simulation time 542.300,000,000 s)
2022-10-31 17:30:04,835 INFO  - Route already changed (at simulation time 542.300,000,000 s)
2022-10-31 17:30:04,844 INFO  - Received message from cell from WeatherServer (at simulation time 544.300,000,000 s)
2022-10-31 17:30:04,844 INFO  - Processing DEN message (at simulation time 544.300,000,000 s)
2022-10-31 17:30:04,844 INFO  - Route already changed (at simulation time 544.300,000,000 s)
2022-10-31 17:30:04,856 INFO  - Received message from cell from WeatherServer (at simulation time 546.300,000,000 s)
2022-10-31 17:30:04,856 INFO  - Processing DEN message (at simulation time 546.300,000,000 s)
2022-10-31 17:30:04,856 INFO  - Route already changed (at simulation time 546.300,000,000 s)
2022-10-31 17:30:04,866 INFO  - Received message from cell from WeatherServer (at simulation time 548.300,000,000 s)
2022-10-31 17:30:04,866 INFO  - Processing DEN message (at simulation time 548.300,000,000 s)
2022-10-31 17:30:04,866 INFO  - Route already changed (at simulation time 548.300,000,000 s)
2022-10-31 17:30:04,876 INFO  - Received message from cell from WeatherServer (at simulation time 550.300,000,000 s)
2022-10-31 17:30:04,876 INFO  - Processing DEN message (at simulation time 550.300,000,000 s)
2022-10-31 17:30:04,876 INFO  - Route already changed (at simulation time 550.300,000,000 s)
2022-10-31 17:30:04,887 INFO  - Received message from cell from WeatherServer (at simulation time 552.300,000,000 s)
2022-10-31 17:30:04,887 INFO  - Processing DEN message (at simulation time 552.300,000,000 s)
2022-10-31 17:30:04,887 INFO  - Route already changed (at simulation time 552.300,000,000 s)
2022-10-31 17:30:04,899 INFO  - Received message from cell from WeatherServer (at simulation time 554.300,000,000 s)
2022-10-31 17:30:04,899 INFO  - Processing DEN message (at simulation time 554.300,000,000 s)
2022-10-31 17:30:04,899 INFO  - Route already changed (at simulation time 554.300,000,000 s)
2022-10-31 17:30:04,911 INFO  - Received message from cell from WeatherServer (at simulation time 556.300,000,000 s)
2022-10-31 17:30:04,911 INFO  - Processing DEN message (at simulation time 556.300,000,000 s)
2022-10-31 17:30:04,911 INFO  - Route already changed (at simulation time 556.300,000,000 s)
2022-10-31 17:30:04,919 INFO  - Received message from cell from WeatherServer (at simulation time 558.300,000,000 s)
2022-10-31 17:30:04,919 INFO  - Processing DEN message (at simulation time 558.300,000,000 s)
2022-10-31 17:30:04,919 INFO  - Route already changed (at simulation time 558.300,000,000 s)
2022-10-31 17:30:04,932 INFO  - Received message from cell from WeatherServer (at simulation time 560.300,000,000 s)
2022-10-31 17:30:04,932 INFO  - Processing DEN message (at simulation time 560.300,000,000 s)
2022-10-31 17:30:04,932 INFO  - Route already changed (at simulation time 560.300,000,000 s)
2022-10-31 17:30:04,948 INFO  - Received message from cell from WeatherServer (at simulation time 562.300,000,000 s)
2022-10-31 17:30:04,948 INFO  - Processing DEN message (at simulation time 562.300,000,000 s)
2022-10-31 17:30:04,948 INFO  - Route already changed (at simulation time 562.300,000,000 s)
2022-10-31 17:30:04,960 INFO  - Received message from cell from WeatherServer (at simulation time 564.300,000,000 s)
2022-10-31 17:30:04,960 INFO  - Processing DEN message (at simulation time 564.300,000,000 s)
2022-10-31 17:30:04,960 INFO  - Route already changed (at simulation time 564.300,000,000 s)
2022-10-31 17:30:05,006 INFO  - Received message from cell from WeatherServer (at simulation time 566.300,000,000 s)
2022-10-31 17:30:05,006 INFO  - Processing DEN message (at simulation time 566.300,000,000 s)
2022-10-31 17:30:05,006 INFO  - Route already changed (at simulation time 566.300,000,000 s)
2022-10-31 17:30:05,019 INFO  - Received message from cell from WeatherServer (at simulation time 568.300,000,000 s)
2022-10-31 17:30:05,019 INFO  - Processing DEN message (at simulation time 568.300,000,000 s)
2022-10-31 17:30:05,019 INFO  - Route already changed (at simulation time 568.300,000,000 s)
2022-10-31 17:30:05,031 INFO  - Received message from cell from WeatherServer (at simulation time 570.300,000,000 s)
2022-10-31 17:30:05,031 INFO  - Processing DEN message (at simulation time 570.300,000,000 s)
2022-10-31 17:30:05,031 INFO  - Route already changed (at simulation time 570.300,000,000 s)
2022-10-31 17:30:05,039 INFO  - Received message from cell from WeatherServer (at simulation time 572.300,000,000 s)
2022-10-31 17:30:05,039 INFO  - Processing DEN message (at simulation time 572.300,000,000 s)
2022-10-31 17:30:05,039 INFO  - Route already changed (at simulation time 572.300,000,000 s)
2022-10-31 17:30:05,050 INFO  - Received message from cell from WeatherServer (at simulation time 574.300,000,000 s)
2022-10-31 17:30:05,050 INFO  - Processing DEN message (at simulation time 574.300,000,000 s)
2022-10-31 17:30:05,050 INFO  - Route already changed (at simulation time 574.300,000,000 s)
2022-10-31 17:30:05,063 INFO  - Received message from cell from WeatherServer (at simulation time 576.300,000,000 s)
2022-10-31 17:30:05,063 INFO  - Processing DEN message (at simulation time 576.300,000,000 s)
2022-10-31 17:30:05,063 INFO  - Route already changed (at simulation time 576.300,000,000 s)
2022-10-31 17:30:05,073 INFO  - Received message from cell from WeatherServer (at simulation time 578.300,000,000 s)
2022-10-31 17:30:05,073 INFO  - Processing DEN message (at simulation time 578.300,000,000 s)
2022-10-31 17:30:05,073 INFO  - Route already changed (at simulation time 578.300,000,000 s)
2022-10-31 17:30:05,083 INFO  - Received message from cell from WeatherServer (at simulation time 580.300,000,000 s)
2022-10-31 17:30:05,083 INFO  - Processing DEN message (at simulation time 580.300,000,000 s)
2022-10-31 17:30:05,083 INFO  - Route already changed (at simulation time 580.300,000,000 s)
2022-10-31 17:30:05,094 INFO  - Received message from cell from WeatherServer (at simulation time 582.300,000,000 s)
2022-10-31 17:30:05,094 INFO  - Processing DEN message (at simulation time 582.300,000,000 s)
2022-10-31 17:30:05,094 INFO  - Route already changed (at simulation time 582.300,000,000 s)
2022-10-31 17:30:05,103 INFO  - Received message from cell from WeatherServer (at simulation time 584.300,000,000 s)
2022-10-31 17:30:05,103 INFO  - Processing DEN message (at simulation time 584.300,000,000 s)
2022-10-31 17:30:05,103 INFO  - Route already changed (at simulation time 584.300,000,000 s)
2022-10-31 17:30:05,113 INFO  - Received message from cell from WeatherServer (at simulation time 586.300,000,000 s)
2022-10-31 17:30:05,113 INFO  - Processing DEN message (at simulation time 586.300,000,000 s)
2022-10-31 17:30:05,113 INFO  - Route already changed (at simulation time 586.300,000,000 s)
2022-10-31 17:30:05,121 INFO  - Received message from cell from WeatherServer (at simulation time 588.300,000,000 s)
2022-10-31 17:30:05,121 INFO  - Processing DEN message (at simulation time 588.300,000,000 s)
2022-10-31 17:30:05,121 INFO  - Route already changed (at simulation time 588.300,000,000 s)
2022-10-31 17:30:05,129 INFO  - Received message from cell from WeatherServer (at simulation time 590.300,000,000 s)
2022-10-31 17:30:05,129 INFO  - Processing DEN message (at simulation time 590.300,000,000 s)
2022-10-31 17:30:05,129 INFO  - Route already changed (at simulation time 590.300,000,000 s)
2022-10-31 17:30:05,138 INFO  - Received message from cell from WeatherServer (at simulation time 592.300,000,000 s)
2022-10-31 17:30:05,138 INFO  - Processing DEN message (at simulation time 592.300,000,000 s)
2022-10-31 17:30:05,138 INFO  - Route already changed (at simulation time 592.300,000,000 s)
2022-10-31 17:30:05,326 INFO  - Shutdown application (at simulation time 622.000,000,000 s)
