2022-10-31 17:30:00,726 INFO  - Initialize application (at simulation time 237.000,000,000 s)
2022-10-31 17:30:00,731 INFO  - Activated AdHoc Module (at simulation time 237.000,000,000 s)
2022-10-31 17:30:01,055 INFO  - Processing DEN message (at simulation time 253.027,226,957 s)
2022-10-31 17:30:01,055 INFO  - The Event is on the vehicle's route 284243530_2879911873_1313885463 = 284243530_2879911873_1313885463 (at simulation time 253.027,226,957 s)
2022-10-31 17:30:01,059 INFO  - Sending Change Route Command at position: GeoPoint{lat=52.624674,lon=13.563365,alt=0.00} (at simulation time 253.027,226,957 s)
2022-10-31 17:30:01,074 INFO  - Processing DEN message (at simulation time 254.075,758,892 s)
2022-10-31 17:30:01,074 INFO  - Route already changed (at simulation time 254.075,758,892 s)
2022-10-31 17:30:01,093 INFO  - Processing DEN message (at simulation time 255.014,941,503 s)
2022-10-31 17:30:01,093 INFO  - Route already changed (at simulation time 255.014,941,503 s)
2022-10-31 17:30:01,105 INFO  - Processing DEN message (at simulation time 256.016,976,155 s)
2022-10-31 17:30:01,105 INFO  - Route already changed (at simulation time 256.016,976,155 s)
2022-10-31 17:30:01,112 INFO  - Processing DEN message (at simulation time 257.017,230,338 s)
2022-10-31 17:30:01,112 INFO  - Route already changed (at simulation time 257.017,230,338 s)
2022-10-31 17:30:01,130 INFO  - Processing DEN message (at simulation time 258.055,297,992 s)
2022-10-31 17:30:01,130 INFO  - Route already changed (at simulation time 258.055,297,992 s)
2022-10-31 17:30:01,148 INFO  - Processing DEN message (at simulation time 259.030,303,611 s)
2022-10-31 17:30:01,148 INFO  - Route already changed (at simulation time 259.030,303,611 s)
2022-10-31 17:30:01,156 INFO  - Processing DEN message (at simulation time 260.035,884,900 s)
2022-10-31 17:30:01,156 INFO  - Route already changed (at simulation time 260.035,884,900 s)
2022-10-31 17:30:01,169 INFO  - Processing DEN message (at simulation time 261.014,015,599 s)
2022-10-31 17:30:01,169 INFO  - Route already changed (at simulation time 261.014,015,599 s)
2022-10-31 17:30:01,169 INFO  - Processing DEN message (at simulation time 261.040,781,929 s)
2022-10-31 17:30:01,169 INFO  - Route already changed (at simulation time 261.040,781,929 s)
2022-10-31 17:30:01,214 INFO  - Processing DEN message (at simulation time 262.023,059,751 s)
2022-10-31 17:30:01,214 INFO  - Route already changed (at simulation time 262.023,059,751 s)
2022-10-31 17:30:01,215 INFO  - Processing DEN message (at simulation time 262.041,182,429 s)
2022-10-31 17:30:01,215 INFO  - Route already changed (at simulation time 262.041,182,429 s)
2022-10-31 17:30:01,228 INFO  - Processing DEN message (at simulation time 263.015,267,507 s)
2022-10-31 17:30:01,228 INFO  - Route already changed (at simulation time 263.015,267,507 s)
2022-10-31 17:30:01,228 INFO  - Processing DEN message (at simulation time 263.016,574,136 s)
2022-10-31 17:30:01,228 INFO  - Route already changed (at simulation time 263.016,574,136 s)
2022-10-31 17:30:01,239 INFO  - Processing DEN message (at simulation time 264.035,793,737 s)
2022-10-31 17:30:01,239 INFO  - Route already changed (at simulation time 264.035,793,737 s)
2022-10-31 17:30:01,240 INFO  - Processing DEN message (at simulation time 264.053,036,897 s)
2022-10-31 17:30:01,240 INFO  - Route already changed (at simulation time 264.053,036,897 s)
2022-10-31 17:30:01,252 INFO  - Processing DEN message (at simulation time 265.011,941,280 s)
2022-10-31 17:30:01,252 INFO  - Route already changed (at simulation time 265.011,941,280 s)
2022-10-31 17:30:01,252 INFO  - Processing DEN message (at simulation time 265.019,265,418 s)
2022-10-31 17:30:01,252 INFO  - Route already changed (at simulation time 265.019,265,418 s)
2022-10-31 17:30:01,270 INFO  - Processing DEN message (at simulation time 266.019,978,512 s)
2022-10-31 17:30:01,270 INFO  - Route already changed (at simulation time 266.019,978,512 s)
2022-10-31 17:30:01,270 INFO  - Processing DEN message (at simulation time 266.022,570,500 s)
2022-10-31 17:30:01,270 INFO  - Route already changed (at simulation time 266.022,570,500 s)
2022-10-31 17:30:01,279 INFO  - Processing DEN message (at simulation time 267.027,638,641 s)
2022-10-31 17:30:01,279 INFO  - Route already changed (at simulation time 267.027,638,641 s)
2022-10-31 17:30:01,279 INFO  - Processing DEN message (at simulation time 267.040,505,595 s)
2022-10-31 17:30:01,279 INFO  - Route already changed (at simulation time 267.040,505,595 s)
2022-10-31 17:30:01,290 INFO  - Processing DEN message (at simulation time 268.027,758,222 s)
2022-10-31 17:30:01,290 INFO  - Route already changed (at simulation time 268.027,758,222 s)
2022-10-31 17:30:01,290 INFO  - Processing DEN message (at simulation time 268.034,374,389 s)
2022-10-31 17:30:01,290 INFO  - Route already changed (at simulation time 268.034,374,389 s)
2022-10-31 17:30:01,310 INFO  - Processing DEN message (at simulation time 269.040,156,892 s)
2022-10-31 17:30:01,310 INFO  - Route already changed (at simulation time 269.040,156,892 s)
2022-10-31 17:30:01,310 INFO  - Processing DEN message (at simulation time 269.049,520,691 s)
2022-10-31 17:30:01,310 INFO  - Route already changed (at simulation time 269.049,520,691 s)
2022-10-31 17:30:01,323 INFO  - Processing DEN message (at simulation time 270.020,423,776 s)
2022-10-31 17:30:01,323 INFO  - Route already changed (at simulation time 270.020,423,776 s)
2022-10-31 17:30:01,323 INFO  - Processing DEN message (at simulation time 270.023,622,722 s)
2022-10-31 17:30:01,323 INFO  - Route already changed (at simulation time 270.023,622,722 s)
2022-10-31 17:30:01,339 INFO  - Processing DEN message (at simulation time 271.012,653,363 s)
2022-10-31 17:30:01,339 INFO  - Route already changed (at simulation time 271.012,653,363 s)
2022-10-31 17:30:01,339 INFO  - Processing DEN message (at simulation time 271.027,406,155 s)
2022-10-31 17:30:01,339 INFO  - Route already changed (at simulation time 271.027,406,155 s)
2022-10-31 17:30:01,353 INFO  - Processing DEN message (at simulation time 272.019,486,892 s)
2022-10-31 17:30:01,353 INFO  - Route already changed (at simulation time 272.019,486,892 s)
2022-10-31 17:30:01,353 INFO  - Processing DEN message (at simulation time 272.029,069,013 s)
2022-10-31 17:30:01,353 INFO  - Route already changed (at simulation time 272.029,069,013 s)
2022-10-31 17:30:01,397 INFO  - Processing DEN message (at simulation time 273.013,735,361 s)
2022-10-31 17:30:01,397 INFO  - Route already changed (at simulation time 273.013,735,361 s)
2022-10-31 17:30:01,397 INFO  - Processing DEN message (at simulation time 273.036,146,086 s)
2022-10-31 17:30:01,397 INFO  - Route already changed (at simulation time 273.036,146,086 s)
2022-10-31 17:30:01,410 INFO  - Processing DEN message (at simulation time 274.021,697,163 s)
2022-10-31 17:30:01,410 INFO  - Route already changed (at simulation time 274.021,697,163 s)
2022-10-31 17:30:01,410 INFO  - Processing DEN message (at simulation time 274.023,254,748 s)
2022-10-31 17:30:01,410 INFO  - Route already changed (at simulation time 274.023,254,748 s)
2022-10-31 17:30:01,421 INFO  - Processing DEN message (at simulation time 275.040,158,635 s)
2022-10-31 17:30:01,421 INFO  - Route already changed (at simulation time 275.040,158,635 s)
2022-10-31 17:30:01,421 INFO  - Processing DEN message (at simulation time 275.056,865,798 s)
2022-10-31 17:30:01,421 INFO  - Route already changed (at simulation time 275.056,865,798 s)
2022-10-31 17:30:01,438 INFO  - Processing DEN message (at simulation time 276.030,904,723 s)
2022-10-31 17:30:01,438 INFO  - Route already changed (at simulation time 276.030,904,723 s)
2022-10-31 17:30:01,438 INFO  - Processing DEN message (at simulation time 276.047,168,849 s)
2022-10-31 17:30:01,438 INFO  - Route already changed (at simulation time 276.047,168,849 s)
2022-10-31 17:30:01,454 INFO  - Processing DEN message (at simulation time 277.021,590,936 s)
2022-10-31 17:30:01,454 INFO  - Route already changed (at simulation time 277.021,590,936 s)
2022-10-31 17:30:01,454 INFO  - Processing DEN message (at simulation time 277.049,931,948 s)
2022-10-31 17:30:01,454 INFO  - Route already changed (at simulation time 277.049,931,948 s)
2022-10-31 17:30:01,469 INFO  - Processing DEN message (at simulation time 278.028,461,566 s)
2022-10-31 17:30:01,469 INFO  - Route already changed (at simulation time 278.028,461,566 s)
2022-10-31 17:30:01,470 INFO  - Processing DEN message (at simulation time 278.064,573,453 s)
2022-10-31 17:30:01,470 INFO  - Route already changed (at simulation time 278.064,573,453 s)
2022-10-31 17:30:01,489 INFO  - Processing DEN message (at simulation time 279.026,660,821 s)
2022-10-31 17:30:01,489 INFO  - Route already changed (at simulation time 279.026,660,821 s)
2022-10-31 17:30:01,490 INFO  - Processing DEN message (at simulation time 279.035,433,832 s)
2022-10-31 17:30:01,490 INFO  - Route already changed (at simulation time 279.035,433,832 s)
2022-10-31 17:30:01,508 INFO  - Processing DEN message (at simulation time 280.017,414,859 s)
2022-10-31 17:30:01,508 INFO  - Route already changed (at simulation time 280.017,414,859 s)
2022-10-31 17:30:01,508 INFO  - Processing DEN message (at simulation time 280.042,421,198 s)
2022-10-31 17:30:01,508 INFO  - Route already changed (at simulation time 280.042,421,198 s)
2022-10-31 17:30:01,525 INFO  - Processing DEN message (at simulation time 281.012,920,410 s)
2022-10-31 17:30:01,525 INFO  - Route already changed (at simulation time 281.012,920,410 s)
2022-10-31 17:30:01,525 INFO  - Processing DEN message (at simulation time 281.041,884,928 s)
2022-10-31 17:30:01,525 INFO  - Route already changed (at simulation time 281.041,884,928 s)
2022-10-31 17:30:01,533 INFO  - Processing DEN message (at simulation time 282.023,403,575 s)
2022-10-31 17:30:01,533 INFO  - Route already changed (at simulation time 282.023,403,575 s)
2022-10-31 17:30:01,534 INFO  - Processing DEN message (at simulation time 282.060,118,736 s)
2022-10-31 17:30:01,534 INFO  - Route already changed (at simulation time 282.060,118,736 s)
2022-10-31 17:30:01,544 INFO  - Processing DEN message (at simulation time 283.014,280,347 s)
2022-10-31 17:30:01,544 INFO  - Route already changed (at simulation time 283.014,280,347 s)
2022-10-31 17:30:01,545 INFO  - Processing DEN message (at simulation time 283.039,389,828 s)
2022-10-31 17:30:01,545 INFO  - Route already changed (at simulation time 283.039,389,828 s)
2022-10-31 17:30:01,563 INFO  - Processing DEN message (at simulation time 284.030,840,970 s)
2022-10-31 17:30:01,563 INFO  - Route already changed (at simulation time 284.030,840,970 s)
2022-10-31 17:30:01,563 INFO  - Processing DEN message (at simulation time 284.033,311,719 s)
2022-10-31 17:30:01,563 INFO  - Route already changed (at simulation time 284.033,311,719 s)
2022-10-31 17:30:01,574 INFO  - Processing DEN message (at simulation time 285.019,097,407 s)
2022-10-31 17:30:01,574 INFO  - Route already changed (at simulation time 285.019,097,407 s)
2022-10-31 17:30:01,575 INFO  - Processing DEN message (at simulation time 285.032,912,884 s)
2022-10-31 17:30:01,575 INFO  - Route already changed (at simulation time 285.032,912,884 s)
2022-10-31 17:30:01,583 INFO  - Processing DEN message (at simulation time 286.021,529,732 s)
2022-10-31 17:30:01,583 INFO  - Route already changed (at simulation time 286.021,529,732 s)
2022-10-31 17:30:01,583 INFO  - Processing DEN message (at simulation time 286.030,230,889 s)
2022-10-31 17:30:01,583 INFO  - Route already changed (at simulation time 286.030,230,889 s)
2022-10-31 17:30:01,598 INFO  - Processing DEN message (at simulation time 287.031,384,686 s)
2022-10-31 17:30:01,598 INFO  - Route already changed (at simulation time 287.031,384,686 s)
2022-10-31 17:30:01,598 INFO  - Processing DEN message (at simulation time 287.033,170,660 s)
2022-10-31 17:30:01,598 INFO  - Route already changed (at simulation time 287.033,170,660 s)
2022-10-31 17:30:01,605 INFO  - Processing DEN message (at simulation time 288.020,889,064 s)
2022-10-31 17:30:01,605 INFO  - Route already changed (at simulation time 288.020,889,064 s)
2022-10-31 17:30:01,605 INFO  - Processing DEN message (at simulation time 288.029,255,965 s)
2022-10-31 17:30:01,605 INFO  - Route already changed (at simulation time 288.029,255,965 s)
2022-10-31 17:30:01,615 INFO  - Processing DEN message (at simulation time 289.018,041,852 s)
2022-10-31 17:30:01,615 INFO  - Route already changed (at simulation time 289.018,041,852 s)
2022-10-31 17:30:01,615 INFO  - Processing DEN message (at simulation time 289.022,748,806 s)
2022-10-31 17:30:01,615 INFO  - Route already changed (at simulation time 289.022,748,806 s)
2022-10-31 17:30:01,624 INFO  - Processing DEN message (at simulation time 290.034,649,616 s)
2022-10-31 17:30:01,624 INFO  - Route already changed (at simulation time 290.034,649,616 s)
2022-10-31 17:30:01,625 INFO  - Processing DEN message (at simulation time 290.064,515,620 s)
2022-10-31 17:30:01,625 INFO  - Route already changed (at simulation time 290.064,515,620 s)
2022-10-31 17:30:01,638 INFO  - Processing DEN message (at simulation time 291.013,364,686 s)
2022-10-31 17:30:01,638 INFO  - Route already changed (at simulation time 291.013,364,686 s)
2022-10-31 17:30:01,638 INFO  - Processing DEN message (at simulation time 291.037,669,128 s)
2022-10-31 17:30:01,638 INFO  - Route already changed (at simulation time 291.037,669,128 s)
2022-10-31 17:30:01,644 INFO  - Processing DEN message (at simulation time 292.016,974,308 s)
2022-10-31 17:30:01,644 INFO  - Route already changed (at simulation time 292.016,974,308 s)
2022-10-31 17:30:01,644 INFO  - Processing DEN message (at simulation time 292.025,995,949 s)
2022-10-31 17:30:01,644 INFO  - Route already changed (at simulation time 292.025,995,949 s)
2022-10-31 17:30:01,653 INFO  - Processing DEN message (at simulation time 293.020,419,241 s)
2022-10-31 17:30:01,653 INFO  - Route already changed (at simulation time 293.020,419,241 s)
2022-10-31 17:30:01,653 INFO  - Processing DEN message (at simulation time 293.037,780,305 s)
2022-10-31 17:30:01,653 INFO  - Route already changed (at simulation time 293.037,780,305 s)
2022-10-31 17:30:01,674 INFO  - Processing DEN message (at simulation time 294.023,373,795 s)
2022-10-31 17:30:01,674 INFO  - Route already changed (at simulation time 294.023,373,795 s)
2022-10-31 17:30:01,674 INFO  - Processing DEN message (at simulation time 294.032,181,095 s)
2022-10-31 17:30:01,674 INFO  - Route already changed (at simulation time 294.032,181,095 s)
2022-10-31 17:30:01,690 INFO  - Processing DEN message (at simulation time 295.016,351,768 s)
2022-10-31 17:30:01,690 INFO  - Route already changed (at simulation time 295.016,351,768 s)
2022-10-31 17:30:01,691 INFO  - Processing DEN message (at simulation time 295.052,950,650 s)
2022-10-31 17:30:01,691 INFO  - Route already changed (at simulation time 295.052,950,650 s)
2022-10-31 17:30:01,699 INFO  - Processing DEN message (at simulation time 296.023,705,336 s)
2022-10-31 17:30:01,699 INFO  - Route already changed (at simulation time 296.023,705,336 s)
2022-10-31 17:30:01,699 INFO  - Processing DEN message (at simulation time 296.050,999,386 s)
2022-10-31 17:30:01,699 INFO  - Route already changed (at simulation time 296.050,999,386 s)
2022-10-31 17:30:01,710 INFO  - Processing DEN message (at simulation time 297.023,779,188 s)
2022-10-31 17:30:01,710 INFO  - Route already changed (at simulation time 297.023,779,188 s)
2022-10-31 17:30:01,721 INFO  - Processing DEN message (at simulation time 297.044,265,288 s)
2022-10-31 17:30:01,721 INFO  - Route already changed (at simulation time 297.044,265,288 s)
2022-10-31 17:30:01,734 INFO  - Processing DEN message (at simulation time 298.041,080,544 s)
2022-10-31 17:30:01,734 INFO  - Route already changed (at simulation time 298.041,080,544 s)
2022-10-31 17:30:01,734 INFO  - Processing DEN message (at simulation time 298.052,581,866 s)
2022-10-31 17:30:01,734 INFO  - Route already changed (at simulation time 298.052,581,866 s)
2022-10-31 17:30:01,740 INFO  - Processing DEN message (at simulation time 299.022,976,050 s)
2022-10-31 17:30:01,740 INFO  - Route already changed (at simulation time 299.022,976,050 s)
2022-10-31 17:30:01,740 INFO  - Processing DEN message (at simulation time 299.053,124,833 s)
2022-10-31 17:30:01,740 INFO  - Route already changed (at simulation time 299.053,124,833 s)
2022-10-31 17:30:01,751 INFO  - Processing DEN message (at simulation time 300.023,294,364 s)
2022-10-31 17:30:01,751 INFO  - Route already changed (at simulation time 300.023,294,364 s)
2022-10-31 17:30:01,752 INFO  - Processing DEN message (at simulation time 300.030,439,576 s)
2022-10-31 17:30:01,752 INFO  - Route already changed (at simulation time 300.030,439,576 s)
2022-10-31 17:30:01,763 INFO  - Processing DEN message (at simulation time 301.052,903,368 s)
2022-10-31 17:30:01,763 INFO  - Route already changed (at simulation time 301.052,903,368 s)
2022-10-31 17:30:01,773 INFO  - Processing DEN message (at simulation time 302.025,973,460 s)
2022-10-31 17:30:01,773 INFO  - Route already changed (at simulation time 302.025,973,460 s)
2022-10-31 17:30:01,788 INFO  - Processing DEN message (at simulation time 303.021,463,942 s)
2022-10-31 17:30:01,788 INFO  - Route already changed (at simulation time 303.021,463,942 s)
2022-10-31 17:30:01,802 INFO  - Processing DEN message (at simulation time 304.012,565,613 s)
2022-10-31 17:30:01,802 INFO  - Route already changed (at simulation time 304.012,565,613 s)
2022-10-31 17:30:01,819 INFO  - Processing DEN message (at simulation time 305.026,690,211 s)
2022-10-31 17:30:01,819 INFO  - Route already changed (at simulation time 305.026,690,211 s)
2022-10-31 17:30:01,827 INFO  - Processing DEN message (at simulation time 306.021,641,245 s)
2022-10-31 17:30:01,827 INFO  - Route already changed (at simulation time 306.021,641,245 s)
2022-10-31 17:30:01,834 INFO  - Processing DEN message (at simulation time 307.012,521,641 s)
2022-10-31 17:30:01,834 INFO  - Route already changed (at simulation time 307.012,521,641 s)
2022-10-31 17:30:01,842 INFO  - Processing DEN message (at simulation time 308.029,704,335 s)
2022-10-31 17:30:01,842 INFO  - Route already changed (at simulation time 308.029,704,335 s)
2022-10-31 17:30:01,858 INFO  - Processing DEN message (at simulation time 309.041,630,163 s)
2022-10-31 17:30:01,858 INFO  - Route already changed (at simulation time 309.041,630,163 s)
2022-10-31 17:30:01,870 INFO  - Processing DEN message (at simulation time 310.015,760,100 s)
2022-10-31 17:30:01,870 INFO  - Route already changed (at simulation time 310.015,760,100 s)
2022-10-31 17:30:01,878 INFO  - Processing DEN message (at simulation time 311.051,948,831 s)
2022-10-31 17:30:01,878 INFO  - Route already changed (at simulation time 311.051,948,831 s)
2022-10-31 17:30:01,891 INFO  - Processing DEN message (at simulation time 312.033,373,417 s)
2022-10-31 17:30:01,891 INFO  - Route already changed (at simulation time 312.033,373,417 s)
2022-10-31 17:30:01,903 INFO  - Processing DEN message (at simulation time 313.026,272,905 s)
2022-10-31 17:30:01,903 INFO  - Route already changed (at simulation time 313.026,272,905 s)
2022-10-31 17:30:01,915 INFO  - Processing DEN message (at simulation time 314.016,850,432 s)
2022-10-31 17:30:01,915 INFO  - Route already changed (at simulation time 314.016,850,432 s)
2022-10-31 17:30:01,927 INFO  - Processing DEN message (at simulation time 315.014,181,520 s)
2022-10-31 17:30:01,928 INFO  - Route already changed (at simulation time 315.014,181,520 s)
2022-10-31 17:30:01,943 INFO  - Processing DEN message (at simulation time 316.023,750,544 s)
2022-10-31 17:30:01,943 INFO  - Route already changed (at simulation time 316.023,750,544 s)
2022-10-31 17:30:01,952 INFO  - Processing DEN message (at simulation time 317.016,276,282 s)
2022-10-31 17:30:01,952 INFO  - Route already changed (at simulation time 317.016,276,282 s)
2022-10-31 17:30:01,962 INFO  - Processing DEN message (at simulation time 318.024,383,986 s)
2022-10-31 17:30:01,962 INFO  - Route already changed (at simulation time 318.024,383,986 s)
2022-10-31 17:30:01,974 INFO  - Processing DEN message (at simulation time 319.040,421,590 s)
2022-10-31 17:30:01,974 INFO  - Route already changed (at simulation time 319.040,421,590 s)
2022-10-31 17:30:01,988 INFO  - Processing DEN message (at simulation time 320.035,924,862 s)
2022-10-31 17:30:01,988 INFO  - Route already changed (at simulation time 320.035,924,862 s)
2022-10-31 17:30:01,996 INFO  - Processing DEN message (at simulation time 321.049,480,773 s)
2022-10-31 17:30:01,996 INFO  - Route already changed (at simulation time 321.049,480,773 s)
2022-10-31 17:30:02,005 INFO  - Processing DEN message (at simulation time 322.120,128,947 s)
2022-10-31 17:30:02,005 INFO  - Route already changed (at simulation time 322.120,128,947 s)
2022-10-31 17:30:02,021 INFO  - Processing DEN message (at simulation time 323.017,603,223 s)
2022-10-31 17:30:02,021 INFO  - Route already changed (at simulation time 323.017,603,223 s)
2022-10-31 17:30:02,032 INFO  - Processing DEN message (at simulation time 324.055,550,304 s)
2022-10-31 17:30:02,032 INFO  - Route already changed (at simulation time 324.055,550,304 s)
2022-10-31 17:30:02,043 INFO  - Processing DEN message (at simulation time 325.042,409,533 s)
2022-10-31 17:30:02,043 INFO  - Route already changed (at simulation time 325.042,409,533 s)
2022-10-31 17:30:02,053 INFO  - Processing DEN message (at simulation time 326.025,295,834 s)
2022-10-31 17:30:02,053 INFO  - Route already changed (at simulation time 326.025,295,834 s)
2022-10-31 17:30:02,066 INFO  - Processing DEN message (at simulation time 327.021,083,143 s)
2022-10-31 17:30:02,066 INFO  - Route already changed (at simulation time 327.021,083,143 s)
2022-10-31 17:30:02,074 INFO  - Processing DEN message (at simulation time 328.085,395,916 s)
2022-10-31 17:30:02,074 INFO  - Route already changed (at simulation time 328.085,395,916 s)
2022-10-31 17:30:02,084 INFO  - Processing DEN message (at simulation time 329.019,522,121 s)
2022-10-31 17:30:02,084 INFO  - Route already changed (at simulation time 329.019,522,121 s)
2022-10-31 17:30:02,107 INFO  - Processing DEN message (at simulation time 330.019,417,216 s)
2022-10-31 17:30:02,107 INFO  - Route already changed (at simulation time 330.019,417,216 s)
2022-10-31 17:30:02,124 INFO  - Processing DEN message (at simulation time 331.041,049,597 s)
2022-10-31 17:30:02,124 INFO  - Route already changed (at simulation time 331.041,049,597 s)
2022-10-31 17:30:02,134 INFO  - Processing DEN message (at simulation time 332.059,909,495 s)
2022-10-31 17:30:02,134 INFO  - Route already changed (at simulation time 332.059,909,495 s)
2022-10-31 17:30:02,151 INFO  - Processing DEN message (at simulation time 333.017,484,142 s)
2022-10-31 17:30:02,151 INFO  - Route already changed (at simulation time 333.017,484,142 s)
2022-10-31 17:30:02,163 INFO  - Processing DEN message (at simulation time 334.016,597,658 s)
2022-10-31 17:30:02,163 INFO  - Route already changed (at simulation time 334.016,597,658 s)
2022-10-31 17:30:02,873 INFO  - Processing DEN message (at simulation time 384.052,551,880 s)
2022-10-31 17:30:02,873 INFO  - Route already changed (at simulation time 384.052,551,880 s)
2022-10-31 17:30:02,882 INFO  - Processing DEN message (at simulation time 385.017,208,024 s)
2022-10-31 17:30:02,882 INFO  - Route already changed (at simulation time 385.017,208,024 s)
2022-10-31 17:30:02,889 INFO  - Processing DEN message (at simulation time 386.022,973,806 s)
2022-10-31 17:30:02,889 INFO  - Route already changed (at simulation time 386.022,973,806 s)
2022-10-31 17:30:02,898 INFO  - Processing DEN message (at simulation time 387.025,106,325 s)
2022-10-31 17:30:02,898 INFO  - Route already changed (at simulation time 387.025,106,325 s)
2022-10-31 17:30:02,908 INFO  - Processing DEN message (at simulation time 388.023,611,997 s)
2022-10-31 17:30:02,908 INFO  - Route already changed (at simulation time 388.023,611,997 s)
2022-10-31 17:30:02,919 INFO  - Processing DEN message (at simulation time 389.032,430,332 s)
2022-10-31 17:30:02,919 INFO  - Route already changed (at simulation time 389.032,430,332 s)
2022-10-31 17:30:02,934 INFO  - Processing DEN message (at simulation time 390.032,179,631 s)
2022-10-31 17:30:02,934 INFO  - Route already changed (at simulation time 390.032,179,631 s)
2022-10-31 17:30:02,945 INFO  - Processing DEN message (at simulation time 391.012,895,195 s)
2022-10-31 17:30:02,945 INFO  - Route already changed (at simulation time 391.012,895,195 s)
2022-10-31 17:30:02,969 INFO  - Processing DEN message (at simulation time 392.023,241,999 s)
2022-10-31 17:30:02,969 INFO  - Route already changed (at simulation time 392.023,241,999 s)
2022-10-31 17:30:02,982 INFO  - Processing DEN message (at simulation time 393.041,443,902 s)
2022-10-31 17:30:02,982 INFO  - Route already changed (at simulation time 393.041,443,902 s)
2022-10-31 17:30:02,992 INFO  - Processing DEN message (at simulation time 394.028,526,978 s)
2022-10-31 17:30:02,992 INFO  - Route already changed (at simulation time 394.028,526,978 s)
2022-10-31 17:30:03,005 INFO  - Processing DEN message (at simulation time 395.078,403,493 s)
2022-10-31 17:30:03,005 INFO  - Route already changed (at simulation time 395.078,403,493 s)
2022-10-31 17:30:03,020 INFO  - Processing DEN message (at simulation time 396.036,637,039 s)
2022-10-31 17:30:03,020 INFO  - Route already changed (at simulation time 396.036,637,039 s)
2022-10-31 17:30:03,033 INFO  - Processing DEN message (at simulation time 397.027,911,844 s)
2022-10-31 17:30:03,033 INFO  - Route already changed (at simulation time 397.027,911,844 s)
2022-10-31 17:30:03,044 INFO  - Processing DEN message (at simulation time 398.033,513,408 s)
2022-10-31 17:30:03,044 INFO  - Route already changed (at simulation time 398.033,513,408 s)
2022-10-31 17:30:03,054 INFO  - Processing DEN message (at simulation time 399.036,502,517 s)
2022-10-31 17:30:03,054 INFO  - Route already changed (at simulation time 399.036,502,517 s)
2022-10-31 17:30:03,063 INFO  - Processing DEN message (at simulation time 400.025,617,478 s)
2022-10-31 17:30:03,063 INFO  - Route already changed (at simulation time 400.025,617,478 s)
2022-10-31 17:30:03,075 INFO  - Processing DEN message (at simulation time 401.019,133,057 s)
2022-10-31 17:30:03,075 INFO  - Route already changed (at simulation time 401.019,133,057 s)
2022-10-31 17:30:03,089 INFO  - Processing DEN message (at simulation time 402.045,773,467 s)
2022-10-31 17:30:03,089 INFO  - Route already changed (at simulation time 402.045,773,467 s)
2022-10-31 17:30:03,099 INFO  - Processing DEN message (at simulation time 403.033,429,679 s)
2022-10-31 17:30:03,099 INFO  - Route already changed (at simulation time 403.033,429,679 s)
2022-10-31 17:30:03,108 INFO  - Processing DEN message (at simulation time 404.021,941,974 s)
2022-10-31 17:30:03,108 INFO  - Route already changed (at simulation time 404.021,941,974 s)
2022-10-31 17:30:03,117 INFO  - Processing DEN message (at simulation time 405.025,871,660 s)
2022-10-31 17:30:03,117 INFO  - Route already changed (at simulation time 405.025,871,660 s)
2022-10-31 17:30:03,127 INFO  - Processing DEN message (at simulation time 406.023,648,092 s)
2022-10-31 17:30:03,127 INFO  - Route already changed (at simulation time 406.023,648,092 s)
2022-10-31 17:30:03,142 INFO  - Processing DEN message (at simulation time 407.038,329,286 s)
2022-10-31 17:30:03,142 INFO  - Route already changed (at simulation time 407.038,329,286 s)
2022-10-31 17:30:03,187 INFO  - Processing DEN message (at simulation time 408.039,678,184 s)
2022-10-31 17:30:03,187 INFO  - Route already changed (at simulation time 408.039,678,184 s)
2022-10-31 17:30:03,200 INFO  - Processing DEN message (at simulation time 409.035,322,396 s)
2022-10-31 17:30:03,200 INFO  - Route already changed (at simulation time 409.035,322,396 s)
2022-10-31 17:30:03,215 INFO  - Processing DEN message (at simulation time 410.027,135,157 s)
2022-10-31 17:30:03,215 INFO  - Route already changed (at simulation time 410.027,135,157 s)
2022-10-31 17:30:03,229 INFO  - Processing DEN message (at simulation time 411.033,583,656 s)
2022-10-31 17:30:03,229 INFO  - Route already changed (at simulation time 411.033,583,656 s)
2022-10-31 17:30:03,246 INFO  - Processing DEN message (at simulation time 412.022,020,195 s)
2022-10-31 17:30:03,246 INFO  - Route already changed (at simulation time 412.022,020,195 s)
2022-10-31 17:30:03,258 INFO  - Processing DEN message (at simulation time 413.047,987,504 s)
2022-10-31 17:30:03,258 INFO  - Route already changed (at simulation time 413.047,987,504 s)
2022-10-31 17:30:03,271 INFO  - Processing DEN message (at simulation time 414.047,108,988 s)
2022-10-31 17:30:03,271 INFO  - Route already changed (at simulation time 414.047,108,988 s)
2022-10-31 17:30:03,284 INFO  - Processing DEN message (at simulation time 415.041,841,007 s)
2022-10-31 17:30:03,284 INFO  - Route already changed (at simulation time 415.041,841,007 s)
2022-10-31 17:30:03,296 INFO  - Processing DEN message (at simulation time 416.013,729,997 s)
2022-10-31 17:30:03,296 INFO  - Route already changed (at simulation time 416.013,729,997 s)
2022-10-31 17:30:03,305 INFO  - Processing DEN message (at simulation time 417.016,026,313 s)
2022-10-31 17:30:03,305 INFO  - Route already changed (at simulation time 417.016,026,313 s)
2022-10-31 17:30:03,317 INFO  - Processing DEN message (at simulation time 418.023,146,433 s)
2022-10-31 17:30:03,317 INFO  - Route already changed (at simulation time 418.023,146,433 s)
2022-10-31 17:30:03,328 INFO  - Processing DEN message (at simulation time 419.068,102,281 s)
2022-10-31 17:30:03,328 INFO  - Route already changed (at simulation time 419.068,102,281 s)
2022-10-31 17:30:03,338 INFO  - Processing DEN message (at simulation time 420.017,306,577 s)
2022-10-31 17:30:03,338 INFO  - Route already changed (at simulation time 420.017,306,577 s)
2022-10-31 17:30:03,338 INFO  - Processing DEN message (at simulation time 420.039,311,785 s)
2022-10-31 17:30:03,338 INFO  - Route already changed (at simulation time 420.039,311,785 s)
2022-10-31 17:30:03,350 INFO  - Processing DEN message (at simulation time 421.017,910,607 s)
2022-10-31 17:30:03,350 INFO  - Route already changed (at simulation time 421.017,910,607 s)
2022-10-31 17:30:03,350 INFO  - Processing DEN message (at simulation time 421.023,599,916 s)
2022-10-31 17:30:03,350 INFO  - Route already changed (at simulation time 421.023,599,916 s)
2022-10-31 17:30:03,384 INFO  - Processing DEN message (at simulation time 422.013,432,313 s)
2022-10-31 17:30:03,384 INFO  - Route already changed (at simulation time 422.013,432,313 s)
2022-10-31 17:30:03,384 INFO  - Processing DEN message (at simulation time 422.050,998,310 s)
2022-10-31 17:30:03,385 INFO  - Route already changed (at simulation time 422.050,998,310 s)
2022-10-31 17:30:03,397 INFO  - Processing DEN message (at simulation time 423.021,928,335 s)
2022-10-31 17:30:03,397 INFO  - Route already changed (at simulation time 423.021,928,335 s)
2022-10-31 17:30:03,397 INFO  - Processing DEN message (at simulation time 423.022,015,353 s)
2022-10-31 17:30:03,397 INFO  - Route already changed (at simulation time 423.022,015,353 s)
2022-10-31 17:30:03,410 INFO  - Processing DEN message (at simulation time 424.019,079,044 s)
2022-10-31 17:30:03,410 INFO  - Route already changed (at simulation time 424.019,079,044 s)
2022-10-31 17:30:03,410 INFO  - Processing DEN message (at simulation time 424.040,715,801 s)
2022-10-31 17:30:03,410 INFO  - Route already changed (at simulation time 424.040,715,801 s)
2022-10-31 17:30:03,421 INFO  - Processing DEN message (at simulation time 425.021,853,992 s)
2022-10-31 17:30:03,421 INFO  - Route already changed (at simulation time 425.021,853,992 s)
2022-10-31 17:30:03,421 INFO  - Processing DEN message (at simulation time 425.027,107,003 s)
2022-10-31 17:30:03,421 INFO  - Route already changed (at simulation time 425.027,107,003 s)
2022-10-31 17:30:03,430 INFO  - Processing DEN message (at simulation time 426.014,167,900 s)
2022-10-31 17:30:03,430 INFO  - Route already changed (at simulation time 426.014,167,900 s)
2022-10-31 17:30:03,430 INFO  - Processing DEN message (at simulation time 426.019,740,811 s)
2022-10-31 17:30:03,430 INFO  - Route already changed (at simulation time 426.019,740,811 s)
2022-10-31 17:30:03,440 INFO  - Processing DEN message (at simulation time 427.013,839,177 s)
2022-10-31 17:30:03,440 INFO  - Route already changed (at simulation time 427.013,839,177 s)
2022-10-31 17:30:03,440 INFO  - Processing DEN message (at simulation time 427.023,655,774 s)
2022-10-31 17:30:03,440 INFO  - Route already changed (at simulation time 427.023,655,774 s)
2022-10-31 17:30:03,451 INFO  - Processing DEN message (at simulation time 428.017,485,438 s)
2022-10-31 17:30:03,451 INFO  - Route already changed (at simulation time 428.017,485,438 s)
2022-10-31 17:30:03,452 INFO  - Processing DEN message (at simulation time 428.039,305,702 s)
2022-10-31 17:30:03,452 INFO  - Route already changed (at simulation time 428.039,305,702 s)
2022-10-31 17:30:03,462 INFO  - Processing DEN message (at simulation time 429.018,244,401 s)
2022-10-31 17:30:03,462 INFO  - Route already changed (at simulation time 429.018,244,401 s)
2022-10-31 17:30:03,462 INFO  - Processing DEN message (at simulation time 429.021,616,143 s)
2022-10-31 17:30:03,462 INFO  - Route already changed (at simulation time 429.021,616,143 s)
2022-10-31 17:30:03,478 INFO  - Processing DEN message (at simulation time 430.029,805,725 s)
2022-10-31 17:30:03,478 INFO  - Route already changed (at simulation time 430.029,805,725 s)
2022-10-31 17:30:03,478 INFO  - Processing DEN message (at simulation time 430.038,071,897 s)
2022-10-31 17:30:03,478 INFO  - Route already changed (at simulation time 430.038,071,897 s)
2022-10-31 17:30:03,492 INFO  - Processing DEN message (at simulation time 431.026,235,000 s)
2022-10-31 17:30:03,492 INFO  - Route already changed (at simulation time 431.026,235,000 s)
2022-10-31 17:30:03,492 INFO  - Processing DEN message (at simulation time 431.038,812,966 s)
2022-10-31 17:30:03,492 INFO  - Route already changed (at simulation time 431.038,812,966 s)
2022-10-31 17:30:03,502 INFO  - Processing DEN message (at simulation time 432.023,697,005 s)
2022-10-31 17:30:03,502 INFO  - Route already changed (at simulation time 432.023,697,005 s)
2022-10-31 17:30:03,502 INFO  - Processing DEN message (at simulation time 432.031,779,347 s)
2022-10-31 17:30:03,502 INFO  - Route already changed (at simulation time 432.031,779,347 s)
2022-10-31 17:30:03,515 INFO  - Processing DEN message (at simulation time 433.017,690,014 s)
2022-10-31 17:30:03,515 INFO  - Route already changed (at simulation time 433.017,690,014 s)
2022-10-31 17:30:03,516 INFO  - Processing DEN message (at simulation time 433.038,530,400 s)
2022-10-31 17:30:03,516 INFO  - Route already changed (at simulation time 433.038,530,400 s)
2022-10-31 17:30:03,527 INFO  - Processing DEN message (at simulation time 434.016,151,424 s)
2022-10-31 17:30:03,527 INFO  - Route already changed (at simulation time 434.016,151,424 s)
2022-10-31 17:30:03,527 INFO  - Processing DEN message (at simulation time 434.039,780,099 s)
2022-10-31 17:30:03,527 INFO  - Route already changed (at simulation time 434.039,780,099 s)
2022-10-31 17:30:03,541 INFO  - Processing DEN message (at simulation time 435.032,376,445 s)
2022-10-31 17:30:03,541 INFO  - Route already changed (at simulation time 435.032,376,445 s)
2022-10-31 17:30:03,541 INFO  - Processing DEN message (at simulation time 435.041,949,058 s)
2022-10-31 17:30:03,541 INFO  - Route already changed (at simulation time 435.041,949,058 s)
2022-10-31 17:30:03,552 INFO  - Processing DEN message (at simulation time 436.024,184,263 s)
2022-10-31 17:30:03,552 INFO  - Route already changed (at simulation time 436.024,184,263 s)
2022-10-31 17:30:03,552 INFO  - Processing DEN message (at simulation time 436.024,542,835 s)
2022-10-31 17:30:03,552 INFO  - Route already changed (at simulation time 436.024,542,835 s)
2022-10-31 17:30:03,598 INFO  - Processing DEN message (at simulation time 437.030,777,617 s)
2022-10-31 17:30:03,598 INFO  - Route already changed (at simulation time 437.030,777,617 s)
2022-10-31 17:30:03,599 INFO  - Processing DEN message (at simulation time 437.036,123,821 s)
2022-10-31 17:30:03,599 INFO  - Route already changed (at simulation time 437.036,123,821 s)
2022-10-31 17:30:03,614 INFO  - Processing DEN message (at simulation time 438.024,582,744 s)
2022-10-31 17:30:03,614 INFO  - Route already changed (at simulation time 438.024,582,744 s)
2022-10-31 17:30:03,614 INFO  - Processing DEN message (at simulation time 438.028,661,594 s)
2022-10-31 17:30:03,614 INFO  - Route already changed (at simulation time 438.028,661,594 s)
2022-10-31 17:30:03,629 INFO  - Processing DEN message (at simulation time 439.015,795,447 s)
2022-10-31 17:30:03,629 INFO  - Route already changed (at simulation time 439.015,795,447 s)
2022-10-31 17:30:03,629 INFO  - Processing DEN message (at simulation time 439.022,948,568 s)
2022-10-31 17:30:03,629 INFO  - Route already changed (at simulation time 439.022,948,568 s)
2022-10-31 17:30:03,637 INFO  - Processing DEN message (at simulation time 440.029,555,879 s)
2022-10-31 17:30:03,637 INFO  - Route already changed (at simulation time 440.029,555,879 s)
2022-10-31 17:30:03,637 INFO  - Processing DEN message (at simulation time 440.052,475,083 s)
2022-10-31 17:30:03,637 INFO  - Route already changed (at simulation time 440.052,475,083 s)
2022-10-31 17:30:03,649 INFO  - Processing DEN message (at simulation time 441.021,301,353 s)
2022-10-31 17:30:03,649 INFO  - Route already changed (at simulation time 441.021,301,353 s)
2022-10-31 17:30:03,649 INFO  - Processing DEN message (at simulation time 441.049,490,588 s)
2022-10-31 17:30:03,649 INFO  - Route already changed (at simulation time 441.049,490,588 s)
2022-10-31 17:30:03,657 INFO  - Processing DEN message (at simulation time 442.011,564,216 s)
2022-10-31 17:30:03,657 INFO  - Route already changed (at simulation time 442.011,564,216 s)
2022-10-31 17:30:03,658 INFO  - Processing DEN message (at simulation time 442.050,701,546 s)
2022-10-31 17:30:03,658 INFO  - Route already changed (at simulation time 442.050,701,546 s)
2022-10-31 17:30:03,668 INFO  - Processing DEN message (at simulation time 443.036,917,914 s)
2022-10-31 17:30:03,668 INFO  - Route already changed (at simulation time 443.036,917,914 s)
2022-10-31 17:30:03,668 INFO  - Processing DEN message (at simulation time 443.042,447,776 s)
2022-10-31 17:30:03,668 INFO  - Route already changed (at simulation time 443.042,447,776 s)
2022-10-31 17:30:03,676 INFO  - Processing DEN message (at simulation time 444.021,671,454 s)
2022-10-31 17:30:03,676 INFO  - Route already changed (at simulation time 444.021,671,454 s)
2022-10-31 17:30:03,676 INFO  - Processing DEN message (at simulation time 444.041,985,898 s)
2022-10-31 17:30:03,676 INFO  - Route already changed (at simulation time 444.041,985,898 s)
2022-10-31 17:30:03,688 INFO  - Processing DEN message (at simulation time 445.038,466,311 s)
2022-10-31 17:30:03,688 INFO  - Route already changed (at simulation time 445.038,466,311 s)
2022-10-31 17:30:03,688 INFO  - Processing DEN message (at simulation time 445.041,494,654 s)
2022-10-31 17:30:03,688 INFO  - Route already changed (at simulation time 445.041,494,654 s)
2022-10-31 17:30:03,699 INFO  - Processing DEN message (at simulation time 446.014,030,712 s)
2022-10-31 17:30:03,699 INFO  - Route already changed (at simulation time 446.014,030,712 s)
2022-10-31 17:30:03,699 INFO  - Processing DEN message (at simulation time 446.030,117,043 s)
2022-10-31 17:30:03,699 INFO  - Route already changed (at simulation time 446.030,117,043 s)
2022-10-31 17:30:03,713 INFO  - Processing DEN message (at simulation time 447.027,376,336 s)
2022-10-31 17:30:03,713 INFO  - Route already changed (at simulation time 447.027,376,336 s)
2022-10-31 17:30:03,713 INFO  - Processing DEN message (at simulation time 447.031,367,264 s)
2022-10-31 17:30:03,713 INFO  - Route already changed (at simulation time 447.031,367,264 s)
2022-10-31 17:30:03,721 INFO  - Processing DEN message (at simulation time 448.014,814,292 s)
2022-10-31 17:30:03,721 INFO  - Route already changed (at simulation time 448.014,814,292 s)
2022-10-31 17:30:03,721 INFO  - Processing DEN message (at simulation time 448.019,384,609 s)
2022-10-31 17:30:03,721 INFO  - Route already changed (at simulation time 448.019,384,609 s)
2022-10-31 17:30:03,729 INFO  - Processing DEN message (at simulation time 449.020,353,399 s)
2022-10-31 17:30:03,729 INFO  - Route already changed (at simulation time 449.020,353,399 s)
2022-10-31 17:30:03,729 INFO  - Processing DEN message (at simulation time 449.024,323,947 s)
2022-10-31 17:30:03,729 INFO  - Route already changed (at simulation time 449.024,323,947 s)
2022-10-31 17:30:03,737 INFO  - Processing DEN message (at simulation time 450.024,801,322 s)
2022-10-31 17:30:03,737 INFO  - Route already changed (at simulation time 450.024,801,322 s)
2022-10-31 17:30:03,737 INFO  - Processing DEN message (at simulation time 450.071,175,087 s)
2022-10-31 17:30:03,737 INFO  - Route already changed (at simulation time 450.071,175,087 s)
2022-10-31 17:30:03,745 INFO  - Processing DEN message (at simulation time 451.017,398,459 s)
2022-10-31 17:30:03,745 INFO  - Route already changed (at simulation time 451.017,398,459 s)
2022-10-31 17:30:03,745 INFO  - Processing DEN message (at simulation time 451.030,962,734 s)
2022-10-31 17:30:03,745 INFO  - Route already changed (at simulation time 451.030,962,734 s)
2022-10-31 17:30:03,782 INFO  - Processing DEN message (at simulation time 452.025,792,855 s)
2022-10-31 17:30:03,782 INFO  - Route already changed (at simulation time 452.025,792,855 s)
2022-10-31 17:30:03,782 INFO  - Processing DEN message (at simulation time 452.027,890,018 s)
2022-10-31 17:30:03,782 INFO  - Route already changed (at simulation time 452.027,890,018 s)
2022-10-31 17:30:03,797 INFO  - Processing DEN message (at simulation time 453.016,098,226 s)
2022-10-31 17:30:03,797 INFO  - Route already changed (at simulation time 453.016,098,226 s)
2022-10-31 17:30:03,797 INFO  - Processing DEN message (at simulation time 453.038,130,595 s)
2022-10-31 17:30:03,797 INFO  - Route already changed (at simulation time 453.038,130,595 s)
2022-10-31 17:30:03,806 INFO  - Processing DEN message (at simulation time 454.018,650,487 s)
2022-10-31 17:30:03,806 INFO  - Route already changed (at simulation time 454.018,650,487 s)
2022-10-31 17:30:03,807 INFO  - Processing DEN message (at simulation time 454.037,708,812 s)
2022-10-31 17:30:03,807 INFO  - Route already changed (at simulation time 454.037,708,812 s)
2022-10-31 17:30:03,818 INFO  - Processing DEN message (at simulation time 455.029,919,592 s)
2022-10-31 17:30:03,818 INFO  - Route already changed (at simulation time 455.029,919,592 s)
2022-10-31 17:30:03,818 INFO  - Processing DEN message (at simulation time 455.036,788,177 s)
2022-10-31 17:30:03,819 INFO  - Route already changed (at simulation time 455.036,788,177 s)
2022-10-31 17:30:03,827 INFO  - Processing DEN message (at simulation time 456.029,079,227 s)
2022-10-31 17:30:03,827 INFO  - Route already changed (at simulation time 456.029,079,227 s)
2022-10-31 17:30:03,827 INFO  - Processing DEN message (at simulation time 456.038,594,910 s)
2022-10-31 17:30:03,827 INFO  - Route already changed (at simulation time 456.038,594,910 s)
2022-10-31 17:30:03,838 INFO  - Processing DEN message (at simulation time 457.027,924,142 s)
2022-10-31 17:30:03,838 INFO  - Route already changed (at simulation time 457.027,924,142 s)
2022-10-31 17:30:03,838 INFO  - Processing DEN message (at simulation time 457.029,634,850 s)
2022-10-31 17:30:03,838 INFO  - Route already changed (at simulation time 457.029,634,850 s)
2022-10-31 17:30:03,850 INFO  - Processing DEN message (at simulation time 458.031,733,839 s)
2022-10-31 17:30:03,850 INFO  - Route already changed (at simulation time 458.031,733,839 s)
2022-10-31 17:30:03,850 INFO  - Processing DEN message (at simulation time 458.053,167,628 s)
2022-10-31 17:30:03,850 INFO  - Route already changed (at simulation time 458.053,167,628 s)
2022-10-31 17:30:03,859 INFO  - Processing DEN message (at simulation time 459.021,407,044 s)
2022-10-31 17:30:03,859 INFO  - Route already changed (at simulation time 459.021,407,044 s)
2022-10-31 17:30:03,859 INFO  - Processing DEN message (at simulation time 459.039,047,988 s)
2022-10-31 17:30:03,859 INFO  - Route already changed (at simulation time 459.039,047,988 s)
2022-10-31 17:30:03,869 INFO  - Processing DEN message (at simulation time 460.023,727,687 s)
2022-10-31 17:30:03,869 INFO  - Route already changed (at simulation time 460.023,727,687 s)
2022-10-31 17:30:03,869 INFO  - Processing DEN message (at simulation time 460.029,417,597 s)
2022-10-31 17:30:03,869 INFO  - Route already changed (at simulation time 460.029,417,597 s)
2022-10-31 17:30:03,879 INFO  - Processing DEN message (at simulation time 461.023,561,185 s)
2022-10-31 17:30:03,879 INFO  - Route already changed (at simulation time 461.023,561,185 s)
2022-10-31 17:30:03,879 INFO  - Processing DEN message (at simulation time 461.025,539,634 s)
2022-10-31 17:30:03,879 INFO  - Route already changed (at simulation time 461.025,539,634 s)
2022-10-31 17:30:03,891 INFO  - Processing DEN message (at simulation time 462.025,812,452 s)
2022-10-31 17:30:03,891 INFO  - Route already changed (at simulation time 462.025,812,452 s)
2022-10-31 17:30:03,891 INFO  - Processing DEN message (at simulation time 462.032,510,677 s)
2022-10-31 17:30:03,891 INFO  - Route already changed (at simulation time 462.032,510,677 s)
2022-10-31 17:30:03,905 INFO  - Processing DEN message (at simulation time 463.024,494,919 s)
2022-10-31 17:30:03,905 INFO  - Route already changed (at simulation time 463.024,494,919 s)
2022-10-31 17:30:03,905 INFO  - Processing DEN message (at simulation time 463.040,656,471 s)
2022-10-31 17:30:03,905 INFO  - Route already changed (at simulation time 463.040,656,471 s)
2022-10-31 17:30:03,916 INFO  - Processing DEN message (at simulation time 464.039,602,604 s)
2022-10-31 17:30:03,916 INFO  - Route already changed (at simulation time 464.039,602,604 s)
2022-10-31 17:30:03,916 INFO  - Processing DEN message (at simulation time 464.045,874,299 s)
2022-10-31 17:30:03,916 INFO  - Route already changed (at simulation time 464.045,874,299 s)
2022-10-31 17:30:03,926 INFO  - Processing DEN message (at simulation time 465.017,089,574 s)
2022-10-31 17:30:03,926 INFO  - Route already changed (at simulation time 465.017,089,574 s)
2022-10-31 17:30:03,926 INFO  - Processing DEN message (at simulation time 465.023,649,849 s)
2022-10-31 17:30:03,926 INFO  - Route already changed (at simulation time 465.023,649,849 s)
2022-10-31 17:30:03,936 INFO  - Processing DEN message (at simulation time 466.024,725,104 s)
2022-10-31 17:30:03,936 INFO  - Route already changed (at simulation time 466.024,725,104 s)
2022-10-31 17:30:03,936 INFO  - Processing DEN message (at simulation time 466.035,758,118 s)
2022-10-31 17:30:03,936 INFO  - Route already changed (at simulation time 466.035,758,118 s)
2022-10-31 17:30:03,946 INFO  - Processing DEN message (at simulation time 467.027,219,016 s)
2022-10-31 17:30:03,946 INFO  - Route already changed (at simulation time 467.027,219,016 s)
2022-10-31 17:30:03,946 INFO  - Processing DEN message (at simulation time 467.033,896,121 s)
2022-10-31 17:30:03,946 INFO  - Route already changed (at simulation time 467.033,896,121 s)
2022-10-31 17:30:03,953 INFO  - Processing DEN message (at simulation time 468.016,737,314 s)
2022-10-31 17:30:03,953 INFO  - Route already changed (at simulation time 468.016,737,314 s)
2022-10-31 17:30:03,953 INFO  - Processing DEN message (at simulation time 468.030,010,898 s)
2022-10-31 17:30:03,953 INFO  - Route already changed (at simulation time 468.030,010,898 s)
2022-10-31 17:30:03,989 INFO  - Processing DEN message (at simulation time 469.016,536,108 s)
2022-10-31 17:30:03,989 INFO  - Route already changed (at simulation time 469.016,536,108 s)
2022-10-31 17:30:03,989 INFO  - Processing DEN message (at simulation time 469.019,117,333 s)
2022-10-31 17:30:03,989 INFO  - Route already changed (at simulation time 469.019,117,333 s)
2022-10-31 17:30:04,006 INFO  - Processing DEN message (at simulation time 470.038,754,577 s)
2022-10-31 17:30:04,006 INFO  - Route already changed (at simulation time 470.038,754,577 s)
2022-10-31 17:30:04,006 INFO  - Processing DEN message (at simulation time 470.044,364,332 s)
2022-10-31 17:30:04,006 INFO  - Route already changed (at simulation time 470.044,364,332 s)
2022-10-31 17:30:04,014 INFO  - Processing DEN message (at simulation time 471.014,011,828 s)
2022-10-31 17:30:04,014 INFO  - Route already changed (at simulation time 471.014,011,828 s)
2022-10-31 17:30:04,014 INFO  - Processing DEN message (at simulation time 471.047,289,209 s)
2022-10-31 17:30:04,014 INFO  - Route already changed (at simulation time 471.047,289,209 s)
2022-10-31 17:30:04,025 INFO  - Processing DEN message (at simulation time 472.046,981,152 s)
2022-10-31 17:30:04,025 INFO  - Route already changed (at simulation time 472.046,981,152 s)
2022-10-31 17:30:04,025 INFO  - Processing DEN message (at simulation time 472.055,966,389 s)
2022-10-31 17:30:04,025 INFO  - Route already changed (at simulation time 472.055,966,389 s)
2022-10-31 17:30:04,035 INFO  - Processing DEN message (at simulation time 473.023,172,181 s)
2022-10-31 17:30:04,035 INFO  - Route already changed (at simulation time 473.023,172,181 s)
2022-10-31 17:30:04,035 INFO  - Processing DEN message (at simulation time 473.035,909,136 s)
2022-10-31 17:30:04,035 INFO  - Route already changed (at simulation time 473.035,909,136 s)
2022-10-31 17:30:04,047 INFO  - Processing DEN message (at simulation time 474.031,851,073 s)
2022-10-31 17:30:04,047 INFO  - Route already changed (at simulation time 474.031,851,073 s)
2022-10-31 17:30:04,047 INFO  - Processing DEN message (at simulation time 474.053,547,198 s)
2022-10-31 17:30:04,047 INFO  - Route already changed (at simulation time 474.053,547,198 s)
2022-10-31 17:30:04,058 INFO  - Processing DEN message (at simulation time 475.039,625,344 s)
2022-10-31 17:30:04,058 INFO  - Route already changed (at simulation time 475.039,625,344 s)
2022-10-31 17:30:04,058 INFO  - Processing DEN message (at simulation time 475.043,948,820 s)
2022-10-31 17:30:04,058 INFO  - Route already changed (at simulation time 475.043,948,820 s)
2022-10-31 17:30:04,068 INFO  - Processing DEN message (at simulation time 476.025,426,696 s)
2022-10-31 17:30:04,068 INFO  - Route already changed (at simulation time 476.025,426,696 s)
2022-10-31 17:30:04,068 INFO  - Processing DEN message (at simulation time 476.034,640,488 s)
2022-10-31 17:30:04,068 INFO  - Route already changed (at simulation time 476.034,640,488 s)
2022-10-31 17:30:04,078 INFO  - Processing DEN message (at simulation time 477.017,666,080 s)
2022-10-31 17:30:04,078 INFO  - Route already changed (at simulation time 477.017,666,080 s)
2022-10-31 17:30:04,078 INFO  - Processing DEN message (at simulation time 477.022,569,552 s)
2022-10-31 17:30:04,078 INFO  - Route already changed (at simulation time 477.022,569,552 s)
2022-10-31 17:30:04,087 INFO  - Processing DEN message (at simulation time 478.019,058,743 s)
2022-10-31 17:30:04,087 INFO  - Route already changed (at simulation time 478.019,058,743 s)
2022-10-31 17:30:04,087 INFO  - Processing DEN message (at simulation time 478.022,132,935 s)
2022-10-31 17:30:04,087 INFO  - Route already changed (at simulation time 478.022,132,935 s)
2022-10-31 17:30:04,101 INFO  - Processing DEN message (at simulation time 479.021,904,515 s)
2022-10-31 17:30:04,101 INFO  - Route already changed (at simulation time 479.021,904,515 s)
2022-10-31 17:30:04,101 INFO  - Processing DEN message (at simulation time 479.025,255,251 s)
2022-10-31 17:30:04,101 INFO  - Route already changed (at simulation time 479.025,255,251 s)
2022-10-31 17:30:04,111 INFO  - Processing DEN message (at simulation time 480.029,078,208 s)
2022-10-31 17:30:04,111 INFO  - Route already changed (at simulation time 480.029,078,208 s)
2022-10-31 17:30:04,111 INFO  - Processing DEN message (at simulation time 480.040,234,013 s)
2022-10-31 17:30:04,111 INFO  - Route already changed (at simulation time 480.040,234,013 s)
2022-10-31 17:30:04,121 INFO  - Processing DEN message (at simulation time 481.016,237,804 s)
2022-10-31 17:30:04,121 INFO  - Route already changed (at simulation time 481.016,237,804 s)
2022-10-31 17:30:04,121 INFO  - Processing DEN message (at simulation time 481.055,043,927 s)
2022-10-31 17:30:04,121 INFO  - Route already changed (at simulation time 481.055,043,927 s)
2022-10-31 17:30:04,132 INFO  - Processing DEN message (at simulation time 482.020,665,362 s)
2022-10-31 17:30:04,132 INFO  - Route already changed (at simulation time 482.020,665,362 s)
2022-10-31 17:30:04,132 INFO  - Processing DEN message (at simulation time 482.021,728,555 s)
2022-10-31 17:30:04,132 INFO  - Route already changed (at simulation time 482.021,728,555 s)
2022-10-31 17:30:04,142 INFO  - Processing DEN message (at simulation time 483.024,201,887 s)
2022-10-31 17:30:04,142 INFO  - Route already changed (at simulation time 483.024,201,887 s)
2022-10-31 17:30:04,142 INFO  - Processing DEN message (at simulation time 483.039,134,638 s)
2022-10-31 17:30:04,142 INFO  - Route already changed (at simulation time 483.039,134,638 s)
2022-10-31 17:30:04,152 INFO  - Processing DEN message (at simulation time 484.024,276,269 s)
2022-10-31 17:30:04,152 INFO  - Route already changed (at simulation time 484.024,276,269 s)
2022-10-31 17:30:04,152 INFO  - Processing DEN message (at simulation time 484.029,516,264 s)
2022-10-31 17:30:04,152 INFO  - Route already changed (at simulation time 484.029,516,264 s)
2022-10-31 17:30:04,192 INFO  - Processing DEN message (at simulation time 485.022,262,588 s)
2022-10-31 17:30:04,192 INFO  - Route already changed (at simulation time 485.022,262,588 s)
2022-10-31 17:30:04,193 INFO  - Processing DEN message (at simulation time 485.029,875,958 s)
2022-10-31 17:30:04,193 INFO  - Route already changed (at simulation time 485.029,875,958 s)
2022-10-31 17:30:04,205 INFO  - Processing DEN message (at simulation time 486.016,251,184 s)
2022-10-31 17:30:04,205 INFO  - Route already changed (at simulation time 486.016,251,184 s)
2022-10-31 17:30:04,205 INFO  - Processing DEN message (at simulation time 486.054,050,534 s)
2022-10-31 17:30:04,205 INFO  - Route already changed (at simulation time 486.054,050,534 s)
2022-10-31 17:30:04,218 INFO  - Processing DEN message (at simulation time 487.017,614,325 s)
2022-10-31 17:30:04,218 INFO  - Route already changed (at simulation time 487.017,614,325 s)
2022-10-31 17:30:04,219 INFO  - Processing DEN message (at simulation time 487.059,652,779 s)
2022-10-31 17:30:04,219 INFO  - Route already changed (at simulation time 487.059,652,779 s)
2022-10-31 17:30:04,234 INFO  - Processing DEN message (at simulation time 488.017,411,590 s)
2022-10-31 17:30:04,234 INFO  - Route already changed (at simulation time 488.017,411,590 s)
2022-10-31 17:30:04,235 INFO  - Processing DEN message (at simulation time 488.028,690,298 s)
2022-10-31 17:30:04,235 INFO  - Route already changed (at simulation time 488.028,690,298 s)
2022-10-31 17:30:04,248 INFO  - Processing DEN message (at simulation time 489.013,829,995 s)
2022-10-31 17:30:04,248 INFO  - Route already changed (at simulation time 489.013,829,995 s)
2022-10-31 17:30:04,249 INFO  - Processing DEN message (at simulation time 489.038,427,887 s)
2022-10-31 17:30:04,249 INFO  - Route already changed (at simulation time 489.038,427,887 s)
2022-10-31 17:30:04,259 INFO  - Processing DEN message (at simulation time 490.048,635,937 s)
2022-10-31 17:30:04,259 INFO  - Route already changed (at simulation time 490.048,635,937 s)
2022-10-31 17:30:04,259 INFO  - Processing DEN message (at simulation time 490.070,600,421 s)
2022-10-31 17:30:04,259 INFO  - Route already changed (at simulation time 490.070,600,421 s)
2022-10-31 17:30:04,267 INFO  - Processing DEN message (at simulation time 491.013,516,745 s)
2022-10-31 17:30:04,267 INFO  - Route already changed (at simulation time 491.013,516,745 s)
2022-10-31 17:30:04,268 INFO  - Processing DEN message (at simulation time 491.017,257,330 s)
2022-10-31 17:30:04,268 INFO  - Route already changed (at simulation time 491.017,257,330 s)
2022-10-31 17:30:04,278 INFO  - Processing DEN message (at simulation time 492.012,890,101 s)
2022-10-31 17:30:04,278 INFO  - Route already changed (at simulation time 492.012,890,101 s)
2022-10-31 17:30:04,279 INFO  - Processing DEN message (at simulation time 492.021,947,618 s)
2022-10-31 17:30:04,279 INFO  - Route already changed (at simulation time 492.021,947,618 s)
2022-10-31 17:30:04,290 INFO  - Processing DEN message (at simulation time 493.020,039,709 s)
2022-10-31 17:30:04,290 INFO  - Route already changed (at simulation time 493.020,039,709 s)
2022-10-31 17:30:04,290 INFO  - Processing DEN message (at simulation time 493.037,395,290 s)
2022-10-31 17:30:04,290 INFO  - Route already changed (at simulation time 493.037,395,290 s)
2022-10-31 17:30:04,301 INFO  - Processing DEN message (at simulation time 494.019,525,583 s)
2022-10-31 17:30:04,301 INFO  - Route already changed (at simulation time 494.019,525,583 s)
2022-10-31 17:30:04,301 INFO  - Processing DEN message (at simulation time 494.043,862,608 s)
2022-10-31 17:30:04,301 INFO  - Route already changed (at simulation time 494.043,862,608 s)
2022-10-31 17:30:04,311 INFO  - Processing DEN message (at simulation time 495.035,386,198 s)
2022-10-31 17:30:04,311 INFO  - Route already changed (at simulation time 495.035,386,198 s)
2022-10-31 17:30:04,311 INFO  - Processing DEN message (at simulation time 495.035,603,732 s)
2022-10-31 17:30:04,311 INFO  - Route already changed (at simulation time 495.035,603,732 s)
2022-10-31 17:30:04,321 INFO  - Processing DEN message (at simulation time 496.029,258,599 s)
2022-10-31 17:30:04,321 INFO  - Route already changed (at simulation time 496.029,258,599 s)
2022-10-31 17:30:04,321 INFO  - Processing DEN message (at simulation time 496.066,979,693 s)
2022-10-31 17:30:04,321 INFO  - Route already changed (at simulation time 496.066,979,693 s)
2022-10-31 17:30:04,331 INFO  - Processing DEN message (at simulation time 497.021,514,699 s)
2022-10-31 17:30:04,331 INFO  - Route already changed (at simulation time 497.021,514,699 s)
2022-10-31 17:30:04,331 INFO  - Processing DEN message (at simulation time 497.031,472,213 s)
2022-10-31 17:30:04,331 INFO  - Route already changed (at simulation time 497.031,472,213 s)
2022-10-31 17:30:04,344 INFO  - Processing DEN message (at simulation time 498.020,278,843 s)
2022-10-31 17:30:04,344 INFO  - Route already changed (at simulation time 498.020,278,843 s)
2022-10-31 17:30:04,344 INFO  - Processing DEN message (at simulation time 498.020,535,702 s)
2022-10-31 17:30:04,344 INFO  - Route already changed (at simulation time 498.020,535,702 s)
2022-10-31 17:30:04,354 INFO  - Processing DEN message (at simulation time 499.022,746,658 s)
2022-10-31 17:30:04,354 INFO  - Route already changed (at simulation time 499.022,746,658 s)
2022-10-31 17:30:04,354 INFO  - Processing DEN message (at simulation time 499.025,895,874 s)
2022-10-31 17:30:04,354 INFO  - Route already changed (at simulation time 499.025,895,874 s)
2022-10-31 17:30:04,400 INFO  - Processing DEN message (at simulation time 500.014,544,173 s)
2022-10-31 17:30:04,400 INFO  - Route already changed (at simulation time 500.014,544,173 s)
2022-10-31 17:30:04,400 INFO  - Processing DEN message (at simulation time 500.018,735,427 s)
2022-10-31 17:30:04,400 INFO  - Route already changed (at simulation time 500.018,735,427 s)
2022-10-31 17:30:04,411 INFO  - Processing DEN message (at simulation time 501.023,554,309 s)
2022-10-31 17:30:04,411 INFO  - Route already changed (at simulation time 501.023,554,309 s)
2022-10-31 17:30:04,411 INFO  - Processing DEN message (at simulation time 501.030,706,964 s)
2022-10-31 17:30:04,411 INFO  - Route already changed (at simulation time 501.030,706,964 s)
2022-10-31 17:30:04,421 INFO  - Processing DEN message (at simulation time 502.023,065,587 s)
2022-10-31 17:30:04,421 INFO  - Route already changed (at simulation time 502.023,065,587 s)
2022-10-31 17:30:04,421 INFO  - Processing DEN message (at simulation time 502.046,428,807 s)
2022-10-31 17:30:04,421 INFO  - Route already changed (at simulation time 502.046,428,807 s)
2022-10-31 17:30:04,430 INFO  - Processing DEN message (at simulation time 503.016,077,035 s)
2022-10-31 17:30:04,430 INFO  - Route already changed (at simulation time 503.016,077,035 s)
2022-10-31 17:30:04,430 INFO  - Processing DEN message (at simulation time 503.027,907,967 s)
2022-10-31 17:30:04,430 INFO  - Route already changed (at simulation time 503.027,907,967 s)
2022-10-31 17:30:04,441 INFO  - Processing DEN message (at simulation time 504.016,734,222 s)
2022-10-31 17:30:04,441 INFO  - Route already changed (at simulation time 504.016,734,222 s)
2022-10-31 17:30:04,441 INFO  - Processing DEN message (at simulation time 504.049,464,224 s)
2022-10-31 17:30:04,441 INFO  - Route already changed (at simulation time 504.049,464,224 s)
2022-10-31 17:30:04,448 INFO  - Processing DEN message (at simulation time 505.020,866,260 s)
2022-10-31 17:30:04,448 INFO  - Route already changed (at simulation time 505.020,866,260 s)
2022-10-31 17:30:04,448 INFO  - Processing DEN message (at simulation time 505.028,690,831 s)
2022-10-31 17:30:04,448 INFO  - Route already changed (at simulation time 505.028,690,831 s)
2022-10-31 17:30:04,454 INFO  - Processing DEN message (at simulation time 506.024,396,616 s)
2022-10-31 17:30:04,454 INFO  - Route already changed (at simulation time 506.024,396,616 s)
2022-10-31 17:30:04,454 INFO  - Processing DEN message (at simulation time 506.038,873,519 s)
2022-10-31 17:30:04,454 INFO  - Route already changed (at simulation time 506.038,873,519 s)
2022-10-31 17:30:04,460 INFO  - Processing DEN message (at simulation time 507.035,038,295 s)
2022-10-31 17:30:04,460 INFO  - Route already changed (at simulation time 507.035,038,295 s)
2022-10-31 17:30:04,460 INFO  - Processing DEN message (at simulation time 507.044,386,379 s)
2022-10-31 17:30:04,460 INFO  - Route already changed (at simulation time 507.044,386,379 s)
2022-10-31 17:30:04,470 INFO  - Processing DEN message (at simulation time 508.023,533,641 s)
2022-10-31 17:30:04,470 INFO  - Route already changed (at simulation time 508.023,533,641 s)
2022-10-31 17:30:04,470 INFO  - Processing DEN message (at simulation time 508.033,820,828 s)
2022-10-31 17:30:04,470 INFO  - Route already changed (at simulation time 508.033,820,828 s)
2022-10-31 17:30:04,481 INFO  - Processing DEN message (at simulation time 509.031,271,949 s)
2022-10-31 17:30:04,481 INFO  - Route already changed (at simulation time 509.031,271,949 s)
2022-10-31 17:30:04,481 INFO  - Processing DEN message (at simulation time 509.034,610,688 s)
2022-10-31 17:30:04,481 INFO  - Route already changed (at simulation time 509.034,610,688 s)
2022-10-31 17:30:04,491 INFO  - Processing DEN message (at simulation time 510.022,451,150 s)
2022-10-31 17:30:04,491 INFO  - Route already changed (at simulation time 510.022,451,150 s)
2022-10-31 17:30:04,491 INFO  - Processing DEN message (at simulation time 510.029,073,622 s)
2022-10-31 17:30:04,491 INFO  - Route already changed (at simulation time 510.029,073,622 s)
2022-10-31 17:30:04,499 INFO  - Processing DEN message (at simulation time 511.027,353,241 s)
2022-10-31 17:30:04,500 INFO  - Route already changed (at simulation time 511.027,353,241 s)
2022-10-31 17:30:04,500 INFO  - Processing DEN message (at simulation time 511.048,225,276 s)
2022-10-31 17:30:04,500 INFO  - Route already changed (at simulation time 511.048,225,276 s)
2022-10-31 17:30:04,508 INFO  - Processing DEN message (at simulation time 512.022,372,114 s)
2022-10-31 17:30:04,508 INFO  - Route already changed (at simulation time 512.022,372,114 s)
2022-10-31 17:30:04,508 INFO  - Processing DEN message (at simulation time 512.032,414,948 s)
2022-10-31 17:30:04,508 INFO  - Route already changed (at simulation time 512.032,414,948 s)
2022-10-31 17:30:04,519 INFO  - Processing DEN message (at simulation time 513.040,193,553 s)
2022-10-31 17:30:04,519 INFO  - Route already changed (at simulation time 513.040,193,553 s)
2022-10-31 17:30:04,519 INFO  - Processing DEN message (at simulation time 513.044,309,202 s)
2022-10-31 17:30:04,519 INFO  - Route already changed (at simulation time 513.044,309,202 s)
2022-10-31 17:30:04,528 INFO  - Processing DEN message (at simulation time 514.012,924,658 s)
2022-10-31 17:30:04,528 INFO  - Route already changed (at simulation time 514.012,924,658 s)
2022-10-31 17:30:04,528 INFO  - Processing DEN message (at simulation time 514.042,970,558 s)
2022-10-31 17:30:04,528 INFO  - Route already changed (at simulation time 514.042,970,558 s)
2022-10-31 17:30:04,537 INFO  - Processing DEN message (at simulation time 515.018,738,065 s)
2022-10-31 17:30:04,537 INFO  - Route already changed (at simulation time 515.018,738,065 s)
2022-10-31 17:30:04,537 INFO  - Processing DEN message (at simulation time 515.034,375,662 s)
2022-10-31 17:30:04,537 INFO  - Route already changed (at simulation time 515.034,375,662 s)
2022-10-31 17:30:04,545 INFO  - Processing DEN message (at simulation time 516.013,120,202 s)
2022-10-31 17:30:04,545 INFO  - Route already changed (at simulation time 516.013,120,202 s)
2022-10-31 17:30:04,545 INFO  - Processing DEN message (at simulation time 516.032,259,764 s)
2022-10-31 17:30:04,545 INFO  - Route already changed (at simulation time 516.032,259,764 s)
2022-10-31 17:30:04,552 INFO  - Processing DEN message (at simulation time 517.011,812,419 s)
2022-10-31 17:30:04,552 INFO  - Route already changed (at simulation time 517.011,812,419 s)
2022-10-31 17:30:04,552 INFO  - Processing DEN message (at simulation time 517.012,353,005 s)
2022-10-31 17:30:04,552 INFO  - Route already changed (at simulation time 517.012,353,005 s)
2022-10-31 17:30:04,600 INFO  - Processing DEN message (at simulation time 518.012,223,726 s)
2022-10-31 17:30:04,600 INFO  - Route already changed (at simulation time 518.012,223,726 s)
2022-10-31 17:30:04,600 INFO  - Processing DEN message (at simulation time 518.032,225,829 s)
2022-10-31 17:30:04,600 INFO  - Route already changed (at simulation time 518.032,225,829 s)
2022-10-31 17:30:04,612 INFO  - Processing DEN message (at simulation time 519.019,594,759 s)
2022-10-31 17:30:04,612 INFO  - Route already changed (at simulation time 519.019,594,759 s)
2022-10-31 17:30:04,612 INFO  - Processing DEN message (at simulation time 519.019,971,263 s)
2022-10-31 17:30:04,612 INFO  - Route already changed (at simulation time 519.019,971,263 s)
2022-10-31 17:30:04,623 INFO  - Processing DEN message (at simulation time 520.019,143,029 s)
2022-10-31 17:30:04,623 INFO  - Route already changed (at simulation time 520.019,143,029 s)
2022-10-31 17:30:04,623 INFO  - Processing DEN message (at simulation time 520.024,264,281 s)
2022-10-31 17:30:04,623 INFO  - Route already changed (at simulation time 520.024,264,281 s)
2022-10-31 17:30:04,633 INFO  - Processing DEN message (at simulation time 521.013,652,178 s)
2022-10-31 17:30:04,633 INFO  - Route already changed (at simulation time 521.013,652,178 s)
2022-10-31 17:30:04,634 INFO  - Processing DEN message (at simulation time 521.031,692,533 s)
2022-10-31 17:30:04,634 INFO  - Route already changed (at simulation time 521.031,692,533 s)
2022-10-31 17:30:04,646 INFO  - Processing DEN message (at simulation time 522.020,472,125 s)
2022-10-31 17:30:04,646 INFO  - Route already changed (at simulation time 522.020,472,125 s)
2022-10-31 17:30:04,647 INFO  - Processing DEN message (at simulation time 522.024,757,852 s)
2022-10-31 17:30:04,647 INFO  - Route already changed (at simulation time 522.024,757,852 s)
2022-10-31 17:30:04,658 INFO  - Processing DEN message (at simulation time 523.036,612,052 s)
2022-10-31 17:30:04,658 INFO  - Route already changed (at simulation time 523.036,612,052 s)
2022-10-31 17:30:04,658 INFO  - Processing DEN message (at simulation time 523.044,895,088 s)
2022-10-31 17:30:04,658 INFO  - Route already changed (at simulation time 523.044,895,088 s)
2022-10-31 17:30:04,670 INFO  - Processing DEN message (at simulation time 524.021,208,641 s)
2022-10-31 17:30:04,670 INFO  - Route already changed (at simulation time 524.021,208,641 s)
2022-10-31 17:30:04,670 INFO  - Processing DEN message (at simulation time 524.032,730,635 s)
2022-10-31 17:30:04,670 INFO  - Route already changed (at simulation time 524.032,730,635 s)
2022-10-31 17:30:04,679 INFO  - Processing DEN message (at simulation time 525.032,875,055 s)
2022-10-31 17:30:04,679 INFO  - Route already changed (at simulation time 525.032,875,055 s)
2022-10-31 17:30:04,679 INFO  - Processing DEN message (at simulation time 525.036,652,749 s)
2022-10-31 17:30:04,679 INFO  - Route already changed (at simulation time 525.036,652,749 s)
2022-10-31 17:30:04,684 INFO  - Processing DEN message (at simulation time 526.013,102,829 s)
2022-10-31 17:30:04,684 INFO  - Route already changed (at simulation time 526.013,102,829 s)
2022-10-31 17:30:04,684 INFO  - Processing DEN message (at simulation time 526.022,211,144 s)
2022-10-31 17:30:04,684 INFO  - Route already changed (at simulation time 526.022,211,144 s)
2022-10-31 17:30:04,692 INFO  - Processing DEN message (at simulation time 527.024,990,589 s)
2022-10-31 17:30:04,692 INFO  - Route already changed (at simulation time 527.024,990,589 s)
2022-10-31 17:30:04,692 INFO  - Processing DEN message (at simulation time 527.057,446,506 s)
2022-10-31 17:30:04,693 INFO  - Route already changed (at simulation time 527.057,446,506 s)
2022-10-31 17:30:04,699 INFO  - Processing DEN message (at simulation time 528.019,899,062 s)
2022-10-31 17:30:04,699 INFO  - Route already changed (at simulation time 528.019,899,062 s)
2022-10-31 17:30:04,699 INFO  - Processing DEN message (at simulation time 528.026,118,898 s)
2022-10-31 17:30:04,699 INFO  - Route already changed (at simulation time 528.026,118,898 s)
2022-10-31 17:30:04,708 INFO  - Processing DEN message (at simulation time 529.014,001,264 s)
2022-10-31 17:30:04,708 INFO  - Route already changed (at simulation time 529.014,001,264 s)
2022-10-31 17:30:04,708 INFO  - Processing DEN message (at simulation time 529.028,396,233 s)
2022-10-31 17:30:04,708 INFO  - Route already changed (at simulation time 529.028,396,233 s)
2022-10-31 17:30:04,713 INFO  - Processing DEN message (at simulation time 530.018,192,962 s)
2022-10-31 17:30:04,713 INFO  - Route already changed (at simulation time 530.018,192,962 s)
2022-10-31 17:30:04,714 INFO  - Processing DEN message (at simulation time 530.026,763,926 s)
2022-10-31 17:30:04,714 INFO  - Route already changed (at simulation time 530.026,763,926 s)
2022-10-31 17:30:04,719 INFO  - Processing DEN message (at simulation time 531.026,352,391 s)
2022-10-31 17:30:04,719 INFO  - Route already changed (at simulation time 531.026,352,391 s)
2022-10-31 17:30:04,719 INFO  - Processing DEN message (at simulation time 531.069,211,611 s)
2022-10-31 17:30:04,719 INFO  - Route already changed (at simulation time 531.069,211,611 s)
2022-10-31 17:30:04,724 INFO  - Processing DEN message (at simulation time 532.024,590,057 s)
2022-10-31 17:30:04,724 INFO  - Route already changed (at simulation time 532.024,590,057 s)
2022-10-31 17:30:04,724 INFO  - Processing DEN message (at simulation time 532.040,807,367 s)
2022-10-31 17:30:04,724 INFO  - Route already changed (at simulation time 532.040,807,367 s)
2022-10-31 17:30:04,730 INFO  - Processing DEN message (at simulation time 533.022,658,207 s)
2022-10-31 17:30:04,730 INFO  - Route already changed (at simulation time 533.022,658,207 s)
2022-10-31 17:30:04,730 INFO  - Processing DEN message (at simulation time 533.046,076,202 s)
2022-10-31 17:30:04,730 INFO  - Route already changed (at simulation time 533.046,076,202 s)
2022-10-31 17:30:04,735 INFO  - Processing DEN message (at simulation time 534.013,340,233 s)
2022-10-31 17:30:04,735 INFO  - Route already changed (at simulation time 534.013,340,233 s)
2022-10-31 17:30:04,735 INFO  - Processing DEN message (at simulation time 534.032,876,401 s)
2022-10-31 17:30:04,735 INFO  - Route already changed (at simulation time 534.032,876,401 s)
2022-10-31 17:30:04,740 INFO  - Processing DEN message (at simulation time 535.016,522,244 s)
2022-10-31 17:30:04,740 INFO  - Route already changed (at simulation time 535.016,522,244 s)
2022-10-31 17:30:04,740 INFO  - Processing DEN message (at simulation time 535.028,986,374 s)
2022-10-31 17:30:04,740 INFO  - Route already changed (at simulation time 535.028,986,374 s)
2022-10-31 17:30:04,746 INFO  - Processing DEN message (at simulation time 536.043,923,664 s)
2022-10-31 17:30:04,746 INFO  - Route already changed (at simulation time 536.043,923,664 s)
2022-10-31 17:30:04,747 INFO  - Processing DEN message (at simulation time 536.049,624,380 s)
2022-10-31 17:30:04,747 INFO  - Route already changed (at simulation time 536.049,624,380 s)
2022-10-31 17:30:04,757 INFO  - Processing DEN message (at simulation time 537.017,953,021 s)
2022-10-31 17:30:04,757 INFO  - Route already changed (at simulation time 537.017,953,021 s)
2022-10-31 17:30:04,758 INFO  - Processing DEN message (at simulation time 537.053,152,412 s)
2022-10-31 17:30:04,758 INFO  - Route already changed (at simulation time 537.053,152,412 s)
2022-10-31 17:30:04,810 INFO  - Processing DEN message (at simulation time 538.011,374,939 s)
2022-10-31 17:30:04,810 INFO  - Route already changed (at simulation time 538.011,374,939 s)
2022-10-31 17:30:04,810 INFO  - Processing DEN message (at simulation time 538.053,411,927 s)
2022-10-31 17:30:04,810 INFO  - Route already changed (at simulation time 538.053,411,927 s)
2022-10-31 17:30:04,817 INFO  - Processing DEN message (at simulation time 539.045,770,679 s)
2022-10-31 17:30:04,817 INFO  - Route already changed (at simulation time 539.045,770,679 s)
2022-10-31 17:30:04,817 INFO  - Processing DEN message (at simulation time 539.063,382,009 s)
2022-10-31 17:30:04,817 INFO  - Route already changed (at simulation time 539.063,382,009 s)
2022-10-31 17:30:04,824 INFO  - Processing DEN message (at simulation time 540.022,456,668 s)
2022-10-31 17:30:04,825 INFO  - Route already changed (at simulation time 540.022,456,668 s)
2022-10-31 17:30:04,825 INFO  - Processing DEN message (at simulation time 540.022,623,158 s)
2022-10-31 17:30:04,825 INFO  - Route already changed (at simulation time 540.022,623,158 s)
2022-10-31 17:30:04,830 INFO  - Processing DEN message (at simulation time 541.015,900,054 s)
2022-10-31 17:30:04,830 INFO  - Route already changed (at simulation time 541.015,900,054 s)
2022-10-31 17:30:04,830 INFO  - Processing DEN message (at simulation time 541.026,607,718 s)
2022-10-31 17:30:04,830 INFO  - Route already changed (at simulation time 541.026,607,718 s)
2022-10-31 17:30:04,834 INFO  - Processing DEN message (at simulation time 542.021,565,115 s)
2022-10-31 17:30:04,834 INFO  - Route already changed (at simulation time 542.021,565,115 s)
2022-10-31 17:30:04,835 INFO  - Processing DEN message (at simulation time 542.053,056,916 s)
2022-10-31 17:30:04,835 INFO  - Route already changed (at simulation time 542.053,056,916 s)
2022-10-31 17:30:04,839 INFO  - Processing DEN message (at simulation time 543.015,410,794 s)
2022-10-31 17:30:04,839 INFO  - Route already changed (at simulation time 543.015,410,794 s)
2022-10-31 17:30:04,840 INFO  - Processing DEN message (at simulation time 543.028,764,596 s)
2022-10-31 17:30:04,840 INFO  - Route already changed (at simulation time 543.028,764,596 s)
2022-10-31 17:30:04,844 INFO  - Processing DEN message (at simulation time 544.014,742,447 s)
2022-10-31 17:30:04,844 INFO  - Route already changed (at simulation time 544.014,742,447 s)
2022-10-31 17:30:04,844 INFO  - Processing DEN message (at simulation time 544.021,974,027 s)
2022-10-31 17:30:04,844 INFO  - Route already changed (at simulation time 544.021,974,027 s)
2022-10-31 17:30:04,849 INFO  - Processing DEN message (at simulation time 545.021,638,931 s)
2022-10-31 17:30:04,849 INFO  - Route already changed (at simulation time 545.021,638,931 s)
2022-10-31 17:30:04,849 INFO  - Processing DEN message (at simulation time 545.031,345,599 s)
2022-10-31 17:30:04,849 INFO  - Route already changed (at simulation time 545.031,345,599 s)
2022-10-31 17:30:04,856 INFO  - Processing DEN message (at simulation time 546.028,359,655 s)
2022-10-31 17:30:04,856 INFO  - Route already changed (at simulation time 546.028,359,655 s)
2022-10-31 17:30:04,856 INFO  - Processing DEN message (at simulation time 546.053,223,883 s)
2022-10-31 17:30:04,856 INFO  - Route already changed (at simulation time 546.053,223,883 s)
2022-10-31 17:30:04,861 INFO  - Processing DEN message (at simulation time 547.010,716,538 s)
2022-10-31 17:30:04,861 INFO  - Route already changed (at simulation time 547.010,716,538 s)
2022-10-31 17:30:04,861 INFO  - Processing DEN message (at simulation time 547.021,225,178 s)
2022-10-31 17:30:04,861 INFO  - Route already changed (at simulation time 547.021,225,178 s)
2022-10-31 17:30:04,866 INFO  - Processing DEN message (at simulation time 548.016,130,040 s)
2022-10-31 17:30:04,866 INFO  - Route already changed (at simulation time 548.016,130,040 s)
2022-10-31 17:30:04,866 INFO  - Processing DEN message (at simulation time 548.021,682,391 s)
2022-10-31 17:30:04,866 INFO  - Route already changed (at simulation time 548.021,682,391 s)
2022-10-31 17:30:04,871 INFO  - Processing DEN message (at simulation time 549.034,644,311 s)
2022-10-31 17:30:04,871 INFO  - Route already changed (at simulation time 549.034,644,311 s)
2022-10-31 17:30:04,871 INFO  - Processing DEN message (at simulation time 549.073,262,321 s)
2022-10-31 17:30:04,871 INFO  - Route already changed (at simulation time 549.073,262,321 s)
2022-10-31 17:30:04,876 INFO  - Processing DEN message (at simulation time 550.012,268,081 s)
2022-10-31 17:30:04,876 INFO  - Route already changed (at simulation time 550.012,268,081 s)
2022-10-31 17:30:04,876 INFO  - Processing DEN message (at simulation time 550.034,927,847 s)
2022-10-31 17:30:04,876 INFO  - Route already changed (at simulation time 550.034,927,847 s)
2022-10-31 17:30:04,881 INFO  - Processing DEN message (at simulation time 551.033,145,021 s)
2022-10-31 17:30:04,881 INFO  - Route already changed (at simulation time 551.033,145,021 s)
2022-10-31 17:30:04,881 INFO  - Processing DEN message (at simulation time 551.033,261,671 s)
2022-10-31 17:30:04,881 INFO  - Route already changed (at simulation time 551.033,261,671 s)
2022-10-31 17:30:04,887 INFO  - Processing DEN message (at simulation time 552.020,566,088 s)
2022-10-31 17:30:04,887 INFO  - Route already changed (at simulation time 552.020,566,088 s)
2022-10-31 17:30:04,887 INFO  - Processing DEN message (at simulation time 552.030,050,654 s)
2022-10-31 17:30:04,887 INFO  - Route already changed (at simulation time 552.030,050,654 s)
2022-10-31 17:30:04,894 INFO  - Processing DEN message (at simulation time 553.019,138,025 s)
2022-10-31 17:30:04,894 INFO  - Route already changed (at simulation time 553.019,138,025 s)
2022-10-31 17:30:04,894 INFO  - Processing DEN message (at simulation time 553.051,540,707 s)
2022-10-31 17:30:04,894 INFO  - Route already changed (at simulation time 553.051,540,707 s)
2022-10-31 17:30:04,899 INFO  - Processing DEN message (at simulation time 554.020,716,004 s)
2022-10-31 17:30:04,899 INFO  - Route already changed (at simulation time 554.020,716,004 s)
2022-10-31 17:30:04,899 INFO  - Processing DEN message (at simulation time 554.044,826,624 s)
2022-10-31 17:30:04,899 INFO  - Route already changed (at simulation time 554.044,826,624 s)
2022-10-31 17:30:04,906 INFO  - Processing DEN message (at simulation time 555.047,946,632 s)
2022-10-31 17:30:04,906 INFO  - Route already changed (at simulation time 555.047,946,632 s)
2022-10-31 17:30:04,906 INFO  - Processing DEN message (at simulation time 555.056,563,643 s)
2022-10-31 17:30:04,906 INFO  - Route already changed (at simulation time 555.056,563,643 s)
2022-10-31 17:30:04,910 INFO  - Processing DEN message (at simulation time 556.020,939,682 s)
2022-10-31 17:30:04,910 INFO  - Route already changed (at simulation time 556.020,939,682 s)
2022-10-31 17:30:04,910 INFO  - Processing DEN message (at simulation time 556.025,944,771 s)
2022-10-31 17:30:04,910 INFO  - Route already changed (at simulation time 556.025,944,771 s)
2022-10-31 17:30:04,915 INFO  - Processing DEN message (at simulation time 557.015,786,298 s)
2022-10-31 17:30:04,915 INFO  - Route already changed (at simulation time 557.015,786,298 s)
2022-10-31 17:30:04,915 INFO  - Processing DEN message (at simulation time 557.020,938,851 s)
2022-10-31 17:30:04,915 INFO  - Route already changed (at simulation time 557.020,938,851 s)
2022-10-31 17:30:04,919 INFO  - Processing DEN message (at simulation time 558.011,397,614 s)
2022-10-31 17:30:04,919 INFO  - Route already changed (at simulation time 558.011,397,614 s)
2022-10-31 17:30:04,919 INFO  - Processing DEN message (at simulation time 558.024,141,002 s)
2022-10-31 17:30:04,919 INFO  - Route already changed (at simulation time 558.024,141,002 s)
2022-10-31 17:30:04,925 INFO  - Processing DEN message (at simulation time 559.017,368,037 s)
2022-10-31 17:30:04,925 INFO  - Route already changed (at simulation time 559.017,368,037 s)
2022-10-31 17:30:04,926 INFO  - Processing DEN message (at simulation time 559.021,730,901 s)
2022-10-31 17:30:04,926 INFO  - Route already changed (at simulation time 559.021,730,901 s)
2022-10-31 17:30:04,931 INFO  - Processing DEN message (at simulation time 560.022,964,375 s)
2022-10-31 17:30:04,931 INFO  - Route already changed (at simulation time 560.022,964,375 s)
2022-10-31 17:30:04,932 INFO  - Processing DEN message (at simulation time 560.031,143,532 s)
2022-10-31 17:30:04,932 INFO  - Route already changed (at simulation time 560.031,143,532 s)
2022-10-31 17:30:04,941 INFO  - Processing DEN message (at simulation time 561.050,298,322 s)
2022-10-31 17:30:04,941 INFO  - Route already changed (at simulation time 561.050,298,322 s)
2022-10-31 17:30:04,941 INFO  - Processing DEN message (at simulation time 561.054,805,861 s)
2022-10-31 17:30:04,941 INFO  - Route already changed (at simulation time 561.054,805,861 s)
2022-10-31 17:30:04,947 INFO  - Processing DEN message (at simulation time 562.025,809,090 s)
2022-10-31 17:30:04,947 INFO  - Route already changed (at simulation time 562.025,809,090 s)
2022-10-31 17:30:04,947 INFO  - Processing DEN message (at simulation time 562.031,385,857 s)
2022-10-31 17:30:04,947 INFO  - Route already changed (at simulation time 562.031,385,857 s)
2022-10-31 17:30:04,954 INFO  - Processing DEN message (at simulation time 563.017,064,887 s)
2022-10-31 17:30:04,954 INFO  - Route already changed (at simulation time 563.017,064,887 s)
2022-10-31 17:30:04,954 INFO  - Processing DEN message (at simulation time 563.034,064,478 s)
2022-10-31 17:30:04,954 INFO  - Route already changed (at simulation time 563.034,064,478 s)
2022-10-31 17:30:04,959 INFO  - Processing DEN message (at simulation time 564.013,601,602 s)
2022-10-31 17:30:04,959 INFO  - Route already changed (at simulation time 564.013,601,602 s)
2022-10-31 17:30:04,959 INFO  - Processing DEN message (at simulation time 564.036,571,192 s)
2022-10-31 17:30:04,959 INFO  - Route already changed (at simulation time 564.036,571,192 s)
2022-10-31 17:30:04,998 INFO  - Processing DEN message (at simulation time 565.024,562,689 s)
2022-10-31 17:30:04,998 INFO  - Route already changed (at simulation time 565.024,562,689 s)
2022-10-31 17:30:04,998 INFO  - Processing DEN message (at simulation time 565.029,162,107 s)
2022-10-31 17:30:04,998 INFO  - Route already changed (at simulation time 565.029,162,107 s)
2022-10-31 17:30:05,005 INFO  - Processing DEN message (at simulation time 566.031,099,086 s)
2022-10-31 17:30:05,005 INFO  - Route already changed (at simulation time 566.031,099,086 s)
2022-10-31 17:30:05,005 INFO  - Processing DEN message (at simulation time 566.044,473,285 s)
2022-10-31 17:30:05,005 INFO  - Route already changed (at simulation time 566.044,473,285 s)
2022-10-31 17:30:05,013 INFO  - Processing DEN message (at simulation time 567.021,291,944 s)
2022-10-31 17:30:05,013 INFO  - Route already changed (at simulation time 567.021,291,944 s)
2022-10-31 17:30:05,013 INFO  - Processing DEN message (at simulation time 567.023,456,018 s)
2022-10-31 17:30:05,014 INFO  - Route already changed (at simulation time 567.023,456,018 s)
2022-10-31 17:30:05,019 INFO  - Processing DEN message (at simulation time 568.016,738,019 s)
2022-10-31 17:30:05,019 INFO  - Route already changed (at simulation time 568.016,738,019 s)
2022-10-31 17:30:05,019 INFO  - Processing DEN message (at simulation time 568.038,104,779 s)
2022-10-31 17:30:05,019 INFO  - Route already changed (at simulation time 568.038,104,779 s)
2022-10-31 17:30:05,024 INFO  - Shutdown application (at simulation time 569.000,000,000 s)
