2022-10-31 17:29:53,915 INFO  MappingAmbassador - processInteraction(): org.eclipse.mosaic.interactions.traffic.VehicleRoutesInitialization
2022-10-31 17:29:53,915 INFO  ServerSpawner - Creating Server  with apps: org.eclipse.mosaic.app.tutorial.WeatherServerApp
2022-10-31 17:29:56,624 INFO  MappingAmbassador - processInteraction(): org.eclipse.mosaic.interactions.mapping.advanced.ScenarioTrafficLightRegistration
2022-10-31 17:29:56,624 INFO  MappingAmbassador - Received TL-Interaction
2022-10-31 17:29:56,624 INFO  SpawningFramework - Creating Traffic Light: name=134859917, apps=[]
2022-10-31 17:29:56,624 INFO  SpawningFramework - Creating Traffic Light: name=135038118, apps=[]
2022-10-31 17:29:56,624 INFO  SpawningFramework - Creating Traffic Light: name=1566370849, apps=[]
2022-10-31 17:29:56,624 INFO  SpawningFramework - Creating Traffic Light: name=1594381971, apps=[]
2022-10-31 17:29:56,625 INFO  SpawningFramework - Creating Traffic Light: name=2477786411, apps=[]
2022-10-31 17:29:56,625 INFO  SpawningFramework - Creating Traffic Light: name=2548923620, apps=[]
2022-10-31 17:29:56,625 INFO  SpawningFramework - Creating Traffic Light: name=279322052, apps=[]
2022-10-31 17:29:56,625 INFO  SpawningFramework - Creating Traffic Light: name=29421312, apps=[]
2022-10-31 17:29:56,625 INFO  SpawningFramework - Creating Traffic Light: name=2945920006, apps=[]
2022-10-31 17:29:56,625 INFO  SpawningFramework - Creating Traffic Light: name=29768633, apps=[]
2022-10-31 17:29:56,625 INFO  SpawningFramework - Creating Traffic Light: name=29768638, apps=[]
2022-10-31 17:29:56,626 INFO  SpawningFramework - Creating Traffic Light: name=29768653, apps=[]
2022-10-31 17:29:56,626 INFO  SpawningFramework - Creating Traffic Light: name=29768656, apps=[]
2022-10-31 17:29:56,626 INFO  SpawningFramework - Creating Traffic Light: name=29768657, apps=[]
2022-10-31 17:29:56,626 INFO  SpawningFramework - Creating Traffic Light: name=29768658, apps=[]
2022-10-31 17:29:56,626 INFO  SpawningFramework - Creating Traffic Light: name=29768666, apps=[]
2022-10-31 17:29:56,626 INFO  SpawningFramework - Creating Traffic Light: name=29768672, apps=[]
2022-10-31 17:29:56,626 INFO  SpawningFramework - Creating Traffic Light: name=29859393, apps=[]
2022-10-31 17:29:56,626 INFO  SpawningFramework - Creating Traffic Light: name=29859450, apps=[]
2022-10-31 17:29:56,626 INFO  SpawningFramework - Creating Traffic Light: name=29859949, apps=[]
2022-10-31 17:29:56,626 INFO  SpawningFramework - Creating Traffic Light: name=29859969, apps=[]
2022-10-31 17:29:56,626 INFO  SpawningFramework - Creating Traffic Light: name=321568014, apps=[]
2022-10-31 17:29:56,627 INFO  SpawningFramework - Creating Traffic Light: name=335376891, apps=[]
2022-10-31 17:29:56,627 INFO  SpawningFramework - Creating Traffic Light: name=394751921, apps=[]
2022-10-31 17:29:56,627 INFO  SpawningFramework - Creating Traffic Light: name=39933917, apps=[]
2022-10-31 17:29:56,627 INFO  SpawningFramework - Creating Traffic Light: name=40447119, apps=[]
2022-10-31 17:29:56,627 INFO  SpawningFramework - Creating Traffic Light: name=4373325780, apps=[]
2022-10-31 17:29:56,627 INFO  SpawningFramework - Creating Traffic Light: name=47966053, apps=[]
2022-10-31 17:29:56,628 INFO  SpawningFramework - Creating Traffic Light: name=47966062, apps=[]
2022-10-31 17:29:56,628 INFO  SpawningFramework - Creating Traffic Light: name=47966078, apps=[]
2022-10-31 17:29:56,628 INFO  SpawningFramework - Creating Traffic Light: name=49832298, apps=[]
2022-10-31 17:29:56,628 INFO  SpawningFramework - Creating Traffic Light: name=64660869, apps=[]
2022-10-31 17:29:56,628 INFO  SpawningFramework - Creating Traffic Light: name=75670662, apps=[]
2022-10-31 17:29:56,628 INFO  SpawningFramework - Creating Traffic Light: name=75679644, apps=[]
2022-10-31 17:29:56,629 INFO  SpawningFramework - Creating Traffic Light: name=76598379, apps=[]
2022-10-31 17:29:56,629 INFO  SpawningFramework - Creating Traffic Light: name=866613506, apps=[]
2022-10-31 17:29:56,629 INFO  SpawningFramework - Creating Traffic Light: name=866614004, apps=[]
2022-10-31 17:29:56,629 INFO  SpawningFramework - Creating Traffic Light: name=866614320, apps=[]
2022-10-31 17:29:56,629 INFO  SpawningFramework - Creating Traffic Light: name=88954025, apps=[]
2022-10-31 17:29:56,629 INFO  SpawningFramework - Creating Traffic Light: name=89988845, apps=[]
2022-10-31 17:29:56,630 INFO  SpawningFramework - Creating Traffic Light: name=89988851, apps=[]
2022-10-31 17:29:56,630 INFO  SpawningFramework - Creating Traffic Light: name=97604536, apps=[]
2022-10-31 17:29:56,698 INFO  VehicleFlowGenerator - Creating Vehicle. time=5000000000, name=veh_0, route=1, laneSelectionMode=DEFAULT, lane=0, departureConnectionIndex0, pos=1417, type=Vehicle: name=Car, apps=org.eclipse.mosaic.app.tutorial.WeatherWarningAppCell,org.eclipse.mosaic.app.tutorial.SlowDownApp, departSpeed=0.0, apps=[org.eclipse.mosaic.app.tutorial.WeatherWarningAppCell, org.eclipse.mosaic.app.tutorial.SlowDownApp]
2022-10-31 17:29:56,870 INFO  VehicleFlowGenerator - Creating Vehicle. time=8600000000, name=veh_1, route=1, laneSelectionMode=DEFAULT, lane=1, departureConnectionIndex0, pos=1417, type=Vehicle: name=Car, apps=org.eclipse.mosaic.app.tutorial.SlowDownApp, departSpeed=0.0, apps=[org.eclipse.mosaic.app.tutorial.SlowDownApp]
2022-10-31 17:29:56,900 INFO  VehicleFlowGenerator - Creating Vehicle. time=12200000000, name=veh_2, route=1, laneSelectionMode=DEFAULT, lane=0, departureConnectionIndex0, pos=1417, type=Vehicle: name=Car, apps=org.eclipse.mosaic.app.tutorial.SlowDownApp, departSpeed=0.0, apps=[org.eclipse.mosaic.app.tutorial.SlowDownApp]
2022-10-31 17:29:56,929 INFO  VehicleFlowGenerator - Creating Vehicle. time=15800000000, name=veh_3, route=1, laneSelectionMode=DEFAULT, lane=1, departureConnectionIndex0, pos=1417, type=Vehicle: name=Car, apps=org.eclipse.mosaic.app.tutorial.SlowDownApp, departSpeed=0.0, apps=[org.eclipse.mosaic.app.tutorial.SlowDownApp]
2022-10-31 17:29:56,993 INFO  VehicleFlowGenerator - Creating Vehicle. time=19400000000, name=veh_4, route=1, laneSelectionMode=DEFAULT, lane=0, departureConnectionIndex0, pos=1417, type=Vehicle: name=Car, apps=org.eclipse.mosaic.app.tutorial.WeatherWarningApp,org.eclipse.mosaic.app.tutorial.SlowDownApp, departSpeed=0.0, apps=[org.eclipse.mosaic.app.tutorial.WeatherWarningApp, org.eclipse.mosaic.app.tutorial.SlowDownApp]
2022-10-31 17:29:57,062 INFO  VehicleFlowGenerator - Creating Vehicle. time=23000000000, name=veh_5, route=1, laneSelectionMode=DEFAULT, lane=1, departureConnectionIndex0, pos=1417, type=Vehicle: name=Car, apps=org.eclipse.mosaic.app.tutorial.SlowDownApp, departSpeed=0.0, apps=[org.eclipse.mosaic.app.tutorial.SlowDownApp]
2022-10-31 17:29:57,120 INFO  VehicleFlowGenerator - Creating Vehicle. time=26600000000, name=veh_6, route=1, laneSelectionMode=DEFAULT, lane=0, departureConnectionIndex0, pos=1417, type=Vehicle: name=Car, apps=org.eclipse.mosaic.app.tutorial.SlowDownApp, departSpeed=0.0, apps=[org.eclipse.mosaic.app.tutorial.SlowDownApp]
2022-10-31 17:29:57,206 INFO  VehicleFlowGenerator - Creating Vehicle. time=30200000000, name=veh_7, route=1, laneSelectionMode=DEFAULT, lane=1, departureConnectionIndex0, pos=1417, type=Vehicle: name=Car, apps=org.eclipse.mosaic.app.tutorial.SlowDownApp, departSpeed=0.0, apps=[org.eclipse.mosaic.app.tutorial.SlowDownApp]
2022-10-31 17:29:57,235 INFO  VehicleFlowGenerator - Creating Vehicle. time=33800000000, name=veh_8, route=1, laneSelectionMode=DEFAULT, lane=0, departureConnectionIndex0, pos=1417, type=Vehicle: name=Car, apps=org.eclipse.mosaic.app.tutorial.SlowDownApp, departSpeed=0.0, apps=[org.eclipse.mosaic.app.tutorial.SlowDownApp]
2022-10-31 17:29:57,270 INFO  VehicleFlowGenerator - Creating Vehicle. time=37400000000, name=veh_9, route=1, laneSelectionMode=DEFAULT, lane=1, departureConnectionIndex0, pos=1417, type=Vehicle: name=Car, apps=org.eclipse.mosaic.app.tutorial.SlowDownApp, departSpeed=0.0, apps=[org.eclipse.mosaic.app.tutorial.SlowDownApp]
2022-10-31 17:29:57,296 INFO  VehicleFlowGenerator - Creating Vehicle. time=41000000000, name=veh_10, route=1, laneSelectionMode=DEFAULT, lane=0, departureConnectionIndex0, pos=1417, type=Vehicle: name=Car, apps=org.eclipse.mosaic.app.tutorial.WeatherWarningAppCell,org.eclipse.mosaic.app.tutorial.SlowDownApp, departSpeed=0.0, apps=[org.eclipse.mosaic.app.tutorial.WeatherWarningAppCell, org.eclipse.mosaic.app.tutorial.SlowDownApp]
2022-10-31 17:29:57,390 INFO  VehicleFlowGenerator - Creating Vehicle. time=44600000000, name=veh_11, route=1, laneSelectionMode=DEFAULT, lane=1, departureConnectionIndex0, pos=1417, type=Vehicle: name=Car, apps=org.eclipse.mosaic.app.tutorial.SlowDownApp, departSpeed=0.0, apps=[org.eclipse.mosaic.app.tutorial.SlowDownApp]
2022-10-31 17:29:57,422 INFO  VehicleFlowGenerator - Creating Vehicle. time=48200000000, name=veh_12, route=1, laneSelectionMode=DEFAULT, lane=0, departureConnectionIndex0, pos=1417, type=Vehicle: name=Car, apps=org.eclipse.mosaic.app.tutorial.SlowDownApp, departSpeed=0.0, apps=[org.eclipse.mosaic.app.tutorial.SlowDownApp]
2022-10-31 17:29:57,448 INFO  VehicleFlowGenerator - Creating Vehicle. time=51800000000, name=veh_13, route=1, laneSelectionMode=DEFAULT, lane=1, departureConnectionIndex0, pos=1417, type=Vehicle: name=Car, apps=org.eclipse.mosaic.app.tutorial.SlowDownApp, departSpeed=0.0, apps=[org.eclipse.mosaic.app.tutorial.SlowDownApp]
2022-10-31 17:29:57,481 INFO  VehicleFlowGenerator - Creating Vehicle. time=55400000000, name=veh_14, route=1, laneSelectionMode=DEFAULT, lane=0, departureConnectionIndex0, pos=1417, type=Vehicle: name=Car, apps=org.eclipse.mosaic.app.tutorial.WeatherWarningApp,org.eclipse.mosaic.app.tutorial.SlowDownApp, departSpeed=0.0, apps=[org.eclipse.mosaic.app.tutorial.WeatherWarningApp, org.eclipse.mosaic.app.tutorial.SlowDownApp]
2022-10-31 17:29:57,529 INFO  VehicleFlowGenerator - Creating Vehicle. time=59000000000, name=veh_15, route=1, laneSelectionMode=DEFAULT, lane=1, departureConnectionIndex0, pos=1417, type=Vehicle: name=Car, apps=org.eclipse.mosaic.app.tutorial.SlowDownApp, departSpeed=0.0, apps=[org.eclipse.mosaic.app.tutorial.SlowDownApp]
2022-10-31 17:29:57,597 INFO  VehicleFlowGenerator - Creating Vehicle. time=62600000000, name=veh_16, route=1, laneSelectionMode=DEFAULT, lane=0, departureConnectionIndex0, pos=1417, type=Vehicle: name=Car, apps=org.eclipse.mosaic.app.tutorial.SlowDownApp, departSpeed=0.0, apps=[org.eclipse.mosaic.app.tutorial.SlowDownApp]
2022-10-31 17:29:57,630 INFO  VehicleFlowGenerator - Creating Vehicle. time=66200000000, name=veh_17, route=1, laneSelectionMode=DEFAULT, lane=1, departureConnectionIndex0, pos=1417, type=Vehicle: name=Car, apps=org.eclipse.mosaic.app.tutorial.SlowDownApp, departSpeed=0.0, apps=[org.eclipse.mosaic.app.tutorial.SlowDownApp]
2022-10-31 17:29:57,654 INFO  VehicleFlowGenerator - Creating Vehicle. time=69800000000, name=veh_18, route=1, laneSelectionMode=DEFAULT, lane=0, departureConnectionIndex0, pos=1417, type=Vehicle: name=Car, apps=org.eclipse.mosaic.app.tutorial.SlowDownApp, departSpeed=0.0, apps=[org.eclipse.mosaic.app.tutorial.SlowDownApp]
2022-10-31 17:29:57,685 INFO  VehicleFlowGenerator - Creating Vehicle. time=73400000000, name=veh_19, route=1, laneSelectionMode=DEFAULT, lane=1, departureConnectionIndex0, pos=1417, type=Vehicle: name=Car, apps=org.eclipse.mosaic.app.tutorial.SlowDownApp, departSpeed=0.0, apps=[org.eclipse.mosaic.app.tutorial.SlowDownApp]
2022-10-31 17:29:57,720 INFO  VehicleFlowGenerator - Creating Vehicle. time=77000000000, name=veh_20, route=1, laneSelectionMode=DEFAULT, lane=0, departureConnectionIndex0, pos=1417, type=Vehicle: name=Car, apps=org.eclipse.mosaic.app.tutorial.WeatherWarningAppCell,org.eclipse.mosaic.app.tutorial.SlowDownApp, departSpeed=0.0, apps=[org.eclipse.mosaic.app.tutorial.WeatherWarningAppCell, org.eclipse.mosaic.app.tutorial.SlowDownApp]
2022-10-31 17:29:57,819 INFO  VehicleFlowGenerator - Creating Vehicle. time=80600000000, name=veh_21, route=1, laneSelectionMode=DEFAULT, lane=1, departureConnectionIndex0, pos=1417, type=Vehicle: name=Car, apps=org.eclipse.mosaic.app.tutorial.SlowDownApp, departSpeed=0.0, apps=[org.eclipse.mosaic.app.tutorial.SlowDownApp]
2022-10-31 17:29:57,875 INFO  VehicleFlowGenerator - Creating Vehicle. time=84200000000, name=veh_22, route=1, laneSelectionMode=DEFAULT, lane=0, departureConnectionIndex0, pos=1417, type=Vehicle: name=Car, apps=org.eclipse.mosaic.app.tutorial.SlowDownApp, departSpeed=0.0, apps=[org.eclipse.mosaic.app.tutorial.SlowDownApp]
2022-10-31 17:29:57,919 INFO  VehicleFlowGenerator - Creating Vehicle. time=87800000000, name=veh_23, route=1, laneSelectionMode=DEFAULT, lane=1, departureConnectionIndex0, pos=1417, type=Vehicle: name=Car, apps=org.eclipse.mosaic.app.tutorial.SlowDownApp, departSpeed=0.0, apps=[org.eclipse.mosaic.app.tutorial.SlowDownApp]
2022-10-31 17:29:58,011 INFO  VehicleFlowGenerator - Creating Vehicle. time=91400000000, name=veh_24, route=1, laneSelectionMode=DEFAULT, lane=0, departureConnectionIndex0, pos=1417, type=Vehicle: name=Car, apps=org.eclipse.mosaic.app.tutorial.WeatherWarningApp,org.eclipse.mosaic.app.tutorial.SlowDownApp, departSpeed=0.0, apps=[org.eclipse.mosaic.app.tutorial.WeatherWarningApp, org.eclipse.mosaic.app.tutorial.SlowDownApp]
2022-10-31 17:29:58,074 INFO  VehicleFlowGenerator - Creating Vehicle. time=95000000000, name=veh_25, route=1, laneSelectionMode=DEFAULT, lane=1, departureConnectionIndex0, pos=1417, type=Vehicle: name=Car, apps=org.eclipse.mosaic.app.tutorial.SlowDownApp, departSpeed=0.0, apps=[org.eclipse.mosaic.app.tutorial.SlowDownApp]
2022-10-31 17:29:58,225 INFO  VehicleFlowGenerator - Creating Vehicle. time=98600000000, name=veh_26, route=1, laneSelectionMode=DEFAULT, lane=0, departureConnectionIndex0, pos=1417, type=Vehicle: name=Car, apps=org.eclipse.mosaic.app.tutorial.SlowDownApp, departSpeed=0.0, apps=[org.eclipse.mosaic.app.tutorial.SlowDownApp]
2022-10-31 17:29:58,300 INFO  VehicleFlowGenerator - Creating Vehicle. time=102200000000, name=veh_27, route=1, laneSelectionMode=DEFAULT, lane=1, departureConnectionIndex0, pos=1417, type=Vehicle: name=Car, apps=org.eclipse.mosaic.app.tutorial.SlowDownApp, departSpeed=0.0, apps=[org.eclipse.mosaic.app.tutorial.SlowDownApp]
2022-10-31 17:29:58,366 INFO  VehicleFlowGenerator - Creating Vehicle. time=105800000000, name=veh_28, route=1, laneSelectionMode=DEFAULT, lane=0, departureConnectionIndex0, pos=1417, type=Vehicle: name=Car, apps=org.eclipse.mosaic.app.tutorial.SlowDownApp, departSpeed=0.0, apps=[org.eclipse.mosaic.app.tutorial.SlowDownApp]
2022-10-31 17:29:58,487 INFO  VehicleFlowGenerator - Creating Vehicle. time=109400000000, name=veh_29, route=1, laneSelectionMode=DEFAULT, lane=1, departureConnectionIndex0, pos=1417, type=Vehicle: name=Car, apps=org.eclipse.mosaic.app.tutorial.SlowDownApp, departSpeed=0.0, apps=[org.eclipse.mosaic.app.tutorial.SlowDownApp]
2022-10-31 17:29:58,552 INFO  VehicleFlowGenerator - Creating Vehicle. time=113000000000, name=veh_30, route=1, laneSelectionMode=DEFAULT, lane=0, departureConnectionIndex0, pos=1417, type=Vehicle: name=Car, apps=org.eclipse.mosaic.app.tutorial.WeatherWarningAppCell,org.eclipse.mosaic.app.tutorial.SlowDownApp, departSpeed=0.0, apps=[org.eclipse.mosaic.app.tutorial.WeatherWarningAppCell, org.eclipse.mosaic.app.tutorial.SlowDownApp]
2022-10-31 17:29:58,664 INFO  VehicleFlowGenerator - Creating Vehicle. time=116600000000, name=veh_31, route=1, laneSelectionMode=DEFAULT, lane=1, departureConnectionIndex0, pos=1417, type=Vehicle: name=Car, apps=org.eclipse.mosaic.app.tutorial.SlowDownApp, departSpeed=0.0, apps=[org.eclipse.mosaic.app.tutorial.SlowDownApp]
2022-10-31 17:29:58,731 INFO  VehicleFlowGenerator - Creating Vehicle. time=120200000000, name=veh_32, route=1, laneSelectionMode=DEFAULT, lane=0, departureConnectionIndex0, pos=1417, type=Vehicle: name=Car, apps=org.eclipse.mosaic.app.tutorial.SlowDownApp, departSpeed=0.0, apps=[org.eclipse.mosaic.app.tutorial.SlowDownApp]
2022-10-31 17:29:58,829 INFO  VehicleFlowGenerator - Creating Vehicle. time=123800000000, name=veh_33, route=1, laneSelectionMode=DEFAULT, lane=1, departureConnectionIndex0, pos=1417, type=Vehicle: name=Car, apps=org.eclipse.mosaic.app.tutorial.SlowDownApp, departSpeed=0.0, apps=[org.eclipse.mosaic.app.tutorial.SlowDownApp]
2022-10-31 17:29:58,907 INFO  VehicleFlowGenerator - Creating Vehicle. time=127400000000, name=veh_34, route=1, laneSelectionMode=DEFAULT, lane=0, departureConnectionIndex0, pos=1417, type=Vehicle: name=Car, apps=org.eclipse.mosaic.app.tutorial.WeatherWarningApp,org.eclipse.mosaic.app.tutorial.SlowDownApp, departSpeed=0.0, apps=[org.eclipse.mosaic.app.tutorial.WeatherWarningApp, org.eclipse.mosaic.app.tutorial.SlowDownApp]
2022-10-31 17:29:59,042 INFO  VehicleFlowGenerator - Creating Vehicle. time=131000000000, name=veh_35, route=1, laneSelectionMode=DEFAULT, lane=1, departureConnectionIndex0, pos=1417, type=Vehicle: name=Car, apps=org.eclipse.mosaic.app.tutorial.SlowDownApp, departSpeed=0.0, apps=[org.eclipse.mosaic.app.tutorial.SlowDownApp]
2022-10-31 17:29:59,093 INFO  VehicleFlowGenerator - Creating Vehicle. time=134600000000, name=veh_36, route=1, laneSelectionMode=DEFAULT, lane=0, departureConnectionIndex0, pos=1417, type=Vehicle: name=Car, apps=org.eclipse.mosaic.app.tutorial.SlowDownApp, departSpeed=0.0, apps=[org.eclipse.mosaic.app.tutorial.SlowDownApp]
2022-10-31 17:29:59,149 INFO  VehicleFlowGenerator - Creating Vehicle. time=138200000000, name=veh_37, route=1, laneSelectionMode=DEFAULT, lane=1, departureConnectionIndex0, pos=1417, type=Vehicle: name=Car, apps=org.eclipse.mosaic.app.tutorial.SlowDownApp, departSpeed=0.0, apps=[org.eclipse.mosaic.app.tutorial.SlowDownApp]
2022-10-31 17:29:59,228 INFO  VehicleFlowGenerator - Creating Vehicle. time=141800000000, name=veh_38, route=1, laneSelectionMode=DEFAULT, lane=0, departureConnectionIndex0, pos=1417, type=Vehicle: name=Car, apps=org.eclipse.mosaic.app.tutorial.SlowDownApp, departSpeed=0.0, apps=[org.eclipse.mosaic.app.tutorial.SlowDownApp]
2022-10-31 17:29:59,297 INFO  VehicleFlowGenerator - Creating Vehicle. time=145400000000, name=veh_39, route=1, laneSelectionMode=DEFAULT, lane=1, departureConnectionIndex0, pos=1417, type=Vehicle: name=Car, apps=org.eclipse.mosaic.app.tutorial.SlowDownApp, departSpeed=0.0, apps=[org.eclipse.mosaic.app.tutorial.SlowDownApp]
2022-10-31 17:29:59,362 INFO  VehicleFlowGenerator - Creating Vehicle. time=149000000000, name=veh_40, route=1, laneSelectionMode=DEFAULT, lane=0, departureConnectionIndex0, pos=1417, type=Vehicle: name=Car, apps=org.eclipse.mosaic.app.tutorial.WeatherWarningAppCell,org.eclipse.mosaic.app.tutorial.SlowDownApp, departSpeed=0.0, apps=[org.eclipse.mosaic.app.tutorial.WeatherWarningAppCell, org.eclipse.mosaic.app.tutorial.SlowDownApp]
2022-10-31 17:29:59,510 INFO  VehicleFlowGenerator - Creating Vehicle. time=152600000000, name=veh_41, route=1, laneSelectionMode=DEFAULT, lane=1, departureConnectionIndex0, pos=1417, type=Vehicle: name=Car, apps=org.eclipse.mosaic.app.tutorial.SlowDownApp, departSpeed=0.0, apps=[org.eclipse.mosaic.app.tutorial.SlowDownApp]
2022-10-31 17:29:59,603 INFO  VehicleFlowGenerator - Creating Vehicle. time=156200000000, name=veh_42, route=1, laneSelectionMode=DEFAULT, lane=0, departureConnectionIndex0, pos=1417, type=Vehicle: name=Car, apps=org.eclipse.mosaic.app.tutorial.SlowDownApp, departSpeed=0.0, apps=[org.eclipse.mosaic.app.tutorial.SlowDownApp]
2022-10-31 17:29:59,653 INFO  VehicleFlowGenerator - Creating Vehicle. time=159800000000, name=veh_43, route=1, laneSelectionMode=DEFAULT, lane=1, departureConnectionIndex0, pos=1417, type=Vehicle: name=Car, apps=org.eclipse.mosaic.app.tutorial.SlowDownApp, departSpeed=0.0, apps=[org.eclipse.mosaic.app.tutorial.SlowDownApp]
2022-10-31 17:29:59,688 INFO  VehicleFlowGenerator - Creating Vehicle. time=163400000000, name=veh_44, route=1, laneSelectionMode=DEFAULT, lane=0, departureConnectionIndex0, pos=1417, type=Vehicle: name=Car, apps=org.eclipse.mosaic.app.tutorial.WeatherWarningApp,org.eclipse.mosaic.app.tutorial.SlowDownApp, departSpeed=0.0, apps=[org.eclipse.mosaic.app.tutorial.WeatherWarningApp, org.eclipse.mosaic.app.tutorial.SlowDownApp]
2022-10-31 17:29:59,743 INFO  VehicleFlowGenerator - Creating Vehicle. time=167000000000, name=veh_45, route=1, laneSelectionMode=DEFAULT, lane=1, departureConnectionIndex0, pos=1417, type=Vehicle: name=Car, apps=org.eclipse.mosaic.app.tutorial.SlowDownApp, departSpeed=0.0, apps=[org.eclipse.mosaic.app.tutorial.SlowDownApp]
2022-10-31 17:29:59,832 INFO  VehicleFlowGenerator - Creating Vehicle. time=170600000000, name=veh_46, route=1, laneSelectionMode=DEFAULT, lane=0, departureConnectionIndex0, pos=1417, type=Vehicle: name=Car, apps=org.eclipse.mosaic.app.tutorial.SlowDownApp, departSpeed=0.0, apps=[org.eclipse.mosaic.app.tutorial.SlowDownApp]
2022-10-31 17:29:59,878 INFO  VehicleFlowGenerator - Creating Vehicle. time=174200000000, name=veh_47, route=1, laneSelectionMode=DEFAULT, lane=1, departureConnectionIndex0, pos=1417, type=Vehicle: name=Car, apps=org.eclipse.mosaic.app.tutorial.SlowDownApp, departSpeed=0.0, apps=[org.eclipse.mosaic.app.tutorial.SlowDownApp]
2022-10-31 17:29:59,910 INFO  VehicleFlowGenerator - Creating Vehicle. time=177800000000, name=veh_48, route=1, laneSelectionMode=DEFAULT, lane=0, departureConnectionIndex0, pos=1417, type=Vehicle: name=Car, apps=org.eclipse.mosaic.app.tutorial.SlowDownApp, departSpeed=0.0, apps=[org.eclipse.mosaic.app.tutorial.SlowDownApp]
2022-10-31 17:29:59,997 INFO  VehicleFlowGenerator - Creating Vehicle. time=181400000000, name=veh_49, route=1, laneSelectionMode=DEFAULT, lane=1, departureConnectionIndex0, pos=1417, type=Vehicle: name=Car, apps=org.eclipse.mosaic.app.tutorial.SlowDownApp, departSpeed=0.0, apps=[org.eclipse.mosaic.app.tutorial.SlowDownApp]
2022-10-31 17:30:00,047 INFO  VehicleFlowGenerator - Creating Vehicle. time=185000000000, name=veh_50, route=1, laneSelectionMode=DEFAULT, lane=0, departureConnectionIndex0, pos=1417, type=Vehicle: name=Car, apps=org.eclipse.mosaic.app.tutorial.WeatherWarningAppCell,org.eclipse.mosaic.app.tutorial.SlowDownApp, departSpeed=0.0, apps=[org.eclipse.mosaic.app.tutorial.WeatherWarningAppCell, org.eclipse.mosaic.app.tutorial.SlowDownApp]
2022-10-31 17:30:00,094 INFO  VehicleFlowGenerator - Creating Vehicle. time=188600000000, name=veh_51, route=1, laneSelectionMode=DEFAULT, lane=1, departureConnectionIndex0, pos=1417, type=Vehicle: name=Car, apps=org.eclipse.mosaic.app.tutorial.SlowDownApp, departSpeed=0.0, apps=[org.eclipse.mosaic.app.tutorial.SlowDownApp]
2022-10-31 17:30:00,138 INFO  VehicleFlowGenerator - Creating Vehicle. time=192200000000, name=veh_52, route=1, laneSelectionMode=DEFAULT, lane=0, departureConnectionIndex0, pos=1417, type=Vehicle: name=Car, apps=org.eclipse.mosaic.app.tutorial.SlowDownApp, departSpeed=0.0, apps=[org.eclipse.mosaic.app.tutorial.SlowDownApp]
2022-10-31 17:30:00,209 INFO  VehicleFlowGenerator - Creating Vehicle. time=195800000000, name=veh_53, route=1, laneSelectionMode=DEFAULT, lane=1, departureConnectionIndex0, pos=1417, type=Vehicle: name=Car, apps=org.eclipse.mosaic.app.tutorial.SlowDownApp, departSpeed=0.0, apps=[org.eclipse.mosaic.app.tutorial.SlowDownApp]
2022-10-31 17:30:00,252 INFO  VehicleFlowGenerator - Creating Vehicle. time=199400000000, name=veh_54, route=1, laneSelectionMode=DEFAULT, lane=0, departureConnectionIndex0, pos=1417, type=Vehicle: name=Car, apps=org.eclipse.mosaic.app.tutorial.WeatherWarningApp,org.eclipse.mosaic.app.tutorial.SlowDownApp, departSpeed=0.0, apps=[org.eclipse.mosaic.app.tutorial.WeatherWarningApp, org.eclipse.mosaic.app.tutorial.SlowDownApp]
2022-10-31 17:30:00,301 INFO  VehicleFlowGenerator - Creating Vehicle. time=203000000000, name=veh_55, route=1, laneSelectionMode=DEFAULT, lane=1, departureConnectionIndex0, pos=1417, type=Vehicle: name=Car, apps=org.eclipse.mosaic.app.tutorial.SlowDownApp, departSpeed=0.0, apps=[org.eclipse.mosaic.app.tutorial.SlowDownApp]
2022-10-31 17:30:00,336 INFO  VehicleFlowGenerator - Creating Vehicle. time=206600000000, name=veh_56, route=1, laneSelectionMode=DEFAULT, lane=0, departureConnectionIndex0, pos=1417, type=Vehicle: name=Car, apps=org.eclipse.mosaic.app.tutorial.SlowDownApp, departSpeed=0.0, apps=[org.eclipse.mosaic.app.tutorial.SlowDownApp]
2022-10-31 17:30:00,406 INFO  VehicleFlowGenerator - Creating Vehicle. time=210200000000, name=veh_57, route=1, laneSelectionMode=DEFAULT, lane=1, departureConnectionIndex0, pos=1417, type=Vehicle: name=Car, apps=org.eclipse.mosaic.app.tutorial.SlowDownApp, departSpeed=0.0, apps=[org.eclipse.mosaic.app.tutorial.SlowDownApp]
2022-10-31 17:30:00,431 INFO  VehicleFlowGenerator - Creating Vehicle. time=213800000000, name=veh_58, route=1, laneSelectionMode=DEFAULT, lane=0, departureConnectionIndex0, pos=1417, type=Vehicle: name=Car, apps=org.eclipse.mosaic.app.tutorial.SlowDownApp, departSpeed=0.0, apps=[org.eclipse.mosaic.app.tutorial.SlowDownApp]
2022-10-31 17:30:00,467 INFO  VehicleFlowGenerator - Creating Vehicle. time=217400000000, name=veh_59, route=1, laneSelectionMode=DEFAULT, lane=1, departureConnectionIndex0, pos=1417, type=Vehicle: name=Car, apps=org.eclipse.mosaic.app.tutorial.SlowDownApp, departSpeed=0.0, apps=[org.eclipse.mosaic.app.tutorial.SlowDownApp]
2022-10-31 17:30:00,516 INFO  VehicleFlowGenerator - Creating Vehicle. time=221000000000, name=veh_60, route=1, laneSelectionMode=DEFAULT, lane=0, departureConnectionIndex0, pos=1417, type=Vehicle: name=Car, apps=org.eclipse.mosaic.app.tutorial.WeatherWarningAppCell,org.eclipse.mosaic.app.tutorial.SlowDownApp, departSpeed=0.0, apps=[org.eclipse.mosaic.app.tutorial.WeatherWarningAppCell, org.eclipse.mosaic.app.tutorial.SlowDownApp]
2022-10-31 17:30:00,604 INFO  VehicleFlowGenerator - Creating Vehicle. time=224600000000, name=veh_61, route=1, laneSelectionMode=DEFAULT, lane=1, departureConnectionIndex0, pos=1417, type=Vehicle: name=Car, apps=org.eclipse.mosaic.app.tutorial.SlowDownApp, departSpeed=0.0, apps=[org.eclipse.mosaic.app.tutorial.SlowDownApp]
2022-10-31 17:30:00,637 INFO  VehicleFlowGenerator - Creating Vehicle. time=228200000000, name=veh_62, route=1, laneSelectionMode=DEFAULT, lane=0, departureConnectionIndex0, pos=1417, type=Vehicle: name=Car, apps=org.eclipse.mosaic.app.tutorial.SlowDownApp, departSpeed=0.0, apps=[org.eclipse.mosaic.app.tutorial.SlowDownApp]
2022-10-31 17:30:00,665 INFO  VehicleFlowGenerator - Creating Vehicle. time=231800000000, name=veh_63, route=1, laneSelectionMode=DEFAULT, lane=1, departureConnectionIndex0, pos=1417, type=Vehicle: name=Car, apps=org.eclipse.mosaic.app.tutorial.SlowDownApp, departSpeed=0.0, apps=[org.eclipse.mosaic.app.tutorial.SlowDownApp]
2022-10-31 17:30:00,706 INFO  VehicleFlowGenerator - Creating Vehicle. time=235400000000, name=veh_64, route=1, laneSelectionMode=DEFAULT, lane=0, departureConnectionIndex0, pos=1417, type=Vehicle: name=Car, apps=org.eclipse.mosaic.app.tutorial.WeatherWarningApp,org.eclipse.mosaic.app.tutorial.SlowDownApp, departSpeed=0.0, apps=[org.eclipse.mosaic.app.tutorial.WeatherWarningApp, org.eclipse.mosaic.app.tutorial.SlowDownApp]
2022-10-31 17:30:00,756 INFO  VehicleFlowGenerator - Creating Vehicle. time=239000000000, name=veh_65, route=1, laneSelectionMode=DEFAULT, lane=1, departureConnectionIndex0, pos=1417, type=Vehicle: name=Car, apps=org.eclipse.mosaic.app.tutorial.SlowDownApp, departSpeed=0.0, apps=[org.eclipse.mosaic.app.tutorial.SlowDownApp]
2022-10-31 17:30:00,873 INFO  VehicleFlowGenerator - Creating Vehicle. time=242600000000, name=veh_66, route=1, laneSelectionMode=DEFAULT, lane=0, departureConnectionIndex0, pos=1417, type=Vehicle: name=Car, apps=org.eclipse.mosaic.app.tutorial.SlowDownApp, departSpeed=0.0, apps=[org.eclipse.mosaic.app.tutorial.SlowDownApp]
2022-10-31 17:30:00,935 INFO  VehicleFlowGenerator - Creating Vehicle. time=246200000000, name=veh_67, route=1, laneSelectionMode=DEFAULT, lane=1, departureConnectionIndex0, pos=1417, type=Vehicle: name=Car, apps=org.eclipse.mosaic.app.tutorial.SlowDownApp, departSpeed=0.0, apps=[org.eclipse.mosaic.app.tutorial.SlowDownApp]
2022-10-31 17:30:01,006 INFO  VehicleFlowGenerator - Creating Vehicle. time=249800000000, name=veh_68, route=1, laneSelectionMode=DEFAULT, lane=0, departureConnectionIndex0, pos=1417, type=Vehicle: name=Car, apps=org.eclipse.mosaic.app.tutorial.SlowDownApp, departSpeed=0.0, apps=[org.eclipse.mosaic.app.tutorial.SlowDownApp]
2022-10-31 17:30:01,063 INFO  VehicleFlowGenerator - Creating Vehicle. time=253400000000, name=veh_69, route=1, laneSelectionMode=DEFAULT, lane=1, departureConnectionIndex0, pos=1417, type=Vehicle: name=Car, apps=org.eclipse.mosaic.app.tutorial.SlowDownApp, departSpeed=0.0, apps=[org.eclipse.mosaic.app.tutorial.SlowDownApp]
2022-10-31 17:30:01,110 INFO  VehicleFlowGenerator - Creating Vehicle. time=257000000000, name=veh_70, route=1, laneSelectionMode=DEFAULT, lane=0, departureConnectionIndex0, pos=1417, type=Vehicle: name=Car, apps=org.eclipse.mosaic.app.tutorial.WeatherWarningAppCell,org.eclipse.mosaic.app.tutorial.SlowDownApp, departSpeed=0.0, apps=[org.eclipse.mosaic.app.tutorial.WeatherWarningAppCell, org.eclipse.mosaic.app.tutorial.SlowDownApp]
2022-10-31 17:30:01,157 INFO  VehicleFlowGenerator - Creating Vehicle. time=260600000000, name=veh_71, route=1, laneSelectionMode=DEFAULT, lane=1, departureConnectionIndex0, pos=1417, type=Vehicle: name=Car, apps=org.eclipse.mosaic.app.tutorial.SlowDownApp, departSpeed=0.0, apps=[org.eclipse.mosaic.app.tutorial.SlowDownApp]
2022-10-31 17:30:01,240 INFO  VehicleFlowGenerator - Creating Vehicle. time=264200000000, name=veh_72, route=1, laneSelectionMode=DEFAULT, lane=0, departureConnectionIndex0, pos=1417, type=Vehicle: name=Car, apps=org.eclipse.mosaic.app.tutorial.SlowDownApp, departSpeed=0.0, apps=[org.eclipse.mosaic.app.tutorial.SlowDownApp]
2022-10-31 17:30:01,280 INFO  VehicleFlowGenerator - Creating Vehicle. time=267800000000, name=veh_73, route=1, laneSelectionMode=DEFAULT, lane=1, departureConnectionIndex0, pos=1417, type=Vehicle: name=Car, apps=org.eclipse.mosaic.app.tutorial.SlowDownApp, departSpeed=0.0, apps=[org.eclipse.mosaic.app.tutorial.SlowDownApp]
2022-10-31 17:30:01,340 INFO  VehicleFlowGenerator - Creating Vehicle. time=271400000000, name=veh_74, route=1, laneSelectionMode=DEFAULT, lane=0, departureConnectionIndex0, pos=1417, type=Vehicle: name=Car, apps=org.eclipse.mosaic.app.tutorial.WeatherWarningApp,org.eclipse.mosaic.app.tutorial.SlowDownApp, departSpeed=0.0, apps=[org.eclipse.mosaic.app.tutorial.WeatherWarningApp, org.eclipse.mosaic.app.tutorial.SlowDownApp]
2022-10-31 17:30:01,417 INFO  VehicleFlowGenerator - Creating Vehicle. time=275000000000, name=veh_75, route=1, laneSelectionMode=DEFAULT, lane=1, departureConnectionIndex0, pos=1417, type=Vehicle: name=Car, apps=org.eclipse.mosaic.app.tutorial.SlowDownApp, departSpeed=0.0, apps=[org.eclipse.mosaic.app.tutorial.SlowDownApp]
2022-10-31 17:30:01,470 INFO  VehicleFlowGenerator - Creating Vehicle. time=278600000000, name=veh_76, route=1, laneSelectionMode=DEFAULT, lane=0, departureConnectionIndex0, pos=1417, type=Vehicle: name=Car, apps=org.eclipse.mosaic.app.tutorial.SlowDownApp, departSpeed=0.0, apps=[org.eclipse.mosaic.app.tutorial.SlowDownApp]
2022-10-31 17:30:01,534 INFO  VehicleFlowGenerator - Creating Vehicle. time=282200000000, name=veh_77, route=1, laneSelectionMode=DEFAULT, lane=1, departureConnectionIndex0, pos=1417, type=Vehicle: name=Car, apps=org.eclipse.mosaic.app.tutorial.SlowDownApp, departSpeed=0.0, apps=[org.eclipse.mosaic.app.tutorial.SlowDownApp]
2022-10-31 17:30:01,575 INFO  VehicleFlowGenerator - Creating Vehicle. time=285800000000, name=veh_78, route=1, laneSelectionMode=DEFAULT, lane=0, departureConnectionIndex0, pos=1417, type=Vehicle: name=Car, apps=org.eclipse.mosaic.app.tutorial.SlowDownApp, departSpeed=0.0, apps=[org.eclipse.mosaic.app.tutorial.SlowDownApp]
2022-10-31 17:30:01,615 INFO  VehicleFlowGenerator - Creating Vehicle. time=289400000000, name=veh_79, route=1, laneSelectionMode=DEFAULT, lane=1, departureConnectionIndex0, pos=1417, type=Vehicle: name=Car, apps=org.eclipse.mosaic.app.tutorial.SlowDownApp, departSpeed=0.0, apps=[org.eclipse.mosaic.app.tutorial.SlowDownApp]
2022-10-31 17:30:01,650 INFO  VehicleFlowGenerator - Creating Vehicle. time=293000000000, name=veh_80, route=1, laneSelectionMode=DEFAULT, lane=0, departureConnectionIndex0, pos=1417, type=Vehicle: name=Car, apps=org.eclipse.mosaic.app.tutorial.WeatherWarningAppCell,org.eclipse.mosaic.app.tutorial.SlowDownApp, departSpeed=0.0, apps=[org.eclipse.mosaic.app.tutorial.WeatherWarningAppCell, org.eclipse.mosaic.app.tutorial.SlowDownApp]
2022-10-31 17:30:01,700 INFO  VehicleFlowGenerator - Creating Vehicle. time=296600000000, name=veh_81, route=1, laneSelectionMode=DEFAULT, lane=1, departureConnectionIndex0, pos=1417, type=Vehicle: name=Car, apps=org.eclipse.mosaic.app.tutorial.SlowDownApp, departSpeed=0.0, apps=[org.eclipse.mosaic.app.tutorial.SlowDownApp]
2022-10-31 17:30:01,752 INFO  VehicleFlowGenerator - Creating Vehicle. time=300200000000, name=veh_82, route=1, laneSelectionMode=DEFAULT, lane=0, departureConnectionIndex0, pos=1417, type=Vehicle: name=Car, apps=org.eclipse.mosaic.app.tutorial.SlowDownApp, departSpeed=0.0, apps=[org.eclipse.mosaic.app.tutorial.SlowDownApp]
2022-10-31 17:30:01,788 INFO  VehicleFlowGenerator - Creating Vehicle. time=303800000000, name=veh_83, route=1, laneSelectionMode=DEFAULT, lane=1, departureConnectionIndex0, pos=1417, type=Vehicle: name=Car, apps=org.eclipse.mosaic.app.tutorial.SlowDownApp, departSpeed=0.0, apps=[org.eclipse.mosaic.app.tutorial.SlowDownApp]
2022-10-31 17:30:01,834 INFO  VehicleFlowGenerator - Creating Vehicle. time=307400000000, name=veh_84, route=1, laneSelectionMode=DEFAULT, lane=0, departureConnectionIndex0, pos=1417, type=Vehicle: name=Car, apps=org.eclipse.mosaic.app.tutorial.WeatherWarningApp,org.eclipse.mosaic.app.tutorial.SlowDownApp, departSpeed=0.0, apps=[org.eclipse.mosaic.app.tutorial.WeatherWarningApp, org.eclipse.mosaic.app.tutorial.SlowDownApp]
2022-10-31 17:30:01,876 INFO  VehicleFlowGenerator - Creating Vehicle. time=311000000000, name=veh_85, route=1, laneSelectionMode=DEFAULT, lane=1, departureConnectionIndex0, pos=1417, type=Vehicle: name=Car, apps=org.eclipse.mosaic.app.tutorial.SlowDownApp, departSpeed=0.0, apps=[org.eclipse.mosaic.app.tutorial.SlowDownApp]
2022-10-31 17:30:01,916 INFO  VehicleFlowGenerator - Creating Vehicle. time=314600000000, name=veh_86, route=1, laneSelectionMode=DEFAULT, lane=0, departureConnectionIndex0, pos=1417, type=Vehicle: name=Car, apps=org.eclipse.mosaic.app.tutorial.SlowDownApp, departSpeed=0.0, apps=[org.eclipse.mosaic.app.tutorial.SlowDownApp]
2022-10-31 17:30:01,962 INFO  VehicleFlowGenerator - Creating Vehicle. time=318200000000, name=veh_87, route=1, laneSelectionMode=DEFAULT, lane=1, departureConnectionIndex0, pos=1417, type=Vehicle: name=Car, apps=org.eclipse.mosaic.app.tutorial.SlowDownApp, departSpeed=0.0, apps=[org.eclipse.mosaic.app.tutorial.SlowDownApp]
2022-10-31 17:30:01,996 INFO  VehicleFlowGenerator - Creating Vehicle. time=321800000000, name=veh_88, route=1, laneSelectionMode=DEFAULT, lane=0, departureConnectionIndex0, pos=1417, type=Vehicle: name=Car, apps=org.eclipse.mosaic.app.tutorial.SlowDownApp, departSpeed=0.0, apps=[org.eclipse.mosaic.app.tutorial.SlowDownApp]
2022-10-31 17:30:02,043 INFO  VehicleFlowGenerator - Creating Vehicle. time=325400000000, name=veh_89, route=1, laneSelectionMode=DEFAULT, lane=1, departureConnectionIndex0, pos=1417, type=Vehicle: name=Car, apps=org.eclipse.mosaic.app.tutorial.SlowDownApp, departSpeed=0.0, apps=[org.eclipse.mosaic.app.tutorial.SlowDownApp]
2022-10-31 17:30:02,082 INFO  VehicleFlowGenerator - Creating Vehicle. time=329000000000, name=veh_90, route=1, laneSelectionMode=DEFAULT, lane=0, departureConnectionIndex0, pos=1417, type=Vehicle: name=Car, apps=org.eclipse.mosaic.app.tutorial.WeatherWarningAppCell,org.eclipse.mosaic.app.tutorial.SlowDownApp, departSpeed=0.0, apps=[org.eclipse.mosaic.app.tutorial.WeatherWarningAppCell, org.eclipse.mosaic.app.tutorial.SlowDownApp]
2022-10-31 17:30:02,135 INFO  VehicleFlowGenerator - Creating Vehicle. time=332600000000, name=veh_91, route=1, laneSelectionMode=DEFAULT, lane=1, departureConnectionIndex0, pos=1417, type=Vehicle: name=Car, apps=org.eclipse.mosaic.app.tutorial.SlowDownApp, departSpeed=0.0, apps=[org.eclipse.mosaic.app.tutorial.SlowDownApp]
2022-10-31 17:30:02,181 INFO  VehicleFlowGenerator - Creating Vehicle. time=336200000000, name=veh_92, route=1, laneSelectionMode=DEFAULT, lane=0, departureConnectionIndex0, pos=1417, type=Vehicle: name=Car, apps=org.eclipse.mosaic.app.tutorial.SlowDownApp, departSpeed=0.0, apps=[org.eclipse.mosaic.app.tutorial.SlowDownApp]
2022-10-31 17:30:02,204 INFO  VehicleFlowGenerator - Creating Vehicle. time=339800000000, name=veh_93, route=1, laneSelectionMode=DEFAULT, lane=1, departureConnectionIndex0, pos=1417, type=Vehicle: name=Car, apps=org.eclipse.mosaic.app.tutorial.SlowDownApp, departSpeed=0.0, apps=[org.eclipse.mosaic.app.tutorial.SlowDownApp]
2022-10-31 17:30:02,246 INFO  VehicleFlowGenerator - Creating Vehicle. time=343400000000, name=veh_94, route=1, laneSelectionMode=DEFAULT, lane=0, departureConnectionIndex0, pos=1417, type=Vehicle: name=Car, apps=org.eclipse.mosaic.app.tutorial.WeatherWarningApp,org.eclipse.mosaic.app.tutorial.SlowDownApp, departSpeed=0.0, apps=[org.eclipse.mosaic.app.tutorial.WeatherWarningApp, org.eclipse.mosaic.app.tutorial.SlowDownApp]
2022-10-31 17:30:02,287 INFO  VehicleFlowGenerator - Creating Vehicle. time=347000000000, name=veh_95, route=1, laneSelectionMode=DEFAULT, lane=1, departureConnectionIndex0, pos=1417, type=Vehicle: name=Car, apps=org.eclipse.mosaic.app.tutorial.SlowDownApp, departSpeed=0.0, apps=[org.eclipse.mosaic.app.tutorial.SlowDownApp]
2022-10-31 17:30:02,442 INFO  VehicleFlowGenerator - Creating Vehicle. time=350600000000, name=veh_96, route=1, laneSelectionMode=DEFAULT, lane=0, departureConnectionIndex0, pos=1417, type=Vehicle: name=Car, apps=org.eclipse.mosaic.app.tutorial.SlowDownApp, departSpeed=0.0, apps=[org.eclipse.mosaic.app.tutorial.SlowDownApp]
2022-10-31 17:30:02,495 INFO  VehicleFlowGenerator - Creating Vehicle. time=354200000000, name=veh_97, route=1, laneSelectionMode=DEFAULT, lane=1, departureConnectionIndex0, pos=1417, type=Vehicle: name=Car, apps=org.eclipse.mosaic.app.tutorial.SlowDownApp, departSpeed=0.0, apps=[org.eclipse.mosaic.app.tutorial.SlowDownApp]
2022-10-31 17:30:02,530 INFO  VehicleFlowGenerator - Creating Vehicle. time=357800000000, name=veh_98, route=1, laneSelectionMode=DEFAULT, lane=0, departureConnectionIndex0, pos=1417, type=Vehicle: name=Car, apps=org.eclipse.mosaic.app.tutorial.SlowDownApp, departSpeed=0.0, apps=[org.eclipse.mosaic.app.tutorial.SlowDownApp]
2022-10-31 17:30:02,576 INFO  VehicleFlowGenerator - Creating Vehicle. time=361400000000, name=veh_99, route=1, laneSelectionMode=DEFAULT, lane=1, departureConnectionIndex0, pos=1417, type=Vehicle: name=Car, apps=org.eclipse.mosaic.app.tutorial.SlowDownApp, departSpeed=0.0, apps=[org.eclipse.mosaic.app.tutorial.SlowDownApp]
