2022-10-31 17:29:51,156 INFO  ROOT - Running Eclipse MOSAIC 22.0 on Java JRE v17.0.2 (Eclipse Adoptium)
2022-10-31 17:29:51,425 INFO  MosaicStarter - Federate sumo: No port given. Using free port: 2304
2022-10-31 17:29:51,457 INFO  FederationManagement - Start federation with id 'Barnim'
2022-10-31 17:29:51,459 INFO  FederationManagement - Add ambassador/federate with id 'application'
2022-10-31 17:29:51,462 INFO  FederationManagement - Add ambassador/federate with id 'environment'
2022-10-31 17:29:51,462 INFO  FederationManagement - Add ambassador/federate with id 'mapping'
2022-10-31 17:29:51,462 INFO  FederationManagement - Add ambassador/federate with id 'cell'
2022-10-31 17:29:51,463 INFO  FederationManagement - Add ambassador/federate with id 'sns'
2022-10-31 17:29:51,464 INFO  FederationManagement - Add ambassador/federate with id 'sumo'
2022-10-31 17:29:51,465 INFO  FederationManagement - Deploying federate 'sumo' locally in .\tmp\sumo
2022-10-31 17:29:51,515 INFO  FederationManagement - Starting federate 'sumo' locally in .\tmp\sumo
2022-10-31 17:29:51,516 INFO  FederationManagement - Add ambassador/federate with id 'output'
2022-10-31 17:29:51,517 INFO  OutputAmbassador - Initialize configuration of OutputAmbassador
2022-10-31 17:29:52,340 INFO  OutputAmbassador - Registered output generator 'websocket' for messages [RsuRegistration, VehicleRegistration, VehicleUpdates, V2xMessageReception, V2xMessageTransmission]. Update interval=1
2022-10-31 17:29:52,341 INFO  OutputAmbassador - Registered output generator 'fileoutput' for messages [LanePropertyChange, TrafficLightRegistration, TrafficDetectorUpdates, AdHocCommunicationConfiguration, VehicleRegistration, VehicleSpeedChange, VehicleUpdates, TrafficSignRegistration, ServerRegistration, CellularCommunicationConfiguration, V2xMessageTransmission, V2xMessageReception]. Update interval=1
2022-10-31 17:30:06,277 INFO  SequentialTimeManagement - Simulation ended after 1000s of 1000s (100%)
2022-10-31 17:30:06,277 INFO  SequentialTimeManagement - Started: 2022-10-31 17:29:54
2022-10-31 17:30:06,277 INFO  SequentialTimeManagement - Ended: 2022-10-31 17:30:06
2022-10-31 17:30:06,279 INFO  SequentialTimeManagement - Duration: 00h 00m 12.147s (RTF: 82.00)
2022-10-31 17:30:06,279 INFO  SequentialTimeManagement - 
2022-10-31 17:30:06,279 INFO  SequentialTimeManagement - Simulation finished: 101
