2022-10-31 17:29:51,404 INFO  SumoAmbassador - sumoConfig.updateInterval: 1000
2022-10-31 17:29:51,404 INFO  SumoAmbassador - sumoConfig.sumoConfigurationFile: Barnim.sumocfg
2022-10-31 17:29:51,404 INFO  SumoAmbassador - sumoConfig.sumoConfigurationFile: Barnim.sumocfg
2022-10-31 17:29:51,431 INFO  SumoAmbassador - Simulation step size is 1.0 sec.
2022-10-31 17:29:54,043 INFO  SumoVehicleTypesWriter - .\tmp\sumo\mosaic_types.add.xml file successfully written.
2022-10-31 17:29:54,043 INFO  SumoAmbassador - Start Federate local
2022-10-31 17:29:54,043 INFO  SumoAmbassador - Directory: .\tmp\sumo
2022-10-31 17:29:55,988 INFO  SumoAmbassador - Process sumo : Loading net-file from 'Barnim.net.xml' ... done (853ms).
2022-10-31 17:29:56,212 INFO  SumoAmbassador - Process sumo : Loading additional-files from 'mosaic_types.add.xml' ... done (6ms).
2022-10-31 17:29:56,213 INFO  SumoAmbassador - Process sumo : Loading done.
2022-10-31 17:29:56,216 INFO  SumoAmbassador - Process sumo : Simulation version 1.13.0 started with time: 0.00
2022-10-31 17:29:56,233 INFO  SumoAmbassador - Current API version of SUMO is 20 (=SUMO 1.13.*)
2022-10-31 17:29:56,392 WARN  TrafficLightGetControlledJunctions - Could not return list of controlled junctions for traffic light. Not implemented in SUMO yet.
2022-10-31 17:29:56,698 INFO  SumoAmbassador - VehicleRegistration from RTI "veh_0" received at simulation time 5000000000 ns (subscribe=true)
2022-10-31 17:29:56,701 INFO  SumoAmbassador - Adding new vehicle "veh_0" at simulation time 5000000000 ns (type=Car, routeId=1, laneId=0, departPos=1417.00)
2022-10-31 17:29:56,734 INFO  SumoAmbassador - Receive VehicleParameterChange request at simulation time 6.000,000,000 s
2022-10-31 17:29:56,848 INFO  SumoAmbassador - Receive VehicleRouteChange request at simulation time 6.300,000,000 s: vehicleId="veh_0", newRouteId=2, current edge: 4067968_28830219_3290027832
2022-10-31 17:29:56,870 INFO  SumoAmbassador - VehicleRegistration from RTI "veh_1" received at simulation time 8600000000 ns (subscribe=true)
2022-10-31 17:29:56,876 INFO  SumoAmbassador - Adding new vehicle "veh_1" at simulation time 8600000000 ns (type=Car, routeId=1, laneId=1, departPos=1417.00)
2022-10-31 17:29:56,900 INFO  SumoAmbassador - VehicleRegistration from RTI "veh_2" received at simulation time 12200000000 ns (subscribe=true)
2022-10-31 17:29:56,904 INFO  SumoAmbassador - Adding new vehicle "veh_2" at simulation time 12200000000 ns (type=Car, routeId=1, laneId=0, departPos=1417.00)
2022-10-31 17:29:56,929 INFO  SumoAmbassador - VehicleRegistration from RTI "veh_3" received at simulation time 15800000000 ns (subscribe=true)
2022-10-31 17:29:56,947 INFO  SumoAmbassador - Adding new vehicle "veh_3" at simulation time 15800000000 ns (type=Car, routeId=1, laneId=1, departPos=1417.00)
2022-10-31 17:29:56,993 INFO  SumoAmbassador - VehicleRegistration from RTI "veh_4" received at simulation time 19400000000 ns (subscribe=true)
2022-10-31 17:29:57,005 INFO  SumoAmbassador - Adding new vehicle "veh_4" at simulation time 19400000000 ns (type=Car, routeId=1, laneId=0, departPos=1417.00)
2022-10-31 17:29:57,038 INFO  SumoAmbassador - Receive VehicleParameterChange request at simulation time 21.000,000,000 s
2022-10-31 17:29:57,063 INFO  SumoAmbassador - VehicleRegistration from RTI "veh_5" received at simulation time 23000000000 ns (subscribe=true)
2022-10-31 17:29:57,068 INFO  SumoAmbassador - Adding new vehicle "veh_5" at simulation time 23000000000 ns (type=Car, routeId=1, laneId=1, departPos=1417.00)
2022-10-31 17:29:57,121 INFO  SumoAmbassador - VehicleRegistration from RTI "veh_6" received at simulation time 26600000000 ns (subscribe=true)
2022-10-31 17:29:57,133 INFO  SumoAmbassador - Adding new vehicle "veh_6" at simulation time 26600000000 ns (type=Car, routeId=1, laneId=0, departPos=1417.00)
2022-10-31 17:29:57,206 INFO  SumoAmbassador - VehicleRegistration from RTI "veh_7" received at simulation time 30200000000 ns (subscribe=true)
2022-10-31 17:29:57,218 INFO  SumoAmbassador - Adding new vehicle "veh_7" at simulation time 30200000000 ns (type=Car, routeId=1, laneId=1, departPos=1417.00)
2022-10-31 17:29:57,235 INFO  SumoAmbassador - VehicleRegistration from RTI "veh_8" received at simulation time 33800000000 ns (subscribe=true)
2022-10-31 17:29:57,247 INFO  SumoAmbassador - Adding new vehicle "veh_8" at simulation time 33800000000 ns (type=Car, routeId=1, laneId=0, departPos=1417.00)
2022-10-31 17:29:57,271 INFO  SumoAmbassador - VehicleRegistration from RTI "veh_9" received at simulation time 37400000000 ns (subscribe=true)
2022-10-31 17:29:57,278 INFO  SumoAmbassador - Adding new vehicle "veh_9" at simulation time 37400000000 ns (type=Car, routeId=1, laneId=1, departPos=1417.00)
2022-10-31 17:29:57,297 INFO  SumoAmbassador - VehicleRegistration from RTI "veh_10" received at simulation time 41000000000 ns (subscribe=true)
2022-10-31 17:29:57,300 INFO  SumoAmbassador - Adding new vehicle "veh_10" at simulation time 41000000000 ns (type=Car, routeId=1, laneId=0, departPos=1417.00)
2022-10-31 17:29:57,323 INFO  SumoAmbassador - Receive VehicleParameterChange request at simulation time 42.000,000,000 s
2022-10-31 17:29:57,356 INFO  SumoAmbassador - Receive VehicleRouteChange request at simulation time 42.300,000,000 s: vehicleId="veh_10", newRouteId=2, current edge: 4067968_28830219_3290027832
2022-10-31 17:29:57,391 INFO  SumoAmbassador - VehicleRegistration from RTI "veh_11" received at simulation time 44600000000 ns (subscribe=true)
2022-10-31 17:29:57,398 INFO  SumoAmbassador - Adding new vehicle "veh_11" at simulation time 44600000000 ns (type=Car, routeId=1, laneId=1, departPos=1417.00)
2022-10-31 17:29:57,422 INFO  SumoAmbassador - VehicleRegistration from RTI "veh_12" received at simulation time 48200000000 ns (subscribe=true)
2022-10-31 17:29:57,429 INFO  SumoAmbassador - Adding new vehicle "veh_12" at simulation time 48200000000 ns (type=Car, routeId=1, laneId=0, departPos=1417.00)
2022-10-31 17:29:57,448 INFO  SumoAmbassador - VehicleRegistration from RTI "veh_13" received at simulation time 51800000000 ns (subscribe=true)
2022-10-31 17:29:57,458 INFO  SumoAmbassador - Adding new vehicle "veh_13" at simulation time 51800000000 ns (type=Car, routeId=1, laneId=1, departPos=1417.00)
2022-10-31 17:29:57,481 INFO  SumoAmbassador - VehicleRegistration from RTI "veh_14" received at simulation time 55400000000 ns (subscribe=true)
2022-10-31 17:29:57,490 INFO  SumoAmbassador - Adding new vehicle "veh_14" at simulation time 55400000000 ns (type=Car, routeId=1, laneId=0, departPos=1417.00)
2022-10-31 17:29:57,512 INFO  SumoAmbassador - Receive VehicleParameterChange request at simulation time 57.000,000,000 s
2022-10-31 17:29:57,529 INFO  SumoAmbassador - VehicleRegistration from RTI "veh_15" received at simulation time 59000000000 ns (subscribe=true)
2022-10-31 17:29:57,543 INFO  SumoAmbassador - Adding new vehicle "veh_15" at simulation time 59000000000 ns (type=Car, routeId=1, laneId=1, departPos=1417.00)
2022-10-31 17:29:57,597 INFO  SumoAmbassador - VehicleRegistration from RTI "veh_16" received at simulation time 62600000000 ns (subscribe=true)
2022-10-31 17:29:57,603 INFO  SumoAmbassador - Adding new vehicle "veh_16" at simulation time 62600000000 ns (type=Car, routeId=1, laneId=0, departPos=1417.00)
2022-10-31 17:29:57,631 INFO  SumoAmbassador - VehicleRegistration from RTI "veh_17" received at simulation time 66200000000 ns (subscribe=true)
2022-10-31 17:29:57,639 INFO  SumoAmbassador - Adding new vehicle "veh_17" at simulation time 66200000000 ns (type=Car, routeId=1, laneId=1, departPos=1417.00)
2022-10-31 17:29:57,654 INFO  SumoAmbassador - VehicleRegistration from RTI "veh_18" received at simulation time 69800000000 ns (subscribe=true)
2022-10-31 17:29:57,661 INFO  SumoAmbassador - Adding new vehicle "veh_18" at simulation time 69800000000 ns (type=Car, routeId=1, laneId=0, departPos=1417.00)
2022-10-31 17:29:57,685 INFO  SumoAmbassador - VehicleRegistration from RTI "veh_19" received at simulation time 73400000000 ns (subscribe=true)
2022-10-31 17:29:57,700 INFO  SumoAmbassador - Adding new vehicle "veh_19" at simulation time 73400000000 ns (type=Car, routeId=1, laneId=1, departPos=1417.00)
2022-10-31 17:29:57,721 INFO  SumoAmbassador - VehicleRegistration from RTI "veh_20" received at simulation time 77000000000 ns (subscribe=true)
2022-10-31 17:29:57,723 INFO  SumoAmbassador - Adding new vehicle "veh_20" at simulation time 77000000000 ns (type=Car, routeId=1, laneId=0, departPos=1417.00)
2022-10-31 17:29:57,746 INFO  SumoAmbassador - Receive VehicleParameterChange request at simulation time 78.000,000,000 s
2022-10-31 17:29:57,767 INFO  SumoAmbassador - Receive VehicleRouteChange request at simulation time 78.300,000,000 s: vehicleId="veh_20", newRouteId=2, current edge: 4067968_28830219_3290027832
2022-10-31 17:29:57,819 INFO  SumoAmbassador - VehicleRegistration from RTI "veh_21" received at simulation time 80600000000 ns (subscribe=true)
2022-10-31 17:29:57,833 INFO  SumoAmbassador - Adding new vehicle "veh_21" at simulation time 80600000000 ns (type=Car, routeId=1, laneId=1, departPos=1417.00)
2022-10-31 17:29:57,875 INFO  SumoAmbassador - VehicleRegistration from RTI "veh_22" received at simulation time 84200000000 ns (subscribe=true)
2022-10-31 17:29:57,887 INFO  SumoAmbassador - Receive VehicleSpeedChange request at simulation time 85.000,000,000 s: vehicleId="veh_1", targetSpeed=6.94444465637207m/s, interval=5000ms
2022-10-31 17:29:57,893 INFO  SumoAmbassador - Adding new vehicle "veh_22" at simulation time 84200000000 ns (type=Car, routeId=1, laneId=0, departPos=1417.00)
2022-10-31 17:29:57,919 INFO  SumoAmbassador - VehicleRegistration from RTI "veh_23" received at simulation time 87800000000 ns (subscribe=true)
2022-10-31 17:29:57,937 INFO  SumoAmbassador - Adding new vehicle "veh_23" at simulation time 87800000000 ns (type=Car, routeId=1, laneId=1, departPos=1417.00)
2022-10-31 17:29:57,953 INFO  SumoAmbassador - Receive VehicleSpeedChange request at simulation time 89.000,000,000 s: vehicleId="veh_2", targetSpeed=6.94444465637207m/s, interval=5000ms
2022-10-31 17:29:58,011 INFO  SumoAmbassador - VehicleRegistration from RTI "veh_24" received at simulation time 91400000000 ns (subscribe=true)
2022-10-31 17:29:58,018 INFO  SumoAmbassador - Receive VehicleSpeedChange request at simulation time 92.000,000,000 s: vehicleId="veh_3", targetSpeed=6.94444465637207m/s, interval=5000ms
2022-10-31 17:29:58,025 INFO  SumoAmbassador - Adding new vehicle "veh_24" at simulation time 91400000000 ns (type=Car, routeId=1, laneId=0, departPos=1417.00)
2022-10-31 17:29:58,049 INFO  SumoAmbassador - Receive VehicleParameterChange request at simulation time 93.000,000,000 s
2022-10-31 17:29:58,075 INFO  SumoAmbassador - VehicleRegistration from RTI "veh_25" received at simulation time 95000000000 ns (subscribe=true)
2022-10-31 17:29:58,078 INFO  SumoAmbassador - Adding new vehicle "veh_25" at simulation time 95000000000 ns (type=Car, routeId=1, laneId=1, departPos=1417.00)
2022-10-31 17:29:58,092 INFO  SumoAmbassador - Receive VehicleSpeedChange request at simulation time 96.000,000,000 s: vehicleId="veh_4", targetSpeed=6.94444465637207m/s, interval=5000ms
2022-10-31 17:29:58,169 INFO  SumoAmbassador - Receive VehicleRouteChange request at simulation time 96.026,317,463 s: vehicleId="veh_24", newRouteId=2, current edge: 4067968_28830219_3290027832
2022-10-31 17:29:58,226 INFO  SumoAmbassador - VehicleRegistration from RTI "veh_26" received at simulation time 98600000000 ns (subscribe=true)
2022-10-31 17:29:58,235 INFO  SumoAmbassador - Receive VehicleSpeedChange request at simulation time 99.000,000,000 s: vehicleId="veh_5", targetSpeed=6.94444465637207m/s, interval=5000ms
2022-10-31 17:29:58,242 INFO  SumoAmbassador - Adding new vehicle "veh_26" at simulation time 98600000000 ns (type=Car, routeId=1, laneId=0, departPos=1417.00)
2022-10-31 17:29:58,300 INFO  SumoAmbassador - VehicleRegistration from RTI "veh_27" received at simulation time 102200000000 ns (subscribe=true)
2022-10-31 17:29:58,313 INFO  SumoAmbassador - Receive VehicleSpeedChange request at simulation time 103.000,000,000 s: vehicleId="veh_6", targetSpeed=6.94444465637207m/s, interval=5000ms
2022-10-31 17:29:58,321 INFO  SumoAmbassador - Adding new vehicle "veh_27" at simulation time 102200000000 ns (type=Car, routeId=1, laneId=1, departPos=1417.00)
2022-10-31 17:29:58,367 INFO  SumoAmbassador - VehicleRegistration from RTI "veh_28" received at simulation time 105800000000 ns (subscribe=true)
2022-10-31 17:29:58,436 INFO  SumoAmbassador - Adding new vehicle "veh_28" at simulation time 105800000000 ns (type=Car, routeId=1, laneId=0, departPos=1417.00)
2022-10-31 17:29:58,453 INFO  SumoAmbassador - Receive VehicleSpeedChange request at simulation time 107.000,000,000 s: vehicleId="veh_7", targetSpeed=6.94444465637207m/s, interval=5000ms
2022-10-31 17:29:58,487 INFO  SumoAmbassador - VehicleRegistration from RTI "veh_29" received at simulation time 109400000000 ns (subscribe=true)
2022-10-31 17:29:58,497 INFO  SumoAmbassador - Receive VehicleSpeedChange request at simulation time 110.000,000,000 s: vehicleId="veh_8", targetSpeed=6.94444465637207m/s, interval=5000ms
2022-10-31 17:29:58,504 INFO  SumoAmbassador - Adding new vehicle "veh_29" at simulation time 109400000000 ns (type=Car, routeId=1, laneId=1, departPos=1417.00)
2022-10-31 17:29:58,552 INFO  SumoAmbassador - VehicleRegistration from RTI "veh_30" received at simulation time 113000000000 ns (subscribe=true)
2022-10-31 17:29:58,557 INFO  SumoAmbassador - Adding new vehicle "veh_30" at simulation time 113000000000 ns (type=Car, routeId=1, laneId=0, departPos=1417.00)
2022-10-31 17:29:58,596 INFO  SumoAmbassador - Receive VehicleParameterChange request at simulation time 114.000,000,000 s
2022-10-31 17:29:58,598 INFO  SumoAmbassador - Receive VehicleSpeedChange request at simulation time 114.000,000,000 s: vehicleId="veh_9", targetSpeed=6.94444465637207m/s, interval=5000ms
2022-10-31 17:29:58,631 INFO  SumoAmbassador - Receive VehicleRouteChange request at simulation time 114.300,000,000 s: vehicleId="veh_30", newRouteId=2, current edge: 4067968_28830219_3290027832
2022-10-31 17:29:58,664 INFO  SumoAmbassador - VehicleRegistration from RTI "veh_31" received at simulation time 116600000000 ns (subscribe=true)
2022-10-31 17:29:58,679 INFO  SumoAmbassador - Adding new vehicle "veh_31" at simulation time 116600000000 ns (type=Car, routeId=1, laneId=1, departPos=1417.00)
2022-10-31 17:29:58,731 INFO  SumoAmbassador - VehicleRegistration from RTI "veh_32" received at simulation time 120200000000 ns (subscribe=true)
2022-10-31 17:29:58,744 INFO  SumoAmbassador - Receive VehicleSpeedChange request at simulation time 121.000,000,000 s: vehicleId="veh_11", targetSpeed=6.94444465637207m/s, interval=5000ms
2022-10-31 17:29:58,752 INFO  SumoAmbassador - Adding new vehicle "veh_32" at simulation time 120200000000 ns (type=Car, routeId=1, laneId=0, departPos=1417.00)
2022-10-31 17:29:58,829 INFO  SumoAmbassador - VehicleRegistration from RTI "veh_33" received at simulation time 123800000000 ns (subscribe=true)
2022-10-31 17:29:58,847 INFO  SumoAmbassador - Adding new vehicle "veh_33" at simulation time 123800000000 ns (type=Car, routeId=1, laneId=1, departPos=1417.00)
2022-10-31 17:29:58,868 INFO  SumoAmbassador - Receive VehicleSpeedChange request at simulation time 125.000,000,000 s: vehicleId="veh_12", targetSpeed=6.94444465637207m/s, interval=5000ms
2022-10-31 17:29:58,907 INFO  SumoAmbassador - VehicleRegistration from RTI "veh_34" received at simulation time 127400000000 ns (subscribe=true)
2022-10-31 17:29:58,918 INFO  SumoAmbassador - Receive VehicleSpeedChange request at simulation time 128.000,000,000 s: vehicleId="veh_13", targetSpeed=6.94444465637207m/s, interval=5000ms
2022-10-31 17:29:58,927 INFO  SumoAmbassador - Adding new vehicle "veh_34" at simulation time 127400000000 ns (type=Car, routeId=1, laneId=0, departPos=1417.00)
2022-10-31 17:29:58,954 INFO  SumoAmbassador - Receive VehicleParameterChange request at simulation time 129.000,000,000 s
2022-10-31 17:29:59,029 INFO  SumoAmbassador - Receive VehicleRouteChange request at simulation time 130.017,291,603 s: vehicleId="veh_34", newRouteId=2, current edge: 4067968_28830219_3290027832
2022-10-31 17:29:59,042 INFO  SumoAmbassador - VehicleRegistration from RTI "veh_35" received at simulation time 131000000000 ns (subscribe=true)
2022-10-31 17:29:59,048 INFO  SumoAmbassador - Adding new vehicle "veh_35" at simulation time 131000000000 ns (type=Car, routeId=1, laneId=1, departPos=1417.00)
2022-10-31 17:29:59,063 INFO  SumoAmbassador - Receive VehicleSpeedChange request at simulation time 132.000,000,000 s: vehicleId="veh_14", targetSpeed=6.94444465637207m/s, interval=5000ms
2022-10-31 17:29:59,093 INFO  SumoAmbassador - VehicleRegistration from RTI "veh_36" received at simulation time 134600000000 ns (subscribe=true)
2022-10-31 17:29:59,102 INFO  SumoAmbassador - Receive VehicleSpeedChange request at simulation time 135.000,000,000 s: vehicleId="veh_15", targetSpeed=6.94444465637207m/s, interval=5000ms
2022-10-31 17:29:59,107 INFO  SumoAmbassador - Adding new vehicle "veh_36" at simulation time 134600000000 ns (type=Car, routeId=1, laneId=0, departPos=1417.00)
2022-10-31 17:29:59,149 INFO  SumoAmbassador - VehicleRegistration from RTI "veh_37" received at simulation time 138200000000 ns (subscribe=true)
2022-10-31 17:29:59,160 INFO  SumoAmbassador - Receive VehicleSpeedChange request at simulation time 139.000,000,000 s: vehicleId="veh_16", targetSpeed=6.94444465637207m/s, interval=5000ms
2022-10-31 17:29:59,190 INFO  SumoAmbassador - Adding new vehicle "veh_37" at simulation time 138200000000 ns (type=Car, routeId=1, laneId=1, departPos=1417.00)
2022-10-31 17:29:59,228 INFO  SumoAmbassador - VehicleRegistration from RTI "veh_38" received at simulation time 141800000000 ns (subscribe=true)
2022-10-31 17:29:59,245 INFO  SumoAmbassador - Adding new vehicle "veh_38" at simulation time 141800000000 ns (type=Car, routeId=1, laneId=0, departPos=1417.00)
2022-10-31 17:29:59,263 INFO  SumoAmbassador - Receive VehicleSpeedChange request at simulation time 143.000,000,000 s: vehicleId="veh_17", targetSpeed=6.94444465637207m/s, interval=5000ms
2022-10-31 17:29:59,297 INFO  SumoAmbassador - VehicleRegistration from RTI "veh_39" received at simulation time 145400000000 ns (subscribe=true)
2022-10-31 17:29:59,306 INFO  SumoAmbassador - Receive VehicleSpeedChange request at simulation time 146.000,000,000 s: vehicleId="veh_18", targetSpeed=6.94444465637207m/s, interval=5000ms
2022-10-31 17:29:59,315 INFO  SumoAmbassador - Adding new vehicle "veh_39" at simulation time 145400000000 ns (type=Car, routeId=1, laneId=1, departPos=1417.00)
2022-10-31 17:29:59,362 INFO  SumoAmbassador - VehicleRegistration from RTI "veh_40" received at simulation time 149000000000 ns (subscribe=true)
2022-10-31 17:29:59,422 INFO  SumoAmbassador - Adding new vehicle "veh_40" at simulation time 149000000000 ns (type=Car, routeId=1, laneId=0, departPos=1417.00)
2022-10-31 17:29:59,454 INFO  SumoAmbassador - Receive VehicleParameterChange request at simulation time 150.000,000,000 s
2022-10-31 17:29:59,456 INFO  SumoAmbassador - Receive VehicleSpeedChange request at simulation time 150.000,000,000 s: vehicleId="veh_19", targetSpeed=6.94444465637207m/s, interval=5000ms
2022-10-31 17:29:59,474 INFO  SumoAmbassador - Receive VehicleRouteChange request at simulation time 150.300,000,000 s: vehicleId="veh_40", newRouteId=2, current edge: 4067968_28830219_3290027832
2022-10-31 17:29:59,510 INFO  SumoAmbassador - VehicleRegistration from RTI "veh_41" received at simulation time 152600000000 ns (subscribe=true)
2022-10-31 17:29:59,527 INFO  SumoAmbassador - Adding new vehicle "veh_41" at simulation time 152600000000 ns (type=Car, routeId=1, laneId=1, departPos=1417.00)
2022-10-31 17:29:59,603 INFO  SumoAmbassador - VehicleRegistration from RTI "veh_42" received at simulation time 156200000000 ns (subscribe=true)
2022-10-31 17:29:59,614 INFO  SumoAmbassador - Receive VehicleSpeedChange request at simulation time 157.000,000,000 s: vehicleId="veh_21", targetSpeed=6.94444465637207m/s, interval=5000ms
2022-10-31 17:29:59,621 INFO  SumoAmbassador - Adding new vehicle "veh_42" at simulation time 156200000000 ns (type=Car, routeId=1, laneId=0, departPos=1417.00)
2022-10-31 17:29:59,653 INFO  SumoAmbassador - VehicleRegistration from RTI "veh_43" received at simulation time 159800000000 ns (subscribe=true)
2022-10-31 17:29:59,663 INFO  SumoAmbassador - Adding new vehicle "veh_43" at simulation time 159800000000 ns (type=Car, routeId=1, laneId=1, departPos=1417.00)
2022-10-31 17:29:59,670 INFO  SumoAmbassador - Receive VehicleSpeedChange request at simulation time 161.000,000,000 s: vehicleId="veh_22", targetSpeed=6.94444465637207m/s, interval=5000ms
2022-10-31 17:29:59,688 INFO  SumoAmbassador - VehicleRegistration from RTI "veh_44" received at simulation time 163400000000 ns (subscribe=true)
2022-10-31 17:29:59,693 INFO  SumoAmbassador - Receive VehicleSpeedChange request at simulation time 164.000,000,000 s: vehicleId="veh_23", targetSpeed=6.94444465637207m/s, interval=5000ms
2022-10-31 17:29:59,697 INFO  SumoAmbassador - Adding new vehicle "veh_44" at simulation time 163400000000 ns (type=Car, routeId=1, laneId=0, departPos=1417.00)
2022-10-31 17:29:59,713 INFO  SumoAmbassador - Receive VehicleParameterChange request at simulation time 165.000,000,000 s
2022-10-31 17:29:59,736 INFO  SumoAmbassador - Receive VehicleRouteChange request at simulation time 166.026,318,564 s: vehicleId="veh_44", newRouteId=2, current edge: 4067968_28830219_3290027832
2022-10-31 17:29:59,743 INFO  SumoAmbassador - VehicleRegistration from RTI "veh_45" received at simulation time 167000000000 ns (subscribe=true)
2022-10-31 17:29:59,748 INFO  SumoAmbassador - Adding new vehicle "veh_45" at simulation time 167000000000 ns (type=Car, routeId=1, laneId=1, departPos=1417.00)
2022-10-31 17:29:59,832 INFO  SumoAmbassador - VehicleRegistration from RTI "veh_46" received at simulation time 170600000000 ns (subscribe=true)
2022-10-31 17:29:59,838 INFO  SumoAmbassador - Receive VehicleSpeedChange request at simulation time 171.000,000,000 s: vehicleId="veh_25", targetSpeed=6.94444465637207m/s, interval=5000ms
2022-10-31 17:29:59,843 INFO  SumoAmbassador - Adding new vehicle "veh_46" at simulation time 170600000000 ns (type=Car, routeId=1, laneId=0, departPos=1417.00)
2022-10-31 17:29:59,878 INFO  SumoAmbassador - VehicleRegistration from RTI "veh_47" received at simulation time 174200000000 ns (subscribe=true)
2022-10-31 17:29:59,885 INFO  SumoAmbassador - Receive VehicleSpeedChange request at simulation time 175.000,000,000 s: vehicleId="veh_26", targetSpeed=6.94444465637207m/s, interval=5000ms
2022-10-31 17:29:59,892 INFO  SumoAmbassador - Adding new vehicle "veh_47" at simulation time 174200000000 ns (type=Car, routeId=1, laneId=1, departPos=1417.00)
2022-10-31 17:29:59,910 INFO  SumoAmbassador - VehicleRegistration from RTI "veh_48" received at simulation time 177800000000 ns (subscribe=true)
2022-10-31 17:29:59,921 INFO  SumoAmbassador - Adding new vehicle "veh_48" at simulation time 177800000000 ns (type=Car, routeId=1, laneId=0, departPos=1417.00)
2022-10-31 17:29:59,935 INFO  SumoAmbassador - Receive VehicleSpeedChange request at simulation time 179.000,000,000 s: vehicleId="veh_27", targetSpeed=6.94444465637207m/s, interval=5000ms
2022-10-31 17:29:59,997 INFO  SumoAmbassador - VehicleRegistration from RTI "veh_49" received at simulation time 181400000000 ns (subscribe=true)
2022-10-31 17:30:00,006 INFO  SumoAmbassador - Receive VehicleSpeedChange request at simulation time 182.000,000,000 s: vehicleId="veh_28", targetSpeed=6.94444465637207m/s, interval=5000ms
2022-10-31 17:30:00,013 INFO  SumoAmbassador - Adding new vehicle "veh_49" at simulation time 181400000000 ns (type=Car, routeId=1, laneId=1, departPos=1417.00)
2022-10-31 17:30:00,047 INFO  SumoAmbassador - VehicleRegistration from RTI "veh_50" received at simulation time 185000000000 ns (subscribe=true)
2022-10-31 17:30:00,051 INFO  SumoAmbassador - Adding new vehicle "veh_50" at simulation time 185000000000 ns (type=Car, routeId=1, laneId=0, departPos=1417.00)
2022-10-31 17:30:00,066 INFO  SumoAmbassador - Receive VehicleParameterChange request at simulation time 186.000,000,000 s
2022-10-31 17:30:00,067 INFO  SumoAmbassador - Receive VehicleSpeedChange request at simulation time 186.000,000,000 s: vehicleId="veh_29", targetSpeed=6.94444465637207m/s, interval=5000ms
2022-10-31 17:30:00,076 INFO  SumoAmbassador - Receive VehicleRouteChange request at simulation time 186.300,000,000 s: vehicleId="veh_50", newRouteId=2, current edge: 4067968_28830219_3290027832
2022-10-31 17:30:00,094 INFO  SumoAmbassador - VehicleRegistration from RTI "veh_51" received at simulation time 188600000000 ns (subscribe=true)
2022-10-31 17:30:00,102 INFO  SumoAmbassador - Adding new vehicle "veh_51" at simulation time 188600000000 ns (type=Car, routeId=1, laneId=1, departPos=1417.00)
2022-10-31 17:30:00,138 INFO  SumoAmbassador - VehicleRegistration from RTI "veh_52" received at simulation time 192200000000 ns (subscribe=true)
2022-10-31 17:30:00,144 INFO  SumoAmbassador - Receive VehicleSpeedChange request at simulation time 193.000,000,000 s: vehicleId="veh_31", targetSpeed=6.94444465637207m/s, interval=5000ms
2022-10-31 17:30:00,147 INFO  SumoAmbassador - Adding new vehicle "veh_52" at simulation time 192200000000 ns (type=Car, routeId=1, laneId=0, departPos=1417.00)
2022-10-31 17:30:00,209 INFO  SumoAmbassador - VehicleRegistration from RTI "veh_53" received at simulation time 195800000000 ns (subscribe=true)
2022-10-31 17:30:00,220 INFO  SumoAmbassador - Adding new vehicle "veh_53" at simulation time 195800000000 ns (type=Car, routeId=1, laneId=1, departPos=1417.00)
2022-10-31 17:30:00,231 INFO  SumoAmbassador - Receive VehicleSpeedChange request at simulation time 197.000,000,000 s: vehicleId="veh_32", targetSpeed=6.94444465637207m/s, interval=5000ms
2022-10-31 17:30:00,252 INFO  SumoAmbassador - VehicleRegistration from RTI "veh_54" received at simulation time 199400000000 ns (subscribe=true)
2022-10-31 17:30:00,258 INFO  SumoAmbassador - Receive VehicleSpeedChange request at simulation time 200.000,000,000 s: vehicleId="veh_33", targetSpeed=6.94444465637207m/s, interval=5000ms
2022-10-31 17:30:00,263 INFO  SumoAmbassador - Adding new vehicle "veh_54" at simulation time 199400000000 ns (type=Car, routeId=1, laneId=0, departPos=1417.00)
2022-10-31 17:30:00,281 INFO  SumoAmbassador - Receive VehicleParameterChange request at simulation time 201.000,000,000 s
2022-10-31 17:30:00,301 INFO  SumoAmbassador - VehicleRegistration from RTI "veh_55" received at simulation time 203000000000 ns (subscribe=true)
2022-10-31 17:30:00,305 INFO  SumoAmbassador - Adding new vehicle "veh_55" at simulation time 203000000000 ns (type=Car, routeId=1, laneId=1, departPos=1417.00)
2022-10-31 17:30:00,336 INFO  SumoAmbassador - VehicleRegistration from RTI "veh_56" received at simulation time 206600000000 ns (subscribe=true)
2022-10-31 17:30:00,343 INFO  SumoAmbassador - Receive VehicleSpeedChange request at simulation time 207.000,000,000 s: vehicleId="veh_35", targetSpeed=6.94444465637207m/s, interval=5000ms
2022-10-31 17:30:00,346 INFO  SumoAmbassador - Adding new vehicle "veh_56" at simulation time 206600000000 ns (type=Car, routeId=1, laneId=0, departPos=1417.00)
2022-10-31 17:30:00,389 INFO  SumoAmbassador - Receive VehicleRouteChange request at simulation time 208.052,800,159 s: vehicleId="veh_54", newRouteId=2, current edge: 4067968_28830219_3290027832
2022-10-31 17:30:00,406 INFO  SumoAmbassador - VehicleRegistration from RTI "veh_57" received at simulation time 210200000000 ns (subscribe=true)
2022-10-31 17:30:00,413 INFO  SumoAmbassador - Receive VehicleSpeedChange request at simulation time 211.000,000,000 s: vehicleId="veh_36", targetSpeed=6.94444465637207m/s, interval=5000ms
2022-10-31 17:30:00,415 INFO  SumoAmbassador - Adding new vehicle "veh_57" at simulation time 210200000000 ns (type=Car, routeId=1, laneId=1, departPos=1417.00)
2022-10-31 17:30:00,431 INFO  SumoAmbassador - VehicleRegistration from RTI "veh_58" received at simulation time 213800000000 ns (subscribe=true)
2022-10-31 17:30:00,440 INFO  SumoAmbassador - Adding new vehicle "veh_58" at simulation time 213800000000 ns (type=Car, routeId=1, laneId=0, departPos=1417.00)
2022-10-31 17:30:00,446 INFO  SumoAmbassador - Receive VehicleSpeedChange request at simulation time 215.000,000,000 s: vehicleId="veh_37", targetSpeed=6.94444465637207m/s, interval=5000ms
2022-10-31 17:30:00,467 INFO  SumoAmbassador - VehicleRegistration from RTI "veh_59" received at simulation time 217400000000 ns (subscribe=true)
2022-10-31 17:30:00,474 INFO  SumoAmbassador - Receive VehicleSpeedChange request at simulation time 218.000,000,000 s: vehicleId="veh_38", targetSpeed=6.94444465637207m/s, interval=5000ms
2022-10-31 17:30:00,479 INFO  SumoAmbassador - Adding new vehicle "veh_59" at simulation time 217400000000 ns (type=Car, routeId=1, laneId=1, departPos=1417.00)
2022-10-31 17:30:00,516 INFO  SumoAmbassador - VehicleRegistration from RTI "veh_60" received at simulation time 221000000000 ns (subscribe=true)
2022-10-31 17:30:00,520 INFO  SumoAmbassador - Adding new vehicle "veh_60" at simulation time 221000000000 ns (type=Car, routeId=1, laneId=0, departPos=1417.00)
2022-10-31 17:30:00,540 INFO  SumoAmbassador - Receive VehicleParameterChange request at simulation time 222.000,000,000 s
2022-10-31 17:30:00,540 INFO  SumoAmbassador - Receive VehicleSpeedChange request at simulation time 222.000,000,000 s: vehicleId="veh_39", targetSpeed=6.94444465637207m/s, interval=5000ms
2022-10-31 17:30:00,551 INFO  SumoAmbassador - Receive VehicleRouteChange request at simulation time 222.300,000,000 s: vehicleId="veh_60", newRouteId=2, current edge: 4067968_28830219_3290027832
2022-10-31 17:30:00,604 INFO  SumoAmbassador - VehicleRegistration from RTI "veh_61" received at simulation time 224600000000 ns (subscribe=true)
2022-10-31 17:30:00,612 INFO  SumoAmbassador - Adding new vehicle "veh_61" at simulation time 224600000000 ns (type=Car, routeId=1, laneId=1, departPos=1417.00)
2022-10-31 17:30:00,637 INFO  SumoAmbassador - VehicleRegistration from RTI "veh_62" received at simulation time 228200000000 ns (subscribe=true)
2022-10-31 17:30:00,643 INFO  SumoAmbassador - Receive VehicleSpeedChange request at simulation time 229.000,000,000 s: vehicleId="veh_41", targetSpeed=6.94444465637207m/s, interval=5000ms
2022-10-31 17:30:00,646 INFO  SumoAmbassador - Adding new vehicle "veh_62" at simulation time 228200000000 ns (type=Car, routeId=1, laneId=0, departPos=1417.00)
2022-10-31 17:30:00,665 INFO  SumoAmbassador - VehicleRegistration from RTI "veh_63" received at simulation time 231800000000 ns (subscribe=true)
2022-10-31 17:30:00,676 INFO  SumoAmbassador - Adding new vehicle "veh_63" at simulation time 231800000000 ns (type=Car, routeId=1, laneId=1, departPos=1417.00)
2022-10-31 17:30:00,686 INFO  SumoAmbassador - Receive VehicleSpeedChange request at simulation time 233.000,000,000 s: vehicleId="veh_42", targetSpeed=6.94444465637207m/s, interval=5000ms
2022-10-31 17:30:00,707 INFO  SumoAmbassador - VehicleRegistration from RTI "veh_64" received at simulation time 235400000000 ns (subscribe=true)
2022-10-31 17:30:00,713 INFO  SumoAmbassador - Receive VehicleSpeedChange request at simulation time 236.000,000,000 s: vehicleId="veh_43", targetSpeed=6.94444465637207m/s, interval=5000ms
2022-10-31 17:30:00,716 INFO  SumoAmbassador - Adding new vehicle "veh_64" at simulation time 235400000000 ns (type=Car, routeId=1, laneId=0, departPos=1417.00)
2022-10-31 17:30:00,732 INFO  SumoAmbassador - Receive VehicleParameterChange request at simulation time 237.000,000,000 s
2022-10-31 17:30:00,756 INFO  SumoAmbassador - VehicleRegistration from RTI "veh_65" received at simulation time 239000000000 ns (subscribe=true)
2022-10-31 17:30:00,818 INFO  SumoAmbassador - Adding new vehicle "veh_65" at simulation time 239000000000 ns (type=Car, routeId=1, laneId=1, departPos=1417.00)
2022-10-31 17:30:00,873 INFO  SumoAmbassador - VehicleRegistration from RTI "veh_66" received at simulation time 242600000000 ns (subscribe=true)
2022-10-31 17:30:00,883 INFO  SumoAmbassador - Receive VehicleSpeedChange request at simulation time 243.000,000,000 s: vehicleId="veh_45", targetSpeed=6.94444465637207m/s, interval=5000ms
2022-10-31 17:30:00,889 INFO  SumoAmbassador - Adding new vehicle "veh_66" at simulation time 242600000000 ns (type=Car, routeId=1, laneId=0, departPos=1417.00)
2022-10-31 17:30:00,936 INFO  SumoAmbassador - VehicleRegistration from RTI "veh_67" received at simulation time 246200000000 ns (subscribe=true)
2022-10-31 17:30:00,944 INFO  SumoAmbassador - Receive VehicleSpeedChange request at simulation time 247.000,000,000 s: vehicleId="veh_46", targetSpeed=6.94444465637207m/s, interval=5000ms
2022-10-31 17:30:00,947 INFO  SumoAmbassador - Adding new vehicle "veh_67" at simulation time 246200000000 ns (type=Car, routeId=1, laneId=1, departPos=1417.00)
2022-10-31 17:30:01,006 INFO  SumoAmbassador - VehicleRegistration from RTI "veh_68" received at simulation time 249800000000 ns (subscribe=true)
2022-10-31 17:30:01,020 INFO  SumoAmbassador - Adding new vehicle "veh_68" at simulation time 249800000000 ns (type=Car, routeId=1, laneId=0, departPos=1417.00)
2022-10-31 17:30:01,030 INFO  SumoAmbassador - Receive VehicleSpeedChange request at simulation time 251.000,000,000 s: vehicleId="veh_47", targetSpeed=6.94444465637207m/s, interval=5000ms
2022-10-31 17:30:01,062 INFO  SumoAmbassador - Receive VehicleRouteChange request at simulation time 253.027,226,957 s: vehicleId="veh_64", newRouteId=2, current edge: 4067968_28830219_3290027832
2022-10-31 17:30:01,063 INFO  SumoAmbassador - VehicleRegistration from RTI "veh_69" received at simulation time 253400000000 ns (subscribe=true)
2022-10-31 17:30:01,071 INFO  SumoAmbassador - Receive VehicleSpeedChange request at simulation time 254.000,000,000 s: vehicleId="veh_48", targetSpeed=6.94444465637207m/s, interval=5000ms
2022-10-31 17:30:01,076 INFO  SumoAmbassador - Adding new vehicle "veh_69" at simulation time 253400000000 ns (type=Car, routeId=1, laneId=1, departPos=1417.00)
2022-10-31 17:30:01,111 INFO  SumoAmbassador - VehicleRegistration from RTI "veh_70" received at simulation time 257000000000 ns (subscribe=true)
2022-10-31 17:30:01,113 INFO  SumoAmbassador - Adding new vehicle "veh_70" at simulation time 257000000000 ns (type=Car, routeId=1, laneId=0, departPos=1417.00)
2022-10-31 17:30:01,126 INFO  SumoAmbassador - Receive VehicleParameterChange request at simulation time 258.000,000,000 s
2022-10-31 17:30:01,127 INFO  SumoAmbassador - Receive VehicleSpeedChange request at simulation time 258.000,000,000 s: vehicleId="veh_49", targetSpeed=6.94444465637207m/s, interval=5000ms
2022-10-31 17:30:01,135 INFO  SumoAmbassador - Receive VehicleRouteChange request at simulation time 258.300,000,000 s: vehicleId="veh_70", newRouteId=2, current edge: 4067968_28830219_3290027832
2022-10-31 17:30:01,157 INFO  SumoAmbassador - VehicleRegistration from RTI "veh_71" received at simulation time 260600000000 ns (subscribe=true)
2022-10-31 17:30:01,170 INFO  SumoAmbassador - Adding new vehicle "veh_71" at simulation time 260600000000 ns (type=Car, routeId=1, laneId=1, departPos=1417.00)
2022-10-31 17:30:01,240 INFO  SumoAmbassador - VehicleRegistration from RTI "veh_72" received at simulation time 264200000000 ns (subscribe=true)
2022-10-31 17:30:01,249 INFO  SumoAmbassador - Receive VehicleSpeedChange request at simulation time 265.000,000,000 s: vehicleId="veh_51", targetSpeed=6.94444465637207m/s, interval=5000ms
2022-10-31 17:30:01,253 INFO  SumoAmbassador - Adding new vehicle "veh_72" at simulation time 264200000000 ns (type=Car, routeId=1, laneId=0, departPos=1417.00)
2022-10-31 17:30:01,280 INFO  SumoAmbassador - VehicleRegistration from RTI "veh_73" received at simulation time 267800000000 ns (subscribe=true)
2022-10-31 17:30:01,292 INFO  SumoAmbassador - Adding new vehicle "veh_73" at simulation time 267800000000 ns (type=Car, routeId=1, laneId=1, departPos=1417.00)
2022-10-31 17:30:01,305 INFO  SumoAmbassador - Receive VehicleSpeedChange request at simulation time 269.000,000,000 s: vehicleId="veh_52", targetSpeed=6.94444465637207m/s, interval=5000ms
2022-10-31 17:30:01,340 INFO  SumoAmbassador - VehicleRegistration from RTI "veh_74" received at simulation time 271400000000 ns (subscribe=true)
2022-10-31 17:30:01,350 INFO  SumoAmbassador - Receive VehicleSpeedChange request at simulation time 272.000,000,000 s: vehicleId="veh_53", targetSpeed=6.94444465637207m/s, interval=5000ms
2022-10-31 17:30:01,355 INFO  SumoAmbassador - Adding new vehicle "veh_74" at simulation time 271400000000 ns (type=Car, routeId=1, laneId=0, departPos=1417.00)
2022-10-31 17:30:01,370 INFO  SumoAmbassador - Receive VehicleParameterChange request at simulation time 273.000,000,000 s
2022-10-31 17:30:01,417 INFO  SumoAmbassador - VehicleRegistration from RTI "veh_75" received at simulation time 275000000000 ns (subscribe=true)
2022-10-31 17:30:01,421 INFO  SumoAmbassador - Adding new vehicle "veh_75" at simulation time 275000000000 ns (type=Car, routeId=1, laneId=1, departPos=1417.00)
2022-10-31 17:30:01,471 INFO  SumoAmbassador - VehicleRegistration from RTI "veh_76" received at simulation time 278600000000 ns (subscribe=true)
2022-10-31 17:30:01,484 INFO  SumoAmbassador - Receive VehicleSpeedChange request at simulation time 279.000,000,000 s: vehicleId="veh_55", targetSpeed=6.94444465637207m/s, interval=5000ms
2022-10-31 17:30:01,491 INFO  SumoAmbassador - Adding new vehicle "veh_76" at simulation time 278600000000 ns (type=Car, routeId=1, laneId=0, departPos=1417.00)
2022-10-31 17:30:01,534 INFO  SumoAmbassador - VehicleRegistration from RTI "veh_77" received at simulation time 282200000000 ns (subscribe=true)
2022-10-31 17:30:01,542 INFO  SumoAmbassador - Receive VehicleSpeedChange request at simulation time 283.000,000,000 s: vehicleId="veh_56", targetSpeed=6.94444465637207m/s, interval=5000ms
2022-10-31 17:30:01,546 INFO  SumoAmbassador - Adding new vehicle "veh_77" at simulation time 282200000000 ns (type=Car, routeId=1, laneId=1, departPos=1417.00)
2022-10-31 17:30:01,560 INFO  SumoAmbassador - Receive VehicleSpeedChange request at simulation time 284.000,000,000 s: vehicleId="veh_1", targetSpeed=0.0m/s, interval=0ms
2022-10-31 17:30:01,575 INFO  SumoAmbassador - VehicleRegistration from RTI "veh_78" received at simulation time 285800000000 ns (subscribe=true)
2022-10-31 17:30:01,585 INFO  SumoAmbassador - Adding new vehicle "veh_78" at simulation time 285800000000 ns (type=Car, routeId=1, laneId=0, departPos=1417.00)
2022-10-31 17:30:01,595 INFO  SumoAmbassador - Receive VehicleSpeedChange request at simulation time 287.000,000,000 s: vehicleId="veh_57", targetSpeed=6.94444465637207m/s, interval=5000ms
2022-10-31 17:30:01,615 INFO  SumoAmbassador - VehicleRegistration from RTI "veh_79" received at simulation time 289400000000 ns (subscribe=true)
2022-10-31 17:30:01,621 INFO  SumoAmbassador - Receive VehicleSpeedChange request at simulation time 290.000,000,000 s: vehicleId="veh_58", targetSpeed=6.94444465637207m/s, interval=5000ms
2022-10-31 17:30:01,626 INFO  SumoAmbassador - Adding new vehicle "veh_79" at simulation time 289400000000 ns (type=Car, routeId=1, laneId=1, departPos=1417.00)
2022-10-31 17:30:01,637 INFO  SumoAmbassador - Receive VehicleSpeedChange request at simulation time 291.000,000,000 s: vehicleId="veh_2", targetSpeed=0.0m/s, interval=0ms
2022-10-31 17:30:01,650 INFO  SumoAmbassador - VehicleRegistration from RTI "veh_80" received at simulation time 293000000000 ns (subscribe=true)
2022-10-31 17:30:01,654 INFO  SumoAmbassador - Adding new vehicle "veh_80" at simulation time 293000000000 ns (type=Car, routeId=1, laneId=0, departPos=1417.00)
2022-10-31 17:30:01,671 INFO  SumoAmbassador - Receive VehicleParameterChange request at simulation time 294.000,000,000 s
2022-10-31 17:30:01,672 INFO  SumoAmbassador - Receive VehicleSpeedChange request at simulation time 294.000,000,000 s: vehicleId="veh_3", targetSpeed=0.0m/s, interval=0ms
2022-10-31 17:30:01,672 INFO  SumoAmbassador - Receive VehicleSpeedChange request at simulation time 294.000,000,000 s: vehicleId="veh_59", targetSpeed=6.94444465637207m/s, interval=5000ms
2022-10-31 17:30:01,679 INFO  SumoAmbassador - Receive VehicleRouteChange request at simulation time 294.300,000,000 s: vehicleId="veh_80", newRouteId=2, current edge: 4067968_28830219_3290027832
2022-10-31 17:30:01,700 INFO  SumoAmbassador - VehicleRegistration from RTI "veh_81" received at simulation time 296600000000 ns (subscribe=true)
2022-10-31 17:30:01,719 INFO  SumoAmbassador - Receive VehicleRouteChange request at simulation time 297.031,325,224 s: vehicleId="veh_74", newRouteId=2, current edge: 4067968_28830219_3290027832
2022-10-31 17:30:01,722 INFO  SumoAmbassador - Adding new vehicle "veh_81" at simulation time 296600000000 ns (type=Car, routeId=1, laneId=1, departPos=1417.00)
2022-10-31 17:30:01,748 INFO  SumoAmbassador - Receive VehicleSpeedChange request at simulation time 300.000,000,000 s: vehicleId="veh_61", targetSpeed=6.94444465637207m/s, interval=5000ms
2022-10-31 17:30:01,752 INFO  SumoAmbassador - VehicleRegistration from RTI "veh_82" received at simulation time 300200000000 ns (subscribe=true)
2022-10-31 17:30:01,761 INFO  SumoAmbassador - Receive VehicleSpeedChange request at simulation time 301.000,000,000 s: vehicleId="veh_4", targetSpeed=0.0m/s, interval=0ms
2022-10-31 17:30:01,762 INFO  SumoAmbassador - Receive VehicleSpeedChange request at simulation time 301.000,000,000 s: vehicleId="veh_5", targetSpeed=0.0m/s, interval=0ms
2022-10-31 17:30:01,764 INFO  SumoAmbassador - Adding new vehicle "veh_82" at simulation time 300200000000 ns (type=Car, routeId=1, laneId=0, departPos=1417.00)
2022-10-31 17:30:01,788 INFO  SumoAmbassador - VehicleRegistration from RTI "veh_83" received at simulation time 303800000000 ns (subscribe=true)
2022-10-31 17:30:01,803 INFO  SumoAmbassador - Adding new vehicle "veh_83" at simulation time 303800000000 ns (type=Car, routeId=1, laneId=1, departPos=1417.00)
2022-10-31 17:30:01,817 INFO  SumoAmbassador - Receive VehicleSpeedChange request at simulation time 305.000,000,000 s: vehicleId="veh_62", targetSpeed=6.94444465637207m/s, interval=5000ms
2022-10-31 17:30:01,834 INFO  SumoAmbassador - VehicleRegistration from RTI "veh_84" received at simulation time 307400000000 ns (subscribe=true)
2022-10-31 17:30:01,840 INFO  SumoAmbassador - Receive VehicleSpeedChange request at simulation time 308.000,000,000 s: vehicleId="veh_6", targetSpeed=0.0m/s, interval=0ms
2022-10-31 17:30:01,840 INFO  SumoAmbassador - Receive VehicleSpeedChange request at simulation time 308.000,000,000 s: vehicleId="veh_63", targetSpeed=6.94444465637207m/s, interval=5000ms
2022-10-31 17:30:01,843 INFO  SumoAmbassador - Adding new vehicle "veh_84" at simulation time 307400000000 ns (type=Car, routeId=1, laneId=0, departPos=1417.00)
2022-10-31 17:30:01,855 INFO  SumoAmbassador - Receive VehicleParameterChange request at simulation time 309.000,000,000 s
2022-10-31 17:30:01,868 INFO  SumoAmbassador - Receive VehicleSpeedChange request at simulation time 310.000,000,000 s: vehicleId="veh_7", targetSpeed=0.0m/s, interval=0ms
2022-10-31 17:30:01,876 INFO  SumoAmbassador - VehicleRegistration from RTI "veh_85" received at simulation time 311000000000 ns (subscribe=true)
2022-10-31 17:30:01,878 INFO  SumoAmbassador - Adding new vehicle "veh_85" at simulation time 311000000000 ns (type=Car, routeId=1, laneId=1, departPos=1417.00)
2022-10-31 17:30:01,916 INFO  SumoAmbassador - VehicleRegistration from RTI "veh_86" received at simulation time 314600000000 ns (subscribe=true)
2022-10-31 17:30:01,923 INFO  SumoAmbassador - Receive VehicleSpeedChange request at simulation time 315.000,000,000 s: vehicleId="veh_65", targetSpeed=6.94444465637207m/s, interval=5000ms
2022-10-31 17:30:01,928 INFO  SumoAmbassador - Adding new vehicle "veh_86" at simulation time 314600000000 ns (type=Car, routeId=1, laneId=0, departPos=1417.00)
2022-10-31 17:30:01,941 INFO  SumoAmbassador - Receive VehicleSpeedChange request at simulation time 316.000,000,000 s: vehicleId="veh_8", targetSpeed=0.0m/s, interval=0ms
2022-10-31 17:30:01,950 INFO  SumoAmbassador - Receive VehicleSpeedChange request at simulation time 317.000,000,000 s: vehicleId="veh_9", targetSpeed=0.0m/s, interval=0ms
2022-10-31 17:30:01,962 INFO  SumoAmbassador - VehicleRegistration from RTI "veh_87" received at simulation time 318200000000 ns (subscribe=true)
2022-10-31 17:30:01,970 INFO  SumoAmbassador - Receive VehicleSpeedChange request at simulation time 319.000,000,000 s: vehicleId="veh_66", targetSpeed=6.94444465637207m/s, interval=5000ms
2022-10-31 17:30:01,974 INFO  SumoAmbassador - Adding new vehicle "veh_87" at simulation time 318200000000 ns (type=Car, routeId=1, laneId=1, departPos=1417.00)
2022-10-31 17:30:01,996 INFO  SumoAmbassador - VehicleRegistration from RTI "veh_88" received at simulation time 321800000000 ns (subscribe=true)
2022-10-31 17:30:02,006 INFO  SumoAmbassador - Adding new vehicle "veh_88" at simulation time 321800000000 ns (type=Car, routeId=1, laneId=0, departPos=1417.00)
2022-10-31 17:30:02,017 INFO  SumoAmbassador - Receive VehicleSpeedChange request at simulation time 323.000,000,000 s: vehicleId="veh_67", targetSpeed=6.94444465637207m/s, interval=5000ms
2022-10-31 17:30:02,031 INFO  SumoAmbassador - Receive VehicleSpeedChange request at simulation time 324.000,000,000 s: vehicleId="veh_11", targetSpeed=0.0m/s, interval=0ms
2022-10-31 17:30:02,043 INFO  SumoAmbassador - VehicleRegistration from RTI "veh_89" received at simulation time 325400000000 ns (subscribe=true)
2022-10-31 17:30:02,051 INFO  SumoAmbassador - Receive VehicleSpeedChange request at simulation time 326.000,000,000 s: vehicleId="veh_68", targetSpeed=6.94444465637207m/s, interval=5000ms
2022-10-31 17:30:02,054 INFO  SumoAmbassador - Adding new vehicle "veh_89" at simulation time 325400000000 ns (type=Car, routeId=1, laneId=1, departPos=1417.00)
2022-10-31 17:30:02,072 INFO  SumoAmbassador - Receive VehicleSpeedChange request at simulation time 328.000,000,000 s: vehicleId="veh_12", targetSpeed=0.0m/s, interval=0ms
2022-10-31 17:30:02,082 INFO  SumoAmbassador - VehicleRegistration from RTI "veh_90" received at simulation time 329000000000 ns (subscribe=true)
2022-10-31 17:30:02,085 INFO  SumoAmbassador - Adding new vehicle "veh_90" at simulation time 329000000000 ns (type=Car, routeId=1, laneId=0, departPos=1417.00)
2022-10-31 17:30:02,102 INFO  SumoAmbassador - Receive VehicleParameterChange request at simulation time 330.000,000,000 s
2022-10-31 17:30:02,103 INFO  SumoAmbassador - Receive VehicleSpeedChange request at simulation time 330.000,000,000 s: vehicleId="veh_69", targetSpeed=6.94444465637207m/s, interval=5000ms
2022-10-31 17:30:02,115 INFO  SumoAmbassador - Receive VehicleRouteChange request at simulation time 330.300,000,000 s: vehicleId="veh_90", newRouteId=2, current edge: 4067968_28830219_3290027832
2022-10-31 17:30:02,135 INFO  SumoAmbassador - VehicleRegistration from RTI "veh_91" received at simulation time 332600000000 ns (subscribe=true)
2022-10-31 17:30:02,149 INFO  SumoAmbassador - Receive VehicleSpeedChange request at simulation time 333.000,000,000 s: vehicleId="veh_13", targetSpeed=0.0m/s, interval=0ms
2022-10-31 17:30:02,151 INFO  SumoAmbassador - Adding new vehicle "veh_91" at simulation time 332600000000 ns (type=Car, routeId=1, laneId=1, departPos=1417.00)
2022-10-31 17:30:02,172 INFO  SumoAmbassador - Receive VehicleSpeedChange request at simulation time 335.000,000,000 s: vehicleId="veh_14", targetSpeed=0.0m/s, interval=0ms
2022-10-31 17:30:02,181 INFO  SumoAmbassador - VehicleRegistration from RTI "veh_92" received at simulation time 336200000000 ns (subscribe=true)
2022-10-31 17:30:02,186 INFO  SumoAmbassador - Receive VehicleSpeedChange request at simulation time 337.000,000,000 s: vehicleId="veh_71", targetSpeed=6.94444465637207m/s, interval=5000ms
2022-10-31 17:30:02,188 INFO  SumoAmbassador - Adding new vehicle "veh_92" at simulation time 336200000000 ns (type=Car, routeId=1, laneId=0, departPos=1417.00)
2022-10-31 17:30:02,204 INFO  SumoAmbassador - VehicleRegistration from RTI "veh_93" received at simulation time 339800000000 ns (subscribe=true)
2022-10-31 17:30:02,209 INFO  SumoAmbassador - Receive VehicleSpeedChange request at simulation time 340.000,000,000 s: vehicleId="veh_15", targetSpeed=0.0m/s, interval=0ms
2022-10-31 17:30:02,211 INFO  SumoAmbassador - Adding new vehicle "veh_93" at simulation time 339800000000 ns (type=Car, routeId=1, laneId=1, departPos=1417.00)
2022-10-31 17:30:02,224 INFO  SumoAmbassador - Receive VehicleSpeedChange request at simulation time 341.000,000,000 s: vehicleId="veh_72", targetSpeed=6.94444465637207m/s, interval=5000ms
2022-10-31 17:30:02,235 INFO  SumoAmbassador - Receive VehicleSpeedChange request at simulation time 342.000,000,000 s: vehicleId="veh_16", targetSpeed=0.0m/s, interval=0ms
2022-10-31 17:30:02,246 INFO  SumoAmbassador - VehicleRegistration from RTI "veh_94" received at simulation time 343400000000 ns (subscribe=true)
2022-10-31 17:30:02,252 INFO  SumoAmbassador - Receive VehicleSpeedChange request at simulation time 344.000,000,000 s: vehicleId="veh_73", targetSpeed=6.94444465637207m/s, interval=5000ms
2022-10-31 17:30:02,254 INFO  SumoAmbassador - Adding new vehicle "veh_94" at simulation time 343400000000 ns (type=Car, routeId=1, laneId=0, departPos=1417.00)
2022-10-31 17:30:02,269 INFO  SumoAmbassador - Receive VehicleParameterChange request at simulation time 345.000,000,000 s
2022-10-31 17:30:02,287 INFO  SumoAmbassador - VehicleRegistration from RTI "veh_95" received at simulation time 347000000000 ns (subscribe=true)
2022-10-31 17:30:02,289 INFO  SumoAmbassador - Adding new vehicle "veh_95" at simulation time 347000000000 ns (type=Car, routeId=1, laneId=1, departPos=1417.00)
2022-10-31 17:30:02,300 INFO  SumoAmbassador - Receive VehicleSpeedChange request at simulation time 348.000,000,000 s: vehicleId="veh_17", targetSpeed=0.0m/s, interval=0ms
2022-10-31 17:30:02,440 INFO  SumoAmbassador - Receive VehicleSpeedChange request at simulation time 350.000,000,000 s: vehicleId="veh_18", targetSpeed=0.0m/s, interval=0ms
2022-10-31 17:30:02,442 INFO  SumoAmbassador - VehicleRegistration from RTI "veh_96" received at simulation time 350600000000 ns (subscribe=true)
2022-10-31 17:30:02,452 INFO  SumoAmbassador - Receive VehicleSpeedChange request at simulation time 351.000,000,000 s: vehicleId="veh_75", targetSpeed=6.94444465637207m/s, interval=5000ms
2022-10-31 17:30:02,454 INFO  SumoAmbassador - Adding new vehicle "veh_96" at simulation time 350600000000 ns (type=Car, routeId=1, laneId=0, departPos=1417.00)
2022-10-31 17:30:02,495 INFO  SumoAmbassador - VehicleRegistration from RTI "veh_97" received at simulation time 354200000000 ns (subscribe=true)
2022-10-31 17:30:02,503 INFO  SumoAmbassador - Receive VehicleSpeedChange request at simulation time 355.000,000,000 s: vehicleId="veh_19", targetSpeed=0.0m/s, interval=0ms
2022-10-31 17:30:02,504 INFO  SumoAmbassador - Receive VehicleSpeedChange request at simulation time 355.000,000,000 s: vehicleId="veh_76", targetSpeed=6.94444465637207m/s, interval=5000ms
2022-10-31 17:30:02,506 INFO  SumoAmbassador - Adding new vehicle "veh_97" at simulation time 354200000000 ns (type=Car, routeId=1, laneId=1, departPos=1417.00)
2022-10-31 17:30:02,530 INFO  SumoAmbassador - VehicleRegistration from RTI "veh_98" received at simulation time 357800000000 ns (subscribe=true)
2022-10-31 17:30:02,539 INFO  SumoAmbassador - Adding new vehicle "veh_98" at simulation time 357800000000 ns (type=Car, routeId=1, laneId=0, departPos=1417.00)
2022-10-31 17:30:02,552 INFO  SumoAmbassador - Receive VehicleSpeedChange request at simulation time 359.000,000,000 s: vehicleId="veh_77", targetSpeed=6.94444465637207m/s, interval=5000ms
2022-10-31 17:30:02,564 INFO  SumoAmbassador - Receive VehicleSpeedChange request at simulation time 360.000,000,000 s: vehicleId="veh_21", targetSpeed=0.0m/s, interval=0ms
2022-10-31 17:30:02,576 INFO  SumoAmbassador - VehicleRegistration from RTI "veh_99" received at simulation time 361400000000 ns (subscribe=true)
2022-10-31 17:30:02,584 INFO  SumoAmbassador - Receive VehicleSpeedChange request at simulation time 362.000,000,000 s: vehicleId="veh_78", targetSpeed=6.94444465637207m/s, interval=5000ms
2022-10-31 17:30:02,586 INFO  SumoAmbassador - Adding new vehicle "veh_99" at simulation time 361400000000 ns (type=Car, routeId=1, laneId=1, departPos=1417.00)
2022-10-31 17:30:02,617 INFO  SumoAmbassador - Receive VehicleSpeedChange request at simulation time 365.000,000,000 s: vehicleId="veh_22", targetSpeed=0.0m/s, interval=0ms
2022-10-31 17:30:02,626 INFO  SumoAmbassador - Receive VehicleSpeedChange request at simulation time 366.000,000,000 s: vehicleId="veh_79", targetSpeed=6.94444465637207m/s, interval=5000ms
2022-10-31 17:30:02,637 INFO  SumoAmbassador - Receive VehicleSpeedChange request at simulation time 367.000,000,000 s: vehicleId="veh_23", targetSpeed=0.0m/s, interval=0ms
2022-10-31 17:30:02,645 INFO  SimulationFacade - Removed vehicle "veh_0" at simulation time 368000000000ns
2022-10-31 17:30:02,688 INFO  SimulationFacade - Removed vehicle "veh_10" at simulation time 372000000000ns
2022-10-31 17:30:02,698 INFO  SumoAmbassador - Receive VehicleSpeedChange request at simulation time 373.000,000,000 s: vehicleId="veh_81", targetSpeed=6.94444465637207m/s, interval=5000ms
2022-10-31 17:30:02,708 INFO  SumoAmbassador - Receive VehicleSpeedChange request at simulation time 374.000,000,000 s: vehicleId="veh_25", targetSpeed=0.0m/s, interval=0ms
2022-10-31 17:30:02,748 INFO  SumoAmbassador - Receive VehicleSpeedChange request at simulation time 377.000,000,000 s: vehicleId="veh_82", targetSpeed=6.94444465637207m/s, interval=5000ms
2022-10-31 17:30:02,771 INFO  SumoAmbassador - Receive VehicleSpeedChange request at simulation time 378.000,000,000 s: vehicleId="veh_26", targetSpeed=0.0m/s, interval=0ms
2022-10-31 17:30:02,816 INFO  SumoAmbassador - Receive VehicleSpeedChange request at simulation time 380.000,000,000 s: vehicleId="veh_83", targetSpeed=6.94444465637207m/s, interval=5000ms
2022-10-31 17:30:02,852 INFO  SumoAmbassador - Receive VehicleSpeedChange request at simulation time 383.000,000,000 s: vehicleId="veh_27", targetSpeed=0.0m/s, interval=0ms
2022-10-31 17:30:02,860 INFO  SumoAmbassador - Receive VehicleSpeedChange request at simulation time 384.000,000,000 s: vehicleId="veh_84", targetSpeed=6.94444465637207m/s, interval=5000ms
2022-10-31 17:30:02,881 INFO  SumoAmbassador - Receive VehicleSpeedChange request at simulation time 385.000,000,000 s: vehicleId="veh_28", targetSpeed=0.0m/s, interval=0ms
2022-10-31 17:30:02,895 INFO  SumoAmbassador - Receive VehicleSpeedChange request at simulation time 387.000,000,000 s: vehicleId="veh_85", targetSpeed=6.94444465637207m/s, interval=5000ms
2022-10-31 17:30:02,931 INFO  SumoAmbassador - Receive VehicleSpeedChange request at simulation time 390.000,000,000 s: vehicleId="veh_29", targetSpeed=0.0m/s, interval=0ms
2022-10-31 17:30:02,943 INFO  SumoAmbassador - Receive VehicleSpeedChange request at simulation time 391.000,000,000 s: vehicleId="veh_86", targetSpeed=6.94444465637207m/s, interval=5000ms
2022-10-31 17:30:03,003 INFO  SumoAmbassador - Receive VehicleSpeedChange request at simulation time 395.000,000,000 s: vehicleId="veh_31", targetSpeed=0.0m/s, interval=0ms
2022-10-31 17:30:03,003 INFO  SumoAmbassador - Receive VehicleSpeedChange request at simulation time 395.000,000,000 s: vehicleId="veh_87", targetSpeed=6.94444465637207m/s, interval=5000ms
2022-10-31 17:30:03,041 INFO  SumoAmbassador - Receive VehicleSpeedChange request at simulation time 398.000,000,000 s: vehicleId="veh_88", targetSpeed=6.94444465637207m/s, interval=5000ms
2022-10-31 17:30:03,073 INFO  SumoAmbassador - Receive VehicleSpeedChange request at simulation time 401.000,000,000 s: vehicleId="veh_32", targetSpeed=0.0m/s, interval=0ms
2022-10-31 17:30:03,085 INFO  SumoAmbassador - Receive VehicleSpeedChange request at simulation time 402.000,000,000 s: vehicleId="veh_89", targetSpeed=6.94444465637207m/s, interval=5000ms
2022-10-31 17:30:03,097 INFO  SumoAmbassador - Receive VehicleSpeedChange request at simulation time 403.000,000,000 s: vehicleId="veh_33", targetSpeed=0.0m/s, interval=0ms
2022-10-31 17:30:03,197 INFO  SumoAmbassador - Receive VehicleSpeedChange request at simulation time 409.000,000,000 s: vehicleId="veh_35", targetSpeed=0.0m/s, interval=0ms
2022-10-31 17:30:03,198 INFO  SumoAmbassador - Receive VehicleSpeedChange request at simulation time 409.000,000,000 s: vehicleId="veh_91", targetSpeed=6.94444465637207m/s, interval=5000ms
2022-10-31 17:30:03,255 INFO  SimulationFacade - Removed vehicle "veh_1" at simulation time 413000000000ns
2022-10-31 17:30:03,255 INFO  SumoAmbassador - Receive VehicleSpeedChange request at simulation time 413.000,000,000 s: vehicleId="veh_36", targetSpeed=0.0m/s, interval=0ms
2022-10-31 17:30:03,256 INFO  SumoAmbassador - Receive VehicleSpeedChange request at simulation time 413.000,000,000 s: vehicleId="veh_92", targetSpeed=6.94444465637207m/s, interval=5000ms
2022-10-31 17:30:03,294 INFO  SumoAmbassador - Receive VehicleSpeedChange request at simulation time 416.000,000,000 s: vehicleId="veh_93", targetSpeed=6.94444465637207m/s, interval=5000ms
2022-10-31 17:30:03,324 INFO  SumoAmbassador - Receive VehicleSpeedChange request at simulation time 419.000,000,000 s: vehicleId="veh_37", targetSpeed=0.0m/s, interval=0ms
2022-10-31 17:30:03,335 INFO  SumoAmbassador - Receive VehicleSpeedChange request at simulation time 420.000,000,000 s: vehicleId="veh_94", targetSpeed=6.94444465637207m/s, interval=5000ms
2022-10-31 17:30:03,347 INFO  SumoAmbassador - Receive VehicleSpeedChange request at simulation time 421.000,000,000 s: vehicleId="veh_38", targetSpeed=0.0m/s, interval=0ms
2022-10-31 17:30:03,394 INFO  SumoAmbassador - Receive VehicleSpeedChange request at simulation time 423.000,000,000 s: vehicleId="veh_95", targetSpeed=6.94444465637207m/s, interval=5000ms
2022-10-31 17:30:03,438 INFO  SumoAmbassador - Receive VehicleSpeedChange request at simulation time 427.000,000,000 s: vehicleId="veh_39", targetSpeed=0.0m/s, interval=0ms
2022-10-31 17:30:03,438 INFO  SumoAmbassador - Receive VehicleSpeedChange request at simulation time 427.000,000,000 s: vehicleId="veh_96", targetSpeed=6.94444465637207m/s, interval=5000ms
2022-10-31 17:30:03,489 INFO  SumoAmbassador - Receive VehicleSpeedChange request at simulation time 431.000,000,000 s: vehicleId="veh_97", targetSpeed=6.94444465637207m/s, interval=5000ms
2022-10-31 17:30:03,500 INFO  SumoAmbassador - Receive VehicleSpeedChange request at simulation time 432.000,000,000 s: vehicleId="veh_41", targetSpeed=0.0m/s, interval=0ms
2022-10-31 17:30:03,524 INFO  SumoAmbassador - Receive VehicleSpeedChange request at simulation time 434.000,000,000 s: vehicleId="veh_98", targetSpeed=6.94444465637207m/s, interval=5000ms
2022-10-31 17:30:03,568 INFO  SumoAmbassador - Receive VehicleSpeedChange request at simulation time 437.000,000,000 s: vehicleId="veh_42", targetSpeed=0.0m/s, interval=0ms
2022-10-31 17:30:03,611 INFO  SumoAmbassador - Receive VehicleSpeedChange request at simulation time 438.000,000,000 s: vehicleId="veh_99", targetSpeed=6.94444465637207m/s, interval=5000ms
2022-10-31 17:30:03,626 INFO  SimulationFacade - Removed vehicle "veh_2" at simulation time 439000000000ns
2022-10-31 17:30:03,627 INFO  SumoAmbassador - Receive VehicleSpeedChange request at simulation time 439.000,000,000 s: vehicleId="veh_43", targetSpeed=0.0m/s, interval=0ms
2022-10-31 17:30:03,644 INFO  SimulationFacade - Removed vehicle "veh_3" at simulation time 441000000000ns
2022-10-31 17:30:03,664 INFO  SimulationFacade - Removed vehicle "veh_4" at simulation time 443000000000ns
2022-10-31 17:30:03,696 INFO  SimulationFacade - Removed vehicle "veh_5" at simulation time 446000000000ns
2022-10-31 17:30:03,697 INFO  SumoAmbassador - Receive VehicleSpeedChange request at simulation time 446.000,000,000 s: vehicleId="veh_45", targetSpeed=0.0m/s, interval=0ms
2022-10-31 17:30:03,735 INFO  SimulationFacade - Removed vehicle "veh_20" at simulation time 450000000000ns
2022-10-31 17:30:03,743 INFO  SumoAmbassador - Receive VehicleSpeedChange request at simulation time 451.000,000,000 s: vehicleId="veh_46", targetSpeed=0.0m/s, interval=0ms
2022-10-31 17:30:03,792 INFO  SimulationFacade - Removed vehicle "veh_24" at simulation time 453000000000ns
2022-10-31 17:30:03,824 INFO  SimulationFacade - Removed vehicle "veh_30" at simulation time 456000000000ns
2022-10-31 17:30:03,846 INFO  SumoAmbassador - Receive VehicleSpeedChange request at simulation time 458.000,000,000 s: vehicleId="veh_47", targetSpeed=0.0m/s, interval=0ms
2022-10-31 17:30:03,847 INFO  SumoAmbassador - Receive VehicleSpeedChange request at simulation time 458.000,000,000 s: vehicleId="veh_48", targetSpeed=0.0m/s, interval=0ms
2022-10-31 17:30:03,857 INFO  SimulationFacade - Removed vehicle "veh_34" at simulation time 459000000000ns
2022-10-31 17:30:03,911 INFO  SumoAmbassador - Receive VehicleSpeedChange request at simulation time 464.000,000,000 s: vehicleId="veh_49", targetSpeed=0.0m/s, interval=0ms
2022-10-31 17:30:03,922 INFO  SimulationFacade - Removed vehicle "veh_6" at simulation time 465000000000ns
2022-10-31 17:30:03,951 INFO  SumoAmbassador - Receive VehicleSpeedChange request at simulation time 468.000,000,000 s: vehicleId="veh_51", targetSpeed=0.0m/s, interval=0ms
2022-10-31 17:30:03,958 INFO  SimulationFacade - Removed vehicle "veh_7" at simulation time 469000000000ns
2022-10-31 17:30:04,012 INFO  SimulationFacade - Removed vehicle "veh_8" at simulation time 471000000000ns
2022-10-31 17:30:04,033 INFO  SumoAmbassador - Receive VehicleSpeedChange request at simulation time 473.000,000,000 s: vehicleId="veh_52", targetSpeed=0.0m/s, interval=0ms
2022-10-31 17:30:04,054 INFO  SimulationFacade - Removed vehicle "veh_9" at simulation time 475000000000ns
2022-10-31 17:30:04,055 INFO  SumoAmbassador - Receive VehicleSpeedChange request at simulation time 475.000,000,000 s: vehicleId="veh_53", targetSpeed=0.0m/s, interval=0ms
2022-10-31 17:30:04,075 INFO  SimulationFacade - Removed vehicle "veh_11" at simulation time 477000000000ns
2022-10-31 17:30:04,098 INFO  SimulationFacade - Removed vehicle "veh_12" at simulation time 479000000000ns
2022-10-31 17:30:04,118 INFO  SumoAmbassador - Receive VehicleSpeedChange request at simulation time 481.000,000,000 s: vehicleId="veh_55", targetSpeed=0.0m/s, interval=0ms
2022-10-31 17:30:04,129 INFO  SimulationFacade - Removed vehicle "veh_13" at simulation time 482000000000ns
2022-10-31 17:30:04,140 INFO  SimulationFacade - Removed vehicle "veh_40" at simulation time 483000000000ns
2022-10-31 17:30:04,163 INFO  SumoAmbassador - Receive VehicleSpeedChange request at simulation time 485.000,000,000 s: vehicleId="veh_56", targetSpeed=0.0m/s, interval=0ms
2022-10-31 17:30:04,266 INFO  SumoAmbassador - Receive VehicleSpeedChange request at simulation time 491.000,000,000 s: vehicleId="veh_57", targetSpeed=0.0m/s, interval=0ms
2022-10-31 17:30:04,288 INFO  SumoAmbassador - Receive VehicleSpeedChange request at simulation time 493.000,000,000 s: vehicleId="veh_58", targetSpeed=0.0m/s, interval=0ms
2022-10-31 17:30:04,342 INFO  SimulationFacade - Removed vehicle "veh_14" at simulation time 498000000000ns
2022-10-31 17:30:04,343 INFO  SumoAmbassador - Receive VehicleSpeedChange request at simulation time 498.000,000,000 s: vehicleId="veh_59", targetSpeed=0.0m/s, interval=0ms
2022-10-31 17:30:04,409 INFO  SimulationFacade - Removed vehicle "veh_15" at simulation time 501000000000ns
2022-10-31 17:30:04,427 INFO  SimulationFacade - Removed vehicle "veh_16" at simulation time 503000000000ns
2022-10-31 17:30:04,439 INFO  SimulationFacade - Removed vehicle "veh_17" at simulation time 504000000000ns
2022-10-31 17:30:04,439 INFO  SumoAmbassador - Receive VehicleSpeedChange request at simulation time 504.000,000,000 s: vehicleId="veh_61", targetSpeed=0.0m/s, interval=0ms
2022-10-31 17:30:04,453 INFO  SimulationFacade - Removed vehicle "veh_18" at simulation time 506000000000ns
2022-10-31 17:30:04,479 INFO  SimulationFacade - Removed vehicle "veh_19" at simulation time 509000000000ns
2022-10-31 17:30:04,489 INFO  SumoAmbassador - Receive VehicleSpeedChange request at simulation time 510.000,000,000 s: vehicleId="veh_62", targetSpeed=0.0m/s, interval=0ms
2022-10-31 17:30:04,497 INFO  SimulationFacade - Removed vehicle "veh_23" at simulation time 511000000000ns
2022-10-31 17:30:04,506 INFO  SimulationFacade - Removed vehicle "veh_21" at simulation time 512000000000ns
2022-10-31 17:30:04,507 INFO  SumoAmbassador - Receive VehicleSpeedChange request at simulation time 512.000,000,000 s: vehicleId="veh_63", targetSpeed=0.0m/s, interval=0ms
2022-10-31 17:30:04,536 INFO  SimulationFacade - Removed vehicle "veh_25" at simulation time 515000000000ns
2022-10-31 17:30:04,551 INFO  SimulationFacade - Removed vehicle "veh_22" at simulation time 517000000000ns
2022-10-31 17:30:04,560 INFO  SumoAmbassador - Receive VehicleSpeedChange request at simulation time 518.000,000,000 s: vehicleId="veh_65", targetSpeed=0.0m/s, interval=0ms
2022-10-31 17:30:04,609 INFO  SimulationFacade - Removed vehicle "veh_27" at simulation time 519000000000ns
2022-10-31 17:30:04,631 INFO  SimulationFacade - Removed vehicle "veh_26" at simulation time 521000000000ns
2022-10-31 17:30:04,643 INFO  SumoAmbassador - Receive VehicleSpeedChange request at simulation time 522.000,000,000 s: vehicleId="veh_66", targetSpeed=0.0m/s, interval=0ms
2022-10-31 17:30:04,653 INFO  SimulationFacade - Removed vehicle "veh_28" at simulation time 523000000000ns
2022-10-31 17:30:04,691 INFO  SumoAmbassador - Receive VehicleSpeedChange request at simulation time 527.000,000,000 s: vehicleId="veh_67", targetSpeed=0.0m/s, interval=0ms
2022-10-31 17:30:04,707 INFO  SumoAmbassador - Receive VehicleSpeedChange request at simulation time 529.000,000,000 s: vehicleId="veh_68", targetSpeed=0.0m/s, interval=0ms
2022-10-31 17:30:04,718 INFO  SimulationFacade - Removed vehicle "veh_44" at simulation time 531000000000ns
2022-10-31 17:30:04,745 INFO  SumoAmbassador - Receive VehicleSpeedChange request at simulation time 536.000,000,000 s: vehicleId="veh_69", targetSpeed=0.0m/s, interval=0ms
2022-10-31 17:30:04,816 INFO  SumoAmbassador - Receive VehicleSpeedChange request at simulation time 539.000,000,000 s: vehicleId="veh_71", targetSpeed=0.0m/s, interval=0ms
2022-10-31 17:30:04,843 INFO  SimulationFacade - Removed vehicle "veh_29" at simulation time 544000000000ns
2022-10-31 17:30:04,848 INFO  SumoAmbassador - Receive VehicleSpeedChange request at simulation time 545.000,000,000 s: vehicleId="veh_72", targetSpeed=0.0m/s, interval=0ms
2022-10-31 17:30:04,859 INFO  SimulationFacade - Removed vehicle "veh_31" at simulation time 547000000000ns
2022-10-31 17:30:04,860 INFO  SumoAmbassador - Receive VehicleSpeedChange request at simulation time 547.000,000,000 s: vehicleId="veh_73", targetSpeed=0.0m/s, interval=0ms
2022-10-31 17:30:04,870 INFO  SimulationFacade - Removed vehicle "veh_32" at simulation time 549000000000ns
2022-10-31 17:30:04,880 INFO  SimulationFacade - Removed vehicle "veh_33" at simulation time 551000000000ns
2022-10-31 17:30:04,892 INFO  SimulationFacade - Removed vehicle "veh_35" at simulation time 553000000000ns
2022-10-31 17:30:04,892 INFO  SumoAmbassador - Receive VehicleSpeedChange request at simulation time 553.000,000,000 s: vehicleId="veh_75", targetSpeed=0.0m/s, interval=0ms
2022-10-31 17:30:04,909 INFO  SimulationFacade - Removed vehicle "veh_36" at simulation time 556000000000ns
2022-10-31 17:30:04,914 INFO  SumoAmbassador - Receive VehicleSpeedChange request at simulation time 557.000,000,000 s: vehicleId="veh_76", targetSpeed=0.0m/s, interval=0ms
2022-10-31 17:30:04,939 INFO  SimulationFacade - Removed vehicle "veh_50" at simulation time 561000000000ns
2022-10-31 17:30:04,952 INFO  SumoAmbassador - Receive VehicleSpeedChange request at simulation time 563.000,000,000 s: vehicleId="veh_77", targetSpeed=0.0m/s, interval=0ms
2022-10-31 17:30:04,958 INFO  SimulationFacade - Removed vehicle "veh_54" at simulation time 564000000000ns
2022-10-31 17:30:04,965 INFO  SumoAmbassador - Receive VehicleSpeedChange request at simulation time 565.000,000,000 s: vehicleId="veh_78", targetSpeed=0.0m/s, interval=0ms
2022-10-31 17:30:05,018 INFO  SimulationFacade - Removed vehicle "veh_60" at simulation time 568000000000ns
2022-10-31 17:30:05,023 INFO  SimulationFacade - Removed vehicle "veh_64" at simulation time 569000000000ns
2022-10-31 17:30:05,029 INFO  SumoAmbassador - Receive VehicleSpeedChange request at simulation time 570.000,000,000 s: vehicleId="veh_79", targetSpeed=0.0m/s, interval=0ms
2022-10-31 17:30:05,061 INFO  SumoAmbassador - Receive VehicleSpeedChange request at simulation time 576.000,000,000 s: vehicleId="veh_81", targetSpeed=0.0m/s, interval=0ms
2022-10-31 17:30:05,067 INFO  SimulationFacade - Removed vehicle "veh_38" at simulation time 577000000000ns
2022-10-31 17:30:05,082 INFO  SimulationFacade - Removed vehicle "veh_37" at simulation time 580000000000ns
2022-10-31 17:30:05,086 INFO  SimulationFacade - Removed vehicle "veh_41" at simulation time 581000000000ns
2022-10-31 17:30:05,087 INFO  SumoAmbassador - Receive VehicleSpeedChange request at simulation time 581.000,000,000 s: vehicleId="veh_82", targetSpeed=0.0m/s, interval=0ms
2022-10-31 17:30:05,098 INFO  SimulationFacade - Removed vehicle "veh_39" at simulation time 583000000000ns
2022-10-31 17:30:05,098 INFO  SumoAmbassador - Receive VehicleSpeedChange request at simulation time 583.000,000,000 s: vehicleId="veh_83", targetSpeed=0.0m/s, interval=0ms
2022-10-31 17:30:05,107 INFO  SimulationFacade - Removed vehicle "veh_42" at simulation time 585000000000ns
2022-10-31 17:30:05,116 INFO  SimulationFacade - Removed vehicle "veh_43" at simulation time 587000000000ns
2022-10-31 17:30:05,123 INFO  SimulationFacade - Removed vehicle "veh_46" at simulation time 589000000000ns
2022-10-31 17:30:05,128 INFO  SumoAmbassador - Receive VehicleSpeedChange request at simulation time 590.000,000,000 s: vehicleId="veh_84", targetSpeed=0.0m/s, interval=0ms
2022-10-31 17:30:05,133 INFO  SumoAmbassador - Receive VehicleSpeedChange request at simulation time 591.000,000,000 s: vehicleId="veh_85", targetSpeed=0.0m/s, interval=0ms
2022-10-31 17:30:05,152 INFO  SumoAmbassador - Receive VehicleSpeedChange request at simulation time 596.000,000,000 s: vehicleId="veh_86", targetSpeed=0.0m/s, interval=0ms
2022-10-31 17:30:05,206 INFO  SumoAmbassador - Receive VehicleSpeedChange request at simulation time 599.000,000,000 s: vehicleId="veh_87", targetSpeed=0.0m/s, interval=0ms
2022-10-31 17:30:05,230 INFO  SumoAmbassador - Receive VehicleSpeedChange request at simulation time 603.000,000,000 s: vehicleId="veh_88", targetSpeed=0.0m/s, interval=0ms
2022-10-31 17:30:05,250 INFO  SimulationFacade - Removed vehicle "veh_47" at simulation time 606000000000ns
2022-10-31 17:30:05,251 INFO  SumoAmbassador - Receive VehicleSpeedChange request at simulation time 606.000,000,000 s: vehicleId="veh_89", targetSpeed=0.0m/s, interval=0ms
2022-10-31 17:30:05,275 INFO  SimulationFacade - Removed vehicle "veh_45" at simulation time 610000000000ns
2022-10-31 17:30:05,280 INFO  SimulationFacade - Removed vehicle "veh_49" at simulation time 611000000000ns
2022-10-31 17:30:05,283 INFO  SumoAmbassador - Receive VehicleSpeedChange request at simulation time 612.000,000,000 s: vehicleId="veh_91", targetSpeed=0.0m/s, interval=0ms
2022-10-31 17:30:05,291 INFO  SimulationFacade - Removed vehicle "veh_48" at simulation time 614000000000ns
2022-10-31 17:30:05,298 INFO  SimulationFacade - Removed vehicle "veh_52" at simulation time 616000000000ns
2022-10-31 17:30:05,298 INFO  SumoAmbassador - Receive VehicleSpeedChange request at simulation time 616.000,000,000 s: vehicleId="veh_92", targetSpeed=0.0m/s, interval=0ms
2022-10-31 17:30:05,307 INFO  SimulationFacade - Removed vehicle "veh_51" at simulation time 618000000000ns
2022-10-31 17:30:05,322 INFO  SumoAmbassador - Receive VehicleSpeedChange request at simulation time 621.000,000,000 s: vehicleId="veh_93", targetSpeed=0.0m/s, interval=0ms
2022-10-31 17:30:05,325 INFO  SimulationFacade - Removed vehicle "veh_70" at simulation time 622000000000ns
2022-10-31 17:30:05,331 INFO  SumoAmbassador - Receive VehicleSpeedChange request at simulation time 623.000,000,000 s: vehicleId="veh_94", targetSpeed=0.0m/s, interval=0ms
2022-10-31 17:30:05,352 INFO  SumoAmbassador - Receive VehicleSpeedChange request at simulation time 628.000,000,000 s: vehicleId="veh_95", targetSpeed=0.0m/s, interval=0ms
2022-10-31 17:30:05,401 INFO  SumoAmbassador - Receive VehicleSpeedChange request at simulation time 631.000,000,000 s: vehicleId="veh_96", targetSpeed=0.0m/s, interval=0ms
2022-10-31 17:30:05,410 INFO  SimulationFacade - Removed vehicle "veh_74" at simulation time 632000000000ns
2022-10-31 17:30:05,444 INFO  SumoAmbassador - Receive VehicleSpeedChange request at simulation time 636.000,000,000 s: vehicleId="veh_97", targetSpeed=0.0m/s, interval=0ms
2022-10-31 17:30:05,460 INFO  SumoAmbassador - Receive VehicleSpeedChange request at simulation time 638.000,000,000 s: vehicleId="veh_98", targetSpeed=0.0m/s, interval=0ms
2022-10-31 17:30:05,471 INFO  SimulationFacade - Removed vehicle "veh_53" at simulation time 639000000000ns
2022-10-31 17:30:05,488 INFO  SimulationFacade - Removed vehicle "veh_55" at simulation time 642000000000ns
2022-10-31 17:30:05,495 INFO  SumoAmbassador - Receive VehicleSpeedChange request at simulation time 643.000,000,000 s: vehicleId="veh_99", targetSpeed=0.0m/s, interval=0ms
2022-10-31 17:30:05,507 INFO  SimulationFacade - Removed vehicle "veh_57" at simulation time 645000000000ns
2022-10-31 17:30:05,523 INFO  SimulationFacade - Removed vehicle "veh_56" at simulation time 648000000000ns
2022-10-31 17:30:05,531 INFO  SimulationFacade - Removed vehicle "veh_58" at simulation time 650000000000ns
2022-10-31 17:30:05,539 INFO  SimulationFacade - Removed vehicle "veh_59" at simulation time 652000000000ns
2022-10-31 17:30:05,551 INFO  SimulationFacade - Removed vehicle "veh_61" at simulation time 654000000000ns
2022-10-31 17:30:05,566 INFO  SimulationFacade - Removed vehicle "veh_62" at simulation time 656000000000ns
2022-10-31 17:30:05,584 INFO  SimulationFacade - Removed vehicle "veh_80" at simulation time 661000000000ns
2022-10-31 17:30:05,591 INFO  SimulationFacade - Removed vehicle "veh_90" at simulation time 663000000000ns
2022-10-31 17:30:05,628 INFO  SimulationFacade - Removed vehicle "veh_63" at simulation time 676000000000ns
2022-10-31 17:30:05,633 INFO  SimulationFacade - Removed vehicle "veh_66" at simulation time 678000000000ns
2022-10-31 17:30:05,637 INFO  SimulationFacade - Removed vehicle "veh_65" at simulation time 680000000000ns
2022-10-31 17:30:05,642 INFO  SimulationFacade - Removed vehicle "veh_67" at simulation time 682000000000ns
2022-10-31 17:30:05,646 INFO  SimulationFacade - Removed vehicle "veh_68" at simulation time 684000000000ns
2022-10-31 17:30:05,652 INFO  SimulationFacade - Removed vehicle "veh_69" at simulation time 686000000000ns
2022-10-31 17:30:05,658 INFO  SimulationFacade - Removed vehicle "veh_71" at simulation time 688000000000ns
2022-10-31 17:30:05,663 INFO  SimulationFacade - Removed vehicle "veh_72" at simulation time 690000000000ns
2022-10-31 17:30:05,668 INFO  SimulationFacade - Removed vehicle "veh_73" at simulation time 692000000000ns
2022-10-31 17:30:05,708 INFO  SimulationFacade - Removed vehicle "veh_75" at simulation time 713000000000ns
2022-10-31 17:30:05,716 INFO  SimulationFacade - Removed vehicle "veh_76" at simulation time 716000000000ns
2022-10-31 17:30:05,718 INFO  SimulationFacade - Removed vehicle "veh_78" at simulation time 717000000000ns
2022-10-31 17:30:05,726 INFO  SimulationFacade - Removed vehicle "veh_77" at simulation time 721000000000ns
2022-10-31 17:30:05,782 INFO  SimulationFacade - Removed vehicle "veh_79" at simulation time 740000000000ns
2022-10-31 17:30:05,786 INFO  SimulationFacade - Removed vehicle "veh_81" at simulation time 742000000000ns
2022-10-31 17:30:05,790 INFO  SimulationFacade - Removed vehicle "veh_83" at simulation time 744000000000ns
2022-10-31 17:30:05,795 INFO  SimulationFacade - Removed vehicle "veh_82" at simulation time 746000000000ns
2022-10-31 17:30:05,799 INFO  SimulationFacade - Removed vehicle "veh_84" at simulation time 748000000000ns
2022-10-31 17:30:05,804 INFO  SimulationFacade - Removed vehicle "veh_85" at simulation time 750000000000ns
2022-10-31 17:30:05,809 INFO  SimulationFacade - Removed vehicle "veh_86" at simulation time 752000000000ns
2022-10-31 17:30:05,844 INFO  SimulationFacade - Removed vehicle "veh_88" at simulation time 772000000000ns
2022-10-31 17:30:05,850 INFO  SimulationFacade - Removed vehicle "veh_87" at simulation time 775000000000ns
2022-10-31 17:30:05,852 INFO  SimulationFacade - Removed vehicle "veh_91" at simulation time 777000000000ns
2022-10-31 17:30:05,855 INFO  SimulationFacade - Removed vehicle "veh_89" at simulation time 779000000000ns
2022-10-31 17:30:05,857 INFO  SimulationFacade - Removed vehicle "veh_93" at simulation time 781000000000ns
2022-10-31 17:30:05,859 INFO  SimulationFacade - Removed vehicle "veh_92" at simulation time 783000000000ns
2022-10-31 17:30:05,861 INFO  SimulationFacade - Removed vehicle "veh_95" at simulation time 785000000000ns
2022-10-31 17:30:05,864 INFO  SimulationFacade - Removed vehicle "veh_94" at simulation time 787000000000ns
2022-10-31 17:30:05,866 INFO  SimulationFacade - Removed vehicle "veh_96" at simulation time 789000000000ns
2022-10-31 17:30:05,881 INFO  SimulationFacade - Removed vehicle "veh_98" at simulation time 808000000000ns
2022-10-31 17:30:05,884 INFO  SimulationFacade - Removed vehicle "veh_97" at simulation time 811000000000ns
2022-10-31 17:30:05,885 INFO  SimulationFacade - Removed vehicle "veh_99" at simulation time 813000000000ns
2022-10-31 17:30:06,063 INFO  SumoAmbassador - Closing SUMO connection
2022-10-31 17:30:06,063 INFO  SumoAmbassador - Process sumo : Step #0.00 (0ms ?*RT. ?UPS, TraCI: 401ms, vehicles TOT 0 ACT 0 BUF 0)                     
2022-10-31 17:30:06,064 INFO  SumoAmbassador - Process sumo : Step #100.00 (1ms ~= 1000.00*RT, ~27000.00UPS, TraCI: 20ms, vehicles TOT 27 ACT 27 BUF 0) 
2022-10-31 17:30:06,064 INFO  SumoAmbassador - Process sumo : Step #200.00 (1ms ~= 1000.00*RT, ~55000.00UPS, TraCI: 15ms, vehicles TOT 55 ACT 55 BUF 0) 
2022-10-31 17:30:06,064 INFO  SumoAmbassador - Process sumo : Step #300.00 (2ms ~= 500.00*RT, ~41000.00UPS, TraCI: 13ms, vehicles TOT 82 ACT 82 BUF 0)  
2022-10-31 17:30:06,064 INFO  SumoAmbassador - Process sumo : Step #400.00 (2ms ~= 500.00*RT, ~49000.00UPS, TraCI: 9ms, vehicles TOT 100 ACT 98 BUF 0)  
2022-10-31 17:30:06,064 INFO  SumoAmbassador - Process sumo : Step #500.00 (1ms ~= 1000.00*RT, ~79000.00UPS, TraCI: 47ms, vehicles TOT 100 ACT 79 BUF 0)
2022-10-31 17:30:06,064 INFO  SumoAmbassador - Process sumo : Step #600.00 (0ms ?*RT. ?UPS, TraCI: 5ms, vehicles TOT 100 ACT 50 BUF 0)                  
2022-10-31 17:30:06,064 INFO  SumoAmbassador - Process sumo : Step #700.00 (0ms ?*RT. ?UPS, TraCI: 2ms, vehicles TOT 100 ACT 23 BUF 0)                  
2022-10-31 17:30:06,064 INFO  SumoAmbassador - Process sumo : Step #800.00 (0ms ?*RT. ?UPS, TraCI: 1ms, vehicles TOT 100 ACT 3 BUF 0)                   
2022-10-31 17:30:06,064 INFO  SumoAmbassador - Process sumo : Step #900.00 (0ms ?*RT. ?UPS, TraCI: 1ms, vehicles TOT 100 ACT 0 BUF 0)                   
2022-10-31 17:30:06,064 INFO  SumoAmbassador - Process sumo : Step #1000.00 (0ms ?*RT. ?UPS, TraCI: 1ms, vehicles TOT 100 ACT 0 BUF 0)                   
2022-10-31 17:30:06,064 INFO  SumoAmbassador - Process sumo : 
2022-10-31 17:30:06,064 INFO  SumoAmbassador - Process sumo : Simulation ended at time: 1000.00
2022-10-31 17:30:06,064 INFO  SumoAmbassador - Process sumo : Reason: TraCI requested termination.
2022-10-31 17:30:06,064 INFO  SumoAmbassador - Process sumo : Performance: 
2022-10-31 17:30:06,064 INFO  SumoAmbassador - Process sumo :  Duration: 9.86s
2022-10-31 17:30:06,064 INFO  SumoAmbassador - Process sumo :  TraCI-Duration: 9.00s
2022-10-31 17:30:06,064 INFO  SumoAmbassador - Process sumo :  Real time factor: 101.44
2022-10-31 17:30:06,064 INFO  SumoAmbassador - Process sumo :  UPS: 4264.455265
2022-10-31 17:30:06,064 INFO  SumoAmbassador - Process sumo : Vehicles: 
2022-10-31 17:30:06,064 INFO  SumoAmbassador - Process sumo :  Inserted: 100
2022-10-31 17:30:06,064 INFO  SumoAmbassador - Process sumo :  Running: 0
2022-10-31 17:30:06,064 INFO  SumoAmbassador - Process sumo :  Waiting: 0
2022-10-31 17:30:06,064 INFO  SumoAmbassador - Process sumo : 
2022-10-31 17:30:06,274 INFO  SumoAmbassador - Finished simulation
