2022-10-31 17:29:57,318 INFO  - Initialize application (at simulation time 42.000,000,000 s)
2022-10-31 17:29:57,321 INFO  - Activated Cell Module (at simulation time 42.000,000,000 s)
2022-10-31 17:29:57,328 INFO  - Received message from cell from WeatherServer (at simulation time 42.300,000,000 s)
2022-10-31 17:29:57,328 INFO  - Processing DEN message (at simulation time 42.300,000,000 s)
2022-10-31 17:29:57,328 INFO  - The Event is on the vehicle's route 311964536_1313885442_2879911873 = 311964536_1313885442_2879911873 (at simulation time 42.300,000,000 s)
2022-10-31 17:29:57,353 INFO  - Sending Change Route Command at position: null (at simulation time 42.300,000,000 s)
2022-10-31 17:29:57,390 INFO  - Received message from cell from WeatherServer (at simulation time 44.300,000,000 s)
2022-10-31 17:29:57,390 INFO  - Processing DEN message (at simulation time 44.300,000,000 s)
2022-10-31 17:29:57,390 INFO  - Route already changed (at simulation time 44.300,000,000 s)
2022-10-31 17:29:57,412 INFO  - Received message from cell from WeatherServer (at simulation time 46.300,000,000 s)
2022-10-31 17:29:57,412 INFO  - Processing DEN message (at simulation time 46.300,000,000 s)
2022-10-31 17:29:57,412 INFO  - Route already changed (at simulation time 46.300,000,000 s)
2022-10-31 17:29:57,423 INFO  - Received message from cell from WeatherServer (at simulation time 48.300,000,000 s)
2022-10-31 17:29:57,423 INFO  - Processing DEN message (at simulation time 48.300,000,000 s)
2022-10-31 17:29:57,423 INFO  - Route already changed (at simulation time 48.300,000,000 s)
2022-10-31 17:29:57,442 INFO  - Received message from cell from WeatherServer (at simulation time 50.300,000,000 s)
2022-10-31 17:29:57,442 INFO  - Processing DEN message (at simulation time 50.300,000,000 s)
2022-10-31 17:29:57,442 INFO  - Route already changed (at simulation time 50.300,000,000 s)
2022-10-31 17:29:57,455 INFO  - Received message from cell from WeatherServer (at simulation time 52.300,000,000 s)
2022-10-31 17:29:57,456 INFO  - Processing DEN message (at simulation time 52.300,000,000 s)
2022-10-31 17:29:57,456 INFO  - Route already changed (at simulation time 52.300,000,000 s)
2022-10-31 17:29:57,474 INFO  - Received message from cell from WeatherServer (at simulation time 54.300,000,000 s)
2022-10-31 17:29:57,474 INFO  - Processing DEN message (at simulation time 54.300,000,000 s)
2022-10-31 17:29:57,474 INFO  - Route already changed (at simulation time 54.300,000,000 s)
2022-10-31 17:29:57,489 INFO  - Received message from cell from WeatherServer (at simulation time 56.300,000,000 s)
2022-10-31 17:29:57,489 INFO  - Processing DEN message (at simulation time 56.300,000,000 s)
2022-10-31 17:29:57,489 INFO  - Route already changed (at simulation time 56.300,000,000 s)
2022-10-31 17:29:57,525 INFO  - Received message from cell from WeatherServer (at simulation time 58.300,000,000 s)
2022-10-31 17:29:57,525 INFO  - Processing DEN message (at simulation time 58.300,000,000 s)
2022-10-31 17:29:57,525 INFO  - Route already changed (at simulation time 58.300,000,000 s)
2022-10-31 17:29:57,584 INFO  - Received message from cell from WeatherServer (at simulation time 60.300,000,000 s)
2022-10-31 17:29:57,584 INFO  - Processing DEN message (at simulation time 60.300,000,000 s)
2022-10-31 17:29:57,584 INFO  - Route already changed (at simulation time 60.300,000,000 s)
2022-10-31 17:29:57,596 INFO  - Received message from cell from WeatherServer (at simulation time 62.300,000,000 s)
2022-10-31 17:29:57,596 INFO  - Processing DEN message (at simulation time 62.300,000,000 s)
2022-10-31 17:29:57,596 INFO  - Route already changed (at simulation time 62.300,000,000 s)
2022-10-31 17:29:57,618 INFO  - Received message from cell from WeatherServer (at simulation time 64.300,000,000 s)
2022-10-31 17:29:57,618 INFO  - Processing DEN message (at simulation time 64.300,000,000 s)
2022-10-31 17:29:57,618 INFO  - Route already changed (at simulation time 64.300,000,000 s)
2022-10-31 17:29:57,631 INFO  - Received message from cell from WeatherServer (at simulation time 66.300,000,000 s)
2022-10-31 17:29:57,631 INFO  - Processing DEN message (at simulation time 66.300,000,000 s)
2022-10-31 17:29:57,631 INFO  - Route already changed (at simulation time 66.300,000,000 s)
2022-10-31 17:29:57,649 INFO  - Received message from cell from WeatherServer (at simulation time 68.300,000,000 s)
2022-10-31 17:29:57,649 INFO  - Processing DEN message (at simulation time 68.300,000,000 s)
2022-10-31 17:29:57,649 INFO  - Route already changed (at simulation time 68.300,000,000 s)
2022-10-31 17:29:57,660 INFO  - Received message from cell from WeatherServer (at simulation time 70.300,000,000 s)
2022-10-31 17:29:57,660 INFO  - Processing DEN message (at simulation time 70.300,000,000 s)
2022-10-31 17:29:57,660 INFO  - Route already changed (at simulation time 70.300,000,000 s)
2022-10-31 17:29:57,677 INFO  - Received message from cell from WeatherServer (at simulation time 72.300,000,000 s)
2022-10-31 17:29:57,677 INFO  - Processing DEN message (at simulation time 72.300,000,000 s)
2022-10-31 17:29:57,677 INFO  - Route already changed (at simulation time 72.300,000,000 s)
2022-10-31 17:29:57,699 INFO  - Received message from cell from WeatherServer (at simulation time 74.300,000,000 s)
2022-10-31 17:29:57,699 INFO  - Processing DEN message (at simulation time 74.300,000,000 s)
2022-10-31 17:29:57,699 INFO  - Route already changed (at simulation time 74.300,000,000 s)
2022-10-31 17:29:57,716 INFO  - Received message from cell from WeatherServer (at simulation time 76.300,000,000 s)
2022-10-31 17:29:57,716 INFO  - Processing DEN message (at simulation time 76.300,000,000 s)
2022-10-31 17:29:57,716 INFO  - Route already changed (at simulation time 76.300,000,000 s)
2022-10-31 17:29:57,766 INFO  - Received message from cell from WeatherServer (at simulation time 78.300,000,000 s)
2022-10-31 17:29:57,767 INFO  - Processing DEN message (at simulation time 78.300,000,000 s)
2022-10-31 17:29:57,767 INFO  - Route already changed (at simulation time 78.300,000,000 s)
2022-10-31 17:29:57,817 INFO  - Received message from cell from WeatherServer (at simulation time 80.300,000,000 s)
2022-10-31 17:29:57,817 INFO  - Processing DEN message (at simulation time 80.300,000,000 s)
2022-10-31 17:29:57,817 INFO  - Route already changed (at simulation time 80.300,000,000 s)
2022-10-31 17:29:57,852 INFO  - Received message from cell from WeatherServer (at simulation time 82.300,000,000 s)
2022-10-31 17:29:57,852 INFO  - Processing DEN message (at simulation time 82.300,000,000 s)
2022-10-31 17:29:57,852 INFO  - Route already changed (at simulation time 82.300,000,000 s)
2022-10-31 17:29:57,877 INFO  - Received message from cell from WeatherServer (at simulation time 84.300,000,000 s)
2022-10-31 17:29:57,877 INFO  - Processing DEN message (at simulation time 84.300,000,000 s)
2022-10-31 17:29:57,877 INFO  - Route already changed (at simulation time 84.300,000,000 s)
2022-10-31 17:29:57,910 INFO  - Received message from cell from WeatherServer (at simulation time 86.300,000,000 s)
2022-10-31 17:29:57,910 INFO  - Processing DEN message (at simulation time 86.300,000,000 s)
2022-10-31 17:29:57,910 INFO  - Route already changed (at simulation time 86.300,000,000 s)
2022-10-31 17:29:57,934 INFO  - Received message from cell from WeatherServer (at simulation time 88.300,000,000 s)
2022-10-31 17:29:57,934 INFO  - Processing DEN message (at simulation time 88.300,000,000 s)
2022-10-31 17:29:57,934 INFO  - Route already changed (at simulation time 88.300,000,000 s)
2022-10-31 17:29:57,998 INFO  - Received message from cell from WeatherServer (at simulation time 90.300,000,000 s)
2022-10-31 17:29:57,998 INFO  - Processing DEN message (at simulation time 90.300,000,000 s)
2022-10-31 17:29:57,998 INFO  - Route already changed (at simulation time 90.300,000,000 s)
2022-10-31 17:29:58,023 INFO  - Received message from cell from WeatherServer (at simulation time 92.300,000,000 s)
2022-10-31 17:29:58,024 INFO  - Processing DEN message (at simulation time 92.300,000,000 s)
2022-10-31 17:29:58,024 INFO  - Route already changed (at simulation time 92.300,000,000 s)
2022-10-31 17:29:58,064 INFO  - Received message from cell from WeatherServer (at simulation time 94.300,000,000 s)
2022-10-31 17:29:58,065 INFO  - Processing DEN message (at simulation time 94.300,000,000 s)
2022-10-31 17:29:58,065 INFO  - Route already changed (at simulation time 94.300,000,000 s)
2022-10-31 17:29:58,183 INFO  - Received message from cell from WeatherServer (at simulation time 96.300,000,000 s)
2022-10-31 17:29:58,183 INFO  - Processing DEN message (at simulation time 96.300,000,000 s)
2022-10-31 17:29:58,183 INFO  - Route already changed (at simulation time 96.300,000,000 s)
2022-10-31 17:29:58,221 INFO  - Received message from cell from WeatherServer (at simulation time 98.300,000,000 s)
2022-10-31 17:29:58,221 INFO  - Processing DEN message (at simulation time 98.300,000,000 s)
2022-10-31 17:29:58,221 INFO  - Route already changed (at simulation time 98.300,000,000 s)
2022-10-31 17:29:58,267 INFO  - Received message from cell from WeatherServer (at simulation time 100.300,000,000 s)
2022-10-31 17:29:58,267 INFO  - Processing DEN message (at simulation time 100.300,000,000 s)
2022-10-31 17:29:58,267 INFO  - Route already changed (at simulation time 100.300,000,000 s)
2022-10-31 17:29:58,300 INFO  - Received message from cell from WeatherServer (at simulation time 102.300,000,000 s)
2022-10-31 17:29:58,300 INFO  - Processing DEN message (at simulation time 102.300,000,000 s)
2022-10-31 17:29:58,300 INFO  - Route already changed (at simulation time 102.300,000,000 s)
2022-10-31 17:29:58,347 INFO  - Received message from cell from WeatherServer (at simulation time 104.300,000,000 s)
2022-10-31 17:29:58,347 INFO  - Processing DEN message (at simulation time 104.300,000,000 s)
2022-10-31 17:29:58,347 INFO  - Route already changed (at simulation time 104.300,000,000 s)
2022-10-31 17:29:58,435 INFO  - Received message from cell from WeatherServer (at simulation time 106.300,000,000 s)
2022-10-31 17:29:58,435 INFO  - Processing DEN message (at simulation time 106.300,000,000 s)
2022-10-31 17:29:58,435 INFO  - Route already changed (at simulation time 106.300,000,000 s)
2022-10-31 17:29:58,472 INFO  - Received message from cell from WeatherServer (at simulation time 108.300,000,000 s)
2022-10-31 17:29:58,472 INFO  - Processing DEN message (at simulation time 108.300,000,000 s)
2022-10-31 17:29:58,472 INFO  - Route already changed (at simulation time 108.300,000,000 s)
2022-10-31 17:29:58,503 INFO  - Received message from cell from WeatherServer (at simulation time 110.300,000,000 s)
2022-10-31 17:29:58,503 INFO  - Processing DEN message (at simulation time 110.300,000,000 s)
2022-10-31 17:29:58,503 INFO  - Route already changed (at simulation time 110.300,000,000 s)
2022-10-31 17:29:58,543 INFO  - Received message from cell from WeatherServer (at simulation time 112.300,000,000 s)
2022-10-31 17:29:58,543 INFO  - Processing DEN message (at simulation time 112.300,000,000 s)
2022-10-31 17:29:58,543 INFO  - Route already changed (at simulation time 112.300,000,000 s)
2022-10-31 17:29:58,631 INFO  - Received message from cell from WeatherServer (at simulation time 114.300,000,000 s)
2022-10-31 17:29:58,631 INFO  - Processing DEN message (at simulation time 114.300,000,000 s)
2022-10-31 17:29:58,631 INFO  - Route already changed (at simulation time 114.300,000,000 s)
2022-10-31 17:29:58,663 INFO  - Received message from cell from WeatherServer (at simulation time 116.300,000,000 s)
2022-10-31 17:29:58,663 INFO  - Processing DEN message (at simulation time 116.300,000,000 s)
2022-10-31 17:29:58,663 INFO  - Route already changed (at simulation time 116.300,000,000 s)
2022-10-31 17:29:58,703 INFO  - Received message from cell from WeatherServer (at simulation time 118.300,000,000 s)
2022-10-31 17:29:58,703 INFO  - Processing DEN message (at simulation time 118.300,000,000 s)
2022-10-31 17:29:58,703 INFO  - Route already changed (at simulation time 118.300,000,000 s)
2022-10-31 17:29:58,732 INFO  - Received message from cell from WeatherServer (at simulation time 120.300,000,000 s)
2022-10-31 17:29:58,732 INFO  - Processing DEN message (at simulation time 120.300,000,000 s)
2022-10-31 17:29:58,732 INFO  - Route already changed (at simulation time 120.300,000,000 s)
2022-10-31 17:29:58,814 INFO  - Received message from cell from WeatherServer (at simulation time 122.300,000,000 s)
2022-10-31 17:29:58,814 INFO  - Processing DEN message (at simulation time 122.300,000,000 s)
2022-10-31 17:29:58,814 INFO  - Route already changed (at simulation time 122.300,000,000 s)
2022-10-31 17:29:58,845 INFO  - Received message from cell from WeatherServer (at simulation time 124.300,000,000 s)
2022-10-31 17:29:58,846 INFO  - Processing DEN message (at simulation time 124.300,000,000 s)
2022-10-31 17:29:58,846 INFO  - Route already changed (at simulation time 124.300,000,000 s)
2022-10-31 17:29:58,891 INFO  - Received message from cell from WeatherServer (at simulation time 126.300,000,000 s)
2022-10-31 17:29:58,891 INFO  - Processing DEN message (at simulation time 126.300,000,000 s)
2022-10-31 17:29:58,891 INFO  - Route already changed (at simulation time 126.300,000,000 s)
2022-10-31 17:29:58,925 INFO  - Received message from cell from WeatherServer (at simulation time 128.300,000,000 s)
2022-10-31 17:29:58,925 INFO  - Processing DEN message (at simulation time 128.300,000,000 s)
2022-10-31 17:29:58,925 INFO  - Route already changed (at simulation time 128.300,000,000 s)
2022-10-31 17:29:59,032 INFO  - Received message from cell from WeatherServer (at simulation time 130.300,000,000 s)
2022-10-31 17:29:59,032 INFO  - Processing DEN message (at simulation time 130.300,000,000 s)
2022-10-31 17:29:59,033 INFO  - Route already changed (at simulation time 130.300,000,000 s)
2022-10-31 17:29:59,068 INFO  - Received message from cell from WeatherServer (at simulation time 132.300,000,000 s)
2022-10-31 17:29:59,068 INFO  - Processing DEN message (at simulation time 132.300,000,000 s)
2022-10-31 17:29:59,068 INFO  - Route already changed (at simulation time 132.300,000,000 s)
2022-10-31 17:29:59,092 INFO  - Received message from cell from WeatherServer (at simulation time 134.300,000,000 s)
2022-10-31 17:29:59,092 INFO  - Processing DEN message (at simulation time 134.300,000,000 s)
2022-10-31 17:29:59,092 INFO  - Route already changed (at simulation time 134.300,000,000 s)
2022-10-31 17:29:59,123 INFO  - Received message from cell from WeatherServer (at simulation time 136.300,000,000 s)
2022-10-31 17:29:59,123 INFO  - Processing DEN message (at simulation time 136.300,000,000 s)
2022-10-31 17:29:59,123 INFO  - Route already changed (at simulation time 136.300,000,000 s)
2022-10-31 17:29:59,150 INFO  - Received message from cell from WeatherServer (at simulation time 138.300,000,000 s)
2022-10-31 17:29:59,150 INFO  - Processing DEN message (at simulation time 138.300,000,000 s)
2022-10-31 17:29:59,150 INFO  - Route already changed (at simulation time 138.300,000,000 s)
2022-10-31 17:29:59,213 INFO  - Received message from cell from WeatherServer (at simulation time 140.300,000,000 s)
2022-10-31 17:29:59,213 INFO  - Processing DEN message (at simulation time 140.300,000,000 s)
2022-10-31 17:29:59,213 INFO  - Route already changed (at simulation time 140.300,000,000 s)
2022-10-31 17:29:59,243 INFO  - Received message from cell from WeatherServer (at simulation time 142.300,000,000 s)
2022-10-31 17:29:59,243 INFO  - Processing DEN message (at simulation time 142.300,000,000 s)
2022-10-31 17:29:59,243 INFO  - Route already changed (at simulation time 142.300,000,000 s)
2022-10-31 17:29:59,283 INFO  - Received message from cell from WeatherServer (at simulation time 144.300,000,000 s)
2022-10-31 17:29:59,284 INFO  - Processing DEN message (at simulation time 144.300,000,000 s)
2022-10-31 17:29:59,284 INFO  - Route already changed (at simulation time 144.300,000,000 s)
2022-10-31 17:29:59,313 INFO  - Received message from cell from WeatherServer (at simulation time 146.300,000,000 s)
2022-10-31 17:29:59,313 INFO  - Processing DEN message (at simulation time 146.300,000,000 s)
2022-10-31 17:29:59,314 INFO  - Route already changed (at simulation time 146.300,000,000 s)
2022-10-31 17:29:59,351 INFO  - Received message from cell from WeatherServer (at simulation time 148.300,000,000 s)
2022-10-31 17:29:59,351 INFO  - Processing DEN message (at simulation time 148.300,000,000 s)
2022-10-31 17:29:59,351 INFO  - Route already changed (at simulation time 148.300,000,000 s)
2022-10-31 17:29:59,474 INFO  - Received message from cell from WeatherServer (at simulation time 150.300,000,000 s)
2022-10-31 17:29:59,474 INFO  - Processing DEN message (at simulation time 150.300,000,000 s)
2022-10-31 17:29:59,474 INFO  - Route already changed (at simulation time 150.300,000,000 s)
2022-10-31 17:29:59,510 INFO  - Received message from cell from WeatherServer (at simulation time 152.300,000,000 s)
2022-10-31 17:29:59,510 INFO  - Processing DEN message (at simulation time 152.300,000,000 s)
2022-10-31 17:29:59,510 INFO  - Route already changed (at simulation time 152.300,000,000 s)
2022-10-31 17:29:59,550 INFO  - Received message from cell from WeatherServer (at simulation time 154.300,000,000 s)
2022-10-31 17:29:59,550 INFO  - Processing DEN message (at simulation time 154.300,000,000 s)
2022-10-31 17:29:59,550 INFO  - Route already changed (at simulation time 154.300,000,000 s)
2022-10-31 17:29:59,605 INFO  - Received message from cell from WeatherServer (at simulation time 156.300,000,000 s)
2022-10-31 17:29:59,605 INFO  - Processing DEN message (at simulation time 156.300,000,000 s)
2022-10-31 17:29:59,605 INFO  - Route already changed (at simulation time 156.300,000,000 s)
2022-10-31 17:29:59,642 INFO  - Received message from cell from WeatherServer (at simulation time 158.300,000,000 s)
2022-10-31 17:29:59,642 INFO  - Processing DEN message (at simulation time 158.300,000,000 s)
2022-10-31 17:29:59,642 INFO  - Route already changed (at simulation time 158.300,000,000 s)
2022-10-31 17:29:59,662 INFO  - Received message from cell from WeatherServer (at simulation time 160.300,000,000 s)
2022-10-31 17:29:59,662 INFO  - Processing DEN message (at simulation time 160.300,000,000 s)
2022-10-31 17:29:59,662 INFO  - Route already changed (at simulation time 160.300,000,000 s)
2022-10-31 17:29:59,680 INFO  - Received message from cell from WeatherServer (at simulation time 162.300,000,000 s)
2022-10-31 17:29:59,680 INFO  - Processing DEN message (at simulation time 162.300,000,000 s)
2022-10-31 17:29:59,680 INFO  - Route already changed (at simulation time 162.300,000,000 s)
2022-10-31 17:29:59,696 INFO  - Received message from cell from WeatherServer (at simulation time 164.300,000,000 s)
2022-10-31 17:29:59,696 INFO  - Processing DEN message (at simulation time 164.300,000,000 s)
2022-10-31 17:29:59,696 INFO  - Route already changed (at simulation time 164.300,000,000 s)
2022-10-31 17:29:59,737 INFO  - Received message from cell from WeatherServer (at simulation time 166.300,000,000 s)
2022-10-31 17:29:59,737 INFO  - Processing DEN message (at simulation time 166.300,000,000 s)
2022-10-31 17:29:59,737 INFO  - Route already changed (at simulation time 166.300,000,000 s)
2022-10-31 17:29:59,809 INFO  - Received message from cell from WeatherServer (at simulation time 168.300,000,000 s)
2022-10-31 17:29:59,809 INFO  - Processing DEN message (at simulation time 168.300,000,000 s)
2022-10-31 17:29:59,809 INFO  - Route already changed (at simulation time 168.300,000,000 s)
2022-10-31 17:29:59,832 INFO  - Received message from cell from WeatherServer (at simulation time 170.300,000,000 s)
2022-10-31 17:29:59,832 INFO  - Processing DEN message (at simulation time 170.300,000,000 s)
2022-10-31 17:29:59,832 INFO  - Route already changed (at simulation time 170.300,000,000 s)
2022-10-31 17:29:59,858 INFO  - Received message from cell from WeatherServer (at simulation time 172.300,000,000 s)
2022-10-31 17:29:59,858 INFO  - Processing DEN message (at simulation time 172.300,000,000 s)
2022-10-31 17:29:59,858 INFO  - Route already changed (at simulation time 172.300,000,000 s)
2022-10-31 17:29:59,879 INFO  - Received message from cell from WeatherServer (at simulation time 174.300,000,000 s)
2022-10-31 17:29:59,879 INFO  - Processing DEN message (at simulation time 174.300,000,000 s)
2022-10-31 17:29:59,879 INFO  - Route already changed (at simulation time 174.300,000,000 s)
2022-10-31 17:29:59,902 INFO  - Received message from cell from WeatherServer (at simulation time 176.300,000,000 s)
2022-10-31 17:29:59,902 INFO  - Processing DEN message (at simulation time 176.300,000,000 s)
2022-10-31 17:29:59,902 INFO  - Route already changed (at simulation time 176.300,000,000 s)
2022-10-31 17:29:59,919 INFO  - Received message from cell from WeatherServer (at simulation time 178.300,000,000 s)
2022-10-31 17:29:59,919 INFO  - Processing DEN message (at simulation time 178.300,000,000 s)
2022-10-31 17:29:59,919 INFO  - Route already changed (at simulation time 178.300,000,000 s)
2022-10-31 17:29:59,948 INFO  - Received message from cell from WeatherServer (at simulation time 180.300,000,000 s)
2022-10-31 17:29:59,948 INFO  - Processing DEN message (at simulation time 180.300,000,000 s)
2022-10-31 17:29:59,948 INFO  - Route already changed (at simulation time 180.300,000,000 s)
2022-10-31 17:30:00,011 INFO  - Received message from cell from WeatherServer (at simulation time 182.300,000,000 s)
2022-10-31 17:30:00,011 INFO  - Processing DEN message (at simulation time 182.300,000,000 s)
2022-10-31 17:30:00,011 INFO  - Route already changed (at simulation time 182.300,000,000 s)
2022-10-31 17:30:00,039 INFO  - Received message from cell from WeatherServer (at simulation time 184.300,000,000 s)
2022-10-31 17:30:00,039 INFO  - Processing DEN message (at simulation time 184.300,000,000 s)
2022-10-31 17:30:00,039 INFO  - Route already changed (at simulation time 184.300,000,000 s)
2022-10-31 17:30:00,076 INFO  - Received message from cell from WeatherServer (at simulation time 186.300,000,000 s)
2022-10-31 17:30:00,076 INFO  - Processing DEN message (at simulation time 186.300,000,000 s)
2022-10-31 17:30:00,076 INFO  - Route already changed (at simulation time 186.300,000,000 s)
2022-10-31 17:30:00,094 INFO  - Received message from cell from WeatherServer (at simulation time 188.300,000,000 s)
2022-10-31 17:30:00,094 INFO  - Processing DEN message (at simulation time 188.300,000,000 s)
2022-10-31 17:30:00,094 INFO  - Route already changed (at simulation time 188.300,000,000 s)
2022-10-31 17:30:00,118 INFO  - Received message from cell from WeatherServer (at simulation time 190.300,000,000 s)
2022-10-31 17:30:00,118 INFO  - Processing DEN message (at simulation time 190.300,000,000 s)
2022-10-31 17:30:00,118 INFO  - Route already changed (at simulation time 190.300,000,000 s)
2022-10-31 17:30:00,138 INFO  - Received message from cell from WeatherServer (at simulation time 192.300,000,000 s)
2022-10-31 17:30:00,138 INFO  - Processing DEN message (at simulation time 192.300,000,000 s)
2022-10-31 17:30:00,138 INFO  - Route already changed (at simulation time 192.300,000,000 s)
2022-10-31 17:30:00,198 INFO  - Received message from cell from WeatherServer (at simulation time 194.300,000,000 s)
2022-10-31 17:30:00,198 INFO  - Processing DEN message (at simulation time 194.300,000,000 s)
2022-10-31 17:30:00,198 INFO  - Route already changed (at simulation time 194.300,000,000 s)
2022-10-31 17:30:00,219 INFO  - Received message from cell from WeatherServer (at simulation time 196.300,000,000 s)
2022-10-31 17:30:00,219 INFO  - Processing DEN message (at simulation time 196.300,000,000 s)
2022-10-31 17:30:00,219 INFO  - Route already changed (at simulation time 196.300,000,000 s)
2022-10-31 17:30:00,243 INFO  - Received message from cell from WeatherServer (at simulation time 198.300,000,000 s)
2022-10-31 17:30:00,243 INFO  - Processing DEN message (at simulation time 198.300,000,000 s)
2022-10-31 17:30:00,243 INFO  - Route already changed (at simulation time 198.300,000,000 s)
2022-10-31 17:30:00,263 INFO  - Received message from cell from WeatherServer (at simulation time 200.300,000,000 s)
2022-10-31 17:30:00,263 INFO  - Processing DEN message (at simulation time 200.300,000,000 s)
2022-10-31 17:30:00,263 INFO  - Route already changed (at simulation time 200.300,000,000 s)
2022-10-31 17:30:00,293 INFO  - Received message from cell from WeatherServer (at simulation time 202.300,000,000 s)
2022-10-31 17:30:00,293 INFO  - Processing DEN message (at simulation time 202.300,000,000 s)
2022-10-31 17:30:00,293 INFO  - Route already changed (at simulation time 202.300,000,000 s)
2022-10-31 17:30:00,317 INFO  - Received message from cell from WeatherServer (at simulation time 204.300,000,000 s)
2022-10-31 17:30:00,317 INFO  - Processing DEN message (at simulation time 204.300,000,000 s)
2022-10-31 17:30:00,317 INFO  - Route already changed (at simulation time 204.300,000,000 s)
2022-10-31 17:30:00,336 INFO  - Received message from cell from WeatherServer (at simulation time 206.300,000,000 s)
2022-10-31 17:30:00,336 INFO  - Processing DEN message (at simulation time 206.300,000,000 s)
2022-10-31 17:30:00,336 INFO  - Route already changed (at simulation time 206.300,000,000 s)
2022-10-31 17:30:00,390 INFO  - Received message from cell from WeatherServer (at simulation time 208.300,000,000 s)
2022-10-31 17:30:00,390 INFO  - Processing DEN message (at simulation time 208.300,000,000 s)
2022-10-31 17:30:00,390 INFO  - Route already changed (at simulation time 208.300,000,000 s)
2022-10-31 17:30:00,406 INFO  - Received message from cell from WeatherServer (at simulation time 210.300,000,000 s)
2022-10-31 17:30:00,406 INFO  - Processing DEN message (at simulation time 210.300,000,000 s)
2022-10-31 17:30:00,406 INFO  - Route already changed (at simulation time 210.300,000,000 s)
2022-10-31 17:30:00,425 INFO  - Received message from cell from WeatherServer (at simulation time 212.300,000,000 s)
2022-10-31 17:30:00,425 INFO  - Processing DEN message (at simulation time 212.300,000,000 s)
2022-10-31 17:30:00,425 INFO  - Route already changed (at simulation time 212.300,000,000 s)
2022-10-31 17:30:00,440 INFO  - Received message from cell from WeatherServer (at simulation time 214.300,000,000 s)
2022-10-31 17:30:00,440 INFO  - Processing DEN message (at simulation time 214.300,000,000 s)
2022-10-31 17:30:00,440 INFO  - Route already changed (at simulation time 214.300,000,000 s)
2022-10-31 17:30:00,458 INFO  - Received message from cell from WeatherServer (at simulation time 216.300,000,000 s)
2022-10-31 17:30:00,458 INFO  - Processing DEN message (at simulation time 216.300,000,000 s)
2022-10-31 17:30:00,458 INFO  - Route already changed (at simulation time 216.300,000,000 s)
2022-10-31 17:30:00,478 INFO  - Received message from cell from WeatherServer (at simulation time 218.300,000,000 s)
2022-10-31 17:30:00,478 INFO  - Processing DEN message (at simulation time 218.300,000,000 s)
2022-10-31 17:30:00,478 INFO  - Route already changed (at simulation time 218.300,000,000 s)
2022-10-31 17:30:00,507 INFO  - Received message from cell from WeatherServer (at simulation time 220.300,000,000 s)
2022-10-31 17:30:00,508 INFO  - Processing DEN message (at simulation time 220.300,000,000 s)
2022-10-31 17:30:00,508 INFO  - Route already changed (at simulation time 220.300,000,000 s)
2022-10-31 17:30:00,544 INFO  - Received message from cell from WeatherServer (at simulation time 222.300,000,000 s)
2022-10-31 17:30:00,544 INFO  - Processing DEN message (at simulation time 222.300,000,000 s)
2022-10-31 17:30:00,544 INFO  - Route already changed (at simulation time 222.300,000,000 s)
2022-10-31 17:30:00,604 INFO  - Received message from cell from WeatherServer (at simulation time 224.300,000,000 s)
2022-10-31 17:30:00,604 INFO  - Processing DEN message (at simulation time 224.300,000,000 s)
2022-10-31 17:30:00,604 INFO  - Route already changed (at simulation time 224.300,000,000 s)
2022-10-31 17:30:00,622 INFO  - Received message from cell from WeatherServer (at simulation time 226.300,000,000 s)
2022-10-31 17:30:00,622 INFO  - Processing DEN message (at simulation time 226.300,000,000 s)
2022-10-31 17:30:00,622 INFO  - Route already changed (at simulation time 226.300,000,000 s)
2022-10-31 17:30:00,637 INFO  - Received message from cell from WeatherServer (at simulation time 228.300,000,000 s)
2022-10-31 17:30:00,637 INFO  - Processing DEN message (at simulation time 228.300,000,000 s)
2022-10-31 17:30:00,637 INFO  - Route already changed (at simulation time 228.300,000,000 s)
2022-10-31 17:30:00,659 INFO  - Received message from cell from WeatherServer (at simulation time 230.300,000,000 s)
2022-10-31 17:30:00,659 INFO  - Processing DEN message (at simulation time 230.300,000,000 s)
2022-10-31 17:30:00,659 INFO  - Route already changed (at simulation time 230.300,000,000 s)
2022-10-31 17:30:00,675 INFO  - Received message from cell from WeatherServer (at simulation time 232.300,000,000 s)
2022-10-31 17:30:00,675 INFO  - Processing DEN message (at simulation time 232.300,000,000 s)
2022-10-31 17:30:00,675 INFO  - Route already changed (at simulation time 232.300,000,000 s)
2022-10-31 17:30:00,697 INFO  - Received message from cell from WeatherServer (at simulation time 234.300,000,000 s)
2022-10-31 17:30:00,697 INFO  - Processing DEN message (at simulation time 234.300,000,000 s)
2022-10-31 17:30:00,697 INFO  - Route already changed (at simulation time 234.300,000,000 s)
2022-10-31 17:30:00,715 INFO  - Received message from cell from WeatherServer (at simulation time 236.300,000,000 s)
2022-10-31 17:30:00,715 INFO  - Processing DEN message (at simulation time 236.300,000,000 s)
2022-10-31 17:30:00,715 INFO  - Route already changed (at simulation time 236.300,000,000 s)
2022-10-31 17:30:00,747 INFO  - Received message from cell from WeatherServer (at simulation time 238.300,000,000 s)
2022-10-31 17:30:00,747 INFO  - Processing DEN message (at simulation time 238.300,000,000 s)
2022-10-31 17:30:00,747 INFO  - Route already changed (at simulation time 238.300,000,000 s)
2022-10-31 17:30:00,838 INFO  - Received message from cell from WeatherServer (at simulation time 240.300,000,000 s)
2022-10-31 17:30:00,838 INFO  - Processing DEN message (at simulation time 240.300,000,000 s)
2022-10-31 17:30:00,838 INFO  - Route already changed (at simulation time 240.300,000,000 s)
2022-10-31 17:30:00,872 INFO  - Received message from cell from WeatherServer (at simulation time 242.300,000,000 s)
2022-10-31 17:30:00,872 INFO  - Processing DEN message (at simulation time 242.300,000,000 s)
2022-10-31 17:30:00,872 INFO  - Route already changed (at simulation time 242.300,000,000 s)
2022-10-31 17:30:00,903 INFO  - Received message from cell from WeatherServer (at simulation time 244.300,000,000 s)
2022-10-31 17:30:00,903 INFO  - Processing DEN message (at simulation time 244.300,000,000 s)
2022-10-31 17:30:00,903 INFO  - Route already changed (at simulation time 244.300,000,000 s)
2022-10-31 17:30:00,936 INFO  - Received message from cell from WeatherServer (at simulation time 246.300,000,000 s)
2022-10-31 17:30:00,936 INFO  - Processing DEN message (at simulation time 246.300,000,000 s)
2022-10-31 17:30:00,936 INFO  - Route already changed (at simulation time 246.300,000,000 s)
2022-10-31 17:30:00,990 INFO  - Received message from cell from WeatherServer (at simulation time 248.300,000,000 s)
2022-10-31 17:30:00,990 INFO  - Processing DEN message (at simulation time 248.300,000,000 s)
2022-10-31 17:30:00,990 INFO  - Route already changed (at simulation time 248.300,000,000 s)
2022-10-31 17:30:01,020 INFO  - Received message from cell from WeatherServer (at simulation time 250.300,000,000 s)
2022-10-31 17:30:01,020 INFO  - Processing DEN message (at simulation time 250.300,000,000 s)
2022-10-31 17:30:01,020 INFO  - Route already changed (at simulation time 250.300,000,000 s)
2022-10-31 17:30:01,042 INFO  - Received message from cell from WeatherServer (at simulation time 252.300,000,000 s)
2022-10-31 17:30:01,042 INFO  - Processing DEN message (at simulation time 252.300,000,000 s)
2022-10-31 17:30:01,042 INFO  - Route already changed (at simulation time 252.300,000,000 s)
2022-10-31 17:30:01,074 INFO  - Received message from cell from WeatherServer (at simulation time 254.300,000,000 s)
2022-10-31 17:30:01,074 INFO  - Processing DEN message (at simulation time 254.300,000,000 s)
2022-10-31 17:30:01,074 INFO  - Route already changed (at simulation time 254.300,000,000 s)
2022-10-31 17:30:01,105 INFO  - Received message from cell from WeatherServer (at simulation time 256.300,000,000 s)
2022-10-31 17:30:01,105 INFO  - Processing DEN message (at simulation time 256.300,000,000 s)
2022-10-31 17:30:01,105 INFO  - Route already changed (at simulation time 256.300,000,000 s)
2022-10-31 17:30:01,130 INFO  - Received message from cell from WeatherServer (at simulation time 258.300,000,000 s)
2022-10-31 17:30:01,130 INFO  - Processing DEN message (at simulation time 258.300,000,000 s)
2022-10-31 17:30:01,130 INFO  - Route already changed (at simulation time 258.300,000,000 s)
2022-10-31 17:30:01,156 INFO  - Received message from cell from WeatherServer (at simulation time 260.300,000,000 s)
2022-10-31 17:30:01,156 INFO  - Processing DEN message (at simulation time 260.300,000,000 s)
2022-10-31 17:30:01,156 INFO  - Route already changed (at simulation time 260.300,000,000 s)
2022-10-31 17:30:01,216 INFO  - Received message from cell from WeatherServer (at simulation time 262.300,000,000 s)
2022-10-31 17:30:01,216 INFO  - Processing DEN message (at simulation time 262.300,000,000 s)
2022-10-31 17:30:01,216 INFO  - Route already changed (at simulation time 262.300,000,000 s)
2022-10-31 17:30:01,240 INFO  - Received message from cell from WeatherServer (at simulation time 264.300,000,000 s)
2022-10-31 17:30:01,240 INFO  - Processing DEN message (at simulation time 264.300,000,000 s)
2022-10-31 17:30:01,241 INFO  - Route already changed (at simulation time 264.300,000,000 s)
2022-10-31 17:30:01,271 INFO  - Received message from cell from WeatherServer (at simulation time 266.300,000,000 s)
2022-10-31 17:30:01,271 INFO  - Processing DEN message (at simulation time 266.300,000,000 s)
2022-10-31 17:30:01,271 INFO  - Route already changed (at simulation time 266.300,000,000 s)
2022-10-31 17:30:01,291 INFO  - Received message from cell from WeatherServer (at simulation time 268.300,000,000 s)
2022-10-31 17:30:01,291 INFO  - Processing DEN message (at simulation time 268.300,000,000 s)
2022-10-31 17:30:01,291 INFO  - Route already changed (at simulation time 268.300,000,000 s)
2022-10-31 17:30:01,324 INFO  - Received message from cell from WeatherServer (at simulation time 270.300,000,000 s)
2022-10-31 17:30:01,324 INFO  - Processing DEN message (at simulation time 270.300,000,000 s)
2022-10-31 17:30:01,324 INFO  - Route already changed (at simulation time 270.300,000,000 s)
2022-10-31 17:30:01,354 INFO  - Received message from cell from WeatherServer (at simulation time 272.300,000,000 s)
2022-10-31 17:30:01,354 INFO  - Processing DEN message (at simulation time 272.300,000,000 s)
2022-10-31 17:30:01,354 INFO  - Route already changed (at simulation time 272.300,000,000 s)
2022-10-31 17:30:01,410 INFO  - Received message from cell from WeatherServer (at simulation time 274.300,000,000 s)
2022-10-31 17:30:01,410 INFO  - Processing DEN message (at simulation time 274.300,000,000 s)
2022-10-31 17:30:01,410 INFO  - Route already changed (at simulation time 274.300,000,000 s)
2022-10-31 17:30:01,439 INFO  - Received message from cell from WeatherServer (at simulation time 276.300,000,000 s)
2022-10-31 17:30:01,439 INFO  - Processing DEN message (at simulation time 276.300,000,000 s)
2022-10-31 17:30:01,439 INFO  - Route already changed (at simulation time 276.300,000,000 s)
2022-10-31 17:30:01,470 INFO  - Received message from cell from WeatherServer (at simulation time 278.300,000,000 s)
2022-10-31 17:30:01,470 INFO  - Processing DEN message (at simulation time 278.300,000,000 s)
2022-10-31 17:30:01,470 INFO  - Route already changed (at simulation time 278.300,000,000 s)
2022-10-31 17:30:01,509 INFO  - Received message from cell from WeatherServer (at simulation time 280.300,000,000 s)
2022-10-31 17:30:01,509 INFO  - Processing DEN message (at simulation time 280.300,000,000 s)
2022-10-31 17:30:01,509 INFO  - Route already changed (at simulation time 280.300,000,000 s)
2022-10-31 17:30:01,534 INFO  - Received message from cell from WeatherServer (at simulation time 282.300,000,000 s)
2022-10-31 17:30:01,534 INFO  - Processing DEN message (at simulation time 282.300,000,000 s)
2022-10-31 17:30:01,534 INFO  - Route already changed (at simulation time 282.300,000,000 s)
2022-10-31 17:30:01,564 INFO  - Received message from cell from WeatherServer (at simulation time 284.300,000,000 s)
2022-10-31 17:30:01,564 INFO  - Processing DEN message (at simulation time 284.300,000,000 s)
2022-10-31 17:30:01,564 INFO  - Route already changed (at simulation time 284.300,000,000 s)
2022-10-31 17:30:01,584 INFO  - Received message from cell from WeatherServer (at simulation time 286.300,000,000 s)
2022-10-31 17:30:01,584 INFO  - Processing DEN message (at simulation time 286.300,000,000 s)
2022-10-31 17:30:01,584 INFO  - Route already changed (at simulation time 286.300,000,000 s)
2022-10-31 17:30:01,606 INFO  - Received message from cell from WeatherServer (at simulation time 288.300,000,000 s)
2022-10-31 17:30:01,606 INFO  - Processing DEN message (at simulation time 288.300,000,000 s)
2022-10-31 17:30:01,606 INFO  - Route already changed (at simulation time 288.300,000,000 s)
2022-10-31 17:30:01,625 INFO  - Received message from cell from WeatherServer (at simulation time 290.300,000,000 s)
2022-10-31 17:30:01,625 INFO  - Processing DEN message (at simulation time 290.300,000,000 s)
2022-10-31 17:30:01,625 INFO  - Route already changed (at simulation time 290.300,000,000 s)
2022-10-31 17:30:01,644 INFO  - Received message from cell from WeatherServer (at simulation time 292.300,000,000 s)
2022-10-31 17:30:01,644 INFO  - Processing DEN message (at simulation time 292.300,000,000 s)
2022-10-31 17:30:01,644 INFO  - Route already changed (at simulation time 292.300,000,000 s)
2022-10-31 17:30:01,679 INFO  - Received message from cell from WeatherServer (at simulation time 294.300,000,000 s)
2022-10-31 17:30:01,679 INFO  - Processing DEN message (at simulation time 294.300,000,000 s)
2022-10-31 17:30:01,679 INFO  - Route already changed (at simulation time 294.300,000,000 s)
2022-10-31 17:30:01,699 INFO  - Received message from cell from WeatherServer (at simulation time 296.300,000,000 s)
2022-10-31 17:30:01,699 INFO  - Processing DEN message (at simulation time 296.300,000,000 s)
2022-10-31 17:30:01,699 INFO  - Route already changed (at simulation time 296.300,000,000 s)
2022-10-31 17:30:01,734 INFO  - Received message from cell from WeatherServer (at simulation time 298.300,000,000 s)
2022-10-31 17:30:01,734 INFO  - Processing DEN message (at simulation time 298.300,000,000 s)
2022-10-31 17:30:01,734 INFO  - Route already changed (at simulation time 298.300,000,000 s)
2022-10-31 17:30:01,753 INFO  - Received message from cell from WeatherServer (at simulation time 300.300,000,000 s)
2022-10-31 17:30:01,753 INFO  - Processing DEN message (at simulation time 300.300,000,000 s)
2022-10-31 17:30:01,753 INFO  - Route already changed (at simulation time 300.300,000,000 s)
2022-10-31 17:30:01,774 INFO  - Received message from cell from WeatherServer (at simulation time 302.300,000,000 s)
2022-10-31 17:30:01,774 INFO  - Processing DEN message (at simulation time 302.300,000,000 s)
2022-10-31 17:30:01,774 INFO  - Route already changed (at simulation time 302.300,000,000 s)
2022-10-31 17:30:01,803 INFO  - Received message from cell from WeatherServer (at simulation time 304.300,000,000 s)
2022-10-31 17:30:01,803 INFO  - Processing DEN message (at simulation time 304.300,000,000 s)
2022-10-31 17:30:01,803 INFO  - Route already changed (at simulation time 304.300,000,000 s)
2022-10-31 17:30:01,827 INFO  - Received message from cell from WeatherServer (at simulation time 306.300,000,000 s)
2022-10-31 17:30:01,827 INFO  - Processing DEN message (at simulation time 306.300,000,000 s)
2022-10-31 17:30:01,827 INFO  - Route already changed (at simulation time 306.300,000,000 s)
2022-10-31 17:30:01,842 INFO  - Received message from cell from WeatherServer (at simulation time 308.300,000,000 s)
2022-10-31 17:30:01,842 INFO  - Processing DEN message (at simulation time 308.300,000,000 s)
2022-10-31 17:30:01,842 INFO  - Route already changed (at simulation time 308.300,000,000 s)
2022-10-31 17:30:01,871 INFO  - Received message from cell from WeatherServer (at simulation time 310.300,000,000 s)
2022-10-31 17:30:01,871 INFO  - Processing DEN message (at simulation time 310.300,000,000 s)
2022-10-31 17:30:01,871 INFO  - Route already changed (at simulation time 310.300,000,000 s)
2022-10-31 17:30:01,891 INFO  - Received message from cell from WeatherServer (at simulation time 312.300,000,000 s)
2022-10-31 17:30:01,891 INFO  - Processing DEN message (at simulation time 312.300,000,000 s)
2022-10-31 17:30:01,891 INFO  - Route already changed (at simulation time 312.300,000,000 s)
2022-10-31 17:30:01,916 INFO  - Received message from cell from WeatherServer (at simulation time 314.300,000,000 s)
2022-10-31 17:30:01,916 INFO  - Processing DEN message (at simulation time 314.300,000,000 s)
2022-10-31 17:30:01,916 INFO  - Route already changed (at simulation time 314.300,000,000 s)
2022-10-31 17:30:01,944 INFO  - Received message from cell from WeatherServer (at simulation time 316.300,000,000 s)
2022-10-31 17:30:01,944 INFO  - Processing DEN message (at simulation time 316.300,000,000 s)
2022-10-31 17:30:01,944 INFO  - Route already changed (at simulation time 316.300,000,000 s)
2022-10-31 17:30:01,962 INFO  - Received message from cell from WeatherServer (at simulation time 318.300,000,000 s)
2022-10-31 17:30:01,962 INFO  - Processing DEN message (at simulation time 318.300,000,000 s)
2022-10-31 17:30:01,962 INFO  - Route already changed (at simulation time 318.300,000,000 s)
2022-10-31 17:30:01,988 INFO  - Received message from cell from WeatherServer (at simulation time 320.300,000,000 s)
2022-10-31 17:30:01,988 INFO  - Processing DEN message (at simulation time 320.300,000,000 s)
2022-10-31 17:30:01,988 INFO  - Route already changed (at simulation time 320.300,000,000 s)
2022-10-31 17:30:02,005 INFO  - Received message from cell from WeatherServer (at simulation time 322.300,000,000 s)
2022-10-31 17:30:02,005 INFO  - Processing DEN message (at simulation time 322.300,000,000 s)
2022-10-31 17:30:02,005 INFO  - Route already changed (at simulation time 322.300,000,000 s)
2022-10-31 17:30:02,033 INFO  - Received message from cell from WeatherServer (at simulation time 324.300,000,000 s)
2022-10-31 17:30:02,033 INFO  - Processing DEN message (at simulation time 324.300,000,000 s)
2022-10-31 17:30:02,033 INFO  - Route already changed (at simulation time 324.300,000,000 s)
2022-10-31 17:30:02,053 INFO  - Received message from cell from WeatherServer (at simulation time 326.300,000,000 s)
2022-10-31 17:30:02,053 INFO  - Processing DEN message (at simulation time 326.300,000,000 s)
2022-10-31 17:30:02,053 INFO  - Route already changed (at simulation time 326.300,000,000 s)
2022-10-31 17:30:02,074 INFO  - Received message from cell from WeatherServer (at simulation time 328.300,000,000 s)
2022-10-31 17:30:02,074 INFO  - Processing DEN message (at simulation time 328.300,000,000 s)
2022-10-31 17:30:02,074 INFO  - Route already changed (at simulation time 328.300,000,000 s)
2022-10-31 17:30:02,108 INFO  - Received message from cell from WeatherServer (at simulation time 330.300,000,000 s)
2022-10-31 17:30:02,108 INFO  - Processing DEN message (at simulation time 330.300,000,000 s)
2022-10-31 17:30:02,108 INFO  - Route already changed (at simulation time 330.300,000,000 s)
2022-10-31 17:30:02,135 INFO  - Received message from cell from WeatherServer (at simulation time 332.300,000,000 s)
2022-10-31 17:30:02,135 INFO  - Processing DEN message (at simulation time 332.300,000,000 s)
2022-10-31 17:30:02,135 INFO  - Route already changed (at simulation time 332.300,000,000 s)
2022-10-31 17:30:02,164 INFO  - Received message from cell from WeatherServer (at simulation time 334.300,000,000 s)
2022-10-31 17:30:02,164 INFO  - Processing DEN message (at simulation time 334.300,000,000 s)
2022-10-31 17:30:02,164 INFO  - Route already changed (at simulation time 334.300,000,000 s)
2022-10-31 17:30:02,182 INFO  - Received message from cell from WeatherServer (at simulation time 336.300,000,000 s)
2022-10-31 17:30:02,182 INFO  - Processing DEN message (at simulation time 336.300,000,000 s)
2022-10-31 17:30:02,182 INFO  - Route already changed (at simulation time 336.300,000,000 s)
2022-10-31 17:30:02,198 INFO  - Received message from cell from WeatherServer (at simulation time 338.300,000,000 s)
2022-10-31 17:30:02,199 INFO  - Processing DEN message (at simulation time 338.300,000,000 s)
2022-10-31 17:30:02,199 INFO  - Route already changed (at simulation time 338.300,000,000 s)
2022-10-31 17:30:02,210 INFO  - Received message from cell from WeatherServer (at simulation time 340.300,000,000 s)
2022-10-31 17:30:02,210 INFO  - Processing DEN message (at simulation time 340.300,000,000 s)
2022-10-31 17:30:02,210 INFO  - Route already changed (at simulation time 340.300,000,000 s)
2022-10-31 17:30:02,689 INFO  - Shutdown application (at simulation time 372.000,000,000 s)
