2022-10-31 17:30:00,063 INFO  - Initialize application (at simulation time 186.000,000,000 s)
2022-10-31 17:30:00,065 INFO  - Activated Cell Module (at simulation time 186.000,000,000 s)
2022-10-31 17:30:00,071 INFO  - Received message from cell from WeatherServer (at simulation time 186.300,000,000 s)
2022-10-31 17:30:00,071 INFO  - Processing DEN message (at simulation time 186.300,000,000 s)
2022-10-31 17:30:00,071 INFO  - The Event is on the vehicle's route 311964536_1313885442_2879911873 = 311964536_1313885442_2879911873 (at simulation time 186.300,000,000 s)
2022-10-31 17:30:00,075 INFO  - Sending Change Route Command at position: null (at simulation time 186.300,000,000 s)
2022-10-31 17:30:00,094 INFO  - Received message from cell from WeatherServer (at simulation time 188.300,000,000 s)
2022-10-31 17:30:00,094 INFO  - Processing DEN message (at simulation time 188.300,000,000 s)
2022-10-31 17:30:00,094 INFO  - Route already changed (at simulation time 188.300,000,000 s)
2022-10-31 17:30:00,118 INFO  - Received message from cell from WeatherServer (at simulation time 190.300,000,000 s)
2022-10-31 17:30:00,118 INFO  - Processing DEN message (at simulation time 190.300,000,000 s)
2022-10-31 17:30:00,118 INFO  - Route already changed (at simulation time 190.300,000,000 s)
2022-10-31 17:30:00,138 INFO  - Received message from cell from WeatherServer (at simulation time 192.300,000,000 s)
2022-10-31 17:30:00,138 INFO  - Processing DEN message (at simulation time 192.300,000,000 s)
2022-10-31 17:30:00,138 INFO  - Route already changed (at simulation time 192.300,000,000 s)
2022-10-31 17:30:00,198 INFO  - Received message from cell from WeatherServer (at simulation time 194.300,000,000 s)
2022-10-31 17:30:00,198 INFO  - Processing DEN message (at simulation time 194.300,000,000 s)
2022-10-31 17:30:00,198 INFO  - Route already changed (at simulation time 194.300,000,000 s)
2022-10-31 17:30:00,219 INFO  - Received message from cell from WeatherServer (at simulation time 196.300,000,000 s)
2022-10-31 17:30:00,219 INFO  - Processing DEN message (at simulation time 196.300,000,000 s)
2022-10-31 17:30:00,219 INFO  - Route already changed (at simulation time 196.300,000,000 s)
2022-10-31 17:30:00,243 INFO  - Received message from cell from WeatherServer (at simulation time 198.300,000,000 s)
2022-10-31 17:30:00,243 INFO  - Processing DEN message (at simulation time 198.300,000,000 s)
2022-10-31 17:30:00,243 INFO  - Route already changed (at simulation time 198.300,000,000 s)
2022-10-31 17:30:00,262 INFO  - Received message from cell from WeatherServer (at simulation time 200.300,000,000 s)
2022-10-31 17:30:00,262 INFO  - Processing DEN message (at simulation time 200.300,000,000 s)
2022-10-31 17:30:00,262 INFO  - Route already changed (at simulation time 200.300,000,000 s)
2022-10-31 17:30:00,293 INFO  - Received message from cell from WeatherServer (at simulation time 202.300,000,000 s)
2022-10-31 17:30:00,293 INFO  - Processing DEN message (at simulation time 202.300,000,000 s)
2022-10-31 17:30:00,293 INFO  - Route already changed (at simulation time 202.300,000,000 s)
2022-10-31 17:30:00,317 INFO  - Received message from cell from WeatherServer (at simulation time 204.300,000,000 s)
2022-10-31 17:30:00,317 INFO  - Processing DEN message (at simulation time 204.300,000,000 s)
2022-10-31 17:30:00,317 INFO  - Route already changed (at simulation time 204.300,000,000 s)
2022-10-31 17:30:00,335 INFO  - Received message from cell from WeatherServer (at simulation time 206.300,000,000 s)
2022-10-31 17:30:00,335 INFO  - Processing DEN message (at simulation time 206.300,000,000 s)
2022-10-31 17:30:00,335 INFO  - Route already changed (at simulation time 206.300,000,000 s)
2022-10-31 17:30:00,390 INFO  - Received message from cell from WeatherServer (at simulation time 208.300,000,000 s)
2022-10-31 17:30:00,390 INFO  - Processing DEN message (at simulation time 208.300,000,000 s)
2022-10-31 17:30:00,390 INFO  - Route already changed (at simulation time 208.300,000,000 s)
2022-10-31 17:30:00,406 INFO  - Received message from cell from WeatherServer (at simulation time 210.300,000,000 s)
2022-10-31 17:30:00,406 INFO  - Processing DEN message (at simulation time 210.300,000,000 s)
2022-10-31 17:30:00,406 INFO  - Route already changed (at simulation time 210.300,000,000 s)
2022-10-31 17:30:00,425 INFO  - Received message from cell from WeatherServer (at simulation time 212.300,000,000 s)
2022-10-31 17:30:00,425 INFO  - Processing DEN message (at simulation time 212.300,000,000 s)
2022-10-31 17:30:00,425 INFO  - Route already changed (at simulation time 212.300,000,000 s)
2022-10-31 17:30:00,440 INFO  - Received message from cell from WeatherServer (at simulation time 214.300,000,000 s)
2022-10-31 17:30:00,440 INFO  - Processing DEN message (at simulation time 214.300,000,000 s)
2022-10-31 17:30:00,440 INFO  - Route already changed (at simulation time 214.300,000,000 s)
2022-10-31 17:30:00,457 INFO  - Received message from cell from WeatherServer (at simulation time 216.300,000,000 s)
2022-10-31 17:30:00,458 INFO  - Processing DEN message (at simulation time 216.300,000,000 s)
2022-10-31 17:30:00,458 INFO  - Route already changed (at simulation time 216.300,000,000 s)
2022-10-31 17:30:00,478 INFO  - Received message from cell from WeatherServer (at simulation time 218.300,000,000 s)
2022-10-31 17:30:00,478 INFO  - Processing DEN message (at simulation time 218.300,000,000 s)
2022-10-31 17:30:00,478 INFO  - Route already changed (at simulation time 218.300,000,000 s)
2022-10-31 17:30:00,507 INFO  - Received message from cell from WeatherServer (at simulation time 220.300,000,000 s)
2022-10-31 17:30:00,507 INFO  - Processing DEN message (at simulation time 220.300,000,000 s)
2022-10-31 17:30:00,507 INFO  - Route already changed (at simulation time 220.300,000,000 s)
2022-10-31 17:30:00,544 INFO  - Received message from cell from WeatherServer (at simulation time 222.300,000,000 s)
2022-10-31 17:30:00,544 INFO  - Processing DEN message (at simulation time 222.300,000,000 s)
2022-10-31 17:30:00,544 INFO  - Route already changed (at simulation time 222.300,000,000 s)
2022-10-31 17:30:00,604 INFO  - Received message from cell from WeatherServer (at simulation time 224.300,000,000 s)
2022-10-31 17:30:00,604 INFO  - Processing DEN message (at simulation time 224.300,000,000 s)
2022-10-31 17:30:00,604 INFO  - Route already changed (at simulation time 224.300,000,000 s)
2022-10-31 17:30:00,622 INFO  - Received message from cell from WeatherServer (at simulation time 226.300,000,000 s)
2022-10-31 17:30:00,622 INFO  - Processing DEN message (at simulation time 226.300,000,000 s)
2022-10-31 17:30:00,622 INFO  - Route already changed (at simulation time 226.300,000,000 s)
2022-10-31 17:30:00,638 INFO  - Received message from cell from WeatherServer (at simulation time 228.300,000,000 s)
2022-10-31 17:30:00,638 INFO  - Processing DEN message (at simulation time 228.300,000,000 s)
2022-10-31 17:30:00,638 INFO  - Route already changed (at simulation time 228.300,000,000 s)
2022-10-31 17:30:00,659 INFO  - Received message from cell from WeatherServer (at simulation time 230.300,000,000 s)
2022-10-31 17:30:00,659 INFO  - Processing DEN message (at simulation time 230.300,000,000 s)
2022-10-31 17:30:00,659 INFO  - Route already changed (at simulation time 230.300,000,000 s)
2022-10-31 17:30:00,675 INFO  - Received message from cell from WeatherServer (at simulation time 232.300,000,000 s)
2022-10-31 17:30:00,675 INFO  - Processing DEN message (at simulation time 232.300,000,000 s)
2022-10-31 17:30:00,675 INFO  - Route already changed (at simulation time 232.300,000,000 s)
2022-10-31 17:30:00,697 INFO  - Received message from cell from WeatherServer (at simulation time 234.300,000,000 s)
2022-10-31 17:30:00,697 INFO  - Processing DEN message (at simulation time 234.300,000,000 s)
2022-10-31 17:30:00,697 INFO  - Route already changed (at simulation time 234.300,000,000 s)
2022-10-31 17:30:00,715 INFO  - Received message from cell from WeatherServer (at simulation time 236.300,000,000 s)
2022-10-31 17:30:00,715 INFO  - Processing DEN message (at simulation time 236.300,000,000 s)
2022-10-31 17:30:00,715 INFO  - Route already changed (at simulation time 236.300,000,000 s)
2022-10-31 17:30:00,747 INFO  - Received message from cell from WeatherServer (at simulation time 238.300,000,000 s)
2022-10-31 17:30:00,747 INFO  - Processing DEN message (at simulation time 238.300,000,000 s)
2022-10-31 17:30:00,748 INFO  - Route already changed (at simulation time 238.300,000,000 s)
2022-10-31 17:30:00,837 INFO  - Received message from cell from WeatherServer (at simulation time 240.300,000,000 s)
2022-10-31 17:30:00,837 INFO  - Processing DEN message (at simulation time 240.300,000,000 s)
2022-10-31 17:30:00,837 INFO  - Route already changed (at simulation time 240.300,000,000 s)
2022-10-31 17:30:00,872 INFO  - Received message from cell from WeatherServer (at simulation time 242.300,000,000 s)
2022-10-31 17:30:00,872 INFO  - Processing DEN message (at simulation time 242.300,000,000 s)
2022-10-31 17:30:00,872 INFO  - Route already changed (at simulation time 242.300,000,000 s)
2022-10-31 17:30:00,903 INFO  - Received message from cell from WeatherServer (at simulation time 244.300,000,000 s)
2022-10-31 17:30:00,903 INFO  - Processing DEN message (at simulation time 244.300,000,000 s)
2022-10-31 17:30:00,904 INFO  - Route already changed (at simulation time 244.300,000,000 s)
2022-10-31 17:30:00,936 INFO  - Received message from cell from WeatherServer (at simulation time 246.300,000,000 s)
2022-10-31 17:30:00,936 INFO  - Processing DEN message (at simulation time 246.300,000,000 s)
2022-10-31 17:30:00,936 INFO  - Route already changed (at simulation time 246.300,000,000 s)
2022-10-31 17:30:00,990 INFO  - Received message from cell from WeatherServer (at simulation time 248.300,000,000 s)
2022-10-31 17:30:00,990 INFO  - Processing DEN message (at simulation time 248.300,000,000 s)
2022-10-31 17:30:00,990 INFO  - Route already changed (at simulation time 248.300,000,000 s)
2022-10-31 17:30:01,019 INFO  - Received message from cell from WeatherServer (at simulation time 250.300,000,000 s)
2022-10-31 17:30:01,019 INFO  - Processing DEN message (at simulation time 250.300,000,000 s)
2022-10-31 17:30:01,019 INFO  - Route already changed (at simulation time 250.300,000,000 s)
2022-10-31 17:30:01,042 INFO  - Received message from cell from WeatherServer (at simulation time 252.300,000,000 s)
2022-10-31 17:30:01,042 INFO  - Processing DEN message (at simulation time 252.300,000,000 s)
2022-10-31 17:30:01,042 INFO  - Route already changed (at simulation time 252.300,000,000 s)
2022-10-31 17:30:01,075 INFO  - Received message from cell from WeatherServer (at simulation time 254.300,000,000 s)
2022-10-31 17:30:01,075 INFO  - Processing DEN message (at simulation time 254.300,000,000 s)
2022-10-31 17:30:01,075 INFO  - Route already changed (at simulation time 254.300,000,000 s)
2022-10-31 17:30:01,105 INFO  - Received message from cell from WeatherServer (at simulation time 256.300,000,000 s)
2022-10-31 17:30:01,105 INFO  - Processing DEN message (at simulation time 256.300,000,000 s)
2022-10-31 17:30:01,106 INFO  - Route already changed (at simulation time 256.300,000,000 s)
2022-10-31 17:30:01,135 INFO  - Received message from cell from WeatherServer (at simulation time 258.300,000,000 s)
2022-10-31 17:30:01,135 INFO  - Processing DEN message (at simulation time 258.300,000,000 s)
2022-10-31 17:30:01,135 INFO  - Route already changed (at simulation time 258.300,000,000 s)
2022-10-31 17:30:01,156 INFO  - Received message from cell from WeatherServer (at simulation time 260.300,000,000 s)
2022-10-31 17:30:01,156 INFO  - Processing DEN message (at simulation time 260.300,000,000 s)
2022-10-31 17:30:01,156 INFO  - Route already changed (at simulation time 260.300,000,000 s)
2022-10-31 17:30:01,215 INFO  - Received message from cell from WeatherServer (at simulation time 262.300,000,000 s)
2022-10-31 17:30:01,216 INFO  - Processing DEN message (at simulation time 262.300,000,000 s)
2022-10-31 17:30:01,216 INFO  - Route already changed (at simulation time 262.300,000,000 s)
2022-10-31 17:30:01,240 INFO  - Received message from cell from WeatherServer (at simulation time 264.300,000,000 s)
2022-10-31 17:30:01,240 INFO  - Processing DEN message (at simulation time 264.300,000,000 s)
2022-10-31 17:30:01,240 INFO  - Route already changed (at simulation time 264.300,000,000 s)
2022-10-31 17:30:01,271 INFO  - Received message from cell from WeatherServer (at simulation time 266.300,000,000 s)
2022-10-31 17:30:01,271 INFO  - Processing DEN message (at simulation time 266.300,000,000 s)
2022-10-31 17:30:01,271 INFO  - Route already changed (at simulation time 266.300,000,000 s)
2022-10-31 17:30:01,291 INFO  - Received message from cell from WeatherServer (at simulation time 268.300,000,000 s)
2022-10-31 17:30:01,291 INFO  - Processing DEN message (at simulation time 268.300,000,000 s)
2022-10-31 17:30:01,291 INFO  - Route already changed (at simulation time 268.300,000,000 s)
2022-10-31 17:30:01,324 INFO  - Received message from cell from WeatherServer (at simulation time 270.300,000,000 s)
2022-10-31 17:30:01,324 INFO  - Processing DEN message (at simulation time 270.300,000,000 s)
2022-10-31 17:30:01,324 INFO  - Route already changed (at simulation time 270.300,000,000 s)
2022-10-31 17:30:01,354 INFO  - Received message from cell from WeatherServer (at simulation time 272.300,000,000 s)
2022-10-31 17:30:01,354 INFO  - Processing DEN message (at simulation time 272.300,000,000 s)
2022-10-31 17:30:01,354 INFO  - Route already changed (at simulation time 272.300,000,000 s)
2022-10-31 17:30:01,410 INFO  - Received message from cell from WeatherServer (at simulation time 274.300,000,000 s)
2022-10-31 17:30:01,410 INFO  - Processing DEN message (at simulation time 274.300,000,000 s)
2022-10-31 17:30:01,410 INFO  - Route already changed (at simulation time 274.300,000,000 s)
2022-10-31 17:30:01,439 INFO  - Received message from cell from WeatherServer (at simulation time 276.300,000,000 s)
2022-10-31 17:30:01,439 INFO  - Processing DEN message (at simulation time 276.300,000,000 s)
2022-10-31 17:30:01,439 INFO  - Route already changed (at simulation time 276.300,000,000 s)
2022-10-31 17:30:01,470 INFO  - Received message from cell from WeatherServer (at simulation time 278.300,000,000 s)
2022-10-31 17:30:01,470 INFO  - Processing DEN message (at simulation time 278.300,000,000 s)
2022-10-31 17:30:01,470 INFO  - Route already changed (at simulation time 278.300,000,000 s)
2022-10-31 17:30:01,509 INFO  - Received message from cell from WeatherServer (at simulation time 280.300,000,000 s)
2022-10-31 17:30:01,509 INFO  - Processing DEN message (at simulation time 280.300,000,000 s)
2022-10-31 17:30:01,509 INFO  - Route already changed (at simulation time 280.300,000,000 s)
2022-10-31 17:30:01,534 INFO  - Received message from cell from WeatherServer (at simulation time 282.300,000,000 s)
2022-10-31 17:30:01,534 INFO  - Processing DEN message (at simulation time 282.300,000,000 s)
2022-10-31 17:30:01,534 INFO  - Route already changed (at simulation time 282.300,000,000 s)
2022-10-31 17:30:01,564 INFO  - Received message from cell from WeatherServer (at simulation time 284.300,000,000 s)
2022-10-31 17:30:01,564 INFO  - Processing DEN message (at simulation time 284.300,000,000 s)
2022-10-31 17:30:01,564 INFO  - Route already changed (at simulation time 284.300,000,000 s)
2022-10-31 17:30:01,584 INFO  - Received message from cell from WeatherServer (at simulation time 286.300,000,000 s)
2022-10-31 17:30:01,584 INFO  - Processing DEN message (at simulation time 286.300,000,000 s)
2022-10-31 17:30:01,584 INFO  - Route already changed (at simulation time 286.300,000,000 s)
2022-10-31 17:30:01,606 INFO  - Received message from cell from WeatherServer (at simulation time 288.300,000,000 s)
2022-10-31 17:30:01,606 INFO  - Processing DEN message (at simulation time 288.300,000,000 s)
2022-10-31 17:30:01,606 INFO  - Route already changed (at simulation time 288.300,000,000 s)
2022-10-31 17:30:01,625 INFO  - Received message from cell from WeatherServer (at simulation time 290.300,000,000 s)
2022-10-31 17:30:01,625 INFO  - Processing DEN message (at simulation time 290.300,000,000 s)
2022-10-31 17:30:01,625 INFO  - Route already changed (at simulation time 290.300,000,000 s)
2022-10-31 17:30:01,644 INFO  - Received message from cell from WeatherServer (at simulation time 292.300,000,000 s)
2022-10-31 17:30:01,644 INFO  - Processing DEN message (at simulation time 292.300,000,000 s)
2022-10-31 17:30:01,644 INFO  - Route already changed (at simulation time 292.300,000,000 s)
2022-10-31 17:30:01,679 INFO  - Received message from cell from WeatherServer (at simulation time 294.300,000,000 s)
2022-10-31 17:30:01,679 INFO  - Processing DEN message (at simulation time 294.300,000,000 s)
2022-10-31 17:30:01,679 INFO  - Route already changed (at simulation time 294.300,000,000 s)
2022-10-31 17:30:01,699 INFO  - Received message from cell from WeatherServer (at simulation time 296.300,000,000 s)
2022-10-31 17:30:01,699 INFO  - Processing DEN message (at simulation time 296.300,000,000 s)
2022-10-31 17:30:01,699 INFO  - Route already changed (at simulation time 296.300,000,000 s)
2022-10-31 17:30:01,734 INFO  - Received message from cell from WeatherServer (at simulation time 298.300,000,000 s)
2022-10-31 17:30:01,734 INFO  - Processing DEN message (at simulation time 298.300,000,000 s)
2022-10-31 17:30:01,734 INFO  - Route already changed (at simulation time 298.300,000,000 s)
2022-10-31 17:30:01,753 INFO  - Received message from cell from WeatherServer (at simulation time 300.300,000,000 s)
2022-10-31 17:30:01,753 INFO  - Processing DEN message (at simulation time 300.300,000,000 s)
2022-10-31 17:30:01,753 INFO  - Route already changed (at simulation time 300.300,000,000 s)
2022-10-31 17:30:01,774 INFO  - Received message from cell from WeatherServer (at simulation time 302.300,000,000 s)
2022-10-31 17:30:01,774 INFO  - Processing DEN message (at simulation time 302.300,000,000 s)
2022-10-31 17:30:01,774 INFO  - Route already changed (at simulation time 302.300,000,000 s)
2022-10-31 17:30:01,803 INFO  - Received message from cell from WeatherServer (at simulation time 304.300,000,000 s)
2022-10-31 17:30:01,803 INFO  - Processing DEN message (at simulation time 304.300,000,000 s)
2022-10-31 17:30:01,803 INFO  - Route already changed (at simulation time 304.300,000,000 s)
2022-10-31 17:30:01,827 INFO  - Received message from cell from WeatherServer (at simulation time 306.300,000,000 s)
2022-10-31 17:30:01,827 INFO  - Processing DEN message (at simulation time 306.300,000,000 s)
2022-10-31 17:30:01,827 INFO  - Route already changed (at simulation time 306.300,000,000 s)
2022-10-31 17:30:01,842 INFO  - Received message from cell from WeatherServer (at simulation time 308.300,000,000 s)
2022-10-31 17:30:01,842 INFO  - Processing DEN message (at simulation time 308.300,000,000 s)
2022-10-31 17:30:01,842 INFO  - Route already changed (at simulation time 308.300,000,000 s)
2022-10-31 17:30:01,870 INFO  - Received message from cell from WeatherServer (at simulation time 310.300,000,000 s)
2022-10-31 17:30:01,870 INFO  - Processing DEN message (at simulation time 310.300,000,000 s)
2022-10-31 17:30:01,870 INFO  - Route already changed (at simulation time 310.300,000,000 s)
2022-10-31 17:30:01,891 INFO  - Received message from cell from WeatherServer (at simulation time 312.300,000,000 s)
2022-10-31 17:30:01,891 INFO  - Processing DEN message (at simulation time 312.300,000,000 s)
2022-10-31 17:30:01,891 INFO  - Route already changed (at simulation time 312.300,000,000 s)
2022-10-31 17:30:01,916 INFO  - Received message from cell from WeatherServer (at simulation time 314.300,000,000 s)
2022-10-31 17:30:01,916 INFO  - Processing DEN message (at simulation time 314.300,000,000 s)
2022-10-31 17:30:01,916 INFO  - Route already changed (at simulation time 314.300,000,000 s)
2022-10-31 17:30:01,944 INFO  - Received message from cell from WeatherServer (at simulation time 316.300,000,000 s)
2022-10-31 17:30:01,944 INFO  - Processing DEN message (at simulation time 316.300,000,000 s)
2022-10-31 17:30:01,944 INFO  - Route already changed (at simulation time 316.300,000,000 s)
2022-10-31 17:30:01,962 INFO  - Received message from cell from WeatherServer (at simulation time 318.300,000,000 s)
2022-10-31 17:30:01,962 INFO  - Processing DEN message (at simulation time 318.300,000,000 s)
2022-10-31 17:30:01,962 INFO  - Route already changed (at simulation time 318.300,000,000 s)
2022-10-31 17:30:01,988 INFO  - Received message from cell from WeatherServer (at simulation time 320.300,000,000 s)
2022-10-31 17:30:01,988 INFO  - Processing DEN message (at simulation time 320.300,000,000 s)
2022-10-31 17:30:01,988 INFO  - Route already changed (at simulation time 320.300,000,000 s)
2022-10-31 17:30:02,005 INFO  - Received message from cell from WeatherServer (at simulation time 322.300,000,000 s)
2022-10-31 17:30:02,005 INFO  - Processing DEN message (at simulation time 322.300,000,000 s)
2022-10-31 17:30:02,005 INFO  - Route already changed (at simulation time 322.300,000,000 s)
2022-10-31 17:30:02,033 INFO  - Received message from cell from WeatherServer (at simulation time 324.300,000,000 s)
2022-10-31 17:30:02,033 INFO  - Processing DEN message (at simulation time 324.300,000,000 s)
2022-10-31 17:30:02,033 INFO  - Route already changed (at simulation time 324.300,000,000 s)
2022-10-31 17:30:02,053 INFO  - Received message from cell from WeatherServer (at simulation time 326.300,000,000 s)
2022-10-31 17:30:02,053 INFO  - Processing DEN message (at simulation time 326.300,000,000 s)
2022-10-31 17:30:02,053 INFO  - Route already changed (at simulation time 326.300,000,000 s)
2022-10-31 17:30:02,074 INFO  - Received message from cell from WeatherServer (at simulation time 328.300,000,000 s)
2022-10-31 17:30:02,074 INFO  - Processing DEN message (at simulation time 328.300,000,000 s)
2022-10-31 17:30:02,074 INFO  - Route already changed (at simulation time 328.300,000,000 s)
2022-10-31 17:30:02,114 INFO  - Received message from cell from WeatherServer (at simulation time 330.300,000,000 s)
2022-10-31 17:30:02,114 INFO  - Processing DEN message (at simulation time 330.300,000,000 s)
2022-10-31 17:30:02,114 INFO  - Route already changed (at simulation time 330.300,000,000 s)
2022-10-31 17:30:02,135 INFO  - Received message from cell from WeatherServer (at simulation time 332.300,000,000 s)
2022-10-31 17:30:02,135 INFO  - Processing DEN message (at simulation time 332.300,000,000 s)
2022-10-31 17:30:02,135 INFO  - Route already changed (at simulation time 332.300,000,000 s)
2022-10-31 17:30:02,164 INFO  - Received message from cell from WeatherServer (at simulation time 334.300,000,000 s)
2022-10-31 17:30:02,164 INFO  - Processing DEN message (at simulation time 334.300,000,000 s)
2022-10-31 17:30:02,164 INFO  - Route already changed (at simulation time 334.300,000,000 s)
2022-10-31 17:30:02,182 INFO  - Received message from cell from WeatherServer (at simulation time 336.300,000,000 s)
2022-10-31 17:30:02,182 INFO  - Processing DEN message (at simulation time 336.300,000,000 s)
2022-10-31 17:30:02,182 INFO  - Route already changed (at simulation time 336.300,000,000 s)
2022-10-31 17:30:02,199 INFO  - Received message from cell from WeatherServer (at simulation time 338.300,000,000 s)
2022-10-31 17:30:02,199 INFO  - Processing DEN message (at simulation time 338.300,000,000 s)
2022-10-31 17:30:02,199 INFO  - Route already changed (at simulation time 338.300,000,000 s)
2022-10-31 17:30:02,210 INFO  - Received message from cell from WeatherServer (at simulation time 340.300,000,000 s)
2022-10-31 17:30:02,210 INFO  - Processing DEN message (at simulation time 340.300,000,000 s)
2022-10-31 17:30:02,210 INFO  - Route already changed (at simulation time 340.300,000,000 s)
2022-10-31 17:30:02,237 INFO  - Received message from cell from WeatherServer (at simulation time 342.300,000,000 s)
2022-10-31 17:30:02,237 INFO  - Processing DEN message (at simulation time 342.300,000,000 s)
2022-10-31 17:30:02,237 INFO  - Route already changed (at simulation time 342.300,000,000 s)
2022-10-31 17:30:02,253 INFO  - Received message from cell from WeatherServer (at simulation time 344.300,000,000 s)
2022-10-31 17:30:02,253 INFO  - Processing DEN message (at simulation time 344.300,000,000 s)
2022-10-31 17:30:02,253 INFO  - Route already changed (at simulation time 344.300,000,000 s)
2022-10-31 17:30:02,281 INFO  - Received message from cell from WeatherServer (at simulation time 346.300,000,000 s)
2022-10-31 17:30:02,281 INFO  - Processing DEN message (at simulation time 346.300,000,000 s)
2022-10-31 17:30:02,281 INFO  - Route already changed (at simulation time 346.300,000,000 s)
2022-10-31 17:30:02,302 INFO  - Received message from cell from WeatherServer (at simulation time 348.300,000,000 s)
2022-10-31 17:30:02,302 INFO  - Processing DEN message (at simulation time 348.300,000,000 s)
2022-10-31 17:30:02,302 INFO  - Route already changed (at simulation time 348.300,000,000 s)
2022-10-31 17:30:02,442 INFO  - Received message from cell from WeatherServer (at simulation time 350.300,000,000 s)
2022-10-31 17:30:02,442 INFO  - Processing DEN message (at simulation time 350.300,000,000 s)
2022-10-31 17:30:02,442 INFO  - Route already changed (at simulation time 350.300,000,000 s)
2022-10-31 17:30:02,473 INFO  - Received message from cell from WeatherServer (at simulation time 352.300,000,000 s)
2022-10-31 17:30:02,473 INFO  - Processing DEN message (at simulation time 352.300,000,000 s)
2022-10-31 17:30:02,473 INFO  - Route already changed (at simulation time 352.300,000,000 s)
2022-10-31 17:30:02,496 INFO  - Received message from cell from WeatherServer (at simulation time 354.300,000,000 s)
2022-10-31 17:30:02,496 INFO  - Processing DEN message (at simulation time 354.300,000,000 s)
2022-10-31 17:30:02,496 INFO  - Route already changed (at simulation time 354.300,000,000 s)
2022-10-31 17:30:02,523 INFO  - Received message from cell from WeatherServer (at simulation time 356.300,000,000 s)
2022-10-31 17:30:02,523 INFO  - Processing DEN message (at simulation time 356.300,000,000 s)
2022-10-31 17:30:02,523 INFO  - Route already changed (at simulation time 356.300,000,000 s)
2022-10-31 17:30:02,539 INFO  - Received message from cell from WeatherServer (at simulation time 358.300,000,000 s)
2022-10-31 17:30:02,539 INFO  - Processing DEN message (at simulation time 358.300,000,000 s)
2022-10-31 17:30:02,539 INFO  - Route already changed (at simulation time 358.300,000,000 s)
2022-10-31 17:30:02,567 INFO  - Received message from cell from WeatherServer (at simulation time 360.300,000,000 s)
2022-10-31 17:30:02,567 INFO  - Processing DEN message (at simulation time 360.300,000,000 s)
2022-10-31 17:30:02,567 INFO  - Route already changed (at simulation time 360.300,000,000 s)
2022-10-31 17:30:02,586 INFO  - Received message from cell from WeatherServer (at simulation time 362.300,000,000 s)
2022-10-31 17:30:02,586 INFO  - Processing DEN message (at simulation time 362.300,000,000 s)
2022-10-31 17:30:02,586 INFO  - Route already changed (at simulation time 362.300,000,000 s)
2022-10-31 17:30:02,610 INFO  - Received message from cell from WeatherServer (at simulation time 364.300,000,000 s)
2022-10-31 17:30:02,610 INFO  - Processing DEN message (at simulation time 364.300,000,000 s)
2022-10-31 17:30:02,610 INFO  - Route already changed (at simulation time 364.300,000,000 s)
2022-10-31 17:30:02,628 INFO  - Received message from cell from WeatherServer (at simulation time 366.300,000,000 s)
2022-10-31 17:30:02,628 INFO  - Processing DEN message (at simulation time 366.300,000,000 s)
2022-10-31 17:30:02,628 INFO  - Route already changed (at simulation time 366.300,000,000 s)
2022-10-31 17:30:02,649 INFO  - Received message from cell from WeatherServer (at simulation time 368.300,000,000 s)
2022-10-31 17:30:02,649 INFO  - Processing DEN message (at simulation time 368.300,000,000 s)
2022-10-31 17:30:02,649 INFO  - Route already changed (at simulation time 368.300,000,000 s)
2022-10-31 17:30:02,670 INFO  - Received message from cell from WeatherServer (at simulation time 370.300,000,000 s)
2022-10-31 17:30:02,670 INFO  - Processing DEN message (at simulation time 370.300,000,000 s)
2022-10-31 17:30:02,670 INFO  - Route already changed (at simulation time 370.300,000,000 s)
2022-10-31 17:30:02,691 INFO  - Received message from cell from WeatherServer (at simulation time 372.300,000,000 s)
2022-10-31 17:30:02,691 INFO  - Processing DEN message (at simulation time 372.300,000,000 s)
2022-10-31 17:30:02,691 INFO  - Route already changed (at simulation time 372.300,000,000 s)
2022-10-31 17:30:02,710 INFO  - Received message from cell from WeatherServer (at simulation time 374.300,000,000 s)
2022-10-31 17:30:02,710 INFO  - Processing DEN message (at simulation time 374.300,000,000 s)
2022-10-31 17:30:02,710 INFO  - Route already changed (at simulation time 374.300,000,000 s)
2022-10-31 17:30:02,734 INFO  - Received message from cell from WeatherServer (at simulation time 376.300,000,000 s)
2022-10-31 17:30:02,734 INFO  - Processing DEN message (at simulation time 376.300,000,000 s)
2022-10-31 17:30:02,734 INFO  - Route already changed (at simulation time 376.300,000,000 s)
2022-10-31 17:30:02,786 INFO  - Received message from cell from WeatherServer (at simulation time 378.300,000,000 s)
2022-10-31 17:30:02,787 INFO  - Processing DEN message (at simulation time 378.300,000,000 s)
2022-10-31 17:30:02,787 INFO  - Route already changed (at simulation time 378.300,000,000 s)
2022-10-31 17:30:02,819 INFO  - Received message from cell from WeatherServer (at simulation time 380.300,000,000 s)
2022-10-31 17:30:02,819 INFO  - Processing DEN message (at simulation time 380.300,000,000 s)
2022-10-31 17:30:02,819 INFO  - Route already changed (at simulation time 380.300,000,000 s)
2022-10-31 17:30:02,846 INFO  - Received message from cell from WeatherServer (at simulation time 382.300,000,000 s)
2022-10-31 17:30:02,846 INFO  - Processing DEN message (at simulation time 382.300,000,000 s)
2022-10-31 17:30:02,846 INFO  - Route already changed (at simulation time 382.300,000,000 s)
2022-10-31 17:30:02,874 INFO  - Received message from cell from WeatherServer (at simulation time 384.300,000,000 s)
2022-10-31 17:30:02,874 INFO  - Processing DEN message (at simulation time 384.300,000,000 s)
2022-10-31 17:30:02,874 INFO  - Route already changed (at simulation time 384.300,000,000 s)
2022-10-31 17:30:02,890 INFO  - Received message from cell from WeatherServer (at simulation time 386.300,000,000 s)
2022-10-31 17:30:02,890 INFO  - Processing DEN message (at simulation time 386.300,000,000 s)
2022-10-31 17:30:02,890 INFO  - Route already changed (at simulation time 386.300,000,000 s)
2022-10-31 17:30:02,909 INFO  - Received message from cell from WeatherServer (at simulation time 388.300,000,000 s)
2022-10-31 17:30:02,909 INFO  - Processing DEN message (at simulation time 388.300,000,000 s)
2022-10-31 17:30:02,909 INFO  - Route already changed (at simulation time 388.300,000,000 s)
2022-10-31 17:30:02,934 INFO  - Received message from cell from WeatherServer (at simulation time 390.300,000,000 s)
2022-10-31 17:30:02,934 INFO  - Processing DEN message (at simulation time 390.300,000,000 s)
2022-10-31 17:30:02,934 INFO  - Route already changed (at simulation time 390.300,000,000 s)
2022-10-31 17:30:02,970 INFO  - Received message from cell from WeatherServer (at simulation time 392.300,000,000 s)
2022-10-31 17:30:02,970 INFO  - Processing DEN message (at simulation time 392.300,000,000 s)
2022-10-31 17:30:02,970 INFO  - Route already changed (at simulation time 392.300,000,000 s)
2022-10-31 17:30:02,992 INFO  - Received message from cell from WeatherServer (at simulation time 394.300,000,000 s)
2022-10-31 17:30:02,992 INFO  - Processing DEN message (at simulation time 394.300,000,000 s)
2022-10-31 17:30:02,992 INFO  - Route already changed (at simulation time 394.300,000,000 s)
2022-10-31 17:30:03,021 INFO  - Received message from cell from WeatherServer (at simulation time 396.300,000,000 s)
2022-10-31 17:30:03,021 INFO  - Processing DEN message (at simulation time 396.300,000,000 s)
2022-10-31 17:30:03,021 INFO  - Route already changed (at simulation time 396.300,000,000 s)
2022-10-31 17:30:03,044 INFO  - Received message from cell from WeatherServer (at simulation time 398.300,000,000 s)
2022-10-31 17:30:03,044 INFO  - Processing DEN message (at simulation time 398.300,000,000 s)
2022-10-31 17:30:03,044 INFO  - Route already changed (at simulation time 398.300,000,000 s)
2022-10-31 17:30:03,064 INFO  - Received message from cell from WeatherServer (at simulation time 400.300,000,000 s)
2022-10-31 17:30:03,064 INFO  - Processing DEN message (at simulation time 400.300,000,000 s)
2022-10-31 17:30:03,064 INFO  - Route already changed (at simulation time 400.300,000,000 s)
2022-10-31 17:30:03,089 INFO  - Received message from cell from WeatherServer (at simulation time 402.300,000,000 s)
2022-10-31 17:30:03,089 INFO  - Processing DEN message (at simulation time 402.300,000,000 s)
2022-10-31 17:30:03,089 INFO  - Route already changed (at simulation time 402.300,000,000 s)
2022-10-31 17:30:03,109 INFO  - Received message from cell from WeatherServer (at simulation time 404.300,000,000 s)
2022-10-31 17:30:03,109 INFO  - Processing DEN message (at simulation time 404.300,000,000 s)
2022-10-31 17:30:03,109 INFO  - Route already changed (at simulation time 404.300,000,000 s)
2022-10-31 17:30:03,128 INFO  - Received message from cell from WeatherServer (at simulation time 406.300,000,000 s)
2022-10-31 17:30:03,128 INFO  - Processing DEN message (at simulation time 406.300,000,000 s)
2022-10-31 17:30:03,128 INFO  - Route already changed (at simulation time 406.300,000,000 s)
2022-10-31 17:30:03,188 INFO  - Received message from cell from WeatherServer (at simulation time 408.300,000,000 s)
2022-10-31 17:30:03,188 INFO  - Processing DEN message (at simulation time 408.300,000,000 s)
2022-10-31 17:30:03,188 INFO  - Route already changed (at simulation time 408.300,000,000 s)
2022-10-31 17:30:03,215 INFO  - Received message from cell from WeatherServer (at simulation time 410.300,000,000 s)
2022-10-31 17:30:03,215 INFO  - Processing DEN message (at simulation time 410.300,000,000 s)
2022-10-31 17:30:03,215 INFO  - Route already changed (at simulation time 410.300,000,000 s)
2022-10-31 17:30:03,247 INFO  - Received message from cell from WeatherServer (at simulation time 412.300,000,000 s)
2022-10-31 17:30:03,247 INFO  - Processing DEN message (at simulation time 412.300,000,000 s)
2022-10-31 17:30:03,247 INFO  - Route already changed (at simulation time 412.300,000,000 s)
2022-10-31 17:30:03,271 INFO  - Received message from cell from WeatherServer (at simulation time 414.300,000,000 s)
2022-10-31 17:30:03,271 INFO  - Processing DEN message (at simulation time 414.300,000,000 s)
2022-10-31 17:30:03,271 INFO  - Route already changed (at simulation time 414.300,000,000 s)
2022-10-31 17:30:03,297 INFO  - Received message from cell from WeatherServer (at simulation time 416.300,000,000 s)
2022-10-31 17:30:03,297 INFO  - Processing DEN message (at simulation time 416.300,000,000 s)
2022-10-31 17:30:03,297 INFO  - Route already changed (at simulation time 416.300,000,000 s)
2022-10-31 17:30:03,317 INFO  - Received message from cell from WeatherServer (at simulation time 418.300,000,000 s)
2022-10-31 17:30:03,317 INFO  - Processing DEN message (at simulation time 418.300,000,000 s)
2022-10-31 17:30:03,317 INFO  - Route already changed (at simulation time 418.300,000,000 s)
2022-10-31 17:30:03,338 INFO  - Received message from cell from WeatherServer (at simulation time 420.300,000,000 s)
2022-10-31 17:30:03,338 INFO  - Processing DEN message (at simulation time 420.300,000,000 s)
2022-10-31 17:30:03,338 INFO  - Route already changed (at simulation time 420.300,000,000 s)
2022-10-31 17:30:03,385 INFO  - Received message from cell from WeatherServer (at simulation time 422.300,000,000 s)
2022-10-31 17:30:03,385 INFO  - Processing DEN message (at simulation time 422.300,000,000 s)
2022-10-31 17:30:03,385 INFO  - Route already changed (at simulation time 422.300,000,000 s)
2022-10-31 17:30:03,411 INFO  - Received message from cell from WeatherServer (at simulation time 424.300,000,000 s)
2022-10-31 17:30:03,411 INFO  - Processing DEN message (at simulation time 424.300,000,000 s)
2022-10-31 17:30:03,411 INFO  - Route already changed (at simulation time 424.300,000,000 s)
2022-10-31 17:30:03,430 INFO  - Received message from cell from WeatherServer (at simulation time 426.300,000,000 s)
2022-10-31 17:30:03,430 INFO  - Processing DEN message (at simulation time 426.300,000,000 s)
2022-10-31 17:30:03,430 INFO  - Route already changed (at simulation time 426.300,000,000 s)
2022-10-31 17:30:03,452 INFO  - Received message from cell from WeatherServer (at simulation time 428.300,000,000 s)
2022-10-31 17:30:03,452 INFO  - Processing DEN message (at simulation time 428.300,000,000 s)
2022-10-31 17:30:03,452 INFO  - Route already changed (at simulation time 428.300,000,000 s)
2022-10-31 17:30:03,479 INFO  - Received message from cell from WeatherServer (at simulation time 430.300,000,000 s)
2022-10-31 17:30:03,479 INFO  - Processing DEN message (at simulation time 430.300,000,000 s)
2022-10-31 17:30:03,479 INFO  - Route already changed (at simulation time 430.300,000,000 s)
2022-10-31 17:30:03,503 INFO  - Received message from cell from WeatherServer (at simulation time 432.300,000,000 s)
2022-10-31 17:30:03,503 INFO  - Processing DEN message (at simulation time 432.300,000,000 s)
2022-10-31 17:30:03,503 INFO  - Route already changed (at simulation time 432.300,000,000 s)
2022-10-31 17:30:03,527 INFO  - Received message from cell from WeatherServer (at simulation time 434.300,000,000 s)
2022-10-31 17:30:03,527 INFO  - Processing DEN message (at simulation time 434.300,000,000 s)
2022-10-31 17:30:03,527 INFO  - Route already changed (at simulation time 434.300,000,000 s)
2022-10-31 17:30:03,553 INFO  - Received message from cell from WeatherServer (at simulation time 436.300,000,000 s)
2022-10-31 17:30:03,553 INFO  - Processing DEN message (at simulation time 436.300,000,000 s)
2022-10-31 17:30:03,553 INFO  - Route already changed (at simulation time 436.300,000,000 s)
2022-10-31 17:30:03,615 INFO  - Received message from cell from WeatherServer (at simulation time 438.300,000,000 s)
2022-10-31 17:30:03,615 INFO  - Processing DEN message (at simulation time 438.300,000,000 s)
2022-10-31 17:30:03,615 INFO  - Route already changed (at simulation time 438.300,000,000 s)
2022-10-31 17:30:03,637 INFO  - Received message from cell from WeatherServer (at simulation time 440.300,000,000 s)
2022-10-31 17:30:03,637 INFO  - Processing DEN message (at simulation time 440.300,000,000 s)
2022-10-31 17:30:03,637 INFO  - Route already changed (at simulation time 440.300,000,000 s)
2022-10-31 17:30:03,658 INFO  - Received message from cell from WeatherServer (at simulation time 442.300,000,000 s)
2022-10-31 17:30:03,658 INFO  - Processing DEN message (at simulation time 442.300,000,000 s)
2022-10-31 17:30:03,658 INFO  - Route already changed (at simulation time 442.300,000,000 s)
2022-10-31 17:30:03,676 INFO  - Received message from cell from WeatherServer (at simulation time 444.300,000,000 s)
2022-10-31 17:30:03,677 INFO  - Processing DEN message (at simulation time 444.300,000,000 s)
2022-10-31 17:30:03,677 INFO  - Route already changed (at simulation time 444.300,000,000 s)
2022-10-31 17:30:03,700 INFO  - Received message from cell from WeatherServer (at simulation time 446.300,000,000 s)
2022-10-31 17:30:03,700 INFO  - Processing DEN message (at simulation time 446.300,000,000 s)
2022-10-31 17:30:03,700 INFO  - Route already changed (at simulation time 446.300,000,000 s)
2022-10-31 17:30:03,721 INFO  - Received message from cell from WeatherServer (at simulation time 448.300,000,000 s)
2022-10-31 17:30:03,721 INFO  - Processing DEN message (at simulation time 448.300,000,000 s)
2022-10-31 17:30:03,721 INFO  - Route already changed (at simulation time 448.300,000,000 s)
2022-10-31 17:30:03,737 INFO  - Received message from cell from WeatherServer (at simulation time 450.300,000,000 s)
2022-10-31 17:30:03,737 INFO  - Processing DEN message (at simulation time 450.300,000,000 s)
2022-10-31 17:30:03,737 INFO  - Route already changed (at simulation time 450.300,000,000 s)
2022-10-31 17:30:03,783 INFO  - Received message from cell from WeatherServer (at simulation time 452.300,000,000 s)
2022-10-31 17:30:03,783 INFO  - Processing DEN message (at simulation time 452.300,000,000 s)
2022-10-31 17:30:03,783 INFO  - Route already changed (at simulation time 452.300,000,000 s)
2022-10-31 17:30:03,808 INFO  - Received message from cell from WeatherServer (at simulation time 454.300,000,000 s)
2022-10-31 17:30:03,808 INFO  - Processing DEN message (at simulation time 454.300,000,000 s)
2022-10-31 17:30:03,808 INFO  - Route already changed (at simulation time 454.300,000,000 s)
2022-10-31 17:30:03,827 INFO  - Received message from cell from WeatherServer (at simulation time 456.300,000,000 s)
2022-10-31 17:30:03,827 INFO  - Processing DEN message (at simulation time 456.300,000,000 s)
2022-10-31 17:30:03,827 INFO  - Route already changed (at simulation time 456.300,000,000 s)
2022-10-31 17:30:03,851 INFO  - Received message from cell from WeatherServer (at simulation time 458.300,000,000 s)
2022-10-31 17:30:03,851 INFO  - Processing DEN message (at simulation time 458.300,000,000 s)
2022-10-31 17:30:03,851 INFO  - Route already changed (at simulation time 458.300,000,000 s)
2022-10-31 17:30:03,869 INFO  - Received message from cell from WeatherServer (at simulation time 460.300,000,000 s)
2022-10-31 17:30:03,869 INFO  - Processing DEN message (at simulation time 460.300,000,000 s)
2022-10-31 17:30:03,869 INFO  - Route already changed (at simulation time 460.300,000,000 s)
2022-10-31 17:30:03,892 INFO  - Received message from cell from WeatherServer (at simulation time 462.300,000,000 s)
2022-10-31 17:30:03,892 INFO  - Processing DEN message (at simulation time 462.300,000,000 s)
2022-10-31 17:30:03,892 INFO  - Route already changed (at simulation time 462.300,000,000 s)
2022-10-31 17:30:03,916 INFO  - Received message from cell from WeatherServer (at simulation time 464.300,000,000 s)
2022-10-31 17:30:03,916 INFO  - Processing DEN message (at simulation time 464.300,000,000 s)
2022-10-31 17:30:03,916 INFO  - Route already changed (at simulation time 464.300,000,000 s)
2022-10-31 17:30:03,936 INFO  - Received message from cell from WeatherServer (at simulation time 466.300,000,000 s)
2022-10-31 17:30:03,936 INFO  - Processing DEN message (at simulation time 466.300,000,000 s)
2022-10-31 17:30:03,936 INFO  - Route already changed (at simulation time 466.300,000,000 s)
2022-10-31 17:30:03,953 INFO  - Received message from cell from WeatherServer (at simulation time 468.300,000,000 s)
2022-10-31 17:30:03,953 INFO  - Processing DEN message (at simulation time 468.300,000,000 s)
2022-10-31 17:30:03,953 INFO  - Route already changed (at simulation time 468.300,000,000 s)
2022-10-31 17:30:04,006 INFO  - Received message from cell from WeatherServer (at simulation time 470.300,000,000 s)
2022-10-31 17:30:04,006 INFO  - Processing DEN message (at simulation time 470.300,000,000 s)
2022-10-31 17:30:04,006 INFO  - Route already changed (at simulation time 470.300,000,000 s)
2022-10-31 17:30:04,025 INFO  - Received message from cell from WeatherServer (at simulation time 472.300,000,000 s)
2022-10-31 17:30:04,025 INFO  - Processing DEN message (at simulation time 472.300,000,000 s)
2022-10-31 17:30:04,025 INFO  - Route already changed (at simulation time 472.300,000,000 s)
2022-10-31 17:30:04,047 INFO  - Received message from cell from WeatherServer (at simulation time 474.300,000,000 s)
2022-10-31 17:30:04,047 INFO  - Processing DEN message (at simulation time 474.300,000,000 s)
2022-10-31 17:30:04,047 INFO  - Route already changed (at simulation time 474.300,000,000 s)
2022-10-31 17:30:04,068 INFO  - Received message from cell from WeatherServer (at simulation time 476.300,000,000 s)
2022-10-31 17:30:04,068 INFO  - Processing DEN message (at simulation time 476.300,000,000 s)
2022-10-31 17:30:04,068 INFO  - Route already changed (at simulation time 476.300,000,000 s)
2022-10-31 17:30:04,088 INFO  - Received message from cell from WeatherServer (at simulation time 478.300,000,000 s)
2022-10-31 17:30:04,088 INFO  - Processing DEN message (at simulation time 478.300,000,000 s)
2022-10-31 17:30:04,088 INFO  - Route already changed (at simulation time 478.300,000,000 s)
2022-10-31 17:30:04,111 INFO  - Received message from cell from WeatherServer (at simulation time 480.300,000,000 s)
2022-10-31 17:30:04,111 INFO  - Processing DEN message (at simulation time 480.300,000,000 s)
2022-10-31 17:30:04,111 INFO  - Route already changed (at simulation time 480.300,000,000 s)
2022-10-31 17:30:04,133 INFO  - Received message from cell from WeatherServer (at simulation time 482.300,000,000 s)
2022-10-31 17:30:04,133 INFO  - Processing DEN message (at simulation time 482.300,000,000 s)
2022-10-31 17:30:04,133 INFO  - Route already changed (at simulation time 482.300,000,000 s)
2022-10-31 17:30:04,152 INFO  - Received message from cell from WeatherServer (at simulation time 484.300,000,000 s)
2022-10-31 17:30:04,152 INFO  - Processing DEN message (at simulation time 484.300,000,000 s)
2022-10-31 17:30:04,152 INFO  - Route already changed (at simulation time 484.300,000,000 s)
2022-10-31 17:30:04,205 INFO  - Received message from cell from WeatherServer (at simulation time 486.300,000,000 s)
2022-10-31 17:30:04,205 INFO  - Processing DEN message (at simulation time 486.300,000,000 s)
2022-10-31 17:30:04,205 INFO  - Route already changed (at simulation time 486.300,000,000 s)
2022-10-31 17:30:04,236 INFO  - Received message from cell from WeatherServer (at simulation time 488.300,000,000 s)
2022-10-31 17:30:04,236 INFO  - Processing DEN message (at simulation time 488.300,000,000 s)
2022-10-31 17:30:04,236 INFO  - Route already changed (at simulation time 488.300,000,000 s)
2022-10-31 17:30:04,259 INFO  - Received message from cell from WeatherServer (at simulation time 490.300,000,000 s)
2022-10-31 17:30:04,259 INFO  - Processing DEN message (at simulation time 490.300,000,000 s)
2022-10-31 17:30:04,259 INFO  - Route already changed (at simulation time 490.300,000,000 s)
2022-10-31 17:30:04,279 INFO  - Received message from cell from WeatherServer (at simulation time 492.300,000,000 s)
2022-10-31 17:30:04,279 INFO  - Processing DEN message (at simulation time 492.300,000,000 s)
2022-10-31 17:30:04,279 INFO  - Route already changed (at simulation time 492.300,000,000 s)
2022-10-31 17:30:04,301 INFO  - Received message from cell from WeatherServer (at simulation time 494.300,000,000 s)
2022-10-31 17:30:04,301 INFO  - Processing DEN message (at simulation time 494.300,000,000 s)
2022-10-31 17:30:04,301 INFO  - Route already changed (at simulation time 494.300,000,000 s)
2022-10-31 17:30:04,322 INFO  - Received message from cell from WeatherServer (at simulation time 496.300,000,000 s)
2022-10-31 17:30:04,322 INFO  - Processing DEN message (at simulation time 496.300,000,000 s)
2022-10-31 17:30:04,322 INFO  - Route already changed (at simulation time 496.300,000,000 s)
2022-10-31 17:30:04,345 INFO  - Received message from cell from WeatherServer (at simulation time 498.300,000,000 s)
2022-10-31 17:30:04,345 INFO  - Processing DEN message (at simulation time 498.300,000,000 s)
2022-10-31 17:30:04,345 INFO  - Route already changed (at simulation time 498.300,000,000 s)
2022-10-31 17:30:04,400 INFO  - Received message from cell from WeatherServer (at simulation time 500.300,000,000 s)
2022-10-31 17:30:04,401 INFO  - Processing DEN message (at simulation time 500.300,000,000 s)
2022-10-31 17:30:04,401 INFO  - Route already changed (at simulation time 500.300,000,000 s)
2022-10-31 17:30:04,421 INFO  - Received message from cell from WeatherServer (at simulation time 502.300,000,000 s)
2022-10-31 17:30:04,421 INFO  - Processing DEN message (at simulation time 502.300,000,000 s)
2022-10-31 17:30:04,421 INFO  - Route already changed (at simulation time 502.300,000,000 s)
2022-10-31 17:30:04,441 INFO  - Received message from cell from WeatherServer (at simulation time 504.300,000,000 s)
2022-10-31 17:30:04,441 INFO  - Processing DEN message (at simulation time 504.300,000,000 s)
2022-10-31 17:30:04,441 INFO  - Route already changed (at simulation time 504.300,000,000 s)
2022-10-31 17:30:04,454 INFO  - Received message from cell from WeatherServer (at simulation time 506.300,000,000 s)
2022-10-31 17:30:04,454 INFO  - Processing DEN message (at simulation time 506.300,000,000 s)
2022-10-31 17:30:04,454 INFO  - Route already changed (at simulation time 506.300,000,000 s)
2022-10-31 17:30:04,471 INFO  - Received message from cell from WeatherServer (at simulation time 508.300,000,000 s)
2022-10-31 17:30:04,471 INFO  - Processing DEN message (at simulation time 508.300,000,000 s)
2022-10-31 17:30:04,471 INFO  - Route already changed (at simulation time 508.300,000,000 s)
2022-10-31 17:30:04,492 INFO  - Received message from cell from WeatherServer (at simulation time 510.300,000,000 s)
2022-10-31 17:30:04,492 INFO  - Processing DEN message (at simulation time 510.300,000,000 s)
2022-10-31 17:30:04,492 INFO  - Route already changed (at simulation time 510.300,000,000 s)
2022-10-31 17:30:04,509 INFO  - Received message from cell from WeatherServer (at simulation time 512.300,000,000 s)
2022-10-31 17:30:04,509 INFO  - Processing DEN message (at simulation time 512.300,000,000 s)
2022-10-31 17:30:04,509 INFO  - Route already changed (at simulation time 512.300,000,000 s)
2022-10-31 17:30:04,529 INFO  - Received message from cell from WeatherServer (at simulation time 514.300,000,000 s)
2022-10-31 17:30:04,529 INFO  - Processing DEN message (at simulation time 514.300,000,000 s)
2022-10-31 17:30:04,529 INFO  - Route already changed (at simulation time 514.300,000,000 s)
2022-10-31 17:30:04,545 INFO  - Received message from cell from WeatherServer (at simulation time 516.300,000,000 s)
2022-10-31 17:30:04,545 INFO  - Processing DEN message (at simulation time 516.300,000,000 s)
2022-10-31 17:30:04,545 INFO  - Route already changed (at simulation time 516.300,000,000 s)
2022-10-31 17:30:04,601 INFO  - Received message from cell from WeatherServer (at simulation time 518.300,000,000 s)
2022-10-31 17:30:04,601 INFO  - Processing DEN message (at simulation time 518.300,000,000 s)
2022-10-31 17:30:04,601 INFO  - Route already changed (at simulation time 518.300,000,000 s)
2022-10-31 17:30:04,623 INFO  - Received message from cell from WeatherServer (at simulation time 520.300,000,000 s)
2022-10-31 17:30:04,623 INFO  - Processing DEN message (at simulation time 520.300,000,000 s)
2022-10-31 17:30:04,623 INFO  - Route already changed (at simulation time 520.300,000,000 s)
2022-10-31 17:30:04,647 INFO  - Received message from cell from WeatherServer (at simulation time 522.300,000,000 s)
2022-10-31 17:30:04,647 INFO  - Processing DEN message (at simulation time 522.300,000,000 s)
2022-10-31 17:30:04,647 INFO  - Route already changed (at simulation time 522.300,000,000 s)
2022-10-31 17:30:04,671 INFO  - Received message from cell from WeatherServer (at simulation time 524.300,000,000 s)
2022-10-31 17:30:04,671 INFO  - Processing DEN message (at simulation time 524.300,000,000 s)
2022-10-31 17:30:04,671 INFO  - Route already changed (at simulation time 524.300,000,000 s)
2022-10-31 17:30:04,685 INFO  - Received message from cell from WeatherServer (at simulation time 526.300,000,000 s)
2022-10-31 17:30:04,685 INFO  - Processing DEN message (at simulation time 526.300,000,000 s)
2022-10-31 17:30:04,685 INFO  - Route already changed (at simulation time 526.300,000,000 s)
2022-10-31 17:30:04,699 INFO  - Received message from cell from WeatherServer (at simulation time 528.300,000,000 s)
2022-10-31 17:30:04,699 INFO  - Processing DEN message (at simulation time 528.300,000,000 s)
2022-10-31 17:30:04,699 INFO  - Route already changed (at simulation time 528.300,000,000 s)
2022-10-31 17:30:04,714 INFO  - Received message from cell from WeatherServer (at simulation time 530.300,000,000 s)
2022-10-31 17:30:04,714 INFO  - Processing DEN message (at simulation time 530.300,000,000 s)
2022-10-31 17:30:04,714 INFO  - Route already changed (at simulation time 530.300,000,000 s)
2022-10-31 17:30:04,939 INFO  - Shutdown application (at simulation time 561.000,000,000 s)
