2022-10-31 17:29:58,041 INFO  - Initialize application (at simulation time 93.000,000,000 s)
2022-10-31 17:29:58,048 INFO  - Activated AdHoc Module (at simulation time 93.000,000,000 s)
2022-10-31 17:29:58,146 INFO  - Processing DEN message (at simulation time 96.026,317,463 s)
2022-10-31 17:29:58,147 INFO  - The Event is on the vehicle's route 73017982_4077214663_1313885442 = 73017982_4077214663_1313885442 (at simulation time 96.026,317,463 s)
2022-10-31 17:29:58,159 INFO  - Sending Change Route Command at position: GeoPoint{lat=52.632583,lon=13.565237,alt=0.00} (at simulation time 96.026,317,463 s)
2022-10-31 17:29:58,200 INFO  - Processing DEN message (at simulation time 97.016,744,092 s)
2022-10-31 17:29:58,200 INFO  - Route already changed (at simulation time 97.016,744,092 s)
2022-10-31 17:29:58,217 INFO  - Processing DEN message (at simulation time 98.031,422,049 s)
2022-10-31 17:29:58,218 INFO  - Route already changed (at simulation time 98.031,422,049 s)
2022-10-31 17:29:58,240 INFO  - Processing DEN message (at simulation time 99.012,006,218 s)
2022-10-31 17:29:58,241 INFO  - Route already changed (at simulation time 99.012,006,218 s)
2022-10-31 17:29:58,265 INFO  - Processing DEN message (at simulation time 100.033,206,753 s)
2022-10-31 17:29:58,265 INFO  - Route already changed (at simulation time 100.033,206,753 s)
2022-10-31 17:29:58,285 INFO  - Processing DEN message (at simulation time 101.023,650,878 s)
2022-10-31 17:29:58,285 INFO  - Route already changed (at simulation time 101.023,650,878 s)
2022-10-31 17:29:58,298 INFO  - Processing DEN message (at simulation time 102.015,209,925 s)
2022-10-31 17:29:58,298 INFO  - Route already changed (at simulation time 102.015,209,925 s)
2022-10-31 17:29:58,320 INFO  - Processing DEN message (at simulation time 103.059,857,150 s)
2022-10-31 17:29:58,320 INFO  - Route already changed (at simulation time 103.059,857,150 s)
2022-10-31 17:29:58,346 INFO  - Processing DEN message (at simulation time 104.038,393,361 s)
2022-10-31 17:29:58,346 INFO  - Route already changed (at simulation time 104.038,393,361 s)
2022-10-31 17:29:58,366 INFO  - Processing DEN message (at simulation time 105.017,554,192 s)
2022-10-31 17:29:58,366 INFO  - Route already changed (at simulation time 105.017,554,192 s)
2022-10-31 17:29:58,434 INFO  - Processing DEN message (at simulation time 106.040,535,548 s)
2022-10-31 17:29:58,434 INFO  - Route already changed (at simulation time 106.040,535,548 s)
2022-10-31 17:29:58,459 INFO  - Processing DEN message (at simulation time 107.028,485,739 s)
2022-10-31 17:29:58,459 INFO  - Route already changed (at simulation time 107.028,485,739 s)
2022-10-31 17:29:58,470 INFO  - Processing DEN message (at simulation time 108.014,493,441 s)
2022-10-31 17:29:58,470 INFO  - Route already changed (at simulation time 108.014,493,441 s)
2022-10-31 17:29:58,486 INFO  - Processing DEN message (at simulation time 109.055,543,718 s)
2022-10-31 17:29:58,486 INFO  - Route already changed (at simulation time 109.055,543,718 s)
2022-10-31 17:29:58,502 INFO  - Processing DEN message (at simulation time 110.041,251,520 s)
2022-10-31 17:29:58,502 INFO  - Route already changed (at simulation time 110.041,251,520 s)
2022-10-31 17:29:58,525 INFO  - Processing DEN message (at simulation time 111.035,285,171 s)
2022-10-31 17:29:58,525 INFO  - Route already changed (at simulation time 111.035,285,171 s)
2022-10-31 17:29:58,542 INFO  - Processing DEN message (at simulation time 112.045,308,703 s)
2022-10-31 17:29:58,542 INFO  - Route already changed (at simulation time 112.045,308,703 s)
2022-10-31 17:29:58,556 INFO  - Processing DEN message (at simulation time 113.017,166,050 s)
2022-10-31 17:29:58,556 INFO  - Route already changed (at simulation time 113.017,166,050 s)
2022-10-31 17:29:58,619 INFO  - Processing DEN message (at simulation time 114.016,467,692 s)
2022-10-31 17:29:58,619 INFO  - Route already changed (at simulation time 114.016,467,692 s)
2022-10-31 17:29:58,647 INFO  - Processing DEN message (at simulation time 115.017,757,393 s)
2022-10-31 17:29:58,647 INFO  - Route already changed (at simulation time 115.017,757,393 s)
2022-10-31 17:29:58,661 INFO  - Processing DEN message (at simulation time 116.041,766,083 s)
2022-10-31 17:29:58,662 INFO  - Route already changed (at simulation time 116.041,766,083 s)
2022-10-31 17:29:58,677 INFO  - Processing DEN message (at simulation time 117.026,850,763 s)
2022-10-31 17:29:58,677 INFO  - Route already changed (at simulation time 117.026,850,763 s)
2022-10-31 17:29:58,701 INFO  - Processing DEN message (at simulation time 118.017,198,853 s)
2022-10-31 17:29:58,701 INFO  - Route already changed (at simulation time 118.017,198,853 s)
2022-10-31 17:29:58,717 INFO  - Processing DEN message (at simulation time 119.030,160,132 s)
2022-10-31 17:29:58,717 INFO  - Route already changed (at simulation time 119.030,160,132 s)
2022-10-31 17:29:58,730 INFO  - Processing DEN message (at simulation time 120.040,001,538 s)
2022-10-31 17:29:58,730 INFO  - Route already changed (at simulation time 120.040,001,538 s)
2022-10-31 17:29:58,750 INFO  - Processing DEN message (at simulation time 121.017,468,507 s)
2022-10-31 17:29:58,750 INFO  - Route already changed (at simulation time 121.017,468,507 s)
2022-10-31 17:29:58,813 INFO  - Processing DEN message (at simulation time 122.040,842,575 s)
2022-10-31 17:29:58,813 INFO  - Route already changed (at simulation time 122.040,842,575 s)
2022-10-31 17:29:58,828 INFO  - Processing DEN message (at simulation time 123.027,593,658 s)
2022-10-31 17:29:58,828 INFO  - Route already changed (at simulation time 123.027,593,658 s)
2022-10-31 17:29:58,844 INFO  - Processing DEN message (at simulation time 124.050,843,174 s)
2022-10-31 17:29:58,844 INFO  - Route already changed (at simulation time 124.050,843,174 s)
2022-10-31 17:29:58,873 INFO  - Processing DEN message (at simulation time 125.015,374,683 s)
2022-10-31 17:29:58,873 INFO  - Route already changed (at simulation time 125.015,374,683 s)
2022-10-31 17:29:58,890 INFO  - Processing DEN message (at simulation time 126.044,969,750 s)
2022-10-31 17:29:58,890 INFO  - Route already changed (at simulation time 126.044,969,750 s)
2022-10-31 17:29:58,907 INFO  - Processing DEN message (at simulation time 127.028,224,559 s)
2022-10-31 17:29:58,907 INFO  - Route already changed (at simulation time 127.028,224,559 s)
2022-10-31 17:29:58,923 INFO  - Processing DEN message (at simulation time 128.014,394,610 s)
2022-10-31 17:29:58,924 INFO  - Route already changed (at simulation time 128.014,394,610 s)
2022-10-31 17:29:58,961 INFO  - Processing DEN message (at simulation time 129.047,532,113 s)
2022-10-31 17:29:58,961 INFO  - Route already changed (at simulation time 129.047,532,113 s)
2022-10-31 17:29:59,031 INFO  - Processing DEN message (at simulation time 130.019,080,029 s)
2022-10-31 17:29:59,031 INFO  - Route already changed (at simulation time 130.019,080,029 s)
2022-10-31 17:29:59,047 INFO  - Processing DEN message (at simulation time 131.024,577,133 s)
2022-10-31 17:29:59,047 INFO  - Route already changed (at simulation time 131.024,577,133 s)
2022-10-31 17:29:59,067 INFO  - Processing DEN message (at simulation time 132.018,158,773 s)
2022-10-31 17:29:59,067 INFO  - Route already changed (at simulation time 132.018,158,773 s)
2022-10-31 17:29:59,067 INFO  - Processing DEN message (at simulation time 132.044,075,990 s)
2022-10-31 17:29:59,067 INFO  - Route already changed (at simulation time 132.044,075,990 s)
2022-10-31 17:29:59,078 INFO  - Processing DEN message (at simulation time 133.014,078,931 s)
2022-10-31 17:29:59,078 INFO  - Route already changed (at simulation time 133.014,078,931 s)
2022-10-31 17:29:59,078 INFO  - Processing DEN message (at simulation time 133.033,089,389 s)
2022-10-31 17:29:59,078 INFO  - Route already changed (at simulation time 133.033,089,389 s)
2022-10-31 17:29:59,091 INFO  - Processing DEN message (at simulation time 134.042,369,274 s)
2022-10-31 17:29:59,091 INFO  - Route already changed (at simulation time 134.042,369,274 s)
2022-10-31 17:29:59,091 INFO  - Processing DEN message (at simulation time 134.044,496,185 s)
2022-10-31 17:29:59,091 INFO  - Route already changed (at simulation time 134.044,496,185 s)
2022-10-31 17:29:59,106 INFO  - Processing DEN message (at simulation time 135.015,370,125 s)
2022-10-31 17:29:59,106 INFO  - Route already changed (at simulation time 135.015,370,125 s)
2022-10-31 17:29:59,106 INFO  - Processing DEN message (at simulation time 135.018,738,145 s)
2022-10-31 17:29:59,106 INFO  - Route already changed (at simulation time 135.018,738,145 s)
2022-10-31 17:29:59,122 INFO  - Processing DEN message (at simulation time 136.018,899,514 s)
2022-10-31 17:29:59,122 INFO  - Route already changed (at simulation time 136.018,899,514 s)
2022-10-31 17:29:59,122 INFO  - Processing DEN message (at simulation time 136.026,467,490 s)
2022-10-31 17:29:59,122 INFO  - Route already changed (at simulation time 136.026,467,490 s)
2022-10-31 17:29:59,135 INFO  - Processing DEN message (at simulation time 137.019,128,656 s)
2022-10-31 17:29:59,135 INFO  - Route already changed (at simulation time 137.019,128,656 s)
2022-10-31 17:29:59,135 INFO  - Processing DEN message (at simulation time 137.023,487,876 s)
2022-10-31 17:29:59,135 INFO  - Route already changed (at simulation time 137.023,487,876 s)
2022-10-31 17:29:59,148 INFO  - Processing DEN message (at simulation time 138.026,226,600 s)
2022-10-31 17:29:59,148 INFO  - Route already changed (at simulation time 138.026,226,600 s)
2022-10-31 17:29:59,148 INFO  - Processing DEN message (at simulation time 138.029,321,793 s)
2022-10-31 17:29:59,148 INFO  - Route already changed (at simulation time 138.029,321,793 s)
2022-10-31 17:29:59,188 INFO  - Processing DEN message (at simulation time 139.016,093,666 s)
2022-10-31 17:29:59,188 INFO  - Route already changed (at simulation time 139.016,093,666 s)
2022-10-31 17:29:59,189 INFO  - Processing DEN message (at simulation time 139.025,198,835 s)
2022-10-31 17:29:59,189 INFO  - Route already changed (at simulation time 139.025,198,835 s)
2022-10-31 17:29:59,211 INFO  - Processing DEN message (at simulation time 140.011,951,445 s)
2022-10-31 17:29:59,212 INFO  - Route already changed (at simulation time 140.011,951,445 s)
2022-10-31 17:29:59,212 INFO  - Processing DEN message (at simulation time 140.018,069,719 s)
2022-10-31 17:29:59,212 INFO  - Route already changed (at simulation time 140.018,069,719 s)
2022-10-31 17:29:59,227 INFO  - Processing DEN message (at simulation time 141.017,822,370 s)
2022-10-31 17:29:59,227 INFO  - Route already changed (at simulation time 141.017,822,370 s)
2022-10-31 17:29:59,228 INFO  - Processing DEN message (at simulation time 141.050,701,548 s)
2022-10-31 17:29:59,228 INFO  - Route already changed (at simulation time 141.050,701,548 s)
2022-10-31 17:29:59,242 INFO  - Processing DEN message (at simulation time 142.019,515,897 s)
2022-10-31 17:29:59,242 INFO  - Route already changed (at simulation time 142.019,515,897 s)
2022-10-31 17:29:59,242 INFO  - Processing DEN message (at simulation time 142.026,243,267 s)
2022-10-31 17:29:59,242 INFO  - Route already changed (at simulation time 142.026,243,267 s)
2022-10-31 17:29:59,268 INFO  - Processing DEN message (at simulation time 143.018,341,258 s)
2022-10-31 17:29:59,268 INFO  - Route already changed (at simulation time 143.018,341,258 s)
2022-10-31 17:29:59,269 INFO  - Processing DEN message (at simulation time 143.033,839,520 s)
2022-10-31 17:29:59,269 INFO  - Route already changed (at simulation time 143.033,839,520 s)
2022-10-31 17:29:59,283 INFO  - Processing DEN message (at simulation time 144.015,914,042 s)
2022-10-31 17:29:59,283 INFO  - Route already changed (at simulation time 144.015,914,042 s)
2022-10-31 17:29:59,283 INFO  - Processing DEN message (at simulation time 144.016,778,046 s)
2022-10-31 17:29:59,283 INFO  - Route already changed (at simulation time 144.016,778,046 s)
2022-10-31 17:29:59,296 INFO  - Processing DEN message (at simulation time 145.013,206,030 s)
2022-10-31 17:29:59,296 INFO  - Route already changed (at simulation time 145.013,206,030 s)
2022-10-31 17:29:59,296 INFO  - Processing DEN message (at simulation time 145.032,339,430 s)
2022-10-31 17:29:59,296 INFO  - Route already changed (at simulation time 145.032,339,430 s)
2022-10-31 17:29:59,312 INFO  - Processing DEN message (at simulation time 146.012,250,380 s)
2022-10-31 17:29:59,312 INFO  - Route already changed (at simulation time 146.012,250,380 s)
2022-10-31 17:29:59,312 INFO  - Processing DEN message (at simulation time 146.014,529,078 s)
2022-10-31 17:29:59,312 INFO  - Route already changed (at simulation time 146.014,529,078 s)
2022-10-31 17:29:59,334 INFO  - Processing DEN message (at simulation time 147.019,135,343 s)
2022-10-31 17:29:59,334 INFO  - Route already changed (at simulation time 147.019,135,343 s)
2022-10-31 17:29:59,335 INFO  - Processing DEN message (at simulation time 147.042,859,632 s)
2022-10-31 17:29:59,335 INFO  - Route already changed (at simulation time 147.042,859,632 s)
2022-10-31 17:29:59,350 INFO  - Processing DEN message (at simulation time 148.020,881,727 s)
2022-10-31 17:29:59,350 INFO  - Route already changed (at simulation time 148.020,881,727 s)
2022-10-31 17:29:59,350 INFO  - Processing DEN message (at simulation time 148.043,375,461 s)
2022-10-31 17:29:59,350 INFO  - Route already changed (at simulation time 148.043,375,461 s)
2022-10-31 17:29:59,420 INFO  - Processing DEN message (at simulation time 149.012,463,331 s)
2022-10-31 17:29:59,420 INFO  - Route already changed (at simulation time 149.012,463,331 s)
2022-10-31 17:29:59,421 INFO  - Processing DEN message (at simulation time 149.032,442,283 s)
2022-10-31 17:29:59,421 INFO  - Route already changed (at simulation time 149.032,442,283 s)
2022-10-31 17:29:59,461 INFO  - Processing DEN message (at simulation time 150.018,874,763 s)
2022-10-31 17:29:59,461 INFO  - Route already changed (at simulation time 150.018,874,763 s)
2022-10-31 17:29:59,461 INFO  - Processing DEN message (at simulation time 150.020,158,636 s)
2022-10-31 17:29:59,461 INFO  - Route already changed (at simulation time 150.020,158,636 s)
2022-10-31 17:29:59,490 INFO  - Processing DEN message (at simulation time 151.022,432,790 s)
2022-10-31 17:29:59,490 INFO  - Route already changed (at simulation time 151.022,432,790 s)
2022-10-31 17:29:59,491 INFO  - Processing DEN message (at simulation time 151.034,539,100 s)
2022-10-31 17:29:59,491 INFO  - Route already changed (at simulation time 151.034,539,100 s)
2022-10-31 17:29:59,507 INFO  - Processing DEN message (at simulation time 152.015,850,036 s)
2022-10-31 17:29:59,507 INFO  - Route already changed (at simulation time 152.015,850,036 s)
2022-10-31 17:29:59,507 INFO  - Processing DEN message (at simulation time 152.021,583,316 s)
2022-10-31 17:29:59,507 INFO  - Route already changed (at simulation time 152.021,583,316 s)
2022-10-31 17:29:59,525 INFO  - Processing DEN message (at simulation time 153.022,773,165 s)
2022-10-31 17:29:59,525 INFO  - Route already changed (at simulation time 153.022,773,165 s)
2022-10-31 17:29:59,525 INFO  - Processing DEN message (at simulation time 153.027,066,438 s)
2022-10-31 17:29:59,525 INFO  - Route already changed (at simulation time 153.027,066,438 s)
2022-10-31 17:29:59,548 INFO  - Processing DEN message (at simulation time 154.012,866,088 s)
2022-10-31 17:29:59,548 INFO  - Route already changed (at simulation time 154.012,866,088 s)
2022-10-31 17:29:59,548 INFO  - Processing DEN message (at simulation time 154.060,039,552 s)
2022-10-31 17:29:59,549 INFO  - Route already changed (at simulation time 154.060,039,552 s)
2022-10-31 17:29:59,565 INFO  - Processing DEN message (at simulation time 155.015,601,675 s)
2022-10-31 17:29:59,565 INFO  - Route already changed (at simulation time 155.015,601,675 s)
2022-10-31 17:29:59,566 INFO  - Processing DEN message (at simulation time 155.031,321,113 s)
2022-10-31 17:29:59,566 INFO  - Route already changed (at simulation time 155.031,321,113 s)
2022-10-31 17:29:59,602 INFO  - Processing DEN message (at simulation time 156.054,984,013 s)
2022-10-31 17:29:59,602 INFO  - Route already changed (at simulation time 156.054,984,013 s)
2022-10-31 17:29:59,603 INFO  - Processing DEN message (at simulation time 156.067,283,200 s)
2022-10-31 17:29:59,603 INFO  - Route already changed (at simulation time 156.067,283,200 s)
2022-10-31 17:29:59,618 INFO  - Processing DEN message (at simulation time 157.018,613,566 s)
2022-10-31 17:29:59,618 INFO  - Route already changed (at simulation time 157.018,613,566 s)
2022-10-31 17:29:59,618 INFO  - Processing DEN message (at simulation time 157.019,172,268 s)
2022-10-31 17:29:59,618 INFO  - Route already changed (at simulation time 157.019,172,268 s)
2022-10-31 17:29:59,641 INFO  - Processing DEN message (at simulation time 158.014,141,440 s)
2022-10-31 17:29:59,641 INFO  - Route already changed (at simulation time 158.014,141,440 s)
2022-10-31 17:29:59,641 INFO  - Processing DEN message (at simulation time 158.017,618,159 s)
2022-10-31 17:29:59,641 INFO  - Route already changed (at simulation time 158.017,618,159 s)
2022-10-31 17:29:59,653 INFO  - Processing DEN message (at simulation time 159.022,408,154 s)
2022-10-31 17:29:59,653 INFO  - Route already changed (at simulation time 159.022,408,154 s)
2022-10-31 17:29:59,653 INFO  - Processing DEN message (at simulation time 159.024,490,523 s)
2022-10-31 17:29:59,653 INFO  - Route already changed (at simulation time 159.024,490,523 s)
2022-10-31 17:29:59,661 INFO  - Processing DEN message (at simulation time 160.015,948,188 s)
2022-10-31 17:29:59,661 INFO  - Route already changed (at simulation time 160.015,948,188 s)
2022-10-31 17:29:59,661 INFO  - Processing DEN message (at simulation time 160.017,810,010 s)
2022-10-31 17:29:59,661 INFO  - Route already changed (at simulation time 160.017,810,010 s)
2022-10-31 17:29:59,673 INFO  - Processing DEN message (at simulation time 161.038,994,126 s)
2022-10-31 17:29:59,673 INFO  - Route already changed (at simulation time 161.038,994,126 s)
2022-10-31 17:29:59,673 INFO  - Processing DEN message (at simulation time 161.061,639,982 s)
2022-10-31 17:29:59,673 INFO  - Route already changed (at simulation time 161.061,639,982 s)
2022-10-31 17:29:59,679 INFO  - Processing DEN message (at simulation time 162.020,560,279 s)
2022-10-31 17:29:59,679 INFO  - Route already changed (at simulation time 162.020,560,279 s)
2022-10-31 17:29:59,680 INFO  - Processing DEN message (at simulation time 162.065,345,353 s)
2022-10-31 17:29:59,680 INFO  - Route already changed (at simulation time 162.065,345,353 s)
2022-10-31 17:29:59,688 INFO  - Processing DEN message (at simulation time 163.016,809,734 s)
2022-10-31 17:29:59,688 INFO  - Route already changed (at simulation time 163.016,809,734 s)
2022-10-31 17:29:59,688 INFO  - Processing DEN message (at simulation time 163.020,009,627 s)
2022-10-31 17:29:59,688 INFO  - Route already changed (at simulation time 163.020,009,627 s)
2022-10-31 17:29:59,695 INFO  - Processing DEN message (at simulation time 164.026,995,189 s)
2022-10-31 17:29:59,695 INFO  - Route already changed (at simulation time 164.026,995,189 s)
2022-10-31 17:29:59,695 INFO  - Processing DEN message (at simulation time 164.030,466,209 s)
2022-10-31 17:29:59,695 INFO  - Route already changed (at simulation time 164.030,466,209 s)
2022-10-31 17:29:59,718 INFO  - Processing DEN message (at simulation time 165.022,436,770 s)
2022-10-31 17:29:59,718 INFO  - Route already changed (at simulation time 165.022,436,770 s)
2022-10-31 17:29:59,718 INFO  - Processing DEN message (at simulation time 165.037,631,967 s)
2022-10-31 17:29:59,718 INFO  - Route already changed (at simulation time 165.037,631,967 s)
2022-10-31 17:29:59,727 INFO  - Processing DEN message (at simulation time 166.022,534,199 s)
2022-10-31 17:29:59,727 INFO  - Route already changed (at simulation time 166.022,534,199 s)
2022-10-31 17:29:59,737 INFO  - Processing DEN message (at simulation time 166.047,916,721 s)
2022-10-31 17:29:59,737 INFO  - Route already changed (at simulation time 166.047,916,721 s)
2022-10-31 17:29:59,746 INFO  - Processing DEN message (at simulation time 167.022,706,227 s)
2022-10-31 17:29:59,746 INFO  - Route already changed (at simulation time 167.022,706,227 s)
2022-10-31 17:29:59,746 INFO  - Processing DEN message (at simulation time 167.022,886,024 s)
2022-10-31 17:29:59,746 INFO  - Route already changed (at simulation time 167.022,886,024 s)
2022-10-31 17:29:59,806 INFO  - Processing DEN message (at simulation time 168.025,258,891 s)
2022-10-31 17:29:59,806 INFO  - Route already changed (at simulation time 168.025,258,891 s)
2022-10-31 17:29:59,806 INFO  - Processing DEN message (at simulation time 168.026,557,986 s)
2022-10-31 17:29:59,806 INFO  - Route already changed (at simulation time 168.026,557,986 s)
2022-10-31 17:29:59,820 INFO  - Processing DEN message (at simulation time 169.014,920,260 s)
2022-10-31 17:29:59,820 INFO  - Route already changed (at simulation time 169.014,920,260 s)
2022-10-31 17:29:59,820 INFO  - Processing DEN message (at simulation time 169.025,003,536 s)
2022-10-31 17:29:59,820 INFO  - Route already changed (at simulation time 169.025,003,536 s)
2022-10-31 17:29:59,830 INFO  - Processing DEN message (at simulation time 170.017,382,402 s)
2022-10-31 17:29:59,830 INFO  - Route already changed (at simulation time 170.017,382,402 s)
2022-10-31 17:29:59,830 INFO  - Processing DEN message (at simulation time 170.024,359,345 s)
2022-10-31 17:29:59,831 INFO  - Route already changed (at simulation time 170.024,359,345 s)
2022-10-31 17:29:59,842 INFO  - Processing DEN message (at simulation time 171.023,668,113 s)
2022-10-31 17:29:59,842 INFO  - Route already changed (at simulation time 171.023,668,113 s)
2022-10-31 17:29:59,842 INFO  - Processing DEN message (at simulation time 171.035,465,179 s)
2022-10-31 17:29:59,842 INFO  - Route already changed (at simulation time 171.035,465,179 s)
2022-10-31 17:29:59,857 INFO  - Processing DEN message (at simulation time 172.023,817,862 s)
2022-10-31 17:29:59,857 INFO  - Route already changed (at simulation time 172.023,817,862 s)
2022-10-31 17:29:59,858 INFO  - Processing DEN message (at simulation time 172.073,959,533 s)
2022-10-31 17:29:59,858 INFO  - Route already changed (at simulation time 172.073,959,533 s)
2022-10-31 17:29:59,868 INFO  - Processing DEN message (at simulation time 173.015,566,290 s)
2022-10-31 17:29:59,868 INFO  - Route already changed (at simulation time 173.015,566,290 s)
2022-10-31 17:29:59,868 INFO  - Processing DEN message (at simulation time 173.032,680,054 s)
2022-10-31 17:29:59,868 INFO  - Route already changed (at simulation time 173.032,680,054 s)
2022-10-31 17:29:59,878 INFO  - Processing DEN message (at simulation time 174.025,054,540 s)
2022-10-31 17:29:59,878 INFO  - Route already changed (at simulation time 174.025,054,540 s)
2022-10-31 17:29:59,878 INFO  - Processing DEN message (at simulation time 174.026,800,455 s)
2022-10-31 17:29:59,878 INFO  - Route already changed (at simulation time 174.026,800,455 s)
2022-10-31 17:29:59,891 INFO  - Processing DEN message (at simulation time 175.041,647,930 s)
2022-10-31 17:29:59,892 INFO  - Route already changed (at simulation time 175.041,647,930 s)
2022-10-31 17:29:59,892 INFO  - Processing DEN message (at simulation time 175.061,445,699 s)
2022-10-31 17:29:59,892 INFO  - Route already changed (at simulation time 175.061,445,699 s)
2022-10-31 17:29:59,901 INFO  - Processing DEN message (at simulation time 176.022,708,189 s)
2022-10-31 17:29:59,901 INFO  - Route already changed (at simulation time 176.022,708,189 s)
2022-10-31 17:29:59,901 INFO  - Processing DEN message (at simulation time 176.028,990,925 s)
2022-10-31 17:29:59,901 INFO  - Route already changed (at simulation time 176.028,990,925 s)
2022-10-31 17:29:59,910 INFO  - Processing DEN message (at simulation time 177.039,116,873 s)
2022-10-31 17:29:59,910 INFO  - Route already changed (at simulation time 177.039,116,873 s)
2022-10-31 17:29:59,910 INFO  - Processing DEN message (at simulation time 177.079,996,247 s)
2022-10-31 17:29:59,910 INFO  - Route already changed (at simulation time 177.079,996,247 s)
2022-10-31 17:29:59,918 INFO  - Processing DEN message (at simulation time 178.035,770,946 s)
2022-10-31 17:29:59,918 INFO  - Route already changed (at simulation time 178.035,770,946 s)
2022-10-31 17:29:59,919 INFO  - Processing DEN message (at simulation time 178.049,706,986 s)
2022-10-31 17:29:59,919 INFO  - Route already changed (at simulation time 178.049,706,986 s)
2022-10-31 17:29:59,938 INFO  - Processing DEN message (at simulation time 179.023,391,564 s)
2022-10-31 17:29:59,938 INFO  - Route already changed (at simulation time 179.023,391,564 s)
2022-10-31 17:29:59,938 INFO  - Processing DEN message (at simulation time 179.052,359,852 s)
2022-10-31 17:29:59,938 INFO  - Route already changed (at simulation time 179.052,359,852 s)
2022-10-31 17:29:59,948 INFO  - Processing DEN message (at simulation time 180.032,619,670 s)
2022-10-31 17:29:59,948 INFO  - Route already changed (at simulation time 180.032,619,670 s)
2022-10-31 17:29:59,948 INFO  - Processing DEN message (at simulation time 180.035,357,332 s)
2022-10-31 17:29:59,948 INFO  - Route already changed (at simulation time 180.035,357,332 s)
2022-10-31 17:29:59,996 INFO  - Processing DEN message (at simulation time 181.022,887,021 s)
2022-10-31 17:29:59,996 INFO  - Route already changed (at simulation time 181.022,887,021 s)
2022-10-31 17:29:59,996 INFO  - Processing DEN message (at simulation time 181.034,455,218 s)
2022-10-31 17:29:59,996 INFO  - Route already changed (at simulation time 181.034,455,218 s)
2022-10-31 17:30:00,010 INFO  - Processing DEN message (at simulation time 182.016,234,788 s)
2022-10-31 17:30:00,010 INFO  - Route already changed (at simulation time 182.016,234,788 s)
2022-10-31 17:30:00,010 INFO  - Processing DEN message (at simulation time 182.026,558,840 s)
2022-10-31 17:30:00,010 INFO  - Route already changed (at simulation time 182.026,558,840 s)
2022-10-31 17:30:00,029 INFO  - Processing DEN message (at simulation time 183.019,771,487 s)
2022-10-31 17:30:00,029 INFO  - Route already changed (at simulation time 183.019,771,487 s)
2022-10-31 17:30:00,029 INFO  - Processing DEN message (at simulation time 183.039,946,702 s)
2022-10-31 17:30:00,029 INFO  - Route already changed (at simulation time 183.039,946,702 s)
2022-10-31 17:30:00,038 INFO  - Processing DEN message (at simulation time 184.022,303,422 s)
2022-10-31 17:30:00,038 INFO  - Route already changed (at simulation time 184.022,303,422 s)
2022-10-31 17:30:00,038 INFO  - Processing DEN message (at simulation time 184.036,906,803 s)
2022-10-31 17:30:00,038 INFO  - Route already changed (at simulation time 184.036,906,803 s)
2022-10-31 17:30:00,050 INFO  - Processing DEN message (at simulation time 185.028,322,006 s)
2022-10-31 17:30:00,050 INFO  - Route already changed (at simulation time 185.028,322,006 s)
2022-10-31 17:30:00,050 INFO  - Processing DEN message (at simulation time 185.040,980,531 s)
2022-10-31 17:30:00,050 INFO  - Route already changed (at simulation time 185.040,980,531 s)
2022-10-31 17:30:00,070 INFO  - Processing DEN message (at simulation time 186.018,209,059 s)
2022-10-31 17:30:00,070 INFO  - Route already changed (at simulation time 186.018,209,059 s)
2022-10-31 17:30:00,070 INFO  - Processing DEN message (at simulation time 186.028,648,189 s)
2022-10-31 17:30:00,070 INFO  - Route already changed (at simulation time 186.028,648,189 s)
2022-10-31 17:30:00,085 INFO  - Processing DEN message (at simulation time 187.019,334,243 s)
2022-10-31 17:30:00,085 INFO  - Route already changed (at simulation time 187.019,334,243 s)
2022-10-31 17:30:00,085 INFO  - Processing DEN message (at simulation time 187.021,828,881 s)
2022-10-31 17:30:00,085 INFO  - Route already changed (at simulation time 187.021,828,881 s)
2022-10-31 17:30:00,093 INFO  - Processing DEN message (at simulation time 188.013,507,063 s)
2022-10-31 17:30:00,093 INFO  - Route already changed (at simulation time 188.013,507,063 s)
2022-10-31 17:30:00,093 INFO  - Processing DEN message (at simulation time 188.033,716,331 s)
2022-10-31 17:30:00,093 INFO  - Route already changed (at simulation time 188.033,716,331 s)
2022-10-31 17:30:00,101 INFO  - Processing DEN message (at simulation time 189.025,389,935 s)
2022-10-31 17:30:00,101 INFO  - Route already changed (at simulation time 189.025,389,935 s)
2022-10-31 17:30:00,101 INFO  - Processing DEN message (at simulation time 189.040,388,274 s)
2022-10-31 17:30:00,101 INFO  - Route already changed (at simulation time 189.040,388,274 s)
2022-10-31 17:30:00,116 INFO  - Processing DEN message (at simulation time 190.012,992,466 s)
2022-10-31 17:30:00,116 INFO  - Route already changed (at simulation time 190.012,992,466 s)
2022-10-31 17:30:00,117 INFO  - Processing DEN message (at simulation time 190.015,840,937 s)
2022-10-31 17:30:00,117 INFO  - Route already changed (at simulation time 190.015,840,937 s)
2022-10-31 17:30:00,128 INFO  - Processing DEN message (at simulation time 191.018,117,852 s)
2022-10-31 17:30:00,128 INFO  - Route already changed (at simulation time 191.018,117,852 s)
2022-10-31 17:30:00,128 INFO  - Processing DEN message (at simulation time 191.024,930,085 s)
2022-10-31 17:30:00,129 INFO  - Route already changed (at simulation time 191.024,930,085 s)
2022-10-31 17:30:00,137 INFO  - Processing DEN message (at simulation time 192.025,617,039 s)
2022-10-31 17:30:00,137 INFO  - Route already changed (at simulation time 192.025,617,039 s)
2022-10-31 17:30:00,137 INFO  - Processing DEN message (at simulation time 192.026,561,781 s)
2022-10-31 17:30:00,137 INFO  - Route already changed (at simulation time 192.026,561,781 s)
2022-10-31 17:30:00,146 INFO  - Processing DEN message (at simulation time 193.039,729,559 s)
2022-10-31 17:30:00,146 INFO  - Route already changed (at simulation time 193.039,729,559 s)
2022-10-31 17:30:00,146 INFO  - Processing DEN message (at simulation time 193.066,670,505 s)
2022-10-31 17:30:00,146 INFO  - Route already changed (at simulation time 193.066,670,505 s)
2022-10-31 17:30:00,197 INFO  - Processing DEN message (at simulation time 194.035,002,659 s)
2022-10-31 17:30:00,197 INFO  - Route already changed (at simulation time 194.035,002,659 s)
2022-10-31 17:30:00,197 INFO  - Processing DEN message (at simulation time 194.045,086,120 s)
2022-10-31 17:30:00,197 INFO  - Route already changed (at simulation time 194.045,086,120 s)
2022-10-31 17:30:00,208 INFO  - Processing DEN message (at simulation time 195.016,198,581 s)
2022-10-31 17:30:00,208 INFO  - Route already changed (at simulation time 195.016,198,581 s)
2022-10-31 17:30:00,208 INFO  - Processing DEN message (at simulation time 195.023,948,003 s)
2022-10-31 17:30:00,208 INFO  - Route already changed (at simulation time 195.023,948,003 s)
2022-10-31 17:30:00,218 INFO  - Processing DEN message (at simulation time 196.021,084,328 s)
2022-10-31 17:30:00,218 INFO  - Route already changed (at simulation time 196.021,084,328 s)
2022-10-31 17:30:00,218 INFO  - Processing DEN message (at simulation time 196.023,618,268 s)
2022-10-31 17:30:00,218 INFO  - Route already changed (at simulation time 196.023,618,268 s)
2022-10-31 17:30:00,233 INFO  - Processing DEN message (at simulation time 197.017,110,473 s)
2022-10-31 17:30:00,233 INFO  - Route already changed (at simulation time 197.017,110,473 s)
2022-10-31 17:30:00,234 INFO  - Processing DEN message (at simulation time 197.024,717,664 s)
2022-10-31 17:30:00,234 INFO  - Route already changed (at simulation time 197.024,717,664 s)
2022-10-31 17:30:00,242 INFO  - Processing DEN message (at simulation time 198.012,468,988 s)
2022-10-31 17:30:00,242 INFO  - Route already changed (at simulation time 198.012,468,988 s)
2022-10-31 17:30:00,243 INFO  - Processing DEN message (at simulation time 198.039,860,415 s)
2022-10-31 17:30:00,243 INFO  - Route already changed (at simulation time 198.039,860,415 s)
2022-10-31 17:30:00,252 INFO  - Processing DEN message (at simulation time 199.036,508,896 s)
2022-10-31 17:30:00,252 INFO  - Route already changed (at simulation time 199.036,508,896 s)
2022-10-31 17:30:00,252 INFO  - Processing DEN message (at simulation time 199.047,287,733 s)
2022-10-31 17:30:00,252 INFO  - Route already changed (at simulation time 199.047,287,733 s)
2022-10-31 17:30:00,261 INFO  - Processing DEN message (at simulation time 200.013,976,241 s)
2022-10-31 17:30:00,261 INFO  - Route already changed (at simulation time 200.013,976,241 s)
2022-10-31 17:30:00,262 INFO  - Processing DEN message (at simulation time 200.049,456,995 s)
2022-10-31 17:30:00,262 INFO  - Route already changed (at simulation time 200.049,456,995 s)
2022-10-31 17:30:00,283 INFO  - Processing DEN message (at simulation time 201.023,882,743 s)
2022-10-31 17:30:00,283 INFO  - Route already changed (at simulation time 201.023,882,743 s)
2022-10-31 17:30:00,283 INFO  - Processing DEN message (at simulation time 201.038,976,032 s)
2022-10-31 17:30:00,283 INFO  - Route already changed (at simulation time 201.038,976,032 s)
2022-10-31 17:30:00,292 INFO  - Processing DEN message (at simulation time 202.020,377,425 s)
2022-10-31 17:30:00,292 INFO  - Route already changed (at simulation time 202.020,377,425 s)
2022-10-31 17:30:00,292 INFO  - Processing DEN message (at simulation time 202.047,590,913 s)
2022-10-31 17:30:00,292 INFO  - Route already changed (at simulation time 202.047,590,913 s)
2022-10-31 17:30:00,304 INFO  - Processing DEN message (at simulation time 203.026,400,932 s)
2022-10-31 17:30:00,304 INFO  - Route already changed (at simulation time 203.026,400,932 s)
2022-10-31 17:30:00,304 INFO  - Processing DEN message (at simulation time 203.035,162,781 s)
2022-10-31 17:30:00,304 INFO  - Route already changed (at simulation time 203.035,162,781 s)
2022-10-31 17:30:00,316 INFO  - Processing DEN message (at simulation time 204.029,159,946 s)
2022-10-31 17:30:00,316 INFO  - Route already changed (at simulation time 204.029,159,946 s)
2022-10-31 17:30:00,316 INFO  - Processing DEN message (at simulation time 204.029,591,098 s)
2022-10-31 17:30:00,316 INFO  - Route already changed (at simulation time 204.029,591,098 s)
2022-10-31 17:30:00,327 INFO  - Processing DEN message (at simulation time 205.018,742,207 s)
2022-10-31 17:30:00,327 INFO  - Route already changed (at simulation time 205.018,742,207 s)
2022-10-31 17:30:00,328 INFO  - Processing DEN message (at simulation time 205.025,817,313 s)
2022-10-31 17:30:00,328 INFO  - Route already changed (at simulation time 205.025,817,313 s)
2022-10-31 17:30:00,335 INFO  - Processing DEN message (at simulation time 206.021,753,463 s)
2022-10-31 17:30:00,335 INFO  - Route already changed (at simulation time 206.021,753,463 s)
2022-10-31 17:30:00,335 INFO  - Processing DEN message (at simulation time 206.026,928,266 s)
2022-10-31 17:30:00,335 INFO  - Route already changed (at simulation time 206.026,928,266 s)
2022-10-31 17:30:00,345 INFO  - Processing DEN message (at simulation time 207.013,995,098 s)
2022-10-31 17:30:00,345 INFO  - Route already changed (at simulation time 207.013,995,098 s)
2022-10-31 17:30:00,345 INFO  - Processing DEN message (at simulation time 207.028,731,222 s)
2022-10-31 17:30:00,345 INFO  - Route already changed (at simulation time 207.028,731,222 s)
2022-10-31 17:30:00,381 INFO  - Processing DEN message (at simulation time 208.013,176,713 s)
2022-10-31 17:30:00,381 INFO  - Route already changed (at simulation time 208.013,176,713 s)
2022-10-31 17:30:00,381 INFO  - Processing DEN message (at simulation time 208.048,000,708 s)
2022-10-31 17:30:00,381 INFO  - Route already changed (at simulation time 208.048,000,708 s)
2022-10-31 17:30:00,397 INFO  - Processing DEN message (at simulation time 209.020,911,367 s)
2022-10-31 17:30:00,397 INFO  - Route already changed (at simulation time 209.020,911,367 s)
2022-10-31 17:30:00,397 INFO  - Processing DEN message (at simulation time 209.034,494,591 s)
2022-10-31 17:30:00,397 INFO  - Route already changed (at simulation time 209.034,494,591 s)
2022-10-31 17:30:00,405 INFO  - Processing DEN message (at simulation time 210.028,601,209 s)
2022-10-31 17:30:00,405 INFO  - Route already changed (at simulation time 210.028,601,209 s)
2022-10-31 17:30:00,405 INFO  - Processing DEN message (at simulation time 210.033,781,520 s)
2022-10-31 17:30:00,405 INFO  - Route already changed (at simulation time 210.033,781,520 s)
2022-10-31 17:30:00,414 INFO  - Processing DEN message (at simulation time 211.013,915,363 s)
2022-10-31 17:30:00,414 INFO  - Route already changed (at simulation time 211.013,915,363 s)
2022-10-31 17:30:00,415 INFO  - Processing DEN message (at simulation time 211.036,094,243 s)
2022-10-31 17:30:00,415 INFO  - Route already changed (at simulation time 211.036,094,243 s)
2022-10-31 17:30:00,425 INFO  - Processing DEN message (at simulation time 212.016,719,867 s)
2022-10-31 17:30:00,425 INFO  - Route already changed (at simulation time 212.016,719,867 s)
2022-10-31 17:30:00,425 INFO  - Processing DEN message (at simulation time 212.025,233,853 s)
2022-10-31 17:30:00,425 INFO  - Route already changed (at simulation time 212.025,233,853 s)
2022-10-31 17:30:00,431 INFO  - Processing DEN message (at simulation time 213.023,303,582 s)
2022-10-31 17:30:00,431 INFO  - Route already changed (at simulation time 213.023,303,582 s)
2022-10-31 17:30:00,431 INFO  - Processing DEN message (at simulation time 213.030,793,110 s)
2022-10-31 17:30:00,431 INFO  - Route already changed (at simulation time 213.030,793,110 s)
2022-10-31 17:30:00,439 INFO  - Processing DEN message (at simulation time 214.031,183,050 s)
2022-10-31 17:30:00,439 INFO  - Route already changed (at simulation time 214.031,183,050 s)
2022-10-31 17:30:00,439 INFO  - Processing DEN message (at simulation time 214.037,041,776 s)
2022-10-31 17:30:00,439 INFO  - Route already changed (at simulation time 214.037,041,776 s)
2022-10-31 17:30:00,448 INFO  - Processing DEN message (at simulation time 215.026,162,621 s)
2022-10-31 17:30:00,448 INFO  - Route already changed (at simulation time 215.026,162,621 s)
2022-10-31 17:30:00,448 INFO  - Processing DEN message (at simulation time 215.053,187,710 s)
2022-10-31 17:30:00,448 INFO  - Route already changed (at simulation time 215.053,187,710 s)
2022-10-31 17:30:00,456 INFO  - Processing DEN message (at simulation time 216.016,216,346 s)
2022-10-31 17:30:00,456 INFO  - Route already changed (at simulation time 216.016,216,346 s)
2022-10-31 17:30:00,457 INFO  - Processing DEN message (at simulation time 216.049,323,621 s)
2022-10-31 17:30:00,457 INFO  - Route already changed (at simulation time 216.049,323,621 s)
2022-10-31 17:30:00,466 INFO  - Processing DEN message (at simulation time 217.021,482,063 s)
2022-10-31 17:30:00,466 INFO  - Route already changed (at simulation time 217.021,482,063 s)
2022-10-31 17:30:00,466 INFO  - Processing DEN message (at simulation time 217.024,579,190 s)
2022-10-31 17:30:00,466 INFO  - Route already changed (at simulation time 217.024,579,190 s)
2022-10-31 17:30:00,477 INFO  - Processing DEN message (at simulation time 218.014,083,007 s)
2022-10-31 17:30:00,477 INFO  - Route already changed (at simulation time 218.014,083,007 s)
2022-10-31 17:30:00,477 INFO  - Processing DEN message (at simulation time 218.014,597,392 s)
2022-10-31 17:30:00,477 INFO  - Route already changed (at simulation time 218.014,597,392 s)
2022-10-31 17:30:00,492 INFO  - Processing DEN message (at simulation time 219.038,195,612 s)
2022-10-31 17:30:00,492 INFO  - Route already changed (at simulation time 219.038,195,612 s)
2022-10-31 17:30:00,492 INFO  - Processing DEN message (at simulation time 219.044,113,517 s)
2022-10-31 17:30:00,492 INFO  - Route already changed (at simulation time 219.044,113,517 s)
2022-10-31 17:30:00,507 INFO  - Processing DEN message (at simulation time 220.024,704,725 s)
2022-10-31 17:30:00,507 INFO  - Route already changed (at simulation time 220.024,704,725 s)
2022-10-31 17:30:00,507 INFO  - Processing DEN message (at simulation time 220.038,482,259 s)
2022-10-31 17:30:00,507 INFO  - Route already changed (at simulation time 220.038,482,259 s)
2022-10-31 17:30:00,519 INFO  - Processing DEN message (at simulation time 221.029,912,792 s)
2022-10-31 17:30:00,519 INFO  - Route already changed (at simulation time 221.029,912,792 s)
2022-10-31 17:30:00,519 INFO  - Processing DEN message (at simulation time 221.048,139,287 s)
2022-10-31 17:30:00,519 INFO  - Route already changed (at simulation time 221.048,139,287 s)
2022-10-31 17:30:00,543 INFO  - Processing DEN message (at simulation time 222.025,524,274 s)
2022-10-31 17:30:00,543 INFO  - Route already changed (at simulation time 222.025,524,274 s)
2022-10-31 17:30:00,543 INFO  - Processing DEN message (at simulation time 222.029,025,866 s)
2022-10-31 17:30:00,543 INFO  - Route already changed (at simulation time 222.029,025,866 s)
2022-10-31 17:30:00,593 INFO  - Processing DEN message (at simulation time 223.016,845,145 s)
2022-10-31 17:30:00,593 INFO  - Route already changed (at simulation time 223.016,845,145 s)
2022-10-31 17:30:00,594 INFO  - Processing DEN message (at simulation time 223.034,106,849 s)
2022-10-31 17:30:00,594 INFO  - Route already changed (at simulation time 223.034,106,849 s)
2022-10-31 17:30:00,603 INFO  - Processing DEN message (at simulation time 224.029,357,511 s)
2022-10-31 17:30:00,603 INFO  - Route already changed (at simulation time 224.029,357,511 s)
2022-10-31 17:30:00,603 INFO  - Processing DEN message (at simulation time 224.043,473,965 s)
2022-10-31 17:30:00,603 INFO  - Route already changed (at simulation time 224.043,473,965 s)
2022-10-31 17:30:00,612 INFO  - Processing DEN message (at simulation time 225.024,464,183 s)
2022-10-31 17:30:00,612 INFO  - Route already changed (at simulation time 225.024,464,183 s)
2022-10-31 17:30:00,612 INFO  - Processing DEN message (at simulation time 225.047,716,869 s)
2022-10-31 17:30:00,612 INFO  - Route already changed (at simulation time 225.047,716,869 s)
2022-10-31 17:30:00,621 INFO  - Processing DEN message (at simulation time 226.022,069,450 s)
2022-10-31 17:30:00,621 INFO  - Route already changed (at simulation time 226.022,069,450 s)
2022-10-31 17:30:00,621 INFO  - Processing DEN message (at simulation time 226.024,890,509 s)
2022-10-31 17:30:00,621 INFO  - Route already changed (at simulation time 226.024,890,509 s)
2022-10-31 17:30:00,631 INFO  - Processing DEN message (at simulation time 227.016,797,424 s)
2022-10-31 17:30:00,631 INFO  - Route already changed (at simulation time 227.016,797,424 s)
2022-10-31 17:30:00,631 INFO  - Processing DEN message (at simulation time 227.021,772,177 s)
2022-10-31 17:30:00,631 INFO  - Route already changed (at simulation time 227.021,772,177 s)
2022-10-31 17:30:00,637 INFO  - Processing DEN message (at simulation time 228.035,241,734 s)
2022-10-31 17:30:00,637 INFO  - Route already changed (at simulation time 228.035,241,734 s)
2022-10-31 17:30:00,637 INFO  - Processing DEN message (at simulation time 228.071,413,310 s)
2022-10-31 17:30:00,637 INFO  - Route already changed (at simulation time 228.071,413,310 s)
2022-10-31 17:30:00,645 INFO  - Processing DEN message (at simulation time 229.013,694,216 s)
2022-10-31 17:30:00,645 INFO  - Route already changed (at simulation time 229.013,694,216 s)
2022-10-31 17:30:00,645 INFO  - Processing DEN message (at simulation time 229.014,303,535 s)
2022-10-31 17:30:00,645 INFO  - Route already changed (at simulation time 229.014,303,535 s)
2022-10-31 17:30:00,658 INFO  - Processing DEN message (at simulation time 230.032,002,195 s)
2022-10-31 17:30:00,658 INFO  - Route already changed (at simulation time 230.032,002,195 s)
2022-10-31 17:30:00,658 INFO  - Processing DEN message (at simulation time 230.052,828,016 s)
2022-10-31 17:30:00,658 INFO  - Route already changed (at simulation time 230.052,828,016 s)
2022-10-31 17:30:00,664 INFO  - Processing DEN message (at simulation time 231.023,521,761 s)
2022-10-31 17:30:00,664 INFO  - Route already changed (at simulation time 231.023,521,761 s)
2022-10-31 17:30:00,664 INFO  - Processing DEN message (at simulation time 231.024,884,525 s)
2022-10-31 17:30:00,664 INFO  - Route already changed (at simulation time 231.024,884,525 s)
2022-10-31 17:30:00,673 INFO  - Processing DEN message (at simulation time 232.010,244,907 s)
2022-10-31 17:30:00,673 INFO  - Route already changed (at simulation time 232.010,244,907 s)
2022-10-31 17:30:00,674 INFO  - Processing DEN message (at simulation time 232.051,602,116 s)
2022-10-31 17:30:00,674 INFO  - Route already changed (at simulation time 232.051,602,116 s)
2022-10-31 17:30:00,689 INFO  - Processing DEN message (at simulation time 233.014,561,688 s)
2022-10-31 17:30:00,689 INFO  - Route already changed (at simulation time 233.014,561,688 s)
2022-10-31 17:30:00,689 INFO  - Processing DEN message (at simulation time 233.041,858,740 s)
2022-10-31 17:30:00,689 INFO  - Route already changed (at simulation time 233.041,858,740 s)
2022-10-31 17:30:00,696 INFO  - Processing DEN message (at simulation time 234.021,338,780 s)
2022-10-31 17:30:00,696 INFO  - Route already changed (at simulation time 234.021,338,780 s)
2022-10-31 17:30:00,696 INFO  - Processing DEN message (at simulation time 234.022,398,126 s)
2022-10-31 17:30:00,696 INFO  - Route already changed (at simulation time 234.022,398,126 s)
2022-10-31 17:30:00,706 INFO  - Processing DEN message (at simulation time 235.040,841,664 s)
2022-10-31 17:30:00,706 INFO  - Route already changed (at simulation time 235.040,841,664 s)
2022-10-31 17:30:00,706 INFO  - Processing DEN message (at simulation time 235.044,308,094 s)
2022-10-31 17:30:00,706 INFO  - Route already changed (at simulation time 235.044,308,094 s)
2022-10-31 17:30:00,715 INFO  - Processing DEN message (at simulation time 236.028,314,601 s)
2022-10-31 17:30:00,715 INFO  - Route already changed (at simulation time 236.028,314,601 s)
2022-10-31 17:30:00,715 INFO  - Processing DEN message (at simulation time 236.032,740,656 s)
2022-10-31 17:30:00,715 INFO  - Route already changed (at simulation time 236.032,740,656 s)
2022-10-31 17:30:00,735 INFO  - Processing DEN message (at simulation time 237.012,998,021 s)
2022-10-31 17:30:00,735 INFO  - Route already changed (at simulation time 237.012,998,021 s)
2022-10-31 17:30:00,735 INFO  - Processing DEN message (at simulation time 237.014,284,204 s)
2022-10-31 17:30:00,735 INFO  - Route already changed (at simulation time 237.014,284,204 s)
2022-10-31 17:30:00,747 INFO  - Processing DEN message (at simulation time 238.024,775,406 s)
2022-10-31 17:30:00,747 INFO  - Route already changed (at simulation time 238.024,775,406 s)
2022-10-31 17:30:00,747 INFO  - Processing DEN message (at simulation time 238.055,356,280 s)
2022-10-31 17:30:00,747 INFO  - Route already changed (at simulation time 238.055,356,280 s)
2022-10-31 17:30:00,817 INFO  - Processing DEN message (at simulation time 239.050,910,433 s)
2022-10-31 17:30:00,817 INFO  - Route already changed (at simulation time 239.050,910,433 s)
2022-10-31 17:30:00,817 INFO  - Processing DEN message (at simulation time 239.052,777,511 s)
2022-10-31 17:30:00,817 INFO  - Route already changed (at simulation time 239.052,777,511 s)
2022-10-31 17:30:00,836 INFO  - Processing DEN message (at simulation time 240.027,504,078 s)
2022-10-31 17:30:00,836 INFO  - Route already changed (at simulation time 240.027,504,078 s)
2022-10-31 17:30:00,837 INFO  - Processing DEN message (at simulation time 240.033,263,082 s)
2022-10-31 17:30:00,837 INFO  - Route already changed (at simulation time 240.033,263,082 s)
2022-10-31 17:30:00,853 INFO  - Processing DEN message (at simulation time 241.016,674,130 s)
2022-10-31 17:30:00,853 INFO  - Route already changed (at simulation time 241.016,674,130 s)
2022-10-31 17:30:00,853 INFO  - Processing DEN message (at simulation time 241.022,366,696 s)
2022-10-31 17:30:00,853 INFO  - Route already changed (at simulation time 241.022,366,696 s)
2022-10-31 17:30:00,871 INFO  - Processing DEN message (at simulation time 242.037,212,770 s)
2022-10-31 17:30:00,871 INFO  - Route already changed (at simulation time 242.037,212,770 s)
2022-10-31 17:30:00,871 INFO  - Processing DEN message (at simulation time 242.040,853,529 s)
2022-10-31 17:30:00,871 INFO  - Route already changed (at simulation time 242.040,853,529 s)
2022-10-31 17:30:00,888 INFO  - Processing DEN message (at simulation time 243.028,590,866 s)
2022-10-31 17:30:00,888 INFO  - Route already changed (at simulation time 243.028,590,866 s)
2022-10-31 17:30:00,888 INFO  - Processing DEN message (at simulation time 243.041,154,907 s)
2022-10-31 17:30:00,888 INFO  - Route already changed (at simulation time 243.041,154,907 s)
2022-10-31 17:30:00,903 INFO  - Processing DEN message (at simulation time 244.019,363,100 s)
2022-10-31 17:30:00,903 INFO  - Route already changed (at simulation time 244.019,363,100 s)
2022-10-31 17:30:00,903 INFO  - Processing DEN message (at simulation time 244.026,551,840 s)
2022-10-31 17:30:00,903 INFO  - Route already changed (at simulation time 244.026,551,840 s)
2022-10-31 17:30:00,919 INFO  - Processing DEN message (at simulation time 245.019,660,513 s)
2022-10-31 17:30:00,919 INFO  - Route already changed (at simulation time 245.019,660,513 s)
2022-10-31 17:30:00,919 INFO  - Processing DEN message (at simulation time 245.019,829,672 s)
2022-10-31 17:30:00,919 INFO  - Route already changed (at simulation time 245.019,829,672 s)
2022-10-31 17:30:00,935 INFO  - Processing DEN message (at simulation time 246.019,854,354 s)
2022-10-31 17:30:00,935 INFO  - Route already changed (at simulation time 246.019,854,354 s)
2022-10-31 17:30:00,935 INFO  - Processing DEN message (at simulation time 246.023,164,896 s)
2022-10-31 17:30:00,935 INFO  - Route already changed (at simulation time 246.023,164,896 s)
2022-10-31 17:30:00,946 INFO  - Processing DEN message (at simulation time 247.016,952,292 s)
2022-10-31 17:30:00,946 INFO  - Route already changed (at simulation time 247.016,952,292 s)
2022-10-31 17:30:00,947 INFO  - Processing DEN message (at simulation time 247.052,028,879 s)
2022-10-31 17:30:00,947 INFO  - Route already changed (at simulation time 247.052,028,879 s)
2022-10-31 17:30:00,989 INFO  - Processing DEN message (at simulation time 248.019,312,985 s)
2022-10-31 17:30:00,989 INFO  - Route already changed (at simulation time 248.019,312,985 s)
2022-10-31 17:30:00,989 INFO  - Processing DEN message (at simulation time 248.047,261,668 s)
2022-10-31 17:30:00,989 INFO  - Route already changed (at simulation time 248.047,261,668 s)
2022-10-31 17:30:01,005 INFO  - Processing DEN message (at simulation time 249.011,720,721 s)
2022-10-31 17:30:01,005 INFO  - Route already changed (at simulation time 249.011,720,721 s)
2022-10-31 17:30:01,005 INFO  - Processing DEN message (at simulation time 249.015,516,452 s)
2022-10-31 17:30:01,005 INFO  - Route already changed (at simulation time 249.015,516,452 s)
2022-10-31 17:30:01,018 INFO  - Processing DEN message (at simulation time 250.012,739,862 s)
2022-10-31 17:30:01,018 INFO  - Route already changed (at simulation time 250.012,739,862 s)
2022-10-31 17:30:01,019 INFO  - Processing DEN message (at simulation time 250.059,110,199 s)
2022-10-31 17:30:01,019 INFO  - Route already changed (at simulation time 250.059,110,199 s)
2022-10-31 17:30:01,033 INFO  - Processing DEN message (at simulation time 251.039,060,360 s)
2022-10-31 17:30:01,033 INFO  - Route already changed (at simulation time 251.039,060,360 s)
2022-10-31 17:30:01,033 INFO  - Processing DEN message (at simulation time 251.046,702,844 s)
2022-10-31 17:30:01,033 INFO  - Route already changed (at simulation time 251.046,702,844 s)
2022-10-31 17:30:01,041 INFO  - Processing DEN message (at simulation time 252.022,088,857 s)
2022-10-31 17:30:01,041 INFO  - Route already changed (at simulation time 252.022,088,857 s)
2022-10-31 17:30:01,041 INFO  - Processing DEN message (at simulation time 252.027,703,268 s)
2022-10-31 17:30:01,041 INFO  - Route already changed (at simulation time 252.027,703,268 s)
2022-10-31 17:30:01,054 INFO  - Processing DEN message (at simulation time 253.024,241,568 s)
2022-10-31 17:30:01,054 INFO  - Route already changed (at simulation time 253.024,241,568 s)
2022-10-31 17:30:01,063 INFO  - Processing DEN message (at simulation time 253.037,796,859 s)
2022-10-31 17:30:01,063 INFO  - Route already changed (at simulation time 253.037,796,859 s)
2022-10-31 17:30:01,074 INFO  - Processing DEN message (at simulation time 254.025,588,073 s)
2022-10-31 17:30:01,074 INFO  - Route already changed (at simulation time 254.025,588,073 s)
2022-10-31 17:30:01,074 INFO  - Processing DEN message (at simulation time 254.036,390,069 s)
2022-10-31 17:30:01,074 INFO  - Route already changed (at simulation time 254.036,390,069 s)
2022-10-31 17:30:01,093 INFO  - Processing DEN message (at simulation time 255.019,226,269 s)
2022-10-31 17:30:01,093 INFO  - Route already changed (at simulation time 255.019,226,269 s)
2022-10-31 17:30:01,093 INFO  - Processing DEN message (at simulation time 255.019,552,872 s)
2022-10-31 17:30:01,093 INFO  - Route already changed (at simulation time 255.019,552,872 s)
2022-10-31 17:30:01,105 INFO  - Processing DEN message (at simulation time 256.023,793,355 s)
2022-10-31 17:30:01,105 INFO  - Route already changed (at simulation time 256.023,793,355 s)
2022-10-31 17:30:01,105 INFO  - Processing DEN message (at simulation time 256.041,694,988 s)
2022-10-31 17:30:01,105 INFO  - Route already changed (at simulation time 256.041,694,988 s)
2022-10-31 17:30:01,113 INFO  - Processing DEN message (at simulation time 257.023,635,880 s)
2022-10-31 17:30:01,113 INFO  - Route already changed (at simulation time 257.023,635,880 s)
2022-10-31 17:30:01,113 INFO  - Processing DEN message (at simulation time 257.029,388,499 s)
2022-10-31 17:30:01,113 INFO  - Route already changed (at simulation time 257.029,388,499 s)
2022-10-31 17:30:01,130 INFO  - Processing DEN message (at simulation time 258.016,146,874 s)
2022-10-31 17:30:01,130 INFO  - Route already changed (at simulation time 258.016,146,874 s)
2022-10-31 17:30:01,130 INFO  - Processing DEN message (at simulation time 258.076,898,808 s)
2022-10-31 17:30:01,130 INFO  - Route already changed (at simulation time 258.076,898,808 s)
2022-10-31 17:30:01,147 INFO  - Processing DEN message (at simulation time 259.018,241,155 s)
2022-10-31 17:30:01,147 INFO  - Route already changed (at simulation time 259.018,241,155 s)
2022-10-31 17:30:01,148 INFO  - Processing DEN message (at simulation time 259.032,106,670 s)
2022-10-31 17:30:01,148 INFO  - Route already changed (at simulation time 259.032,106,670 s)
2022-10-31 17:30:01,155 INFO  - Processing DEN message (at simulation time 260.017,549,456 s)
2022-10-31 17:30:01,155 INFO  - Route already changed (at simulation time 260.017,549,456 s)
2022-10-31 17:30:01,156 INFO  - Processing DEN message (at simulation time 260.068,154,505 s)
2022-10-31 17:30:01,156 INFO  - Route already changed (at simulation time 260.068,154,505 s)
2022-10-31 17:30:01,169 INFO  - Processing DEN message (at simulation time 261.024,031,156 s)
2022-10-31 17:30:01,169 INFO  - Route already changed (at simulation time 261.024,031,156 s)
2022-10-31 17:30:01,169 INFO  - Processing DEN message (at simulation time 261.024,635,642 s)
2022-10-31 17:30:01,169 INFO  - Route already changed (at simulation time 261.024,635,642 s)
2022-10-31 17:30:01,214 INFO  - Processing DEN message (at simulation time 262.016,141,259 s)
2022-10-31 17:30:01,214 INFO  - Route already changed (at simulation time 262.016,141,259 s)
2022-10-31 17:30:01,214 INFO  - Processing DEN message (at simulation time 262.020,982,561 s)
2022-10-31 17:30:01,214 INFO  - Route already changed (at simulation time 262.020,982,561 s)
2022-10-31 17:30:01,228 INFO  - Processing DEN message (at simulation time 263.014,898,595 s)
2022-10-31 17:30:01,228 INFO  - Route already changed (at simulation time 263.014,898,595 s)
2022-10-31 17:30:01,228 INFO  - Processing DEN message (at simulation time 263.025,918,602 s)
2022-10-31 17:30:01,228 INFO  - Route already changed (at simulation time 263.025,918,602 s)
2022-10-31 17:30:01,239 INFO  - Processing DEN message (at simulation time 264.024,633,446 s)
2022-10-31 17:30:01,239 INFO  - Route already changed (at simulation time 264.024,633,446 s)
2022-10-31 17:30:01,239 INFO  - Processing DEN message (at simulation time 264.028,809,177 s)
2022-10-31 17:30:01,239 INFO  - Route already changed (at simulation time 264.028,809,177 s)
2022-10-31 17:30:01,253 INFO  - Processing DEN message (at simulation time 265.043,094,248 s)
2022-10-31 17:30:01,253 INFO  - Route already changed (at simulation time 265.043,094,248 s)
2022-10-31 17:30:01,253 INFO  - Processing DEN message (at simulation time 265.062,902,460 s)
2022-10-31 17:30:01,253 INFO  - Route already changed (at simulation time 265.062,902,460 s)
2022-10-31 17:30:01,270 INFO  - Processing DEN message (at simulation time 266.037,793,562 s)
2022-10-31 17:30:01,270 INFO  - Route already changed (at simulation time 266.037,793,562 s)
2022-10-31 17:30:01,270 INFO  - Processing DEN message (at simulation time 266.057,920,021 s)
2022-10-31 17:30:01,270 INFO  - Route already changed (at simulation time 266.057,920,021 s)
2022-10-31 17:30:01,279 INFO  - Processing DEN message (at simulation time 267.014,329,066 s)
2022-10-31 17:30:01,279 INFO  - Route already changed (at simulation time 267.014,329,066 s)
2022-10-31 17:30:01,279 INFO  - Processing DEN message (at simulation time 267.038,816,686 s)
2022-10-31 17:30:01,279 INFO  - Route already changed (at simulation time 267.038,816,686 s)
2022-10-31 17:30:01,290 INFO  - Processing DEN message (at simulation time 268.069,684,843 s)
2022-10-31 17:30:01,290 INFO  - Route already changed (at simulation time 268.069,684,843 s)
2022-10-31 17:30:01,290 INFO  - Processing DEN message (at simulation time 268.082,715,885 s)
2022-10-31 17:30:01,290 INFO  - Route already changed (at simulation time 268.082,715,885 s)
2022-10-31 17:30:01,309 INFO  - Processing DEN message (at simulation time 269.037,706,277 s)
2022-10-31 17:30:01,309 INFO  - Route already changed (at simulation time 269.037,706,277 s)
2022-10-31 17:30:01,310 INFO  - Processing DEN message (at simulation time 269.039,634,234 s)
2022-10-31 17:30:01,310 INFO  - Route already changed (at simulation time 269.039,634,234 s)
2022-10-31 17:30:01,323 INFO  - Processing DEN message (at simulation time 270.010,913,029 s)
2022-10-31 17:30:01,323 INFO  - Route already changed (at simulation time 270.010,913,029 s)
2022-10-31 17:30:01,323 INFO  - Processing DEN message (at simulation time 270.024,688,226 s)
2022-10-31 17:30:01,323 INFO  - Route already changed (at simulation time 270.024,688,226 s)
2022-10-31 17:30:01,339 INFO  - Processing DEN message (at simulation time 271.022,248,199 s)
2022-10-31 17:30:01,339 INFO  - Route already changed (at simulation time 271.022,248,199 s)
2022-10-31 17:30:01,339 INFO  - Processing DEN message (at simulation time 271.026,553,055 s)
2022-10-31 17:30:01,339 INFO  - Route already changed (at simulation time 271.026,553,055 s)
2022-10-31 17:30:01,353 INFO  - Processing DEN message (at simulation time 272.019,915,879 s)
2022-10-31 17:30:01,353 INFO  - Route already changed (at simulation time 272.019,915,879 s)
2022-10-31 17:30:01,353 INFO  - Processing DEN message (at simulation time 272.040,053,057 s)
2022-10-31 17:30:01,353 INFO  - Route already changed (at simulation time 272.040,053,057 s)
2022-10-31 17:30:01,397 INFO  - Processing DEN message (at simulation time 273.014,758,457 s)
2022-10-31 17:30:01,397 INFO  - Route already changed (at simulation time 273.014,758,457 s)
2022-10-31 17:30:01,397 INFO  - Processing DEN message (at simulation time 273.026,335,420 s)
2022-10-31 17:30:01,397 INFO  - Route already changed (at simulation time 273.026,335,420 s)
2022-10-31 17:30:01,410 INFO  - Processing DEN message (at simulation time 274.028,966,497 s)
2022-10-31 17:30:01,410 INFO  - Route already changed (at simulation time 274.028,966,497 s)
2022-10-31 17:30:01,410 INFO  - Processing DEN message (at simulation time 274.029,486,451 s)
2022-10-31 17:30:01,410 INFO  - Route already changed (at simulation time 274.029,486,451 s)
2022-10-31 17:30:01,420 INFO  - Processing DEN message (at simulation time 275.016,442,310 s)
2022-10-31 17:30:01,421 INFO  - Route already changed (at simulation time 275.016,442,310 s)
2022-10-31 17:30:01,421 INFO  - Processing DEN message (at simulation time 275.028,013,713 s)
2022-10-31 17:30:01,421 INFO  - Route already changed (at simulation time 275.028,013,713 s)
2022-10-31 17:30:01,438 INFO  - Processing DEN message (at simulation time 276.026,950,519 s)
2022-10-31 17:30:01,438 INFO  - Route already changed (at simulation time 276.026,950,519 s)
2022-10-31 17:30:01,438 INFO  - Processing DEN message (at simulation time 276.035,312,069 s)
2022-10-31 17:30:01,438 INFO  - Route already changed (at simulation time 276.035,312,069 s)
2022-10-31 17:30:01,453 INFO  - Processing DEN message (at simulation time 277.014,575,274 s)
2022-10-31 17:30:01,453 INFO  - Route already changed (at simulation time 277.014,575,274 s)
2022-10-31 17:30:01,454 INFO  - Processing DEN message (at simulation time 277.024,908,811 s)
2022-10-31 17:30:01,454 INFO  - Route already changed (at simulation time 277.024,908,811 s)
2022-10-31 17:30:01,469 INFO  - Processing DEN message (at simulation time 278.024,787,688 s)
2022-10-31 17:30:01,469 INFO  - Route already changed (at simulation time 278.024,787,688 s)
2022-10-31 17:30:01,469 INFO  - Processing DEN message (at simulation time 278.050,118,368 s)
2022-10-31 17:30:01,469 INFO  - Route already changed (at simulation time 278.050,118,368 s)
2022-10-31 17:30:01,489 INFO  - Processing DEN message (at simulation time 279.025,032,482 s)
2022-10-31 17:30:01,489 INFO  - Route already changed (at simulation time 279.025,032,482 s)
2022-10-31 17:30:01,490 INFO  - Processing DEN message (at simulation time 279.039,064,470 s)
2022-10-31 17:30:01,490 INFO  - Route already changed (at simulation time 279.039,064,470 s)
2022-10-31 17:30:01,508 INFO  - Processing DEN message (at simulation time 280.033,164,343 s)
2022-10-31 17:30:01,508 INFO  - Route already changed (at simulation time 280.033,164,343 s)
2022-10-31 17:30:01,508 INFO  - Processing DEN message (at simulation time 280.042,991,221 s)
2022-10-31 17:30:01,508 INFO  - Route already changed (at simulation time 280.042,991,221 s)
2022-10-31 17:30:01,525 INFO  - Processing DEN message (at simulation time 281.027,227,636 s)
2022-10-31 17:30:01,525 INFO  - Route already changed (at simulation time 281.027,227,636 s)
2022-10-31 17:30:01,525 INFO  - Processing DEN message (at simulation time 281.031,807,366 s)
2022-10-31 17:30:01,525 INFO  - Route already changed (at simulation time 281.031,807,366 s)
2022-10-31 17:30:01,534 INFO  - Processing DEN message (at simulation time 282.044,650,766 s)
2022-10-31 17:30:01,534 INFO  - Route already changed (at simulation time 282.044,650,766 s)
2022-10-31 17:30:01,534 INFO  - Processing DEN message (at simulation time 282.051,546,821 s)
2022-10-31 17:30:01,534 INFO  - Route already changed (at simulation time 282.051,546,821 s)
2022-10-31 17:30:01,544 INFO  - Processing DEN message (at simulation time 283.015,388,892 s)
2022-10-31 17:30:01,544 INFO  - Route already changed (at simulation time 283.015,388,892 s)
2022-10-31 17:30:01,545 INFO  - Processing DEN message (at simulation time 283.051,946,822 s)
2022-10-31 17:30:01,545 INFO  - Route already changed (at simulation time 283.051,946,822 s)
2022-10-31 17:30:01,563 INFO  - Processing DEN message (at simulation time 284.011,847,146 s)
2022-10-31 17:30:01,563 INFO  - Route already changed (at simulation time 284.011,847,146 s)
2022-10-31 17:30:01,564 INFO  - Processing DEN message (at simulation time 284.039,238,407 s)
2022-10-31 17:30:01,564 INFO  - Route already changed (at simulation time 284.039,238,407 s)
2022-10-31 17:30:01,574 INFO  - Processing DEN message (at simulation time 285.018,574,495 s)
2022-10-31 17:30:01,574 INFO  - Route already changed (at simulation time 285.018,574,495 s)
2022-10-31 17:30:01,575 INFO  - Processing DEN message (at simulation time 285.042,072,410 s)
2022-10-31 17:30:01,575 INFO  - Route already changed (at simulation time 285.042,072,410 s)
2022-10-31 17:30:01,583 INFO  - Processing DEN message (at simulation time 286.031,045,607 s)
2022-10-31 17:30:01,583 INFO  - Route already changed (at simulation time 286.031,045,607 s)
2022-10-31 17:30:01,583 INFO  - Processing DEN message (at simulation time 286.036,348,340 s)
2022-10-31 17:30:01,583 INFO  - Route already changed (at simulation time 286.036,348,340 s)
2022-10-31 17:30:01,597 INFO  - Processing DEN message (at simulation time 287.028,219,691 s)
2022-10-31 17:30:01,597 INFO  - Route already changed (at simulation time 287.028,219,691 s)
2022-10-31 17:30:01,598 INFO  - Processing DEN message (at simulation time 287.061,177,188 s)
2022-10-31 17:30:01,598 INFO  - Route already changed (at simulation time 287.061,177,188 s)
2022-10-31 17:30:01,605 INFO  - Processing DEN message (at simulation time 288.018,182,679 s)
2022-10-31 17:30:01,605 INFO  - Route already changed (at simulation time 288.018,182,679 s)
2022-10-31 17:30:01,605 INFO  - Processing DEN message (at simulation time 288.024,567,533 s)
2022-10-31 17:30:01,605 INFO  - Route already changed (at simulation time 288.024,567,533 s)
2022-10-31 17:30:01,615 INFO  - Processing DEN message (at simulation time 289.016,322,474 s)
2022-10-31 17:30:01,615 INFO  - Route already changed (at simulation time 289.016,322,474 s)
2022-10-31 17:30:01,615 INFO  - Processing DEN message (at simulation time 289.098,652,757 s)
2022-10-31 17:30:01,615 INFO  - Route already changed (at simulation time 289.098,652,757 s)
2022-10-31 17:30:01,624 INFO  - Processing DEN message (at simulation time 290.014,121,675 s)
2022-10-31 17:30:01,624 INFO  - Route already changed (at simulation time 290.014,121,675 s)
2022-10-31 17:30:01,624 INFO  - Processing DEN message (at simulation time 290.030,752,124 s)
2022-10-31 17:30:01,624 INFO  - Route already changed (at simulation time 290.030,752,124 s)
2022-10-31 17:30:01,638 INFO  - Processing DEN message (at simulation time 291.017,731,345 s)
2022-10-31 17:30:01,638 INFO  - Route already changed (at simulation time 291.017,731,345 s)
2022-10-31 17:30:01,638 INFO  - Processing DEN message (at simulation time 291.027,274,954 s)
2022-10-31 17:30:01,638 INFO  - Route already changed (at simulation time 291.027,274,954 s)
2022-10-31 17:30:01,644 INFO  - Processing DEN message (at simulation time 292.024,023,773 s)
2022-10-31 17:30:01,644 INFO  - Route already changed (at simulation time 292.024,023,773 s)
2022-10-31 17:30:01,644 INFO  - Processing DEN message (at simulation time 292.034,453,458 s)
2022-10-31 17:30:01,644 INFO  - Route already changed (at simulation time 292.034,453,458 s)
2022-10-31 17:30:01,653 INFO  - Processing DEN message (at simulation time 293.020,650,074 s)
2022-10-31 17:30:01,653 INFO  - Route already changed (at simulation time 293.020,650,074 s)
2022-10-31 17:30:01,653 INFO  - Processing DEN message (at simulation time 293.051,317,262 s)
2022-10-31 17:30:01,653 INFO  - Route already changed (at simulation time 293.051,317,262 s)
2022-10-31 17:30:01,674 INFO  - Processing DEN message (at simulation time 294.024,467,018 s)
2022-10-31 17:30:01,674 INFO  - Route already changed (at simulation time 294.024,467,018 s)
2022-10-31 17:30:01,674 INFO  - Processing DEN message (at simulation time 294.034,320,367 s)
2022-10-31 17:30:01,674 INFO  - Route already changed (at simulation time 294.034,320,367 s)
2022-10-31 17:30:01,690 INFO  - Processing DEN message (at simulation time 295.022,908,074 s)
2022-10-31 17:30:01,690 INFO  - Route already changed (at simulation time 295.022,908,074 s)
2022-10-31 17:30:01,691 INFO  - Processing DEN message (at simulation time 295.039,697,420 s)
2022-10-31 17:30:01,691 INFO  - Route already changed (at simulation time 295.039,697,420 s)
2022-10-31 17:30:01,699 INFO  - Processing DEN message (at simulation time 296.021,112,137 s)
2022-10-31 17:30:01,699 INFO  - Route already changed (at simulation time 296.021,112,137 s)
2022-10-31 17:30:01,699 INFO  - Processing DEN message (at simulation time 296.036,001,836 s)
2022-10-31 17:30:01,699 INFO  - Route already changed (at simulation time 296.036,001,836 s)
2022-10-31 17:30:01,710 INFO  - Processing DEN message (at simulation time 297.024,138,646 s)
2022-10-31 17:30:01,710 INFO  - Route already changed (at simulation time 297.024,138,646 s)
2022-10-31 17:30:01,721 INFO  - Processing DEN message (at simulation time 297.037,105,191 s)
2022-10-31 17:30:01,721 INFO  - Route already changed (at simulation time 297.037,105,191 s)
2022-10-31 17:30:01,733 INFO  - Processing DEN message (at simulation time 298.013,517,306 s)
2022-10-31 17:30:01,733 INFO  - Route already changed (at simulation time 298.013,517,306 s)
2022-10-31 17:30:01,733 INFO  - Processing DEN message (at simulation time 298.022,735,122 s)
2022-10-31 17:30:01,734 INFO  - Route already changed (at simulation time 298.022,735,122 s)
2022-10-31 17:30:01,740 INFO  - Processing DEN message (at simulation time 299.035,875,910 s)
2022-10-31 17:30:01,740 INFO  - Route already changed (at simulation time 299.035,875,910 s)
2022-10-31 17:30:01,740 INFO  - Processing DEN message (at simulation time 299.063,125,183 s)
2022-10-31 17:30:01,740 INFO  - Route already changed (at simulation time 299.063,125,183 s)
2022-10-31 17:30:01,751 INFO  - Processing DEN message (at simulation time 300.011,044,477 s)
2022-10-31 17:30:01,751 INFO  - Route already changed (at simulation time 300.011,044,477 s)
2022-10-31 17:30:01,752 INFO  - Processing DEN message (at simulation time 300.043,268,912 s)
2022-10-31 17:30:01,752 INFO  - Route already changed (at simulation time 300.043,268,912 s)
2022-10-31 17:30:01,763 INFO  - Processing DEN message (at simulation time 301.035,120,261 s)
2022-10-31 17:30:01,763 INFO  - Route already changed (at simulation time 301.035,120,261 s)
2022-10-31 17:30:01,774 INFO  - Processing DEN message (at simulation time 302.029,777,923 s)
2022-10-31 17:30:01,774 INFO  - Route already changed (at simulation time 302.029,777,923 s)
2022-10-31 17:30:01,788 INFO  - Processing DEN message (at simulation time 303.023,150,795 s)
2022-10-31 17:30:01,788 INFO  - Route already changed (at simulation time 303.023,150,795 s)
2022-10-31 17:30:01,802 INFO  - Processing DEN message (at simulation time 304.022,536,361 s)
2022-10-31 17:30:01,802 INFO  - Route already changed (at simulation time 304.022,536,361 s)
2022-10-31 17:30:01,819 INFO  - Processing DEN message (at simulation time 305.014,467,054 s)
2022-10-31 17:30:01,819 INFO  - Route already changed (at simulation time 305.014,467,054 s)
2022-10-31 17:30:01,827 INFO  - Processing DEN message (at simulation time 306.049,325,062 s)
2022-10-31 17:30:01,827 INFO  - Route already changed (at simulation time 306.049,325,062 s)
2022-10-31 17:30:01,834 INFO  - Processing DEN message (at simulation time 307.042,917,918 s)
2022-10-31 17:30:01,834 INFO  - Route already changed (at simulation time 307.042,917,918 s)
2022-10-31 17:30:01,842 INFO  - Processing DEN message (at simulation time 308.014,817,494 s)
2022-10-31 17:30:01,842 INFO  - Route already changed (at simulation time 308.014,817,494 s)
2022-10-31 17:30:01,858 INFO  - Processing DEN message (at simulation time 309.046,901,750 s)
2022-10-31 17:30:01,858 INFO  - Route already changed (at simulation time 309.046,901,750 s)
2022-10-31 17:30:01,870 INFO  - Processing DEN message (at simulation time 310.016,662,831 s)
2022-10-31 17:30:01,870 INFO  - Route already changed (at simulation time 310.016,662,831 s)
2022-10-31 17:30:01,878 INFO  - Processing DEN message (at simulation time 311.021,661,959 s)
2022-10-31 17:30:01,878 INFO  - Route already changed (at simulation time 311.021,661,959 s)
2022-10-31 17:30:01,890 INFO  - Processing DEN message (at simulation time 312.014,788,229 s)
2022-10-31 17:30:01,890 INFO  - Route already changed (at simulation time 312.014,788,229 s)
2022-10-31 17:30:01,903 INFO  - Processing DEN message (at simulation time 313.018,347,276 s)
2022-10-31 17:30:01,903 INFO  - Route already changed (at simulation time 313.018,347,276 s)
2022-10-31 17:30:01,915 INFO  - Processing DEN message (at simulation time 314.020,611,236 s)
2022-10-31 17:30:01,915 INFO  - Route already changed (at simulation time 314.020,611,236 s)
2022-10-31 17:30:01,928 INFO  - Processing DEN message (at simulation time 315.035,162,772 s)
2022-10-31 17:30:01,928 INFO  - Route already changed (at simulation time 315.035,162,772 s)
2022-10-31 17:30:01,943 INFO  - Processing DEN message (at simulation time 316.023,437,855 s)
2022-10-31 17:30:01,943 INFO  - Route already changed (at simulation time 316.023,437,855 s)
2022-10-31 17:30:01,952 INFO  - Processing DEN message (at simulation time 317.035,206,779 s)
2022-10-31 17:30:01,952 INFO  - Route already changed (at simulation time 317.035,206,779 s)
2022-10-31 17:30:01,962 INFO  - Processing DEN message (at simulation time 318.023,774,061 s)
2022-10-31 17:30:01,962 INFO  - Route already changed (at simulation time 318.023,774,061 s)
2022-10-31 17:30:01,973 INFO  - Processing DEN message (at simulation time 319.025,723,989 s)
2022-10-31 17:30:01,974 INFO  - Route already changed (at simulation time 319.025,723,989 s)
2022-10-31 17:30:01,988 INFO  - Processing DEN message (at simulation time 320.014,648,839 s)
2022-10-31 17:30:01,988 INFO  - Route already changed (at simulation time 320.014,648,839 s)
2022-10-31 17:30:01,996 INFO  - Processing DEN message (at simulation time 321.031,183,792 s)
2022-10-31 17:30:01,996 INFO  - Route already changed (at simulation time 321.031,183,792 s)
2022-10-31 17:30:02,005 INFO  - Processing DEN message (at simulation time 322.028,564,913 s)
2022-10-31 17:30:02,005 INFO  - Route already changed (at simulation time 322.028,564,913 s)
2022-10-31 17:30:02,021 INFO  - Processing DEN message (at simulation time 323.026,919,421 s)
2022-10-31 17:30:02,021 INFO  - Route already changed (at simulation time 323.026,919,421 s)
2022-10-31 17:30:02,032 INFO  - Processing DEN message (at simulation time 324.017,979,690 s)
2022-10-31 17:30:02,032 INFO  - Route already changed (at simulation time 324.017,979,690 s)
2022-10-31 17:30:02,043 INFO  - Processing DEN message (at simulation time 325.028,778,462 s)
2022-10-31 17:30:02,043 INFO  - Route already changed (at simulation time 325.028,778,462 s)
2022-10-31 17:30:02,053 INFO  - Processing DEN message (at simulation time 326.035,421,567 s)
2022-10-31 17:30:02,053 INFO  - Route already changed (at simulation time 326.035,421,567 s)
2022-10-31 17:30:02,066 INFO  - Processing DEN message (at simulation time 327.016,583,792 s)
2022-10-31 17:30:02,066 INFO  - Route already changed (at simulation time 327.016,583,792 s)
2022-10-31 17:30:02,074 INFO  - Processing DEN message (at simulation time 328.030,703,853 s)
2022-10-31 17:30:02,074 INFO  - Route already changed (at simulation time 328.030,703,853 s)
2022-10-31 17:30:02,084 INFO  - Processing DEN message (at simulation time 329.026,414,697 s)
2022-10-31 17:30:02,084 INFO  - Route already changed (at simulation time 329.026,414,697 s)
2022-10-31 17:30:02,108 INFO  - Processing DEN message (at simulation time 330.033,878,553 s)
2022-10-31 17:30:02,108 INFO  - Route already changed (at simulation time 330.033,878,553 s)
2022-10-31 17:30:02,124 INFO  - Processing DEN message (at simulation time 331.066,802,456 s)
2022-10-31 17:30:02,124 INFO  - Route already changed (at simulation time 331.066,802,456 s)
2022-10-31 17:30:02,134 INFO  - Processing DEN message (at simulation time 332.010,836,669 s)
2022-10-31 17:30:02,134 INFO  - Route already changed (at simulation time 332.010,836,669 s)
2022-10-31 17:30:02,151 INFO  - Processing DEN message (at simulation time 333.030,940,698 s)
2022-10-31 17:30:02,151 INFO  - Route already changed (at simulation time 333.030,940,698 s)
2022-10-31 17:30:02,163 INFO  - Processing DEN message (at simulation time 334.060,409,010 s)
2022-10-31 17:30:02,163 INFO  - Route already changed (at simulation time 334.060,409,010 s)
2022-10-31 17:30:02,862 INFO  - Processing DEN message (at simulation time 384.040,313,778 s)
2022-10-31 17:30:02,862 INFO  - Route already changed (at simulation time 384.040,313,778 s)
2022-10-31 17:30:02,882 INFO  - Processing DEN message (at simulation time 385.066,744,452 s)
2022-10-31 17:30:02,882 INFO  - Route already changed (at simulation time 385.066,744,452 s)
2022-10-31 17:30:02,890 INFO  - Processing DEN message (at simulation time 386.043,812,084 s)
2022-10-31 17:30:02,890 INFO  - Route already changed (at simulation time 386.043,812,084 s)
2022-10-31 17:30:02,899 INFO  - Processing DEN message (at simulation time 387.046,543,779 s)
2022-10-31 17:30:02,899 INFO  - Route already changed (at simulation time 387.046,543,779 s)
2022-10-31 17:30:02,908 INFO  - Processing DEN message (at simulation time 388.029,466,001 s)
2022-10-31 17:30:02,908 INFO  - Route already changed (at simulation time 388.029,466,001 s)
2022-10-31 17:30:02,919 INFO  - Processing DEN message (at simulation time 389.033,018,342 s)
2022-10-31 17:30:02,919 INFO  - Route already changed (at simulation time 389.033,018,342 s)
2022-10-31 17:30:02,933 INFO  - Processing DEN message (at simulation time 390.028,973,431 s)
2022-10-31 17:30:02,933 INFO  - Route already changed (at simulation time 390.028,973,431 s)
2022-10-31 17:30:02,945 INFO  - Processing DEN message (at simulation time 391.028,548,698 s)
2022-10-31 17:30:02,945 INFO  - Route already changed (at simulation time 391.028,548,698 s)
2022-10-31 17:30:02,969 INFO  - Processing DEN message (at simulation time 392.060,510,612 s)
2022-10-31 17:30:02,969 INFO  - Route already changed (at simulation time 392.060,510,612 s)
2022-10-31 17:30:02,982 INFO  - Processing DEN message (at simulation time 393.032,749,036 s)
2022-10-31 17:30:02,982 INFO  - Route already changed (at simulation time 393.032,749,036 s)
2022-10-31 17:30:02,992 INFO  - Processing DEN message (at simulation time 394.021,031,626 s)
2022-10-31 17:30:02,992 INFO  - Route already changed (at simulation time 394.021,031,626 s)
2022-10-31 17:30:03,005 INFO  - Processing DEN message (at simulation time 395.034,505,376 s)
2022-10-31 17:30:03,005 INFO  - Route already changed (at simulation time 395.034,505,376 s)
2022-10-31 17:30:03,019 INFO  - Processing DEN message (at simulation time 396.013,908,401 s)
2022-10-31 17:30:03,019 INFO  - Route already changed (at simulation time 396.013,908,401 s)
2022-10-31 17:30:03,033 INFO  - Processing DEN message (at simulation time 397.031,413,454 s)
2022-10-31 17:30:03,033 INFO  - Route already changed (at simulation time 397.031,413,454 s)
2022-10-31 17:30:03,044 INFO  - Processing DEN message (at simulation time 398.043,352,237 s)
2022-10-31 17:30:03,044 INFO  - Route already changed (at simulation time 398.043,352,237 s)
2022-10-31 17:30:03,054 INFO  - Processing DEN message (at simulation time 399.053,905,924 s)
2022-10-31 17:30:03,054 INFO  - Route already changed (at simulation time 399.053,905,924 s)
2022-10-31 17:30:03,063 INFO  - Processing DEN message (at simulation time 400.024,926,346 s)
2022-10-31 17:30:03,063 INFO  - Route already changed (at simulation time 400.024,926,346 s)
2022-10-31 17:30:03,075 INFO  - Processing DEN message (at simulation time 401.019,561,360 s)
2022-10-31 17:30:03,075 INFO  - Route already changed (at simulation time 401.019,561,360 s)
2022-10-31 17:30:03,088 INFO  - Processing DEN message (at simulation time 402.012,746,014 s)
2022-10-31 17:30:03,088 INFO  - Route already changed (at simulation time 402.012,746,014 s)
2022-10-31 17:30:03,099 INFO  - Processing DEN message (at simulation time 403.023,725,621 s)
2022-10-31 17:30:03,099 INFO  - Route already changed (at simulation time 403.023,725,621 s)
2022-10-31 17:30:03,108 INFO  - Processing DEN message (at simulation time 404.022,526,232 s)
2022-10-31 17:30:03,108 INFO  - Route already changed (at simulation time 404.022,526,232 s)
2022-10-31 17:30:03,117 INFO  - Processing DEN message (at simulation time 405.015,511,311 s)
2022-10-31 17:30:03,117 INFO  - Route already changed (at simulation time 405.015,511,311 s)
2022-10-31 17:30:03,127 INFO  - Processing DEN message (at simulation time 406.031,130,055 s)
2022-10-31 17:30:03,127 INFO  - Route already changed (at simulation time 406.031,130,055 s)
2022-10-31 17:30:03,142 INFO  - Processing DEN message (at simulation time 407.052,239,281 s)
2022-10-31 17:30:03,142 INFO  - Route already changed (at simulation time 407.052,239,281 s)
2022-10-31 17:30:03,187 INFO  - Processing DEN message (at simulation time 408.023,821,547 s)
2022-10-31 17:30:03,187 INFO  - Route already changed (at simulation time 408.023,821,547 s)
2022-10-31 17:30:03,200 INFO  - Processing DEN message (at simulation time 409.017,525,521 s)
2022-10-31 17:30:03,200 INFO  - Route already changed (at simulation time 409.017,525,521 s)
2022-10-31 17:30:03,215 INFO  - Processing DEN message (at simulation time 410.045,463,961 s)
2022-10-31 17:30:03,215 INFO  - Route already changed (at simulation time 410.045,463,961 s)
2022-10-31 17:30:03,229 INFO  - Processing DEN message (at simulation time 411.053,335,719 s)
2022-10-31 17:30:03,229 INFO  - Route already changed (at simulation time 411.053,335,719 s)
2022-10-31 17:30:03,245 INFO  - Processing DEN message (at simulation time 412.014,953,931 s)
2022-10-31 17:30:03,245 INFO  - Route already changed (at simulation time 412.014,953,931 s)
2022-10-31 17:30:03,258 INFO  - Processing DEN message (at simulation time 413.021,357,890 s)
2022-10-31 17:30:03,258 INFO  - Route already changed (at simulation time 413.021,357,890 s)
2022-10-31 17:30:03,271 INFO  - Processing DEN message (at simulation time 414.018,947,050 s)
2022-10-31 17:30:03,271 INFO  - Route already changed (at simulation time 414.018,947,050 s)
2022-10-31 17:30:03,283 INFO  - Processing DEN message (at simulation time 415.032,801,891 s)
2022-10-31 17:30:03,283 INFO  - Route already changed (at simulation time 415.032,801,891 s)
2022-10-31 17:30:03,297 INFO  - Processing DEN message (at simulation time 416.043,957,068 s)
2022-10-31 17:30:03,297 INFO  - Route already changed (at simulation time 416.043,957,068 s)
2022-10-31 17:30:03,305 INFO  - Processing DEN message (at simulation time 417.022,165,163 s)
2022-10-31 17:30:03,305 INFO  - Route already changed (at simulation time 417.022,165,163 s)
2022-10-31 17:30:03,317 INFO  - Processing DEN message (at simulation time 418.038,026,109 s)
2022-10-31 17:30:03,317 INFO  - Route already changed (at simulation time 418.038,026,109 s)
2022-10-31 17:30:03,328 INFO  - Processing DEN message (at simulation time 419.018,931,045 s)
2022-10-31 17:30:03,328 INFO  - Route already changed (at simulation time 419.018,931,045 s)
2022-10-31 17:30:03,338 INFO  - Processing DEN message (at simulation time 420.017,279,388 s)
2022-10-31 17:30:03,338 INFO  - Route already changed (at simulation time 420.017,279,388 s)
2022-10-31 17:30:03,338 INFO  - Processing DEN message (at simulation time 420.070,974,304 s)
2022-10-31 17:30:03,338 INFO  - Route already changed (at simulation time 420.070,974,304 s)
2022-10-31 17:30:03,349 INFO  - Processing DEN message (at simulation time 421.015,810,305 s)
2022-10-31 17:30:03,349 INFO  - Route already changed (at simulation time 421.015,810,305 s)
2022-10-31 17:30:03,350 INFO  - Processing DEN message (at simulation time 421.023,284,860 s)
2022-10-31 17:30:03,350 INFO  - Route already changed (at simulation time 421.023,284,860 s)
2022-10-31 17:30:03,384 INFO  - Processing DEN message (at simulation time 422.020,094,960 s)
2022-10-31 17:30:03,384 INFO  - Route already changed (at simulation time 422.020,094,960 s)
2022-10-31 17:30:03,384 INFO  - Processing DEN message (at simulation time 422.024,039,258 s)
2022-10-31 17:30:03,384 INFO  - Route already changed (at simulation time 422.024,039,258 s)
2022-10-31 17:30:03,397 INFO  - Processing DEN message (at simulation time 423.021,475,226 s)
2022-10-31 17:30:03,397 INFO  - Route already changed (at simulation time 423.021,475,226 s)
2022-10-31 17:30:03,397 INFO  - Processing DEN message (at simulation time 423.032,675,242 s)
2022-10-31 17:30:03,397 INFO  - Route already changed (at simulation time 423.032,675,242 s)
2022-10-31 17:30:03,410 INFO  - Processing DEN message (at simulation time 424.030,367,860 s)
2022-10-31 17:30:03,410 INFO  - Route already changed (at simulation time 424.030,367,860 s)
2022-10-31 17:30:03,410 INFO  - Processing DEN message (at simulation time 424.041,116,504 s)
2022-10-31 17:30:03,410 INFO  - Route already changed (at simulation time 424.041,116,504 s)
2022-10-31 17:30:03,421 INFO  - Processing DEN message (at simulation time 425.026,392,984 s)
2022-10-31 17:30:03,421 INFO  - Route already changed (at simulation time 425.026,392,984 s)
2022-10-31 17:30:03,421 INFO  - Processing DEN message (at simulation time 425.040,415,170 s)
2022-10-31 17:30:03,421 INFO  - Route already changed (at simulation time 425.040,415,170 s)
2022-10-31 17:30:03,430 INFO  - Processing DEN message (at simulation time 426.026,545,742 s)
2022-10-31 17:30:03,430 INFO  - Route already changed (at simulation time 426.026,545,742 s)
2022-10-31 17:30:03,430 INFO  - Processing DEN message (at simulation time 426.038,088,029 s)
2022-10-31 17:30:03,430 INFO  - Route already changed (at simulation time 426.038,088,029 s)
2022-10-31 17:30:03,440 INFO  - Processing DEN message (at simulation time 427.021,503,832 s)
2022-10-31 17:30:03,440 INFO  - Route already changed (at simulation time 427.021,503,832 s)
2022-10-31 17:30:03,440 INFO  - Processing DEN message (at simulation time 427.036,342,101 s)
2022-10-31 17:30:03,440 INFO  - Route already changed (at simulation time 427.036,342,101 s)
2022-10-31 17:30:03,452 INFO  - Processing DEN message (at simulation time 428.027,080,472 s)
2022-10-31 17:30:03,452 INFO  - Route already changed (at simulation time 428.027,080,472 s)
2022-10-31 17:30:03,452 INFO  - Processing DEN message (at simulation time 428.052,650,750 s)
2022-10-31 17:30:03,452 INFO  - Route already changed (at simulation time 428.052,650,750 s)
2022-10-31 17:30:03,462 INFO  - Processing DEN message (at simulation time 429.016,379,530 s)
2022-10-31 17:30:03,462 INFO  - Route already changed (at simulation time 429.016,379,530 s)
2022-10-31 17:30:03,462 INFO  - Processing DEN message (at simulation time 429.032,032,276 s)
2022-10-31 17:30:03,462 INFO  - Route already changed (at simulation time 429.032,032,276 s)
2022-10-31 17:30:03,477 INFO  - Processing DEN message (at simulation time 430.013,951,505 s)
2022-10-31 17:30:03,477 INFO  - Route already changed (at simulation time 430.013,951,505 s)
2022-10-31 17:30:03,478 INFO  - Processing DEN message (at simulation time 430.023,127,035 s)
2022-10-31 17:30:03,478 INFO  - Route already changed (at simulation time 430.023,127,035 s)
2022-10-31 17:30:03,492 INFO  - Processing DEN message (at simulation time 431.041,519,207 s)
2022-10-31 17:30:03,492 INFO  - Route already changed (at simulation time 431.041,519,207 s)
2022-10-31 17:30:03,492 INFO  - Processing DEN message (at simulation time 431.060,769,461 s)
2022-10-31 17:30:03,492 INFO  - Route already changed (at simulation time 431.060,769,461 s)
2022-10-31 17:30:03,502 INFO  - Processing DEN message (at simulation time 432.017,530,044 s)
2022-10-31 17:30:03,502 INFO  - Route already changed (at simulation time 432.017,530,044 s)
2022-10-31 17:30:03,502 INFO  - Processing DEN message (at simulation time 432.021,906,562 s)
2022-10-31 17:30:03,502 INFO  - Route already changed (at simulation time 432.021,906,562 s)
2022-10-31 17:30:03,516 INFO  - Processing DEN message (at simulation time 433.030,588,176 s)
2022-10-31 17:30:03,516 INFO  - Route already changed (at simulation time 433.030,588,176 s)
2022-10-31 17:30:03,516 INFO  - Processing DEN message (at simulation time 433.032,611,732 s)
2022-10-31 17:30:03,516 INFO  - Route already changed (at simulation time 433.032,611,732 s)
2022-10-31 17:30:03,527 INFO  - Processing DEN message (at simulation time 434.035,433,481 s)
2022-10-31 17:30:03,527 INFO  - Route already changed (at simulation time 434.035,433,481 s)
2022-10-31 17:30:03,541 INFO  - Processing DEN message (at simulation time 435.031,397,638 s)
2022-10-31 17:30:03,541 INFO  - Route already changed (at simulation time 435.031,397,638 s)
2022-10-31 17:30:03,552 INFO  - Processing DEN message (at simulation time 436.046,830,993 s)
2022-10-31 17:30:03,552 INFO  - Route already changed (at simulation time 436.046,830,993 s)
2022-10-31 17:30:03,599 INFO  - Processing DEN message (at simulation time 437.045,945,072 s)
2022-10-31 17:30:03,599 INFO  - Route already changed (at simulation time 437.045,945,072 s)
2022-10-31 17:30:03,614 INFO  - Processing DEN message (at simulation time 438.032,963,580 s)
2022-10-31 17:30:03,615 INFO  - Route already changed (at simulation time 438.032,963,580 s)
2022-10-31 17:30:03,629 INFO  - Processing DEN message (at simulation time 439.032,903,506 s)
2022-10-31 17:30:03,629 INFO  - Route already changed (at simulation time 439.032,903,506 s)
2022-10-31 17:30:03,637 INFO  - Processing DEN message (at simulation time 440.012,411,712 s)
2022-10-31 17:30:03,637 INFO  - Route already changed (at simulation time 440.012,411,712 s)
2022-10-31 17:30:03,648 INFO  - Processing DEN message (at simulation time 441.012,291,994 s)
2022-10-31 17:30:03,648 INFO  - Route already changed (at simulation time 441.012,291,994 s)
2022-10-31 17:30:03,658 INFO  - Processing DEN message (at simulation time 442.040,204,292 s)
2022-10-31 17:30:03,658 INFO  - Route already changed (at simulation time 442.040,204,292 s)
2022-10-31 17:30:03,668 INFO  - Processing DEN message (at simulation time 443.023,727,096 s)
2022-10-31 17:30:03,668 INFO  - Route already changed (at simulation time 443.023,727,096 s)
2022-10-31 17:30:03,676 INFO  - Processing DEN message (at simulation time 444.023,493,437 s)
2022-10-31 17:30:03,676 INFO  - Route already changed (at simulation time 444.023,493,437 s)
2022-10-31 17:30:03,688 INFO  - Processing DEN message (at simulation time 445.039,889,102 s)
2022-10-31 17:30:03,688 INFO  - Route already changed (at simulation time 445.039,889,102 s)
2022-10-31 17:30:03,699 INFO  - Processing DEN message (at simulation time 446.020,977,208 s)
2022-10-31 17:30:03,699 INFO  - Route already changed (at simulation time 446.020,977,208 s)
2022-10-31 17:30:03,713 INFO  - Processing DEN message (at simulation time 447.066,202,646 s)
2022-10-31 17:30:03,713 INFO  - Route already changed (at simulation time 447.066,202,646 s)
2022-10-31 17:30:03,721 INFO  - Processing DEN message (at simulation time 448.041,857,065 s)
2022-10-31 17:30:03,721 INFO  - Route already changed (at simulation time 448.041,857,065 s)
2022-10-31 17:30:03,730 INFO  - Processing DEN message (at simulation time 449.032,531,083 s)
2022-10-31 17:30:03,730 INFO  - Route already changed (at simulation time 449.032,531,083 s)
2022-10-31 17:30:03,794 INFO  - Shutdown application (at simulation time 453.000,000,000 s)
